#
# A fatal error has been detected by the Java Runtime Environment:
#
#  SIGSEGV (0xb) at pc=0x00007fc5efbaf633, pid=97191, tid=97231
#
# JRE version: OpenJDK Runtime Environment Temurin-11.0.18+10 (11.0.18+10) (build 11.0.18+10)
# Java VM: OpenJDK 64-Bit Server VM Temurin-11.0.18+10 (11.0.18+10, mixed mode, tiered, compressed oops, g1 gc, linux-amd64)
# Problematic frame:
# V  [libjvm.so+0x5af633]  PhaseChaitin::gather_lrg_masks(bool)+0x463
#
# Core dump will be written. Default location: Core dumps may be processed with "/usr/share/apport/apport -p%p -s%s -c%c -d%d -P%P -u%u -g%g -- %E" (or dumping to /home/n3on/Documents/DSA_ASSIGNMENT_2023/core.97191)
#
# If you would like to submit a bug report, please visit:
#   https://github.com/adoptium/adoptium-support/issues
#

---------------  S U M M A R Y ------------

Command Line: -Xbootclasspath/a: -Xms256m -Xmx1024m -XX:+HeapDumpOnOutOfMemoryError -Dballerina.home=/usr/lib/ballerina/distributions/ballerina-2201.7.2 -Dballerina.version=2201.7.2 -Denable.nonblocking=false -Djava.security.egd=file:/dev/./urandom -Dfile.encoding=UTF8 -Dballerina.target=jvm -Djava.command=/usr/lib/ballerina/bin/../distributions/ballerina-2201.7.2/../../dependencies/jdk-11.0.18+10-jre/bin/java io.ballerina.cli.launcher.Main start-language-server

Host: Intel(R) Core(TM) i7-9750H CPU @ 2.60GHz, 12 cores, 31G, Ubuntu 22.04.3 LTS
Time: Mon Sep 25 16:50:43 2023 CAT elapsed time: 4.044480 seconds (0d 0h 0m 4s)

---------------  T H R E A D  ---------------

Current thread (0x00007fc5a03f0800):  JavaThread "C2 CompilerThread2" daemon [_thread_in_native, id=97231, stack(0x00007fc582ef4000,0x00007fc582ff4000)]


Current CompileTask:
C2:   4044 3168       4       org.wso2.ballerinalang.compiler.BIRPackageSymbolEnter$BIRTypeReader::readType (4839 bytes)

Stack: [0x00007fc582ef4000,0x00007fc582ff4000],  sp=0x00007fc582fef260,  free space=1004k
Native frames: (J=compiled Java code, A=aot compiled Java code, j=interpreted, Vv=VM code, C=native code)
V  [libjvm.so+0x5af633]  PhaseChaitin::gather_lrg_masks(bool)+0x463
V  [libjvm.so+0x8364cc]  PhaseCFG::global_code_motion()+0xb6c
V  [libjvm.so+0x8365ba]  PhaseCFG::do_global_code_motion()+0x4a
V  [libjvm.so+0x67319b]  Compile::Code_Gen()+0x20b
V  [libjvm.so+0x6769fb]  Compile::Compile(ciEnv*, C2Compiler*, ciMethod*, int, bool, bool, bool, bool, DirectiveSet*)+0xd4b
V  [libjvm.so+0x588de4]  C2Compiler::compile_method(ciEnv*, ciMethod*, int, DirectiveSet*)+0xd4
V  [libjvm.so+0x680dd6]  CompileBroker::invoke_compiler_on_method(CompileTask*)+0x446
V  [libjvm.so+0x682708]  CompileBroker::compiler_thread_loop()+0x5a8
V  [libjvm.so+0xedd77a]  JavaThread::thread_main_inner()+0x1ba
V  [libjvm.so+0xeda37f]  Thread::call_run()+0x14f
V  [libjvm.so+0xc79836]  thread_native_entry(Thread*)+0xe6


siginfo: si_signo: 11 (SIGSEGV), si_code: 128 (SI_KERNEL), si_addr: 0x0000000000000000

Register to memory mapping:

RAX=0x20007fc5a02d9028 is an unknown value
RBX=0x0000000000000018 is an unknown value
RCX=0x00007fc581297530 points into unknown readable memory: 0x00010002000002c0 | c0 02 00 00 02 00 01 00
RDX=0x0 is NULL
RSP=0x00007fc582fef260 is pointing into the stack for thread: 0x00007fc5a03f0800
RBP=0x00007fc582fef2d0 is pointing into the stack for thread: 0x00007fc5a03f0800
RSI=0x00007fc5f0b62fa0: <offset 0x0000000001562fa0> in /usr/lib/ballerina/dependencies/jdk-11.0.18+10-jre/lib/server/libjvm.so at 0x00007fc5ef600000
RDI=0x00007fc581297530 points into unknown readable memory: 0x00010002000002c0 | c0 02 00 00 02 00 01 00
R8 =0x0 is NULL
R9 =0x00007fc581297530 points into unknown readable memory: 0x00010002000002c0 | c0 02 00 00 02 00 01 00
R10=0x00007fc5812a19dc points into unknown readable memory: 01 00 01 00
R11=0x0 is NULL
R12=0x00007fc5812974a0 points into unknown readable memory: 0x0000000000000000 | 00 00 00 00 00 00 00 00
R13=0x00007fc5a02daff8 points into unknown readable memory: 0x00007fc5f0aa7418 | 18 74 aa f0 c5 7f 00 00
R14=0x00007fc582fef4d0 is pointing into the stack for thread: 0x00007fc5a03f0800
R15=0x00007fc5f0b81500: <offset 0x0000000001581500> in /usr/lib/ballerina/dependencies/jdk-11.0.18+10-jre/lib/server/libjvm.so at 0x00007fc5ef600000


Registers:
RAX=0x20007fc5a02d9028, RBX=0x0000000000000018, RCX=0x00007fc581297530, RDX=0x0000000000000000
RSP=0x00007fc582fef260, RBP=0x00007fc582fef2d0, RSI=0x00007fc5f0b62fa0, RDI=0x00007fc581297530
R8 =0x0000000000000000, R9 =0x00007fc581297530, R10=0x00007fc5812a19dc, R11=0x0000000000000000
R12=0x00007fc5812974a0, R13=0x00007fc5a02daff8, R14=0x00007fc582fef4d0, R15=0x00007fc5f0b81500
RIP=0x00007fc5efbaf633, EFLAGS=0x0000000000010212, CSGSFS=0x002b000000000033, ERR=0x0000000000000000
  TRAPNO=0x000000000000000d

Top of Stack: (sp=0x00007fc582fef260)
0x00007fc582fef260:   00007fc582fef3c0 0000048b003c92e0
0x00007fc582fef270:   ffffffff0000000d 0000000000000020
0x00007fc582fef280:   00007fc581434000 00007fc59c140930
0x00007fc582fef290:   00007fc500000004 000000030001ffff 

Instructions: (pc=0x00007fc5efbaf633)
0x00007fc5efbaf533:   41 89 87 94 00 00 00 66 0f 1f 44 00 00 80 7d cb
0x00007fc5efbaf543:   00 45 8b 65 18 0f 85 22 04 00 00 c7 45 a4 ff ff
0x00007fc5efbaf553:   ff ff 8b 4d cc 44 39 e1 0f 83 cf 02 00 00 41 83
0x00007fc5efbaf563:   ec 01 89 c8 41 29 cc 48 8d 1c c5 00 00 00 00 4a
0x00007fc5efbaf573:   8d 44 20 01 48 c1 e0 03 48 89 45 a8 e9 a7 00 00
0x00007fc5efbaf583:   00 0f 1f 40 00 8b 7d c0 e8 e0 64 77 00 49 8d 7c
0x00007fc5efbaf593:   24 38 89 c6 e8 54 6d 77 00 85 c0 74 09 41 80 8c
0x00007fc5efbaf5a3:   24 98 00 00 00 20 80 7d b0 00 75 51 66 41 83 bc
0x00007fc5efbaf5b3:   24 94 00 00 00 02 0f 84 61 03 00 00 41 8b 45 2c
0x00007fc5efbaf5c3:   83 e0 1f 83 f8 12 74 35 49 8b 44 24 18 48 8d 48
0x00007fc5efbaf5d3:   ff 48 83 f9 fd 77 0b 8b 40 2c 83 e0 1f 83 f8 12
0x00007fc5efbaf5e3:   74 1b 49 8d 7c 24 38 e8 a1 6e 77 00 83 f8 02 0f
0x00007fc5efbaf5f3:   84 f8 03 00 00 0f 1f 84 00 00 00 00 00 48 8b 45
0x00007fc5efbaf603:   b8 f2 0f 10 40 08 66 41 0f 2e 44 24 10 76 07 f2
0x00007fc5efbaf613:   41 0f 11 44 24 10 83 45 cc 01 48 83 c3 08 48 39
0x00007fc5efbaf623:   5d a8 0f 84 05 02 00 00 49 8b 45 08 48 8b 04 18
0x00007fc5efbaf633:   48 63 50 28 49 8b 86 28 01 00 00 44 8b 24 90 45
0x00007fc5efbaf643:   85 e4 74 d2 8b 4d cc 39 4d a4 0f 85 cd 01 00 00
0x00007fc5efbaf653:   80 7d cb 00 0f 84 c3 01 00 00 49 8b 45 00 4c 89
0x00007fc5efbaf663:   ef ff 90 d8 00 00 00 80 7d ca 00 0f 84 7c 02 00
0x00007fc5efbaf673:   00 41 80 be 30 01 00 00 00 74 09 8b 45 cc 41 39
0x00007fc5efbaf683:   45 34 76 92 49 8b 46 70 4b 8d 14 a4 8b 75 cc 4c
0x00007fc5efbaf693:   89 ef 48 c1 e2 05 48 03 50 20 49 8b 45 00 49 89
0x00007fc5efbaf6a3:   d4 ff 90 80 00 00 00 80 7d cb 00 49 89 c7 75 37
0x00007fc5efbaf6b3:   49 8b 45 08 f2 0f 10 05 b9 3f a3 00 48 8b 3c 18
0x00007fc5efbaf6c3:   49 8b 46 48 8b 77 28 48 8b 40 78 48 8b 04 f0 48
0x00007fc5efbaf6d3:   8b 75 b8 f2 0f 59 46 08 f2 0f 10 48 08 66 0f 2e
0x00007fc5efbaf6e3:   c8 0f 87 d9 00 00 00 41 8b 07 41 21 44 24 38 41
0x00007fc5efbaf6f3:   8b 47 04 41 21 44 24 3c 41 8b 47 08 41 21 44 24
0x00007fc5efbaf703:   40 41 8b 47 0c 41 21 44 24 44 41 8b 47 10 41 21
0x00007fc5efbaf713:   44 24 48 41 8b 47 14 41 21 44 24 4c 41 8b 47 18
0x00007fc5efbaf723:   41 21 44 24 50 41 8b 47 1c 41 21 44 24 54 41 8b 


Stack slot to memory mapping:
stack at sp + 0 slots: 0x00007fc582fef3c0 is pointing into the stack for thread: 0x00007fc5a03f0800
stack at sp + 1 slots: 0x0000048b003c92e0 is an unknown value
stack at sp + 2 slots: 0xffffffff0000000d is an unknown value
stack at sp + 3 slots: 0x0000000000000020 is an unknown value
stack at sp + 4 slots: 0x00007fc581434000 points into unknown readable memory: 0x0000000000000000 | 00 00 00 00 00 00 00 00
stack at sp + 5 slots: 0x00007fc59c140930 points into unknown readable memory: 0x00007fc5f0a7e8d0 | d0 e8 a7 f0 c5 7f 00 00
stack at sp + 6 slots: 0x00007fc500000004 is an unknown value
stack at sp + 7 slots: 0x000000030001ffff is an unknown value


---------------  P R O C E S S  ---------------

Threads class SMR info:
_java_thread_list=0x00007fc5845ac300, length=20, elements={
0x00007fc5e802b000, 0x00007fc5e81c4000, 0x00007fc5e81c8000, 0x00007fc5e81e3800,
0x00007fc5e81e5800, 0x00007fc5e81e9800, 0x00007fc5e81eb800, 0x00007fc5e81ed800,
0x00007fc5e8293800, 0x00007fc59c07e000, 0x00007fc5e8dd4800, 0x00007fc584047800,
0x00007fc570004800, 0x00007fc5a03f0800, 0x00007fc584471000, 0x00007fc584477800,
0x00007fc584544800, 0x00007fc584586800, 0x00007fc584589000, 0x00007fc5845aa800
}

Java Threads: ( => current thread )
  0x00007fc5e802b000 JavaThread "main" [_thread_blocked, id=97192, stack(0x00007fc5f0f00000,0x00007fc5f1000000)]
  0x00007fc5e81c4000 JavaThread "Reference Handler" daemon [_thread_blocked, id=97199, stack(0x00007fc5d04f5000,0x00007fc5d05f5000)]
  0x00007fc5e81c8000 JavaThread "Finalizer" daemon [_thread_blocked, id=97200, stack(0x00007fc5d03f5000,0x00007fc5d04f5000)]
  0x00007fc5e81e3800 JavaThread "Signal Dispatcher" daemon [_thread_blocked, id=97201, stack(0x00007fc5d02f5000,0x00007fc5d03f5000)]
  0x00007fc5e81e5800 JavaThread "Service Thread" daemon [_thread_blocked, id=97202, stack(0x00007fc5d01f5000,0x00007fc5d02f5000)]
  0x00007fc5e81e9800 JavaThread "C2 CompilerThread0" daemon [_thread_in_native, id=97203, stack(0x00007fc5d00f5000,0x00007fc5d01f5000)]
  0x00007fc5e81eb800 JavaThread "C1 CompilerThread0" daemon [_thread_in_vm, id=97204, stack(0x00007fc5c1100000,0x00007fc5c1200000)]
  0x00007fc5e81ed800 JavaThread "Sweeper thread" daemon [_thread_blocked, id=97205, stack(0x00007fc5c1000000,0x00007fc5c1100000)]
  0x00007fc5e8293800 JavaThread "Common-Cleaner" daemon [_thread_blocked, id=97207, stack(0x00007fc5c0dfe000,0x00007fc5c0efe000)]
  0x00007fc59c07e000 JavaThread "C2 CompilerThread1" daemon [_thread_in_native, id=97208, stack(0x00007fc5c0cfe000,0x00007fc5c0dfe000)]
  0x00007fc5e8dd4800 JavaThread "pool-1-thread-1" [_thread_in_native, id=97215, stack(0x00007fc5c0900000,0x00007fc5c0a00000)]
  0x00007fc584047800 JavaThread "ForkJoinPool.commonPool-worker-19" daemon [_thread_blocked, id=97224, stack(0x00007fc5834f8000,0x00007fc5835f8000)]
  0x00007fc570004800 JavaThread "ForkJoinPool.commonPool-worker-5" daemon [_thread_in_Java, id=97226, stack(0x00007fc5833f8000,0x00007fc5834f8000)]
=>0x00007fc5a03f0800 JavaThread "C2 CompilerThread2" daemon [_thread_in_native, id=97231, stack(0x00007fc582ef4000,0x00007fc582ff4000)]
  0x00007fc584471000 JavaThread "CompletableFutureDelayScheduler" daemon [_thread_blocked, id=97238, stack(0x00007fc5820c2000,0x00007fc5821c2000)]
  0x00007fc584477800 JavaThread "ForkJoinPool.commonPool-worker-23" daemon [_thread_in_native, id=97240, stack(0x00007fc580d94000,0x00007fc580e94000)]
  0x00007fc584544800 JavaThread "ForkJoinPool.commonPool-worker-9" daemon [_thread_in_vm, id=97241, stack(0x00007fc580c94000,0x00007fc580d94000)]
  0x00007fc584586800 JavaThread "ForkJoinPool.commonPool-worker-27" daemon [_thread_in_vm, id=97243, stack(0x00007fc580b94000,0x00007fc580c94000)]
  0x00007fc584589000 JavaThread "ForkJoinPool.commonPool-worker-13" daemon [_thread_in_vm, id=97244, stack(0x00007fc580824000,0x00007fc580924000)]
  0x00007fc5845aa800 JavaThread "ForkJoinPool.commonPool-worker-31" daemon [_thread_blocked, id=97245, stack(0x00007fc580724000,0x00007fc580824000)]

Other Threads:
  0x00007fc5e81bc000 VMThread "VM Thread" [stack: 0x00007fc5d05f7000,0x00007fc5d06f7000] [id=97198]
  0x00007fc5e8283000 WatcherThread [stack: 0x00007fc5c0f00000,0x00007fc5c1000000] [id=97206]
  0x00007fc5e8044800 GCTaskThread "GC Thread#0" [stack: 0x00007fc5ef100000,0x00007fc5ef200000] [id=97193]
  0x00007fc5b8001000 GCTaskThread "GC Thread#1" [stack: 0x00007fc5c0100000,0x00007fc5c0200000] [id=97210]
  0x00007fc5b8002800 GCTaskThread "GC Thread#2" [stack: 0x00007fc583f00000,0x00007fc584000000] [id=97211]
  0x00007fc5b8004000 GCTaskThread "GC Thread#3" [stack: 0x00007fc583dfe000,0x00007fc583efe000] [id=97212]
  0x00007fc5b8006000 GCTaskThread "GC Thread#4" [stack: 0x00007fc583cfc000,0x00007fc583dfc000] [id=97213]
  0x00007fc5b8007800 GCTaskThread "GC Thread#5" [stack: 0x00007fc583bfa000,0x00007fc583cfa000] [id=97214]
  0x00007fc5e8061000 ConcurrentGCThread "G1 Main Marker" [stack: 0x00007fc5ec6f8000,0x00007fc5ec7f8000] [id=97194]
  0x00007fc5e8063000 ConcurrentGCThread "G1 Conc#0" [stack: 0x00007fc5ec5f6000,0x00007fc5ec6f6000] [id=97195]
  0x00007fc5c4001000 ConcurrentGCThread "G1 Conc#1" [stack: 0x00007fc5830f8000,0x00007fc5831f8000] [id=97229]
  0x00007fc5c4002800 ConcurrentGCThread "G1 Conc#2" [stack: 0x00007fc582ff6000,0x00007fc5830f6000] [id=97230]
  0x00007fc5e8159800 ConcurrentGCThread "G1 Refine#0" [stack: 0x00007fc5d07fb000,0x00007fc5d08fb000] [id=97196]
  0x00007fc5bc002800 ConcurrentGCThread "G1 Refine#1" [stack: 0x00007fc5827f4000,0x00007fc5828f4000] [id=97232]
  0x00007fc554001000 ConcurrentGCThread "G1 Refine#2" [stack: 0x00007fc5826f2000,0x00007fc5827f2000] [id=97233]
  0x00007fc558001000 ConcurrentGCThread "G1 Refine#3" [stack: 0x00007fc5825f0000,0x00007fc5826f0000] [id=97234]
  0x00007fc54c001000 ConcurrentGCThread "G1 Refine#4" [stack: 0x00007fc5822c6000,0x00007fc5823c6000] [id=97235]
  0x00007fc550001000 ConcurrentGCThread "G1 Refine#5" [stack: 0x00007fc5821c4000,0x00007fc5822c4000] [id=97236]
  0x00007fc5e815b000 ConcurrentGCThread "G1 Young RemSet Sampling" [stack: 0x00007fc5d06f9000,0x00007fc5d07f9000] [id=97197]

Threads with active compile tasks:
C2 CompilerThread0     4066 3684       4       io.ballerina.compiler.internal.parser.TokenReader::peek (36 bytes)
C1 CompilerThread0     4067 4076       2       org.wso2.ballerinalang.compiler.semantics.model.types.BTypeIdSet::<init> (42 bytes)
C2 CompilerThread1     4067 3680       4       io.ballerina.compiler.internal.parser.AbstractParser::peek (20 bytes)
C2 CompilerThread2     4067 3168       4       org.wso2.ballerinalang.compiler.BIRPackageSymbolEnter$BIRTypeReader::readType (4839 bytes)

VM state:not at safepoint (normal execution)

VM Mutex/Monitor currently owned by a thread: None

Heap address: 0x00000000c0000000, size: 1024 MB, Compressed Oops mode: 32-bit
Narrow klass base: 0x0000000000000000, Narrow klass shift: 3
Compressed class space size: 1073741824 Address: 0x0000000100000000

Heap:
 garbage-first heap   total 262144K, used 98605K [0x00000000c0000000, 0x0000000100000000)
  region size 1024K, 58 young (59392K), 4 survivors (4096K)
 Metaspace       used 35340K, capacity 36217K, committed 36480K, reserved 1081344K
  class space    used 3613K, capacity 3967K, committed 3968K, reserved 1048576K
Heap Regions: E=young(eden), S=young(survivor), O=old, HS=humongous(starts), HC=humongous(continues), CS=collection set, F=free, A=archive, TAMS=top-at-mark-start (previous, next)
|   0|0x00000000c0000000, 0x00000000c0100000, 0x00000000c0100000|100%|HS|  |TAMS 0x00000000c0100000, 0x00000000c0000000| Complete 
|   1|0x00000000c0100000, 0x00000000c0200000, 0x00000000c0200000|100%|HS|  |TAMS 0x00000000c0200000, 0x00000000c0100000| Complete 
|   2|0x00000000c0200000, 0x00000000c0300000, 0x00000000c0300000|100%|HS|  |TAMS 0x00000000c0300000, 0x00000000c0200000| Complete 
|   3|0x00000000c0300000, 0x00000000c0400000, 0x00000000c0400000|100%|HS|  |TAMS 0x00000000c0400000, 0x00000000c0300000| Complete 
|   4|0x00000000c0400000, 0x00000000c0500000, 0x00000000c0500000|100%| O|  |TAMS 0x00000000c0500000, 0x00000000c0400000| Untracked 
|   5|0x00000000c0500000, 0x00000000c0600000, 0x00000000c0600000|100%| O|  |TAMS 0x00000000c0600000, 0x00000000c0500000| Untracked 
|   6|0x00000000c0600000, 0x00000000c0700000, 0x00000000c0700000|100%| O|  |TAMS 0x00000000c0700000, 0x00000000c0600000| Untracked 
|   7|0x00000000c0700000, 0x00000000c0800000, 0x00000000c0800000|100%| O|  |TAMS 0x00000000c0800000, 0x00000000c0700000| Untracked 
|   8|0x00000000c0800000, 0x00000000c0900000, 0x00000000c0900000|100%| O|  |TAMS 0x00000000c0900000, 0x00000000c0800000| Untracked 
|   9|0x00000000c0900000, 0x00000000c0a00000, 0x00000000c0a00000|100%| O|  |TAMS 0x00000000c0a00000, 0x00000000c0900000| Untracked 
|  10|0x00000000c0a00000, 0x00000000c0b00000, 0x00000000c0b00000|100%| O|  |TAMS 0x00000000c0b00000, 0x00000000c0a00000| Untracked 
|  11|0x00000000c0b00000, 0x00000000c0c00000, 0x00000000c0c00000|100%| O|  |TAMS 0x00000000c0b92000, 0x00000000c0b00000| Untracked 
|  12|0x00000000c0c00000, 0x00000000c0d00000, 0x00000000c0d00000|100%| O|  |TAMS 0x00000000c0c00000, 0x00000000c0c00000| Untracked 
|  13|0x00000000c0d00000, 0x00000000c0e00000, 0x00000000c0e00000|100%| O|  |TAMS 0x00000000c0d00000, 0x00000000c0d00000| Untracked 
|  14|0x00000000c0e00000, 0x00000000c0f00000, 0x00000000c0f00000|100%| O|  |TAMS 0x00000000c0e00000, 0x00000000c0e00000| Untracked 
|  15|0x00000000c0f00000, 0x00000000c1000000, 0x00000000c1000000|100%| O|  |TAMS 0x00000000c0f00000, 0x00000000c0f00000| Untracked 
|  16|0x00000000c1000000, 0x00000000c1100000, 0x00000000c1100000|100%| O|  |TAMS 0x00000000c1000000, 0x00000000c1000000| Untracked 
|  17|0x00000000c1100000, 0x00000000c1200000, 0x00000000c1200000|100%| O|  |TAMS 0x00000000c1100000, 0x00000000c1100000| Untracked 
|  18|0x00000000c1200000, 0x00000000c1300000, 0x00000000c1300000|100%| O|  |TAMS 0x00000000c1200000, 0x00000000c1200000| Untracked 
|  19|0x00000000c1300000, 0x00000000c1400000, 0x00000000c1400000|100%| O|  |TAMS 0x00000000c1300000, 0x00000000c1300000| Untracked 
|  20|0x00000000c1400000, 0x00000000c1500000, 0x00000000c1500000|100%| O|  |TAMS 0x00000000c1400000, 0x00000000c1400000| Untracked 
|  21|0x00000000c1500000, 0x00000000c1600000, 0x00000000c1600000|100%| O|  |TAMS 0x00000000c1500000, 0x00000000c1500000| Untracked 
|  22|0x00000000c1600000, 0x00000000c1700000, 0x00000000c1700000|100%| O|  |TAMS 0x00000000c1600000, 0x00000000c1600000| Untracked 
|  23|0x00000000c1700000, 0x00000000c1800000, 0x00000000c1800000|100%| O|  |TAMS 0x00000000c1700000, 0x00000000c1700000| Untracked 
|  24|0x00000000c1800000, 0x00000000c1900000, 0x00000000c1900000|100%| O|  |TAMS 0x00000000c1800000, 0x00000000c1800000| Untracked 
|  25|0x00000000c1900000, 0x00000000c1a00000, 0x00000000c1a00000|100%| O|  |TAMS 0x00000000c1900000, 0x00000000c1900000| Untracked 
|  26|0x00000000c1a00000, 0x00000000c1b00000, 0x00000000c1b00000|100%| O|  |TAMS 0x00000000c1a00000, 0x00000000c1a00000| Untracked 
|  27|0x00000000c1b00000, 0x00000000c1c00000, 0x00000000c1c00000|100%| O|  |TAMS 0x00000000c1b00000, 0x00000000c1b00000| Untracked 
|  28|0x00000000c1c00000, 0x00000000c1d00000, 0x00000000c1d00000|100%| O|  |TAMS 0x00000000c1c00000, 0x00000000c1c00000| Untracked 
|  29|0x00000000c1d00000, 0x00000000c1e00000, 0x00000000c1e00000|100%| O|  |TAMS 0x00000000c1d00000, 0x00000000c1d00000| Untracked 
|  30|0x00000000c1e00000, 0x00000000c1f00000, 0x00000000c1f00000|100%| O|  |TAMS 0x00000000c1e00000, 0x00000000c1e00000| Untracked 
|  31|0x00000000c1f00000, 0x00000000c2000000, 0x00000000c2000000|100%| O|  |TAMS 0x00000000c1f00000, 0x00000000c1f00000| Untracked 
|  32|0x00000000c2000000, 0x00000000c2100000, 0x00000000c2100000|100%| O|  |TAMS 0x00000000c2000000, 0x00000000c2000000| Untracked 
|  33|0x00000000c2100000, 0x00000000c2200000, 0x00000000c2200000|100%| O|  |TAMS 0x00000000c2100000, 0x00000000c2100000| Untracked 
|  34|0x00000000c2200000, 0x00000000c2300000, 0x00000000c2300000|100%| O|  |TAMS 0x00000000c2200000, 0x00000000c2200000| Untracked 
|  35|0x00000000c2300000, 0x00000000c2400000, 0x00000000c2400000|100%| O|  |TAMS 0x00000000c2300000, 0x00000000c2300000| Untracked 
|  36|0x00000000c2400000, 0x00000000c2500000, 0x00000000c2500000|100%| O|  |TAMS 0x00000000c2400000, 0x00000000c2400000| Untracked 
|  37|0x00000000c2500000, 0x00000000c2600000, 0x00000000c2600000|100%| O|  |TAMS 0x00000000c2500000, 0x00000000c2500000| Untracked 
|  38|0x00000000c2600000, 0x00000000c2700000, 0x00000000c2700000|100%| O|  |TAMS 0x00000000c2600000, 0x00000000c2600000| Untracked 
|  39|0x00000000c2700000, 0x00000000c2800000, 0x00000000c2800000|100%| O|  |TAMS 0x00000000c2700000, 0x00000000c2700000| Untracked 
|  40|0x00000000c2800000, 0x00000000c2900000, 0x00000000c2900000|100%| O|  |TAMS 0x00000000c2800000, 0x00000000c2800000| Untracked 
|  41|0x00000000c2900000, 0x00000000c2900000, 0x00000000c2a00000|  0%| F|  |TAMS 0x00000000c2900000, 0x00000000c2900000| Untracked 
|  42|0x00000000c2a00000, 0x00000000c2a00000, 0x00000000c2b00000|  0%| F|  |TAMS 0x00000000c2a00000, 0x00000000c2a00000| Untracked 
|  43|0x00000000c2b00000, 0x00000000c2b00000, 0x00000000c2c00000|  0%| F|  |TAMS 0x00000000c2b00000, 0x00000000c2b00000| Untracked 
|  44|0x00000000c2c00000, 0x00000000c2c00000, 0x00000000c2d00000|  0%| F|  |TAMS 0x00000000c2c00000, 0x00000000c2c00000| Untracked 
|  45|0x00000000c2d00000, 0x00000000c2d00000, 0x00000000c2e00000|  0%| F|  |TAMS 0x00000000c2d00000, 0x00000000c2d00000| Untracked 
|  46|0x00000000c2e00000, 0x00000000c2e00000, 0x00000000c2f00000|  0%| F|  |TAMS 0x00000000c2e00000, 0x00000000c2e00000| Untracked 
|  47|0x00000000c2f00000, 0x00000000c2f00000, 0x00000000c3000000|  0%| F|  |TAMS 0x00000000c2f00000, 0x00000000c2f00000| Untracked 
|  48|0x00000000c3000000, 0x00000000c3000000, 0x00000000c3100000|  0%| F|  |TAMS 0x00000000c3000000, 0x00000000c3000000| Untracked 
|  49|0x00000000c3100000, 0x00000000c3100000, 0x00000000c3200000|  0%| F|  |TAMS 0x00000000c3100000, 0x00000000c3100000| Untracked 
|  50|0x00000000c3200000, 0x00000000c3200000, 0x00000000c3300000|  0%| F|  |TAMS 0x00000000c3200000, 0x00000000c3200000| Untracked 
|  51|0x00000000c3300000, 0x00000000c3300000, 0x00000000c3400000|  0%| F|  |TAMS 0x00000000c3300000, 0x00000000c3300000| Untracked 
|  52|0x00000000c3400000, 0x00000000c3400000, 0x00000000c3500000|  0%| F|  |TAMS 0x00000000c3400000, 0x00000000c3400000| Untracked 
|  53|0x00000000c3500000, 0x00000000c3500000, 0x00000000c3600000|  0%| F|  |TAMS 0x00000000c3500000, 0x00000000c3500000| Untracked 
|  54|0x00000000c3600000, 0x00000000c3600000, 0x00000000c3700000|  0%| F|  |TAMS 0x00000000c3600000, 0x00000000c3600000| Untracked 
|  55|0x00000000c3700000, 0x00000000c3700000, 0x00000000c3800000|  0%| F|  |TAMS 0x00000000c3700000, 0x00000000c3700000| Untracked 
|  56|0x00000000c3800000, 0x00000000c3800000, 0x00000000c3900000|  0%| F|  |TAMS 0x00000000c3800000, 0x00000000c3800000| Untracked 
|  57|0x00000000c3900000, 0x00000000c3900000, 0x00000000c3a00000|  0%| F|  |TAMS 0x00000000c3900000, 0x00000000c3900000| Untracked 
|  58|0x00000000c3a00000, 0x00000000c3a00000, 0x00000000c3b00000|  0%| F|  |TAMS 0x00000000c3a00000, 0x00000000c3a00000| Untracked 
|  59|0x00000000c3b00000, 0x00000000c3b00000, 0x00000000c3c00000|  0%| F|  |TAMS 0x00000000c3b00000, 0x00000000c3b00000| Untracked 
|  60|0x00000000c3c00000, 0x00000000c3c00000, 0x00000000c3d00000|  0%| F|  |TAMS 0x00000000c3c00000, 0x00000000c3c00000| Untracked 
|  61|0x00000000c3d00000, 0x00000000c3d00000, 0x00000000c3e00000|  0%| F|  |TAMS 0x00000000c3d00000, 0x00000000c3d00000| Untracked 
|  62|0x00000000c3e00000, 0x00000000c3e00000, 0x00000000c3f00000|  0%| F|  |TAMS 0x00000000c3e00000, 0x00000000c3e00000| Untracked 
|  63|0x00000000c3f00000, 0x00000000c3f00000, 0x00000000c4000000|  0%| F|  |TAMS 0x00000000c3f00000, 0x00000000c3f00000| Untracked 
|  64|0x00000000c4000000, 0x00000000c4000000, 0x00000000c4100000|  0%| F|  |TAMS 0x00000000c4000000, 0x00000000c4000000| Untracked 
|  65|0x00000000c4100000, 0x00000000c4100000, 0x00000000c4200000|  0%| F|  |TAMS 0x00000000c4100000, 0x00000000c4100000| Untracked 
|  66|0x00000000c4200000, 0x00000000c4200000, 0x00000000c4300000|  0%| F|  |TAMS 0x00000000c4200000, 0x00000000c4200000| Untracked 
|  67|0x00000000c4300000, 0x00000000c4300000, 0x00000000c4400000|  0%| F|  |TAMS 0x00000000c4300000, 0x00000000c4300000| Untracked 
|  68|0x00000000c4400000, 0x00000000c4400000, 0x00000000c4500000|  0%| F|  |TAMS 0x00000000c4400000, 0x00000000c4400000| Untracked 
|  69|0x00000000c4500000, 0x00000000c4500000, 0x00000000c4600000|  0%| F|  |TAMS 0x00000000c4500000, 0x00000000c4500000| Untracked 
|  70|0x00000000c4600000, 0x00000000c4600000, 0x00000000c4700000|  0%| F|  |TAMS 0x00000000c4600000, 0x00000000c4600000| Untracked 
|  71|0x00000000c4700000, 0x00000000c4700000, 0x00000000c4800000|  0%| F|  |TAMS 0x00000000c4700000, 0x00000000c4700000| Untracked 
|  72|0x00000000c4800000, 0x00000000c4800000, 0x00000000c4900000|  0%| F|  |TAMS 0x00000000c4800000, 0x00000000c4800000| Untracked 
|  73|0x00000000c4900000, 0x00000000c4900000, 0x00000000c4a00000|  0%| F|  |TAMS 0x00000000c4900000, 0x00000000c4900000| Untracked 
|  74|0x00000000c4a00000, 0x00000000c4a00000, 0x00000000c4b00000|  0%| F|  |TAMS 0x00000000c4a00000, 0x00000000c4a00000| Untracked 
|  75|0x00000000c4b00000, 0x00000000c4b00000, 0x00000000c4c00000|  0%| F|  |TAMS 0x00000000c4b00000, 0x00000000c4b00000| Untracked 
|  76|0x00000000c4c00000, 0x00000000c4c00000, 0x00000000c4d00000|  0%| F|  |TAMS 0x00000000c4c00000, 0x00000000c4c00000| Untracked 
|  77|0x00000000c4d00000, 0x00000000c4d00000, 0x00000000c4e00000|  0%| F|  |TAMS 0x00000000c4d00000, 0x00000000c4d00000| Untracked 
|  78|0x00000000c4e00000, 0x00000000c4e00000, 0x00000000c4f00000|  0%| F|  |TAMS 0x00000000c4e00000, 0x00000000c4e00000| Untracked 
|  79|0x00000000c4f00000, 0x00000000c4f00000, 0x00000000c5000000|  0%| F|  |TAMS 0x00000000c4f00000, 0x00000000c4f00000| Untracked 
|  80|0x00000000c5000000, 0x00000000c5000000, 0x00000000c5100000|  0%| F|  |TAMS 0x00000000c5000000, 0x00000000c5000000| Untracked 
|  81|0x00000000c5100000, 0x00000000c5100000, 0x00000000c5200000|  0%| F|  |TAMS 0x00000000c5100000, 0x00000000c5100000| Untracked 
|  82|0x00000000c5200000, 0x00000000c5200000, 0x00000000c5300000|  0%| F|  |TAMS 0x00000000c5200000, 0x00000000c5200000| Untracked 
|  83|0x00000000c5300000, 0x00000000c5300000, 0x00000000c5400000|  0%| F|  |TAMS 0x00000000c5300000, 0x00000000c5300000| Untracked 
|  84|0x00000000c5400000, 0x00000000c5400000, 0x00000000c5500000|  0%| F|  |TAMS 0x00000000c5400000, 0x00000000c5400000| Untracked 
|  85|0x00000000c5500000, 0x00000000c5500000, 0x00000000c5600000|  0%| F|  |TAMS 0x00000000c5500000, 0x00000000c5500000| Untracked 
|  86|0x00000000c5600000, 0x00000000c5600000, 0x00000000c5700000|  0%| F|  |TAMS 0x00000000c5600000, 0x00000000c5600000| Untracked 
|  87|0x00000000c5700000, 0x00000000c5700000, 0x00000000c5800000|  0%| F|  |TAMS 0x00000000c5700000, 0x00000000c5700000| Untracked 
|  88|0x00000000c5800000, 0x00000000c5800000, 0x00000000c5900000|  0%| F|  |TAMS 0x00000000c5800000, 0x00000000c5800000| Untracked 
|  89|0x00000000c5900000, 0x00000000c5900000, 0x00000000c5a00000|  0%| F|  |TAMS 0x00000000c5900000, 0x00000000c5900000| Untracked 
|  90|0x00000000c5a00000, 0x00000000c5a00000, 0x00000000c5b00000|  0%| F|  |TAMS 0x00000000c5a00000, 0x00000000c5a00000| Untracked 
|  91|0x00000000c5b00000, 0x00000000c5b00000, 0x00000000c5c00000|  0%| F|  |TAMS 0x00000000c5b00000, 0x00000000c5b00000| Untracked 
|  92|0x00000000c5c00000, 0x00000000c5c00000, 0x00000000c5d00000|  0%| F|  |TAMS 0x00000000c5c00000, 0x00000000c5c00000| Untracked 
|  93|0x00000000c5d00000, 0x00000000c5d00000, 0x00000000c5e00000|  0%| F|  |TAMS 0x00000000c5d00000, 0x00000000c5d00000| Untracked 
|  94|0x00000000c5e00000, 0x00000000c5e00000, 0x00000000c5f00000|  0%| F|  |TAMS 0x00000000c5e00000, 0x00000000c5e00000| Untracked 
|  95|0x00000000c5f00000, 0x00000000c5f00000, 0x00000000c6000000|  0%| F|  |TAMS 0x00000000c5f00000, 0x00000000c5f00000| Untracked 
|  96|0x00000000c6000000, 0x00000000c6000000, 0x00000000c6100000|  0%| F|  |TAMS 0x00000000c6000000, 0x00000000c6000000| Untracked 
|  97|0x00000000c6100000, 0x00000000c6100000, 0x00000000c6200000|  0%| F|  |TAMS 0x00000000c6100000, 0x00000000c6100000| Untracked 
|  98|0x00000000c6200000, 0x00000000c6200000, 0x00000000c6300000|  0%| F|  |TAMS 0x00000000c6200000, 0x00000000c6200000| Untracked 
|  99|0x00000000c6300000, 0x00000000c6300000, 0x00000000c6400000|  0%| F|  |TAMS 0x00000000c6300000, 0x00000000c6300000| Untracked 
| 100|0x00000000c6400000, 0x00000000c6400000, 0x00000000c6500000|  0%| F|  |TAMS 0x00000000c6400000, 0x00000000c6400000| Untracked 
| 101|0x00000000c6500000, 0x00000000c6500000, 0x00000000c6600000|  0%| F|  |TAMS 0x00000000c6500000, 0x00000000c6500000| Untracked 
| 102|0x00000000c6600000, 0x00000000c6600000, 0x00000000c6700000|  0%| F|  |TAMS 0x00000000c6600000, 0x00000000c6600000| Untracked 
| 103|0x00000000c6700000, 0x00000000c6700000, 0x00000000c6800000|  0%| F|  |TAMS 0x00000000c6700000, 0x00000000c6700000| Untracked 
| 104|0x00000000c6800000, 0x00000000c6800000, 0x00000000c6900000|  0%| F|  |TAMS 0x00000000c6800000, 0x00000000c6800000| Untracked 
| 105|0x00000000c6900000, 0x00000000c6900000, 0x00000000c6a00000|  0%| F|  |TAMS 0x00000000c6900000, 0x00000000c6900000| Untracked 
| 106|0x00000000c6a00000, 0x00000000c6a00000, 0x00000000c6b00000|  0%| F|  |TAMS 0x00000000c6a00000, 0x00000000c6a00000| Untracked 
| 107|0x00000000c6b00000, 0x00000000c6b00000, 0x00000000c6c00000|  0%| F|  |TAMS 0x00000000c6b00000, 0x00000000c6b00000| Untracked 
| 108|0x00000000c6c00000, 0x00000000c6c00000, 0x00000000c6d00000|  0%| F|  |TAMS 0x00000000c6c00000, 0x00000000c6c00000| Untracked 
| 109|0x00000000c6d00000, 0x00000000c6d00000, 0x00000000c6e00000|  0%| F|  |TAMS 0x00000000c6d00000, 0x00000000c6d00000| Untracked 
| 110|0x00000000c6e00000, 0x00000000c6e00000, 0x00000000c6f00000|  0%| F|  |TAMS 0x00000000c6e00000, 0x00000000c6e00000| Untracked 
| 111|0x00000000c6f00000, 0x00000000c6f00000, 0x00000000c7000000|  0%| F|  |TAMS 0x00000000c6f00000, 0x00000000c6f00000| Untracked 
| 112|0x00000000c7000000, 0x00000000c7000000, 0x00000000c7100000|  0%| F|  |TAMS 0x00000000c7000000, 0x00000000c7000000| Untracked 
| 113|0x00000000c7100000, 0x00000000c7100000, 0x00000000c7200000|  0%| F|  |TAMS 0x00000000c7100000, 0x00000000c7100000| Untracked 
| 114|0x00000000c7200000, 0x00000000c7200000, 0x00000000c7300000|  0%| F|  |TAMS 0x00000000c7200000, 0x00000000c7200000| Untracked 
| 115|0x00000000c7300000, 0x00000000c7300000, 0x00000000c7400000|  0%| F|  |TAMS 0x00000000c7300000, 0x00000000c7300000| Untracked 
| 116|0x00000000c7400000, 0x00000000c7400000, 0x00000000c7500000|  0%| F|  |TAMS 0x00000000c7400000, 0x00000000c7400000| Untracked 
| 117|0x00000000c7500000, 0x00000000c7500000, 0x00000000c7600000|  0%| F|  |TAMS 0x00000000c7500000, 0x00000000c7500000| Untracked 
| 118|0x00000000c7600000, 0x00000000c7600000, 0x00000000c7700000|  0%| F|  |TAMS 0x00000000c7600000, 0x00000000c7600000| Untracked 
| 119|0x00000000c7700000, 0x00000000c7700000, 0x00000000c7800000|  0%| F|  |TAMS 0x00000000c7700000, 0x00000000c7700000| Untracked 
| 120|0x00000000c7800000, 0x00000000c7800000, 0x00000000c7900000|  0%| F|  |TAMS 0x00000000c7800000, 0x00000000c7800000| Untracked 
| 121|0x00000000c7900000, 0x00000000c7900000, 0x00000000c7a00000|  0%| F|  |TAMS 0x00000000c7900000, 0x00000000c7900000| Untracked 
| 122|0x00000000c7a00000, 0x00000000c7a00000, 0x00000000c7b00000|  0%| F|  |TAMS 0x00000000c7a00000, 0x00000000c7a00000| Untracked 
| 123|0x00000000c7b00000, 0x00000000c7b00000, 0x00000000c7c00000|  0%| F|  |TAMS 0x00000000c7b00000, 0x00000000c7b00000| Untracked 
| 124|0x00000000c7c00000, 0x00000000c7c00000, 0x00000000c7d00000|  0%| F|  |TAMS 0x00000000c7c00000, 0x00000000c7c00000| Untracked 
| 125|0x00000000c7d00000, 0x00000000c7d00000, 0x00000000c7e00000|  0%| F|  |TAMS 0x00000000c7d00000, 0x00000000c7d00000| Untracked 
| 126|0x00000000c7e00000, 0x00000000c7e00000, 0x00000000c7f00000|  0%| F|  |TAMS 0x00000000c7e00000, 0x00000000c7e00000| Untracked 
| 127|0x00000000c7f00000, 0x00000000c7f00000, 0x00000000c8000000|  0%| F|  |TAMS 0x00000000c7f00000, 0x00000000c7f00000| Untracked 
| 128|0x00000000c8000000, 0x00000000c8000000, 0x00000000c8100000|  0%| F|  |TAMS 0x00000000c8000000, 0x00000000c8000000| Untracked 
| 129|0x00000000c8100000, 0x00000000c8100000, 0x00000000c8200000|  0%| F|  |TAMS 0x00000000c8100000, 0x00000000c8100000| Untracked 
| 130|0x00000000c8200000, 0x00000000c8200000, 0x00000000c8300000|  0%| F|  |TAMS 0x00000000c8200000, 0x00000000c8200000| Untracked 
| 131|0x00000000c8300000, 0x00000000c8300000, 0x00000000c8400000|  0%| F|  |TAMS 0x00000000c8300000, 0x00000000c8300000| Untracked 
| 132|0x00000000c8400000, 0x00000000c8400000, 0x00000000c8500000|  0%| F|  |TAMS 0x00000000c8400000, 0x00000000c8400000| Untracked 
| 133|0x00000000c8500000, 0x00000000c8500000, 0x00000000c8600000|  0%| F|  |TAMS 0x00000000c8500000, 0x00000000c8500000| Untracked 
| 134|0x00000000c8600000, 0x00000000c8600000, 0x00000000c8700000|  0%| F|  |TAMS 0x00000000c8600000, 0x00000000c8600000| Untracked 
| 135|0x00000000c8700000, 0x00000000c8700000, 0x00000000c8800000|  0%| F|  |TAMS 0x00000000c8700000, 0x00000000c8700000| Untracked 
| 136|0x00000000c8800000, 0x00000000c8800000, 0x00000000c8900000|  0%| F|  |TAMS 0x00000000c8800000, 0x00000000c8800000| Untracked 
| 137|0x00000000c8900000, 0x00000000c8900000, 0x00000000c8a00000|  0%| F|  |TAMS 0x00000000c8900000, 0x00000000c8900000| Untracked 
| 138|0x00000000c8a00000, 0x00000000c8a00000, 0x00000000c8b00000|  0%| F|  |TAMS 0x00000000c8a00000, 0x00000000c8a00000| Untracked 
| 139|0x00000000c8b00000, 0x00000000c8b00000, 0x00000000c8c00000|  0%| F|  |TAMS 0x00000000c8b00000, 0x00000000c8b00000| Untracked 
| 140|0x00000000c8c00000, 0x00000000c8c00000, 0x00000000c8d00000|  0%| F|  |TAMS 0x00000000c8c00000, 0x00000000c8c00000| Untracked 
| 141|0x00000000c8d00000, 0x00000000c8d00000, 0x00000000c8e00000|  0%| F|  |TAMS 0x00000000c8d00000, 0x00000000c8d00000| Untracked 
| 142|0x00000000c8e00000, 0x00000000c8e00000, 0x00000000c8f00000|  0%| F|  |TAMS 0x00000000c8e00000, 0x00000000c8e00000| Untracked 
| 143|0x00000000c8f00000, 0x00000000c8f00000, 0x00000000c9000000|  0%| F|  |TAMS 0x00000000c8f00000, 0x00000000c8f00000| Untracked 
| 144|0x00000000c9000000, 0x00000000c9000000, 0x00000000c9100000|  0%| F|  |TAMS 0x00000000c9000000, 0x00000000c9000000| Untracked 
| 145|0x00000000c9100000, 0x00000000c9100000, 0x00000000c9200000|  0%| F|  |TAMS 0x00000000c9100000, 0x00000000c9100000| Untracked 
| 146|0x00000000c9200000, 0x00000000c9200000, 0x00000000c9300000|  0%| F|  |TAMS 0x00000000c9200000, 0x00000000c9200000| Untracked 
| 147|0x00000000c9300000, 0x00000000c9300000, 0x00000000c9400000|  0%| F|  |TAMS 0x00000000c9300000, 0x00000000c9300000| Untracked 
| 148|0x00000000c9400000, 0x00000000c9400000, 0x00000000c9500000|  0%| F|  |TAMS 0x00000000c9400000, 0x00000000c9400000| Untracked 
| 149|0x00000000c9500000, 0x00000000c9500000, 0x00000000c9600000|  0%| F|  |TAMS 0x00000000c9500000, 0x00000000c9500000| Untracked 
| 150|0x00000000c9600000, 0x00000000c9600000, 0x00000000c9700000|  0%| F|  |TAMS 0x00000000c9600000, 0x00000000c9600000| Untracked 
| 151|0x00000000c9700000, 0x00000000c9700000, 0x00000000c9800000|  0%| F|  |TAMS 0x00000000c9700000, 0x00000000c9700000| Untracked 
| 152|0x00000000c9800000, 0x00000000c9800000, 0x00000000c9900000|  0%| F|  |TAMS 0x00000000c9800000, 0x00000000c9800000| Untracked 
| 153|0x00000000c9900000, 0x00000000c9900000, 0x00000000c9a00000|  0%| F|  |TAMS 0x00000000c9900000, 0x00000000c9900000| Untracked 
| 154|0x00000000c9a00000, 0x00000000c9a00000, 0x00000000c9b00000|  0%| F|  |TAMS 0x00000000c9a00000, 0x00000000c9a00000| Untracked 
| 155|0x00000000c9b00000, 0x00000000c9b00000, 0x00000000c9c00000|  0%| F|  |TAMS 0x00000000c9b00000, 0x00000000c9b00000| Untracked 
| 156|0x00000000c9c00000, 0x00000000c9c00000, 0x00000000c9d00000|  0%| F|  |TAMS 0x00000000c9c00000, 0x00000000c9c00000| Untracked 
| 157|0x00000000c9d00000, 0x00000000c9d00000, 0x00000000c9e00000|  0%| F|  |TAMS 0x00000000c9d00000, 0x00000000c9d00000| Untracked 
| 158|0x00000000c9e00000, 0x00000000c9e00000, 0x00000000c9f00000|  0%| F|  |TAMS 0x00000000c9e00000, 0x00000000c9e00000| Untracked 
| 159|0x00000000c9f00000, 0x00000000c9f00000, 0x00000000ca000000|  0%| F|  |TAMS 0x00000000c9f00000, 0x00000000c9f00000| Untracked 
| 160|0x00000000ca000000, 0x00000000ca000000, 0x00000000ca100000|  0%| F|  |TAMS 0x00000000ca000000, 0x00000000ca000000| Untracked 
| 161|0x00000000ca100000, 0x00000000ca100000, 0x00000000ca200000|  0%| F|  |TAMS 0x00000000ca100000, 0x00000000ca100000| Untracked 
| 162|0x00000000ca200000, 0x00000000ca200000, 0x00000000ca300000|  0%| F|  |TAMS 0x00000000ca200000, 0x00000000ca200000| Untracked 
| 163|0x00000000ca300000, 0x00000000ca300000, 0x00000000ca400000|  0%| F|  |TAMS 0x00000000ca300000, 0x00000000ca300000| Untracked 
| 164|0x00000000ca400000, 0x00000000ca400000, 0x00000000ca500000|  0%| F|  |TAMS 0x00000000ca400000, 0x00000000ca400000| Untracked 
| 165|0x00000000ca500000, 0x00000000ca500000, 0x00000000ca600000|  0%| F|  |TAMS 0x00000000ca500000, 0x00000000ca500000| Untracked 
| 166|0x00000000ca600000, 0x00000000ca600000, 0x00000000ca700000|  0%| F|  |TAMS 0x00000000ca600000, 0x00000000ca600000| Untracked 
| 167|0x00000000ca700000, 0x00000000ca700000, 0x00000000ca800000|  0%| F|  |TAMS 0x00000000ca700000, 0x00000000ca700000| Untracked 
| 168|0x00000000ca800000, 0x00000000ca800000, 0x00000000ca900000|  0%| F|  |TAMS 0x00000000ca800000, 0x00000000ca800000| Untracked 
| 169|0x00000000ca900000, 0x00000000ca900000, 0x00000000caa00000|  0%| F|  |TAMS 0x00000000ca900000, 0x00000000ca900000| Untracked 
| 170|0x00000000caa00000, 0x00000000caa00000, 0x00000000cab00000|  0%| F|  |TAMS 0x00000000caa00000, 0x00000000caa00000| Untracked 
| 171|0x00000000cab00000, 0x00000000cab00000, 0x00000000cac00000|  0%| F|  |TAMS 0x00000000cab00000, 0x00000000cab00000| Untracked 
| 172|0x00000000cac00000, 0x00000000cac00000, 0x00000000cad00000|  0%| F|  |TAMS 0x00000000cac00000, 0x00000000cac00000| Untracked 
| 173|0x00000000cad00000, 0x00000000cad00000, 0x00000000cae00000|  0%| F|  |TAMS 0x00000000cad00000, 0x00000000cad00000| Untracked 
| 174|0x00000000cae00000, 0x00000000cae00000, 0x00000000caf00000|  0%| F|  |TAMS 0x00000000cae00000, 0x00000000cae00000| Untracked 
| 175|0x00000000caf00000, 0x00000000caf00000, 0x00000000cb000000|  0%| F|  |TAMS 0x00000000caf00000, 0x00000000caf00000| Untracked 
| 176|0x00000000cb000000, 0x00000000cb000000, 0x00000000cb100000|  0%| F|  |TAMS 0x00000000cb000000, 0x00000000cb000000| Untracked 
| 177|0x00000000cb100000, 0x00000000cb100000, 0x00000000cb200000|  0%| F|  |TAMS 0x00000000cb100000, 0x00000000cb100000| Untracked 
| 178|0x00000000cb200000, 0x00000000cb200000, 0x00000000cb300000|  0%| F|  |TAMS 0x00000000cb200000, 0x00000000cb200000| Untracked 
| 179|0x00000000cb300000, 0x00000000cb300000, 0x00000000cb400000|  0%| F|  |TAMS 0x00000000cb300000, 0x00000000cb300000| Untracked 
| 180|0x00000000cb400000, 0x00000000cb400000, 0x00000000cb500000|  0%| F|  |TAMS 0x00000000cb400000, 0x00000000cb400000| Untracked 
| 181|0x00000000cb500000, 0x00000000cb500000, 0x00000000cb600000|  0%| F|  |TAMS 0x00000000cb500000, 0x00000000cb500000| Untracked 
| 182|0x00000000cb600000, 0x00000000cb600000, 0x00000000cb700000|  0%| F|  |TAMS 0x00000000cb600000, 0x00000000cb600000| Untracked 
| 183|0x00000000cb700000, 0x00000000cb700000, 0x00000000cb800000|  0%| F|  |TAMS 0x00000000cb700000, 0x00000000cb700000| Untracked 
| 184|0x00000000cb800000, 0x00000000cb800000, 0x00000000cb900000|  0%| F|  |TAMS 0x00000000cb800000, 0x00000000cb800000| Untracked 
| 185|0x00000000cb900000, 0x00000000cb900000, 0x00000000cba00000|  0%| F|  |TAMS 0x00000000cb900000, 0x00000000cb900000| Untracked 
| 186|0x00000000cba00000, 0x00000000cba00000, 0x00000000cbb00000|  0%| F|  |TAMS 0x00000000cba00000, 0x00000000cba00000| Untracked 
| 187|0x00000000cbb00000, 0x00000000cbb00000, 0x00000000cbc00000|  0%| F|  |TAMS 0x00000000cbb00000, 0x00000000cbb00000| Untracked 
| 188|0x00000000cbc00000, 0x00000000cbc00000, 0x00000000cbd00000|  0%| F|  |TAMS 0x00000000cbc00000, 0x00000000cbc00000| Untracked 
| 189|0x00000000cbd00000, 0x00000000cbd00000, 0x00000000cbe00000|  0%| F|  |TAMS 0x00000000cbd00000, 0x00000000cbd00000| Untracked 
| 190|0x00000000cbe00000, 0x00000000cbe00000, 0x00000000cbf00000|  0%| F|  |TAMS 0x00000000cbe00000, 0x00000000cbe00000| Untracked 
| 191|0x00000000cbf00000, 0x00000000cbf00000, 0x00000000cc000000|  0%| F|  |TAMS 0x00000000cbf00000, 0x00000000cbf00000| Untracked 
| 192|0x00000000cc000000, 0x00000000cc000000, 0x00000000cc100000|  0%| F|  |TAMS 0x00000000cc000000, 0x00000000cc000000| Untracked 
| 193|0x00000000cc100000, 0x00000000cc100000, 0x00000000cc200000|  0%| F|  |TAMS 0x00000000cc100000, 0x00000000cc100000| Untracked 
| 194|0x00000000cc200000, 0x00000000cc200000, 0x00000000cc300000|  0%| F|  |TAMS 0x00000000cc200000, 0x00000000cc200000| Untracked 
| 195|0x00000000cc300000, 0x00000000cc300000, 0x00000000cc400000|  0%| F|  |TAMS 0x00000000cc300000, 0x00000000cc300000| Untracked 
| 196|0x00000000cc400000, 0x00000000cc400000, 0x00000000cc500000|  0%| F|  |TAMS 0x00000000cc400000, 0x00000000cc400000| Untracked 
| 197|0x00000000cc500000, 0x00000000cc500000, 0x00000000cc600000|  0%| F|  |TAMS 0x00000000cc500000, 0x00000000cc500000| Untracked 
| 198|0x00000000cc600000, 0x00000000cc6d56f8, 0x00000000cc700000| 83%| E|  |TAMS 0x00000000cc600000, 0x00000000cc600000| Complete 
| 199|0x00000000cc700000, 0x00000000cc800000, 0x00000000cc800000|100%| E|CS|TAMS 0x00000000cc700000, 0x00000000cc700000| Complete 
| 200|0x00000000cc800000, 0x00000000cc900000, 0x00000000cc900000|100%| E|CS|TAMS 0x00000000cc800000, 0x00000000cc800000| Complete 
| 201|0x00000000cc900000, 0x00000000cca00000, 0x00000000cca00000|100%| E|CS|TAMS 0x00000000cc900000, 0x00000000cc900000| Complete 
| 202|0x00000000cca00000, 0x00000000ccb00000, 0x00000000ccb00000|100%| E|  |TAMS 0x00000000cca00000, 0x00000000cca00000| Complete 
| 203|0x00000000ccb00000, 0x00000000ccc00000, 0x00000000ccc00000|100%| E|CS|TAMS 0x00000000ccb00000, 0x00000000ccb00000| Complete 
| 204|0x00000000ccc00000, 0x00000000ccd00000, 0x00000000ccd00000|100%| E|CS|TAMS 0x00000000ccc00000, 0x00000000ccc00000| Complete 
| 205|0x00000000ccd00000, 0x00000000cce00000, 0x00000000cce00000|100%| E|CS|TAMS 0x00000000ccd00000, 0x00000000ccd00000| Complete 
| 206|0x00000000cce00000, 0x00000000ccf00000, 0x00000000ccf00000|100%| E|CS|TAMS 0x00000000cce00000, 0x00000000cce00000| Complete 
| 207|0x00000000ccf00000, 0x00000000cd000000, 0x00000000cd000000|100%| E|CS|TAMS 0x00000000ccf00000, 0x00000000ccf00000| Complete 
| 208|0x00000000cd000000, 0x00000000cd100000, 0x00000000cd100000|100%| E|CS|TAMS 0x00000000cd000000, 0x00000000cd000000| Complete 
| 209|0x00000000cd100000, 0x00000000cd200000, 0x00000000cd200000|100%| E|CS|TAMS 0x00000000cd100000, 0x00000000cd100000| Complete 
| 210|0x00000000cd200000, 0x00000000cd300000, 0x00000000cd300000|100%| E|CS|TAMS 0x00000000cd200000, 0x00000000cd200000| Complete 
| 211|0x00000000cd300000, 0x00000000cd400000, 0x00000000cd400000|100%| E|CS|TAMS 0x00000000cd300000, 0x00000000cd300000| Complete 
| 212|0x00000000cd400000, 0x00000000cd500000, 0x00000000cd500000|100%| E|CS|TAMS 0x00000000cd400000, 0x00000000cd400000| Complete 
| 213|0x00000000cd500000, 0x00000000cd600000, 0x00000000cd600000|100%| E|CS|TAMS 0x00000000cd500000, 0x00000000cd500000| Complete 
| 214|0x00000000cd600000, 0x00000000cd700000, 0x00000000cd700000|100%| E|CS|TAMS 0x00000000cd600000, 0x00000000cd600000| Complete 
| 215|0x00000000cd700000, 0x00000000cd800000, 0x00000000cd800000|100%| E|CS|TAMS 0x00000000cd700000, 0x00000000cd700000| Complete 
| 216|0x00000000cd800000, 0x00000000cd84b4f8, 0x00000000cd900000| 29%| S|CS|TAMS 0x00000000cd800000, 0x00000000cd800000| Complete 
| 217|0x00000000cd900000, 0x00000000cda00000, 0x00000000cda00000|100%| S|CS|TAMS 0x00000000cd900000, 0x00000000cd900000| Complete 
| 218|0x00000000cda00000, 0x00000000cdb00000, 0x00000000cdb00000|100%| S|CS|TAMS 0x00000000cda00000, 0x00000000cda00000| Complete 
| 219|0x00000000cdb00000, 0x00000000cdc00000, 0x00000000cdc00000|100%| S|CS|TAMS 0x00000000cdb00000, 0x00000000cdb00000| Complete 
| 220|0x00000000cdc00000, 0x00000000cdd00000, 0x00000000cdd00000|100%| E|CS|TAMS 0x00000000cdc00000, 0x00000000cdc00000| Complete 
| 221|0x00000000cdd00000, 0x00000000cde00000, 0x00000000cde00000|100%| E|CS|TAMS 0x00000000cdd00000, 0x00000000cdd00000| Complete 
| 222|0x00000000cde00000, 0x00000000cdf00000, 0x00000000cdf00000|100%| E|CS|TAMS 0x00000000cde00000, 0x00000000cde00000| Complete 
| 223|0x00000000cdf00000, 0x00000000ce000000, 0x00000000ce000000|100%| E|CS|TAMS 0x00000000cdf00000, 0x00000000cdf00000| Complete 
| 224|0x00000000ce000000, 0x00000000ce100000, 0x00000000ce100000|100%| E|CS|TAMS 0x00000000ce000000, 0x00000000ce000000| Complete 
| 225|0x00000000ce100000, 0x00000000ce200000, 0x00000000ce200000|100%| E|CS|TAMS 0x00000000ce100000, 0x00000000ce100000| Complete 
| 226|0x00000000ce200000, 0x00000000ce300000, 0x00000000ce300000|100%| E|CS|TAMS 0x00000000ce200000, 0x00000000ce200000| Complete 
| 227|0x00000000ce300000, 0x00000000ce400000, 0x00000000ce400000|100%| E|CS|TAMS 0x00000000ce300000, 0x00000000ce300000| Complete 
| 228|0x00000000ce400000, 0x00000000ce500000, 0x00000000ce500000|100%| E|CS|TAMS 0x00000000ce400000, 0x00000000ce400000| Complete 
| 229|0x00000000ce500000, 0x00000000ce600000, 0x00000000ce600000|100%| E|CS|TAMS 0x00000000ce500000, 0x00000000ce500000| Complete 
| 230|0x00000000ce600000, 0x00000000ce700000, 0x00000000ce700000|100%| E|CS|TAMS 0x00000000ce600000, 0x00000000ce600000| Complete 
| 231|0x00000000ce700000, 0x00000000ce800000, 0x00000000ce800000|100%| E|CS|TAMS 0x00000000ce700000, 0x00000000ce700000| Complete 
| 232|0x00000000ce800000, 0x00000000ce900000, 0x00000000ce900000|100%| E|CS|TAMS 0x00000000ce800000, 0x00000000ce800000| Complete 
| 233|0x00000000ce900000, 0x00000000cea00000, 0x00000000cea00000|100%| E|CS|TAMS 0x00000000ce900000, 0x00000000ce900000| Complete 
| 234|0x00000000cea00000, 0x00000000ceb00000, 0x00000000ceb00000|100%| E|CS|TAMS 0x00000000cea00000, 0x00000000cea00000| Complete 
| 235|0x00000000ceb00000, 0x00000000cec00000, 0x00000000cec00000|100%| E|CS|TAMS 0x00000000ceb00000, 0x00000000ceb00000| Complete 
| 236|0x00000000cec00000, 0x00000000ced00000, 0x00000000ced00000|100%| E|CS|TAMS 0x00000000cec00000, 0x00000000cec00000| Complete 
| 237|0x00000000ced00000, 0x00000000cee00000, 0x00000000cee00000|100%| E|CS|TAMS 0x00000000ced00000, 0x00000000ced00000| Complete 
| 238|0x00000000cee00000, 0x00000000cef00000, 0x00000000cef00000|100%| E|CS|TAMS 0x00000000cee00000, 0x00000000cee00000| Complete 
| 239|0x00000000cef00000, 0x00000000cf000000, 0x00000000cf000000|100%| E|CS|TAMS 0x00000000cef00000, 0x00000000cef00000| Complete 
| 240|0x00000000cf000000, 0x00000000cf100000, 0x00000000cf100000|100%| E|CS|TAMS 0x00000000cf000000, 0x00000000cf000000| Complete 
| 241|0x00000000cf100000, 0x00000000cf200000, 0x00000000cf200000|100%| E|CS|TAMS 0x00000000cf100000, 0x00000000cf100000| Complete 
| 242|0x00000000cf200000, 0x00000000cf300000, 0x00000000cf300000|100%| E|CS|TAMS 0x00000000cf200000, 0x00000000cf200000| Complete 
| 243|0x00000000cf300000, 0x00000000cf400000, 0x00000000cf400000|100%| E|CS|TAMS 0x00000000cf300000, 0x00000000cf300000| Complete 
| 244|0x00000000cf400000, 0x00000000cf500000, 0x00000000cf500000|100%| E|CS|TAMS 0x00000000cf400000, 0x00000000cf400000| Complete 
| 245|0x00000000cf500000, 0x00000000cf600000, 0x00000000cf600000|100%| E|CS|TAMS 0x00000000cf500000, 0x00000000cf500000| Complete 
| 246|0x00000000cf600000, 0x00000000cf700000, 0x00000000cf700000|100%| E|CS|TAMS 0x00000000cf600000, 0x00000000cf600000| Complete 
| 247|0x00000000cf700000, 0x00000000cf800000, 0x00000000cf800000|100%| E|CS|TAMS 0x00000000cf700000, 0x00000000cf700000| Complete 
| 248|0x00000000cf800000, 0x00000000cf900000, 0x00000000cf900000|100%| E|CS|TAMS 0x00000000cf800000, 0x00000000cf800000| Complete 
| 249|0x00000000cf900000, 0x00000000cfa00000, 0x00000000cfa00000|100%| E|CS|TAMS 0x00000000cf900000, 0x00000000cf900000| Complete 
| 250|0x00000000cfa00000, 0x00000000cfb00000, 0x00000000cfb00000|100%| E|CS|TAMS 0x00000000cfa00000, 0x00000000cfa00000| Complete 
| 251|0x00000000cfb00000, 0x00000000cfc00000, 0x00000000cfc00000|100%| E|CS|TAMS 0x00000000cfb00000, 0x00000000cfb00000| Complete 
| 252|0x00000000cfc00000, 0x00000000cfd00000, 0x00000000cfd00000|100%| E|CS|TAMS 0x00000000cfc00000, 0x00000000cfc00000| Complete 
| 253|0x00000000cfd00000, 0x00000000cfe00000, 0x00000000cfe00000|100%| E|CS|TAMS 0x00000000cfd00000, 0x00000000cfd00000| Complete 
| 254|0x00000000cfe00000, 0x00000000cff00000, 0x00000000cff00000|100%| E|CS|TAMS 0x00000000cfe00000, 0x00000000cfe00000| Complete 
| 255|0x00000000cff00000, 0x00000000d0000000, 0x00000000d0000000|100%| E|CS|TAMS 0x00000000cff00000, 0x00000000cff00000| Complete 

Card table byte_map: [0x00007fc5ed9f8000,0x00007fc5edbf8000] _byte_map_base: 0x00007fc5ed3f8000

Marking Bits (Prev, Next): (CMBitMap*) 0x00007fc5e805c0c8, (CMBitMap*) 0x00007fc5e805c100
 Prev Bits: [0x00007fc5ec7f8000, 0x00007fc5ed7f8000)
 Next Bits: [0x00007fc5d0e00000, 0x00007fc5d1e00000)

Polling page: 0x00007fc5f133d000

Metaspace:

Usage:
  Non-class:     31.51 MB capacity,    31.05 MB ( 99%) used,   367.88 KB (  1%) free+waste,   104.81 KB ( <1%) overhead. 
      Class:      3.88 MB capacity,     3.54 MB ( 91%) used,   304.41 KB (  8%) free+waste,    47.38 KB (  1%) overhead. 
       Both:     35.39 MB capacity,    34.58 MB ( 98%) used,   672.28 KB (  2%) free+waste,   152.19 KB ( <1%) overhead. 

Virtual space:
  Non-class space:       32.00 MB reserved,      31.75 MB (>99%) committed 
      Class space:        1.00 GB reserved,       4.00 MB ( <1%) committed 
             Both:        1.03 GB reserved,      35.75 MB (  3%) committed 

Chunk freelists:
   Non-Class:  19.00 KB
       Class:  0 bytes
        Both:  19.00 KB

MaxMetaspaceSize: unlimited
CompressedClassSpaceSize: 1.00 GB
Initial GC threshold: 20.80 MB
Current GC threshold: 45.00 MB
CDS: off

CodeHeap 'non-profiled nmethods': size=120032Kb used=1683Kb max_used=1683Kb free=118348Kb
 bounds [0x00007fc5d98c8000, 0x00007fc5d9b38000, 0x00007fc5e0e00000]
CodeHeap 'profiled nmethods': size=120028Kb used=9066Kb max_used=9066Kb free=110961Kb
 bounds [0x00007fc5d2391000, 0x00007fc5d2c71000, 0x00007fc5d98c8000]
CodeHeap 'non-nmethods': size=5700Kb used=1263Kb max_used=1306Kb free=4437Kb
 bounds [0x00007fc5d1e00000, 0x00007fc5d2070000, 0x00007fc5d2391000]
 total_blobs=4592 nmethods=4037 adapters=468
 compilation: enabled
              stopped_count=0, restarted_count=0
 full_count=0

Compilation events (20 events):
Event: 3.950 Thread 0x00007fc5e81eb800 nmethod 4055 0x00007fc5d2c59c10 code [0x00007fc5d2c59dc0, 0x00007fc5d2c59ee0]
Event: 3.950 Thread 0x00007fc5e81eb800 4046       2       org.wso2.ballerinalang.compiler.semantics.analyzer.Types$$Lambda$171/0x00000001002eb440::test (11 bytes)
Event: 3.950 Thread 0x00007fc5e81eb800 nmethod 4046 0x00007fc5d2c5a010 code [0x00007fc5d2c5a1c0, 0x00007fc5d2c5a2e0]
Event: 3.950 Thread 0x00007fc5e81eb800 4057       2       org.wso2.ballerinalang.compiler.semantics.analyzer.Types$BSameTypeVisitor$$Lambda$170/0x00000001002eb040::test (16 bytes)
Event: 3.951 Thread 0x00007fc5e81eb800 nmethod 4057 0x00007fc5d2c5a410 code [0x00007fc5d2c5a5e0, 0x00007fc5d2c5a7f0]
Event: 3.951 Thread 0x00007fc5e81eb800 4058       2       org.wso2.ballerinalang.compiler.semantics.analyzer.Types$BSameTypeVisitor::lambda$visit$0 (23 bytes)
Event: 3.951 Thread 0x00007fc5e81eb800 nmethod 4058 0x00007fc5d2c5a910 code [0x00007fc5d2c5aae0, 0x00007fc5d2c5ac90]
Event: 3.951 Thread 0x00007fc5e81eb800 4050       2       jdk.internal.jimage.BasicImageReader::getAttributes (48 bytes)
Event: 3.952 Thread 0x00007fc5e81eb800 nmethod 4050 0x00007fc5d2c5ad90 code [0x00007fc5d2c5af80, 0x00007fc5d2c5b380]
Event: 3.952 Thread 0x00007fc5e81eb800 4051       2       jdk.internal.jimage.ImageLocation::verify (50 bytes)
Event: 3.953 Thread 0x00007fc5e81eb800 nmethod 4051 0x00007fc5d2c5b590 code [0x00007fc5d2c5b7a0, 0x00007fc5d2c5bb20]
Event: 3.953 Thread 0x00007fc5e81eb800 4059       2       org.wso2.ballerinalang.compiler.semantics.analyzer.Types::isNeverTypeOrStructureTypeWithARequiredNeverMember (366 bytes)
Event: 3.956 Thread 0x00007fc5e81eb800 nmethod 4059 0x00007fc5d2c5be10 code [0x00007fc5d2c5c140, 0x00007fc5d2c5ccc0]
Event: 3.956 Thread 0x00007fc5e81eb800 4062       2       org.wso2.ballerinalang.compiler.tree.expressions.BLangExpression::setTypeCheckedType (18 bytes)
Event: 3.957 Thread 0x00007fc5e81eb800 nmethod 4062 0x00007fc5d2c5d410 code [0x00007fc5d2c5d5c0, 0x00007fc5d2c5d770]
Event: 3.957 Thread 0x00007fc5e81eb800 4064       2       org.wso2.ballerinalang.compiler.semantics.analyzer.Types::isAssignable (1059 bytes)
Event: 4.026 Thread 0x00007fc5e81eb800 nmethod 4064 0x00007fc5d2c5d810 code [0x00007fc5d2c5dd40, 0x00007fc5d2c5fca0]
Event: 4.026 Thread 0x00007fc5e81eb800 4075       2       java.util.EnumSet::of (16 bytes)
Event: 4.028 Thread 0x00007fc5e81eb800 nmethod 4075 0x00007fc5d2c60c10 code [0x00007fc5d2c60de0, 0x00007fc5d2c60f60]
Event: 4.028 Thread 0x00007fc5e81eb800 4072       2       org.wso2.ballerinalang.compiler.semantics.analyzer.TypeChecker::searchClosureVariableInExpressions (338 bytes)

GC Heap History (12 events):
Event: 0.973 GC heap before
{Heap before GC invocations=0 (full 0):
 garbage-first heap   total 262144K, used 27648K [0x00000000c0000000, 0x0000000100000000)
  region size 1024K, 24 young (24576K), 0 survivors (0K)
 Metaspace       used 11927K, capacity 12104K, committed 12160K, reserved 1060864K
  class space    used 1054K, capacity 1139K, committed 1152K, reserved 1048576K
}
Event: 0.980 GC heap after
{Heap after GC invocations=1 (full 0):
 garbage-first heap   total 262144K, used 11748K [0x00000000c0000000, 0x0000000100000000)
  region size 1024K, 3 young (3072K), 3 survivors (3072K)
 Metaspace       used 11927K, capacity 12104K, committed 12160K, reserved 1060864K
  class space    used 1054K, capacity 1139K, committed 1152K, reserved 1048576K
}
Event: 1.460 GC heap before
{Heap before GC invocations=1 (full 0):
 garbage-first heap   total 262144K, used 32228K [0x00000000c0000000, 0x0000000100000000)
  region size 1024K, 23 young (23552K), 3 survivors (3072K)
 Metaspace       used 16468K, capacity 16744K, committed 17024K, reserved 1064960K
  class space    used 1542K, capacity 1638K, committed 1664K, reserved 1048576K
}
Event: 1.466 GC heap after
{Heap after GC invocations=2 (full 0):
 garbage-first heap   total 262144K, used 13598K [0x00000000c0000000, 0x0000000100000000)
  region size 1024K, 2 young (2048K), 2 survivors (2048K)
 Metaspace       used 16468K, capacity 16744K, committed 17024K, reserved 1064960K
  class space    used 1542K, capacity 1638K, committed 1664K, reserved 1048576K
}
Event: 2.099 GC heap before
{Heap before GC invocations=2 (full 0):
 garbage-first heap   total 262144K, used 43294K [0x00000000c0000000, 0x0000000100000000)
  region size 1024K, 33 young (33792K), 2 survivors (2048K)
 Metaspace       used 20669K, capacity 20991K, committed 21248K, reserved 1069056K
  class space    used 2039K, capacity 2183K, committed 2304K, reserved 1048576K
}
Event: 2.132 GC heap after
{Heap after GC invocations=3 (full 0):
 garbage-first heap   total 262144K, used 15423K [0x00000000c0000000, 0x0000000100000000)
  region size 1024K, 4 young (4096K), 4 survivors (4096K)
 Metaspace       used 20669K, capacity 20991K, committed 21248K, reserved 1069056K
  class space    used 2039K, capacity 2183K, committed 2304K, reserved 1048576K
}
Event: 2.744 GC heap before
{Heap before GC invocations=4 (full 0):
 garbage-first heap   total 262144K, used 65599K [0x00000000c0000000, 0x0000000100000000)
  region size 1024K, 54 young (55296K), 4 survivors (4096K)
 Metaspace       used 26726K, capacity 27230K, committed 27392K, reserved 1073152K
  class space    used 2771K, capacity 2984K, committed 3072K, reserved 1048576K
}
Event: 2.754 GC heap after
{Heap after GC invocations=5 (full 0):
 garbage-first heap   total 262144K, used 17545K [0x00000000c0000000, 0x0000000100000000)
  region size 1024K, 6 young (6144K), 6 survivors (6144K)
 Metaspace       used 26726K, capacity 27230K, committed 27392K, reserved 1073152K
  class space    used 2771K, capacity 2984K, committed 3072K, reserved 1048576K
}
Event: 3.358 GC heap before
{Heap before GC invocations=6 (full 0):
 garbage-first heap   total 262144K, used 99465K [0x00000000c0000000, 0x0000000100000000)
  region size 1024K, 87 young (89088K), 6 survivors (6144K)
 Metaspace       used 30602K, capacity 31241K, committed 31488K, reserved 1077248K
  class space    used 3228K, capacity 3505K, committed 3584K, reserved 1048576K
}
Event: 3.384 GC heap after
{Heap after GC invocations=7 (full 0):
 garbage-first heap   total 262144K, used 41613K [0x00000000c0000000, 0x0000000100000000)
  region size 1024K, 11 young (11264K), 11 survivors (11264K)
 Metaspace       used 30602K, capacity 31241K, committed 31488K, reserved 1077248K
  class space    used 3228K, capacity 3505K, committed 3584K, reserved 1048576K
}
Event: 3.694 GC heap before
{Heap before GC invocations=7 (full 0):
 garbage-first heap   total 262144K, used 77453K [0x00000000c0000000, 0x0000000100000000)
  region size 1024K, 47 young (48128K), 11 survivors (11264K)
 Metaspace       used 33953K, capacity 34700K, committed 35328K, reserved 1081344K
  class space    used 3438K, capacity 3738K, committed 3840K, reserved 1048576K
}
Event: 3.713 GC heap after
{Heap after GC invocations=8 (full 0):
 garbage-first heap   total 262144K, used 45357K [0x00000000c0000000, 0x0000000100000000)
  region size 1024K, 4 young (4096K), 4 survivors (4096K)
 Metaspace       used 33953K, capacity 34700K, committed 35328K, reserved 1081344K
  class space    used 3438K, capacity 3738K, committed 3840K, reserved 1048576K
}

Deoptimization events (20 events):
Event: 3.601 Thread 0x00007fc5e8dd4800 DEOPT PACKING pc=0x00007fc5d28380e1 sp=0x00007fc5c09fcd00
Event: 3.601 Thread 0x00007fc5e8dd4800 DEOPT UNPACKING pc=0x00007fc5d1e4a64a sp=0x00007fc5c09fc1f8 mode 0
Event: 3.636 Thread 0x00007fc5e8dd4800 DEOPT PACKING pc=0x00007fc5d2bc2e4e sp=0x00007fc5c09fc150
Event: 3.636 Thread 0x00007fc5e8dd4800 DEOPT UNPACKING pc=0x00007fc5d1e4a64a sp=0x00007fc5c09fb630 mode 0
Event: 3.651 Thread 0x00007fc5e8dd4800 DEOPT PACKING pc=0x00007fc5d2bc2e4e sp=0x00007fc5c09fc650
Event: 3.651 Thread 0x00007fc5e8dd4800 DEOPT UNPACKING pc=0x00007fc5d1e4a64a sp=0x00007fc5c09fbb30 mode 0
Event: 3.667 Thread 0x00007fc5e8dd4800 DEOPT PACKING pc=0x00007fc5d2bc2e4e sp=0x00007fc5c09fc720
Event: 3.667 Thread 0x00007fc5e8dd4800 DEOPT UNPACKING pc=0x00007fc5d1e4a64a sp=0x00007fc5c09fbc00 mode 0
Event: 3.679 Thread 0x00007fc5e8dd4800 Uncommon trap: trap_request=0xffffff4d fr.pc=0x00007fc5d9a1c718 relative=0x0000000000001598
Event: 3.679 Thread 0x00007fc5e8dd4800 Uncommon trap: reason=unstable_if action=reinterpret pc=0x00007fc5d9a1c718 method=java.lang.StringCoding.decodeUTF8_0([BIIZ)Ljava/lang/StringCoding$Result; @ 61 c2
Event: 3.679 Thread 0x00007fc5e8dd4800 DEOPT PACKING pc=0x00007fc5d9a1c718 sp=0x00007fc5c09fc4a0
Event: 3.679 Thread 0x00007fc5e8dd4800 DEOPT UNPACKING pc=0x00007fc5d1e49ea5 sp=0x00007fc5c09fc450 mode 2
Event: 3.924 Thread 0x00007fc584047800 Uncommon trap: trap_request=0xffffff4d fr.pc=0x00007fc5d99fc368 relative=0x0000000000000328
Event: 3.924 Thread 0x00007fc584047800 Uncommon trap: reason=unstable_if action=reinterpret pc=0x00007fc5d99fc368 method=org.wso2.ballerinalang.compiler.util.Names.fromString(Ljava/lang/String;)Lorg/wso2/ballerinalang/compiler/util/Name; @ 19 c2
Event: 3.924 Thread 0x00007fc584047800 DEOPT PACKING pc=0x00007fc5d99fc368 sp=0x00007fc5835f4be0
Event: 3.924 Thread 0x00007fc584047800 DEOPT UNPACKING pc=0x00007fc5d1e49ea5 sp=0x00007fc5835f4ba0 mode 2
Event: 3.944 Thread 0x00007fc5e8dd4800 Uncommon trap: trap_request=0xffffff4d fr.pc=0x00007fc5d99cc518 relative=0x0000000000000058
Event: 3.944 Thread 0x00007fc5e8dd4800 Uncommon trap: reason=unstable_if action=reinterpret pc=0x00007fc5d99cc518 method=java.util.Formatter$Conversion.isGeneral(C)Z @ 1 c2
Event: 3.944 Thread 0x00007fc5e8dd4800 DEOPT PACKING pc=0x00007fc5d99cc518 sp=0x00007fc5c09fd3e0
Event: 3.944 Thread 0x00007fc5e8dd4800 DEOPT UNPACKING pc=0x00007fc5d1e49ea5 sp=0x00007fc5c09fd388 mode 2

Classes redefined (0 events):
No events

Internal exceptions (20 events):
Event: 3.661 Thread 0x00007fc5e8dd4800 Exception <a 'sun/nio/fs/UnixException'{0x00000000cdf00a60}> (0x00000000cdf00a60) thrown at [./src/hotspot/share/prims/jni.cpp, line 617]
Event: 3.661 Thread 0x00007fc5e8dd4800 Exception <a 'sun/nio/fs/UnixException'{0x00000000cdf03ad0}> (0x00000000cdf03ad0) thrown at [./src/hotspot/share/prims/jni.cpp, line 617]
Event: 3.661 Thread 0x00007fc5e8dd4800 Exception <a 'sun/nio/fs/UnixException'{0x00000000cdf06c90}> (0x00000000cdf06c90) thrown at [./src/hotspot/share/prims/jni.cpp, line 617]
Event: 3.664 Thread 0x00007fc5e8dd4800 Exception <a 'sun/nio/fs/UnixException'{0x00000000cdf459d0}> (0x00000000cdf459d0) thrown at [./src/hotspot/share/prims/jni.cpp, line 617]
Event: 3.665 Thread 0x00007fc5e8dd4800 Exception <a 'sun/nio/fs/UnixException'{0x00000000cdf58288}> (0x00000000cdf58288) thrown at [./src/hotspot/share/prims/jni.cpp, line 617]
Event: 3.666 Thread 0x00007fc5e8dd4800 Exception <a 'sun/nio/fs/UnixException'{0x00000000cdf7be90}> (0x00000000cdf7be90) thrown at [./src/hotspot/share/prims/jni.cpp, line 617]
Event: 3.668 Thread 0x00007fc5e8dd4800 Exception <a 'sun/nio/fs/UnixException'{0x00000000cde22028}> (0x00000000cde22028) thrown at [./src/hotspot/share/prims/jni.cpp, line 617]
Event: 3.670 Thread 0x00007fc5e8dd4800 Exception <a 'sun/nio/fs/UnixException'{0x00000000cde7a5d0}> (0x00000000cde7a5d0) thrown at [./src/hotspot/share/prims/jni.cpp, line 617]
Event: 3.672 Thread 0x00007fc5e8dd4800 Exception <a 'sun/nio/fs/UnixException'{0x00000000cdea3b78}> (0x00000000cdea3b78) thrown at [./src/hotspot/share/prims/jni.cpp, line 617]
Event: 3.673 Thread 0x00007fc5e8dd4800 Exception <a 'sun/nio/fs/UnixException'{0x00000000cdec5e00}> (0x00000000cdec5e00) thrown at [./src/hotspot/share/prims/jni.cpp, line 617]
Event: 3.675 Thread 0x00007fc5e8dd4800 Exception <a 'sun/nio/fs/UnixException'{0x00000000cdefc260}> (0x00000000cdefc260) thrown at [./src/hotspot/share/prims/jni.cpp, line 617]
Event: 3.677 Thread 0x00007fc5e8dd4800 Exception <a 'sun/nio/fs/UnixException'{0x00000000cdd1a710}> (0x00000000cdd1a710) thrown at [./src/hotspot/share/prims/jni.cpp, line 617]
Event: 3.678 Thread 0x00007fc5e8dd4800 Exception <a 'sun/nio/fs/UnixException'{0x00000000cdd4fda8}> (0x00000000cdd4fda8) thrown at [./src/hotspot/share/prims/jni.cpp, line 617]
Event: 3.679 Thread 0x00007fc5e8dd4800 Exception <a 'sun/nio/fs/UnixException'{0x00000000cdd5eb90}> (0x00000000cdd5eb90) thrown at [./src/hotspot/share/prims/jni.cpp, line 617]
Event: 3.681 Thread 0x00007fc5e8dd4800 Exception <a 'sun/nio/fs/UnixException'{0x00000000cdd80500}> (0x00000000cdd80500) thrown at [./src/hotspot/share/prims/jni.cpp, line 617]
Event: 3.682 Thread 0x00007fc5e8dd4800 Exception <a 'sun/nio/fs/UnixException'{0x00000000cdc19280}> (0x00000000cdc19280) thrown at [./src/hotspot/share/prims/jni.cpp, line 617]
Event: 3.786 Thread 0x00007fc584047800 Exception <a 'java/lang/NoSuchMethodError'{0x00000000cf3506c0}: 'void java.lang.invoke.DirectMethodHandle$Holder.invokeSpecial(java.lang.Object, java.lang.Object, java.lang.Object, java.lang.Object, java.lang.Object)'> (0x00000000cf3506c0) thrown at [./src/hotspot/share/interpreter/linkResolver.cpp, line 773]
Event: 3.880 Thread 0x00007fc584047800 Exception <a 'java/lang/NoSuchMethodError'{0x00000000cead8858}: 'java.lang.Object java.lang.invoke.DirectMethodHandle$Holder.invokeSpecial(java.lang.Object, java.lang.Object, int, int, java.lang.Object, java.lang.Object, java.lang.Object, java.lang.Object, java.lang.Object, java.lang.Object)'> (0x00000000cead8858) thrown at [./src/hotspot/share/interpreter/linkResolver.cpp, line 773]
Event: 3.880 Thread 0x00007fc584047800 Exception <a 'java/lang/NoSuchMethodError'{0x00000000ceadc730}: 'java.lang.Object java.lang.invoke.DelegatingMethodHandle$Holder.reinvoke_L(java.lang.Object, int, int, java.lang.Object, java.lang.Object, java.lang.Object, java.lang.Object, java.lang.Object, java.lang.Object)'> (0x00000000ceadc730) thrown at [./src/hotspot/share/interpreter/linkResolver.cpp, line 773]
Event: 3.927 Thread 0x00007fc584047800 Exception <a 'java/lang/NoSuchMethodError'{0x00000000ce63f898}: 'int java.lang.invoke.DirectMethodHandle$Holder.invokeVirtual(java.lang.Object, java.lang.Object, java.lang.Object)'> (0x00000000ce63f898) thrown at [./src/hotspot/share/interpreter/linkResolver.cpp, line 773]

Events (20 events):
Event: 4.007 loading class org/ballerinalang/langserver/documentsymbol/DocumentSymbolResolver
Event: 4.007 loading class org/ballerinalang/langserver/documentsymbol/DocumentSymbolResolver done
Event: 4.008 loading class org/eclipse/lsp4j/CodeActionParams
Event: 4.008 loading class org/eclipse/lsp4j/CodeActionParams done
Event: 4.008 loading class org/ballerinalang/langserver/BallerinaTextDocumentService
Event: 4.008 loading class org/ballerinalang/langserver/BallerinaTextDocumentService done
Event: 4.016 Executing VM operation: RevokeBias
Event: 4.017 loading class org/ballerinalang/langserver/documentsymbol/DocumentSymbolResolver$1
Event: 4.017 loading class org/ballerinalang/langserver/documentsymbol/DocumentSymbolResolver$1 done
Event: 4.023 Thread 0x00007fc584544800 Thread added: 0x00007fc584544800
Event: 4.025 Protecting memory [0x00007fc580c94000,0x00007fc580c98000] with protection modes 0
Event: 4.026 Executing VM operation: RevokeBias done
Event: 4.026 loading class org/ballerinalang/langserver/contexts/CodeActionContextImpl$CodeActionContextBuilder
Event: 4.026 loading class org/ballerinalang/langserver/contexts/CodeActionContextImpl$CodeActionContextBuilder done
Event: 4.027 loading class org/eclipse/lsp4j/InlayHintParams
Event: 4.027 loading class org/eclipse/lsp4j/InlayHintParams done
Event: 4.027 loading class org/ballerinalang/langserver/BallerinaTextDocumentService
Event: 4.027 loading class org/ballerinalang/langserver/BallerinaTextDocumentService done
Event: 4.028 loading class org/ballerinalang/langserver/commons/CodeActionContext
Event: 4.028 loading class org/ballerinalang/langserver/commons/CodeActionContext done


Dynamic libraries:
c0000000-d0000000 rw-p 00000000 00:00 0 
d0000000-100000000 ---p 00000000 00:00 0 
100000000-100400000 rw-p 00000000 00:00 0 
100400000-140000000 ---p 00000000 00:00 0 
555b20400000-555b20401000 r-xp 00000000 08:02 57045341                   /usr/lib/ballerina/dependencies/jdk-11.0.18+10-jre/bin/java
555b20601000-555b20602000 r--p 00001000 08:02 57045341                   /usr/lib/ballerina/dependencies/jdk-11.0.18+10-jre/bin/java
555b20602000-555b20603000 rw-p 00002000 08:02 57045341                   /usr/lib/ballerina/dependencies/jdk-11.0.18+10-jre/bin/java
555b209aa000-555b209cb000 rw-p 00000000 00:00 0                          [heap]
7fc52c000000-7fc52c021000 rw-p 00000000 00:00 0 
7fc52c021000-7fc530000000 ---p 00000000 00:00 0 
7fc534000000-7fc534021000 rw-p 00000000 00:00 0 
7fc534021000-7fc538000000 ---p 00000000 00:00 0 
7fc538000000-7fc53802d000 rw-p 00000000 00:00 0 
7fc53802d000-7fc53c000000 ---p 00000000 00:00 0 
7fc53c000000-7fc53c06c000 rw-p 00000000 00:00 0 
7fc53c06c000-7fc540000000 ---p 00000000 00:00 0 
7fc540000000-7fc540021000 rw-p 00000000 00:00 0 
7fc540021000-7fc544000000 ---p 00000000 00:00 0 
7fc544000000-7fc544021000 rw-p 00000000 00:00 0 
7fc544021000-7fc548000000 ---p 00000000 00:00 0 
7fc548000000-7fc548021000 rw-p 00000000 00:00 0 
7fc548021000-7fc54c000000 ---p 00000000 00:00 0 
7fc54c000000-7fc54c021000 rw-p 00000000 00:00 0 
7fc54c021000-7fc550000000 ---p 00000000 00:00 0 
7fc550000000-7fc550021000 rw-p 00000000 00:00 0 
7fc550021000-7fc554000000 ---p 00000000 00:00 0 
7fc554000000-7fc554021000 rw-p 00000000 00:00 0 
7fc554021000-7fc558000000 ---p 00000000 00:00 0 
7fc558000000-7fc558021000 rw-p 00000000 00:00 0 
7fc558021000-7fc55c000000 ---p 00000000 00:00 0 
7fc55c000000-7fc55c021000 rw-p 00000000 00:00 0 
7fc55c021000-7fc560000000 ---p 00000000 00:00 0 
7fc560000000-7fc561658000 rw-p 00000000 00:00 0 
7fc561658000-7fc564000000 ---p 00000000 00:00 0 
7fc564000000-7fc5640a4000 rw-p 00000000 00:00 0 
7fc5640a4000-7fc568000000 ---p 00000000 00:00 0 
7fc568000000-7fc568021000 rw-p 00000000 00:00 0 
7fc568021000-7fc56c000000 ---p 00000000 00:00 0 
7fc56c000000-7fc56c021000 rw-p 00000000 00:00 0 
7fc56c021000-7fc570000000 ---p 00000000 00:00 0 
7fc570000000-7fc5705b0000 rw-p 00000000 00:00 0 
7fc5705b0000-7fc574000000 ---p 00000000 00:00 0 
7fc574000000-7fc574021000 rw-p 00000000 00:00 0 
7fc574021000-7fc578000000 ---p 00000000 00:00 0 
7fc578000000-7fc578021000 rw-p 00000000 00:00 0 
7fc578021000-7fc57c000000 ---p 00000000 00:00 0 
7fc57c000000-7fc57c021000 rw-p 00000000 00:00 0 
7fc57c021000-7fc580000000 ---p 00000000 00:00 0 
7fc580220000-7fc580724000 rw-p 00000000 00:00 0 
7fc580724000-7fc580728000 ---p 00000000 00:00 0 
7fc580728000-7fc580824000 rw-p 00000000 00:00 0 
7fc580824000-7fc580828000 ---p 00000000 00:00 0 
7fc580828000-7fc580b94000 rw-p 00000000 00:00 0 
7fc580b94000-7fc580b98000 ---p 00000000 00:00 0 
7fc580b98000-7fc580c94000 rw-p 00000000 00:00 0 
7fc580c94000-7fc580c98000 ---p 00000000 00:00 0 
7fc580c98000-7fc580d94000 rw-p 00000000 00:00 0 
7fc580d94000-7fc580d98000 ---p 00000000 00:00 0 
7fc580d98000-7fc580e94000 rw-p 00000000 00:00 0 
7fc581294000-7fc581de9000 rw-p 00000000 00:00 0 
7fc581de9000-7fc581e29000 ---p 00000000 00:00 0 
7fc581e29000-7fc582029000 rw-p 00000000 00:00 0 
7fc5820c2000-7fc5820c6000 ---p 00000000 00:00 0 
7fc5820c6000-7fc5821c2000 rw-p 00000000 00:00 0 
7fc5821c2000-7fc5821c3000 ---p 00000000 00:00 0 
7fc5821c3000-7fc5822c4000 rw-p 00000000 00:00 0 
7fc5822c4000-7fc5822c5000 ---p 00000000 00:00 0 
7fc5822c5000-7fc5825c6000 rw-p 00000000 00:00 0 
7fc5825ee000-7fc5825ef000 ---p 00000000 00:00 0 
7fc5825ef000-7fc5826f0000 rw-p 00000000 00:00 0 
7fc5826f0000-7fc5826f1000 ---p 00000000 00:00 0 
7fc5826f1000-7fc5827f2000 rw-p 00000000 00:00 0 
7fc5827f2000-7fc5827f3000 ---p 00000000 00:00 0 
7fc5827f3000-7fc582ab4000 rw-p 00000000 00:00 0 
7fc582ab4000-7fc582cb4000 rw-p 00000000 00:00 0 
7fc582cb4000-7fc582ef4000 rw-p 00000000 00:00 0 
7fc582ef4000-7fc582ef8000 ---p 00000000 00:00 0 
7fc582ef8000-7fc582ff4000 rw-p 00000000 00:00 0 
7fc582ff4000-7fc582ff5000 ---p 00000000 00:00 0 
7fc582ff5000-7fc5830f6000 rw-p 00000000 00:00 0 
7fc5830f6000-7fc5830f7000 ---p 00000000 00:00 0 
7fc5830f7000-7fc5833f8000 rw-p 00000000 00:00 0 
7fc5833f8000-7fc5833fc000 ---p 00000000 00:00 0 
7fc5833fc000-7fc5834f8000 rw-p 00000000 00:00 0 
7fc5834f8000-7fc5834fc000 ---p 00000000 00:00 0 
7fc5834fc000-7fc5837b8000 rw-p 00000000 00:00 0 
7fc5837b8000-7fc5839b8000 rw-p 00000000 00:00 0 
7fc5839b8000-7fc583bf8000 rw-p 00000000 00:00 0 
7fc583bf8000-7fc583bf9000 ---p 00000000 00:00 0 
7fc583bf9000-7fc583cfa000 rw-p 00000000 00:00 0 
7fc583cfa000-7fc583cfb000 ---p 00000000 00:00 0 
7fc583cfb000-7fc583dfc000 rw-p 00000000 00:00 0 
7fc583dfc000-7fc583dfd000 ---p 00000000 00:00 0 
7fc583dfd000-7fc583efe000 rw-p 00000000 00:00 0 
7fc583efe000-7fc583eff000 ---p 00000000 00:00 0 
7fc583eff000-7fc584000000 rw-p 00000000 00:00 0 
7fc584000000-7fc5845b1000 rw-p 00000000 00:00 0 
7fc5845b1000-7fc588000000 ---p 00000000 00:00 0 
7fc588000000-7fc588021000 rw-p 00000000 00:00 0 
7fc588021000-7fc58c000000 ---p 00000000 00:00 0 
7fc58c000000-7fc58c021000 rw-p 00000000 00:00 0 
7fc58c021000-7fc590000000 ---p 00000000 00:00 0 
7fc590000000-7fc5915c2000 rw-p 00000000 00:00 0 
7fc5915c2000-7fc594000000 ---p 00000000 00:00 0 
7fc594000000-7fc594021000 rw-p 00000000 00:00 0 
7fc594021000-7fc598000000 ---p 00000000 00:00 0 
7fc598000000-7fc598021000 rw-p 00000000 00:00 0 
7fc598021000-7fc59c000000 ---p 00000000 00:00 0 
7fc59c000000-7fc59d769000 rw-p 00000000 00:00 0 
7fc59d769000-7fc5a0000000 ---p 00000000 00:00 0 
7fc5a0000000-7fc5a0e56000 rw-p 00000000 00:00 0 
7fc5a0e56000-7fc5a4000000 ---p 00000000 00:00 0 
7fc5a4000000-7fc5a4021000 rw-p 00000000 00:00 0 
7fc5a4021000-7fc5a8000000 ---p 00000000 00:00 0 
7fc5a8000000-7fc5a8021000 rw-p 00000000 00:00 0 
7fc5a8021000-7fc5ac000000 ---p 00000000 00:00 0 
7fc5ac000000-7fc5ac021000 rw-p 00000000 00:00 0 
7fc5ac021000-7fc5b0000000 ---p 00000000 00:00 0 
7fc5b0000000-7fc5b0021000 rw-p 00000000 00:00 0 
7fc5b0021000-7fc5b4000000 ---p 00000000 00:00 0 
7fc5b4000000-7fc5b4021000 rw-p 00000000 00:00 0 
7fc5b4021000-7fc5b8000000 ---p 00000000 00:00 0 
7fc5b8000000-7fc5b80ba000 rw-p 00000000 00:00 0 
7fc5b80ba000-7fc5bc000000 ---p 00000000 00:00 0 
7fc5bc000000-7fc5bc021000 rw-p 00000000 00:00 0 
7fc5bc021000-7fc5c0000000 ---p 00000000 00:00 0 
7fc5c00fe000-7fc5c00ff000 ---p 00000000 00:00 0 
7fc5c00ff000-7fc5c03c0000 rw-p 00000000 00:00 0 
7fc5c03c0000-7fc5c0600000 rw-p 00000000 00:00 0 
7fc5c0600000-7fc5c0615000 r-xp 00000000 08:02 57045601                   /usr/lib/ballerina/dependencies/jdk-11.0.18+10-jre/lib/libnet.so
7fc5c0615000-7fc5c0814000 ---p 00015000 08:02 57045601                   /usr/lib/ballerina/dependencies/jdk-11.0.18+10-jre/lib/libnet.so
7fc5c0814000-7fc5c0815000 r--p 00014000 08:02 57045601                   /usr/lib/ballerina/dependencies/jdk-11.0.18+10-jre/lib/libnet.so
7fc5c0815000-7fc5c0816000 rw-p 00015000 08:02 57045601                   /usr/lib/ballerina/dependencies/jdk-11.0.18+10-jre/lib/libnet.so
7fc5c0900000-7fc5c0904000 ---p 00000000 00:00 0 
7fc5c0904000-7fc5c0a00000 rw-p 00000000 00:00 0 
7fc5c0a00000-7fc5c0a10000 r-xp 00000000 08:02 57045602                   /usr/lib/ballerina/dependencies/jdk-11.0.18+10-jre/lib/libnio.so
7fc5c0a10000-7fc5c0c0f000 ---p 00010000 08:02 57045602                   /usr/lib/ballerina/dependencies/jdk-11.0.18+10-jre/lib/libnio.so
7fc5c0c0f000-7fc5c0c10000 r--p 0000f000 08:02 57045602                   /usr/lib/ballerina/dependencies/jdk-11.0.18+10-jre/lib/libnio.so
7fc5c0c10000-7fc5c0c11000 rw-p 00010000 08:02 57045602                   /usr/lib/ballerina/dependencies/jdk-11.0.18+10-jre/lib/libnio.so
7fc5c0cfe000-7fc5c0d02000 ---p 00000000 00:00 0 
7fc5c0d02000-7fc5c0dfe000 rw-p 00000000 00:00 0 
7fc5c0dfe000-7fc5c0e02000 ---p 00000000 00:00 0 
7fc5c0e02000-7fc5c0efe000 rw-p 00000000 00:00 0 
7fc5c0efe000-7fc5c0eff000 ---p 00000000 00:00 0 
7fc5c0eff000-7fc5c1000000 rw-p 00000000 00:00 0 
7fc5c1000000-7fc5c1004000 ---p 00000000 00:00 0 
7fc5c1004000-7fc5c1100000 rw-p 00000000 00:00 0 
7fc5c1100000-7fc5c1104000 ---p 00000000 00:00 0 
7fc5c1104000-7fc5c1200000 rw-p 00000000 00:00 0 
7fc5c1200000-7fc5c1773000 r--p 00000000 08:02 55837775                   /usr/lib/locale/locale-archive
7fc5c1800000-7fc5c4000000 rw-p 00000000 00:00 0 
7fc5c4000000-7fc5c4021000 rw-p 00000000 00:00 0 
7fc5c4021000-7fc5c8000000 ---p 00000000 00:00 0 
7fc5c8000000-7fc5c8021000 rw-p 00000000 00:00 0 
7fc5c8021000-7fc5cc000000 ---p 00000000 00:00 0 
7fc5cc000000-7fc5cc021000 rw-p 00000000 00:00 0 
7fc5cc021000-7fc5d0000000 ---p 00000000 00:00 0 
7fc5d00f5000-7fc5d00f9000 ---p 00000000 00:00 0 
7fc5d00f9000-7fc5d01f5000 rw-p 00000000 00:00 0 
7fc5d01f5000-7fc5d01f9000 ---p 00000000 00:00 0 
7fc5d01f9000-7fc5d02f5000 rw-p 00000000 00:00 0 
7fc5d02f5000-7fc5d02f9000 ---p 00000000 00:00 0 
7fc5d02f9000-7fc5d03f5000 rw-p 00000000 00:00 0 
7fc5d03f5000-7fc5d03f9000 ---p 00000000 00:00 0 
7fc5d03f9000-7fc5d04f5000 rw-p 00000000 00:00 0 
7fc5d04f5000-7fc5d04f9000 ---p 00000000 00:00 0 
7fc5d04f9000-7fc5d05f5000 rw-p 00000000 00:00 0 
7fc5d05f5000-7fc5d05f6000 ---p 00000000 00:00 0 
7fc5d05f6000-7fc5d06f7000 rw-p 00000000 00:00 0 
7fc5d06f7000-7fc5d06f8000 ---p 00000000 00:00 0 
7fc5d06f8000-7fc5d07f9000 rw-p 00000000 00:00 0 
7fc5d07f9000-7fc5d07fa000 ---p 00000000 00:00 0 
7fc5d07fa000-7fc5d1200000 rw-p 00000000 00:00 0 
7fc5d1200000-7fc5d1e00000 ---p 00000000 00:00 0 
7fc5d1e00000-7fc5d2070000 rwxp 00000000 00:00 0 
7fc5d2070000-7fc5d2391000 ---p 00000000 00:00 0 
7fc5d2391000-7fc5d2c71000 rwxp 00000000 00:00 0 
7fc5d2c71000-7fc5d98c8000 ---p 00000000 00:00 0 
7fc5d98c8000-7fc5d9b38000 rwxp 00000000 00:00 0 
7fc5d9b38000-7fc5e0e00000 ---p 00000000 00:00 0 
7fc5e0e00000-7fc5e7f45000 r--s 00000000 08:02 57045611                   /usr/lib/ballerina/dependencies/jdk-11.0.18+10-jre/lib/modules
7fc5e8000000-7fc5e8de2000 rw-p 00000000 00:00 0 
7fc5e8de2000-7fc5ec000000 ---p 00000000 00:00 0 
7fc5ec0ef000-7fc5ec5f4000 rw-p 00000000 00:00 0 
7fc5ec5f4000-7fc5ec5f5000 ---p 00000000 00:00 0 
7fc5ec5f5000-7fc5ec6f6000 rw-p 00000000 00:00 0 
7fc5ec6f6000-7fc5ec6f7000 ---p 00000000 00:00 0 
7fc5ec6f7000-7fc5ecbf8000 rw-p 00000000 00:00 0 
7fc5ecbf8000-7fc5ed7f8000 ---p 00000000 00:00 0 
7fc5ed7f8000-7fc5ed878000 rw-p 00000000 00:00 0 
7fc5ed878000-7fc5ed9f8000 ---p 00000000 00:00 0 
7fc5ed9f8000-7fc5eda78000 rw-p 00000000 00:00 0 
7fc5eda78000-7fc5edbf8000 ---p 00000000 00:00 0 
7fc5edbf8000-7fc5edc78000 rw-p 00000000 00:00 0 
7fc5edc78000-7fc5eddf8000 ---p 00000000 00:00 0 
7fc5eddf8000-7fc5ee600000 rw-p 00000000 00:00 0 
7fc5ee600000-7fc5ee607000 r-xp 00000000 08:02 57045610                   /usr/lib/ballerina/dependencies/jdk-11.0.18+10-jre/lib/libzip.so
7fc5ee607000-7fc5ee807000 ---p 00007000 08:02 57045610                   /usr/lib/ballerina/dependencies/jdk-11.0.18+10-jre/lib/libzip.so
7fc5ee807000-7fc5ee808000 r--p 00007000 08:02 57045610                   /usr/lib/ballerina/dependencies/jdk-11.0.18+10-jre/lib/libzip.so
7fc5ee808000-7fc5ee809000 rw-p 00008000 08:02 57045610                   /usr/lib/ballerina/dependencies/jdk-11.0.18+10-jre/lib/libzip.so
7fc5ee8ff000-7fc5eea00000 rw-p 00000000 00:00 0 
7fc5eea00000-7fc5eea1b000 r-xp 00000000 08:02 57045593                   /usr/lib/ballerina/dependencies/jdk-11.0.18+10-jre/lib/libjimage.so
7fc5eea1b000-7fc5eec1a000 ---p 0001b000 08:02 57045593                   /usr/lib/ballerina/dependencies/jdk-11.0.18+10-jre/lib/libjimage.so
7fc5eec1a000-7fc5eec1c000 r--p 0001a000 08:02 57045593                   /usr/lib/ballerina/dependencies/jdk-11.0.18+10-jre/lib/libjimage.so
7fc5eec1c000-7fc5eec1d000 rw-p 0001c000 08:02 57045593                   /usr/lib/ballerina/dependencies/jdk-11.0.18+10-jre/lib/libjimage.so
7fc5eec7e000-7fc5eee00000 rw-p 00000000 00:00 0 
7fc5eee00000-7fc5eee28000 r-xp 00000000 08:02 57045589                   /usr/lib/ballerina/dependencies/jdk-11.0.18+10-jre/lib/libjava.so
7fc5eee28000-7fc5ef028000 ---p 00028000 08:02 57045589                   /usr/lib/ballerina/dependencies/jdk-11.0.18+10-jre/lib/libjava.so
7fc5ef028000-7fc5ef029000 r--p 00028000 08:02 57045589                   /usr/lib/ballerina/dependencies/jdk-11.0.18+10-jre/lib/libjava.so
7fc5ef029000-7fc5ef02a000 rw-p 00029000 08:02 57045589                   /usr/lib/ballerina/dependencies/jdk-11.0.18+10-jre/lib/libjava.so
7fc5ef02a000-7fc5ef02b000 rw-p 00000000 00:00 0 
7fc5ef072000-7fc5ef0fe000 rw-p 00000000 00:00 0 
7fc5ef0fe000-7fc5ef0ff000 ---p 00000000 00:00 0 
7fc5ef0ff000-7fc5ef200000 rw-p 00000000 00:00 0 
7fc5ef200000-7fc5ef20d000 r-xp 00000000 08:02 57045609                   /usr/lib/ballerina/dependencies/jdk-11.0.18+10-jre/lib/libverify.so
7fc5ef20d000-7fc5ef40c000 ---p 0000d000 08:02 57045609                   /usr/lib/ballerina/dependencies/jdk-11.0.18+10-jre/lib/libverify.so
7fc5ef40c000-7fc5ef40e000 r--p 0000c000 08:02 57045609                   /usr/lib/ballerina/dependencies/jdk-11.0.18+10-jre/lib/libverify.so
7fc5ef40e000-7fc5ef40f000 rw-p 0000e000 08:02 57045609                   /usr/lib/ballerina/dependencies/jdk-11.0.18+10-jre/lib/libverify.so
7fc5ef42a000-7fc5ef42f000 rw-p 00000000 00:00 0 
7fc5ef42f000-7fc5ef515000 ---p 00000000 00:00 0 
7fc5ef515000-7fc5ef527000 rw-p 00000000 00:00 0 
7fc5ef527000-7fc5ef600000 ---p 00000000 00:00 0 
7fc5ef600000-7fc5f087c000 r-xp 00000000 08:02 57045620                   /usr/lib/ballerina/dependencies/jdk-11.0.18+10-jre/lib/server/libjvm.so
7fc5f087c000-7fc5f0a7c000 ---p 0127c000 08:02 57045620                   /usr/lib/ballerina/dependencies/jdk-11.0.18+10-jre/lib/server/libjvm.so
7fc5f0a7c000-7fc5f0b41000 r--p 0127c000 08:02 57045620                   /usr/lib/ballerina/dependencies/jdk-11.0.18+10-jre/lib/server/libjvm.so
7fc5f0b41000-7fc5f0b7c000 rw-p 01341000 08:02 57045620                   /usr/lib/ballerina/dependencies/jdk-11.0.18+10-jre/lib/server/libjvm.so
7fc5f0b7c000-7fc5f0bd3000 rw-p 00000000 00:00 0 
7fc5f0c00000-7fc5f0c28000 r--p 00000000 08:02 55838821                   /usr/lib/x86_64-linux-gnu/libc.so.6
7fc5f0c28000-7fc5f0dbd000 r-xp 00028000 08:02 55838821                   /usr/lib/x86_64-linux-gnu/libc.so.6
7fc5f0dbd000-7fc5f0e15000 r--p 001bd000 08:02 55838821                   /usr/lib/x86_64-linux-gnu/libc.so.6
7fc5f0e15000-7fc5f0e19000 r--p 00214000 08:02 55838821                   /usr/lib/x86_64-linux-gnu/libc.so.6
7fc5f0e19000-7fc5f0e1b000 rw-p 00218000 08:02 55838821                   /usr/lib/x86_64-linux-gnu/libc.so.6
7fc5f0e1b000-7fc5f0e28000 rw-p 00000000 00:00 0 
7fc5f0e47000-7fc5f0e4e000 r--s 00000000 08:02 55839198                   /usr/lib/x86_64-linux-gnu/gconv/gconv-modules.cache
7fc5f0e4e000-7fc5f0efb000 rw-p 00000000 00:00 0 
7fc5f0efb000-7fc5f0efc000 r--p 00000000 08:02 55838867                   /usr/lib/x86_64-linux-gnu/librt.so.1
7fc5f0efc000-7fc5f0efd000 r-xp 00001000 08:02 55838867                   /usr/lib/x86_64-linux-gnu/librt.so.1
7fc5f0efd000-7fc5f0efe000 r--p 00002000 08:02 55838867                   /usr/lib/x86_64-linux-gnu/librt.so.1
7fc5f0efe000-7fc5f0eff000 r--p 00002000 08:02 55838867                   /usr/lib/x86_64-linux-gnu/librt.so.1
7fc5f0eff000-7fc5f0f00000 rw-p 00003000 08:02 55838867                   /usr/lib/x86_64-linux-gnu/librt.so.1
7fc5f0f00000-7fc5f0f04000 ---p 00000000 00:00 0 
7fc5f0f04000-7fc5f1000000 rw-p 00000000 00:00 0 
7fc5f1000000-7fc5f1010000 r-xp 00000000 08:02 57045573                   /usr/lib/ballerina/dependencies/jdk-11.0.18+10-jre/lib/jli/libjli.so
7fc5f1010000-7fc5f120f000 ---p 00010000 08:02 57045573                   /usr/lib/ballerina/dependencies/jdk-11.0.18+10-jre/lib/jli/libjli.so
7fc5f120f000-7fc5f1210000 r--p 0000f000 08:02 57045573                   /usr/lib/ballerina/dependencies/jdk-11.0.18+10-jre/lib/jli/libjli.so
7fc5f1210000-7fc5f1211000 rw-p 00010000 08:02 57045573                   /usr/lib/ballerina/dependencies/jdk-11.0.18+10-jre/lib/jli/libjli.so
7fc5f1215000-7fc5f1223000 r--p 00000000 08:02 55838826                   /usr/lib/x86_64-linux-gnu/libm.so.6
7fc5f1223000-7fc5f129f000 r-xp 0000e000 08:02 55838826                   /usr/lib/x86_64-linux-gnu/libm.so.6
7fc5f129f000-7fc5f12fa000 r--p 0008a000 08:02 55838826                   /usr/lib/x86_64-linux-gnu/libm.so.6
7fc5f12fa000-7fc5f12fb000 r--p 000e4000 08:02 55838826                   /usr/lib/x86_64-linux-gnu/libm.so.6
7fc5f12fb000-7fc5f12fc000 rw-p 000e5000 08:02 55838826                   /usr/lib/x86_64-linux-gnu/libm.so.6
7fc5f12fc000-7fc5f1300000 rw-p 00000000 00:00 0 
7fc5f1300000-7fc5f1301000 r--p 00000000 08:02 55838824                   /usr/lib/x86_64-linux-gnu/libdl.so.2
7fc5f1301000-7fc5f1302000 r-xp 00001000 08:02 55838824                   /usr/lib/x86_64-linux-gnu/libdl.so.2
7fc5f1302000-7fc5f1303000 r--p 00002000 08:02 55838824                   /usr/lib/x86_64-linux-gnu/libdl.so.2
7fc5f1303000-7fc5f1304000 r--p 00002000 08:02 55838824                   /usr/lib/x86_64-linux-gnu/libdl.so.2
7fc5f1304000-7fc5f1305000 rw-p 00003000 08:02 55838824                   /usr/lib/x86_64-linux-gnu/libdl.so.2
7fc5f1305000-7fc5f1306000 r--p 00000000 08:02 55838860                   /usr/lib/x86_64-linux-gnu/libpthread.so.0
7fc5f1306000-7fc5f1307000 r-xp 00001000 08:02 55838860                   /usr/lib/x86_64-linux-gnu/libpthread.so.0
7fc5f1307000-7fc5f1308000 r--p 00002000 08:02 55838860                   /usr/lib/x86_64-linux-gnu/libpthread.so.0
7fc5f1308000-7fc5f1309000 r--p 00002000 08:02 55838860                   /usr/lib/x86_64-linux-gnu/libpthread.so.0
7fc5f1309000-7fc5f130a000 rw-p 00003000 08:02 55838860                   /usr/lib/x86_64-linux-gnu/libpthread.so.0
7fc5f130a000-7fc5f130c000 r--p 00000000 08:02 55865177                   /usr/lib/x86_64-linux-gnu/libz.so.1.2.11
7fc5f130c000-7fc5f131d000 r-xp 00002000 08:02 55865177                   /usr/lib/x86_64-linux-gnu/libz.so.1.2.11
7fc5f131d000-7fc5f1323000 r--p 00013000 08:02 55865177                   /usr/lib/x86_64-linux-gnu/libz.so.1.2.11
7fc5f1323000-7fc5f1324000 ---p 00019000 08:02 55865177                   /usr/lib/x86_64-linux-gnu/libz.so.1.2.11
7fc5f1324000-7fc5f1325000 r--p 00019000 08:02 55865177                   /usr/lib/x86_64-linux-gnu/libz.so.1.2.11
7fc5f1325000-7fc5f1326000 rw-p 0001a000 08:02 55865177                   /usr/lib/x86_64-linux-gnu/libz.so.1.2.11
7fc5f1329000-7fc5f132e000 rw-p 00000000 00:00 0 
7fc5f132e000-7fc5f1335000 ---p 00000000 00:00 0 
7fc5f1335000-7fc5f133d000 rw-s 00000000 08:02 58851626                   /tmp/hsperfdata_n3on/97191
7fc5f133d000-7fc5f133e000 ---p 00000000 00:00 0 
7fc5f133e000-7fc5f133f000 r--p 00000000 00:00 0 
7fc5f133f000-7fc5f1341000 rw-p 00000000 00:00 0 
7fc5f1341000-7fc5f1343000 r--p 00000000 08:02 55838816                   /usr/lib/x86_64-linux-gnu/ld-linux-x86-64.so.2
7fc5f1343000-7fc5f136d000 r-xp 00002000 08:02 55838816                   /usr/lib/x86_64-linux-gnu/ld-linux-x86-64.so.2
7fc5f136d000-7fc5f1378000 r--p 0002c000 08:02 55838816                   /usr/lib/x86_64-linux-gnu/ld-linux-x86-64.so.2
7fc5f1379000-7fc5f137b000 r--p 00037000 08:02 55838816                   /usr/lib/x86_64-linux-gnu/ld-linux-x86-64.so.2
7fc5f137b000-7fc5f137d000 rw-p 00039000 08:02 55838816                   /usr/lib/x86_64-linux-gnu/ld-linux-x86-64.so.2
7fff3b737000-7fff3b75c000 rw-p 00000000 00:00 0                          [stack]
7fff3b7c2000-7fff3b7c6000 r--p 00000000 00:00 0                          [vvar]
7fff3b7c6000-7fff3b7c8000 r-xp 00000000 00:00 0                          [vdso]
ffffffffff600000-ffffffffff601000 --xp 00000000 00:00 0                  [vsyscall]


VM Arguments:
jvm_args: -Xbootclasspath/a: -Xms256m -Xmx1024m -XX:+HeapDumpOnOutOfMemoryError -Dballerina.home=/usr/lib/ballerina/distributions/ballerina-2201.7.2 -Dballerina.version=2201.7.2 -Denable.nonblocking=false -Djava.security.egd=file:/dev/./urandom -Dfile.encoding=UTF8 -Dballerina.target=jvm -Djava.command=/usr/lib/ballerina/bin/../distributions/ballerina-2201.7.2/../../dependencies/jdk-11.0.18+10-jre/bin/java 
java_command: io.ballerina.cli.launcher.Main start-language-server
java_class_path (initial): :/usr/lib/ballerina/distributions/ballerina-2201.7.2/bre/lib/annotations-2201.7.2.jar:/usr/lib/ballerina/distributions/ballerina-2201.7.2/bre/lib/architecture-model-generator-core-1.2.0.jar:/usr/lib/ballerina/distributions/ballerina-2201.7.2/bre/lib/architecture-model-generator-plugin-1.2.0.jar:/usr/lib/ballerina/distributions/ballerina-2201.7.2/bre/lib/array-2201.7.2.jar:/usr/lib/ballerina/distributions/ballerina-2201.7.2/bre/lib/asm-7.2.jar:/usr/lib/ballerina/distributions/ballerina-2201.7.2/bre/lib/asm-analysis-7.1.jar:/usr/lib/ballerina/distributions/ballerina-2201.7.2/bre/lib/asm-commons-7.2.jar:/usr/lib/ballerina/distributions/ballerina-2201.7.2/bre/lib/asm-tree-7.2.jar:/usr/lib/ballerina/distributions/ballerina-2201.7.2/bre/lib/asm-util-7.1.jar:/usr/lib/ballerina/distributions/ballerina-2201.7.2/bre/lib/asyncapi-cli-0.6.0.jar:/usr/lib/ballerina/distributions/ballerina-2201.7.2/bre/lib/atomikos-util-5.0.8.jar:/usr/lib/ballerina/distributions/ballerina-2201.7.2/bre/lib/axiom-api-1.4.0.jar:/usr/lib/ballerina/distributions/ballerina-2201.7.2/bre/lib/axiom-impl-1.4.0.jar:/usr/lib/ballerina/distributions/ballerina-2201.7.2/bre/lib/ballerina-bindgen-2201.7.2.jar:/usr/lib/ballerina/distributions/ballerina-2201.7.2/bre/lib/ballerina-cli-2201.7.2.jar:/usr/lib/ballerina/distributions/ballerina-2201.7.2/bre/lib/ballerina-io-internal-2201.7.2.jar:/usr/lib/ballerina/distributions/ballerina-2201.7.2/bre/lib/ballerina-lang-2201.7.2.jar:/usr/lib/ballerina/distributions/ballerina-2201.7.2/bre/lib/ballerina-linter-2201.7.2.jar:/usr/lib/ballerina/distributions/ballerina-2201.7.2/bre/lib/ballerina-metrics-extension-2201.7.2.jar:/usr/lib/ballerina/distributions/ballerina-2201.7.2/bre/lib/ballerina-parser-2201.7.2.jar:/usr/lib/ballerina/distributions/ballerina-2201.7.2/bre/lib/ballerina-rt-2201.7.2.jar:/usr/lib/ballerina/distributions/ballerina-2201.7.2/bre/lib/ballerina-tools-api-2201.7.2.jar:/usr/lib/ballerina/distributions/ballerina-2201.7.2/bre/lib/
Launcher Type: SUN_STANDARD

[Global flags]
     intx CICompilerCount                          = 4                                         {product} {ergonomic}
     uint ConcGCThreads                            = 3                                         {product} {ergonomic}
     uint G1ConcRefinementThreads                  = 10                                        {product} {ergonomic}
   size_t G1HeapRegionSize                         = 1048576                                   {product} {ergonomic}
    uintx GCDrainStackTargetSize                   = 64                                        {product} {ergonomic}
     bool HeapDumpOnOutOfMemoryError               = true                                   {manageable} {command line}
   size_t InitialHeapSize                          = 268435456                                 {product} {command line}
   size_t MarkStackSize                            = 4194304                                   {product} {ergonomic}
   size_t MaxHeapSize                              = 1073741824                                {product} {command line}
   size_t MaxNewSize                               = 643825664                                 {product} {ergonomic}
   size_t MinHeapDeltaBytes                        = 1048576                                   {product} {ergonomic}
    uintx NonNMethodCodeHeapSize                   = 5836300                                {pd product} {ergonomic}
    uintx NonProfiledCodeHeapSize                  = 122910970                              {pd product} {ergonomic}
    uintx ProfiledCodeHeapSize                     = 122910970                              {pd product} {ergonomic}
    uintx ReservedCodeCacheSize                    = 251658240                              {pd product} {ergonomic}
     bool SegmentedCodeCache                       = true                                      {product} {ergonomic}
     bool UseCompressedClassPointers               = true                                 {lp64_product} {ergonomic}
     bool UseCompressedOops                        = true                                 {lp64_product} {ergonomic}
     bool UseG1GC                                  = true                                      {product} {ergonomic}

Logging:
Log output configuration:
 #0: stdout all=warning uptime,level,tags
 #1: stderr all=off uptime,level,tags

Environment Variables:
PATH=/run/user/1000/fnm_multishells/57238_1695588257713/bin:/home/n3on/.local/share/fnm:/run/user/1000/fnm_multishells/57235_1695588257685/bin:/home/n3on/.local/share/fnm:/home/linuxbrew/.linuxbrew/bin:/home/linuxbrew/.linuxbrew/sbin:/home/n3on/.local/bin:/usr/local/sbin:/usr/local/bin:/usr/sbin:/usr/bin:/sbin:/bin:/usr/games:/usr/local/games:/snap/bin:/snap/bin:/home/n3on/.local/share/JetBrains/Toolbox/scripts
USERNAME=n3on
SHELL=/usr/bin/zsh
DISPLAY=:1
LANG=en_US.UTF-8

Signal Handlers:
SIGSEGV: [libjvm.so+0xf4cde0], sa_mask[0]=11111111011111111101111111111110, sa_flags=SA_RESTART|SA_SIGINFO
SIGBUS: [libjvm.so+0xf4cde0], sa_mask[0]=11111111011111111101111111111110, sa_flags=SA_RESTART|SA_SIGINFO
SIGFPE: [libjvm.so+0xf4cde0], sa_mask[0]=11111111011111111101111111111110, sa_flags=SA_RESTART|SA_SIGINFO
SIGPIPE: [libjvm.so+0xc6e210], sa_mask[0]=11111111011111111101111111111110, sa_flags=SA_RESTART|SA_SIGINFO
SIGXFSZ: [libjvm.so+0xc6e210], sa_mask[0]=11111111011111111101111111111110, sa_flags=SA_RESTART|SA_SIGINFO
SIGILL: [libjvm.so+0xf4cde0], sa_mask[0]=11111111011111111101111111111110, sa_flags=SA_RESTART|SA_SIGINFO
SIGUSR2: [libjvm.so+0xc6e0b0], sa_mask[0]=00000000000000000000000000000000, sa_flags=SA_RESTART|SA_SIGINFO
SIGHUP: [libjvm.so+0xc6e260], sa_mask[0]=11111111011111111101111111111110, sa_flags=SA_RESTART|SA_SIGINFO
SIGINT: [libjvm.so+0xc6e260], sa_mask[0]=11111111011111111101111111111110, sa_flags=SA_RESTART|SA_SIGINFO
SIGTERM: [libjvm.so+0xc6e260], sa_mask[0]=11111111011111111101111111111110, sa_flags=SA_RESTART|SA_SIGINFO
SIGQUIT: [libjvm.so+0xc6e260], sa_mask[0]=11111111011111111101111111111110, sa_flags=SA_RESTART|SA_SIGINFO


---------------  S Y S T E M  ---------------

OS:DISTRIB_ID=Ubuntu
DISTRIB_RELEASE=22.04
DISTRIB_CODENAME=jammy
DISTRIB_DESCRIPTION="Ubuntu 22.04.3 LTS"
uname:Linux 6.2.0-33-generic #33~22.04.1-Ubuntu SMP PREEMPT_DYNAMIC Thu Sep  7 10:33:52 UTC 2 x86_64
OS uptime: 1 days 17:59 hours
libc:glibc 2.35 NPTL 2.35 
rlimit (soft/hard): STACK 8192k/infinity , CORE 0k/infinity , NPROC 127396/127396 , NOFILE 1048576/1048576 , AS infinity/infinity , CPU infinity/infinity , DATA infinity/infinity , FSIZE infinity/infinity , MEMLOCK 4086200k/4086200k
load average:6.35 3.21 2.44

/proc/meminfo:
MemTotal:       32689628 kB
MemFree:         8196100 kB
MemAvailable:   20438932 kB
Buffers:          600312 kB
Cached:         12745896 kB
SwapCached:            0 kB
Active:          4057168 kB
Inactive:       18314740 kB
Active(anon):       9140 kB
Inactive(anon): 10114504 kB
Active(file):    4048028 kB
Inactive(file):  8200236 kB
Unevictable:      945224 kB
Mlocked:             144 kB
SwapTotal:       2097148 kB
SwapFree:        2097148 kB
Zswap:                 0 kB
Zswapped:              0 kB
Dirty:              1408 kB
Writeback:             0 kB
AnonPages:       9958264 kB
Mapped:          1426060 kB
Shmem:           1098456 kB
KReclaimable:     462280 kB
Slab:             765824 kB
SReclaimable:     462280 kB
SUnreclaim:       303544 kB
KernelStack:       39328 kB
PageTables:        95736 kB
SecPageTables:         0 kB
NFS_Unstable:          0 kB
Bounce:                0 kB
WritebackTmp:          0 kB
CommitLimit:    18441960 kB
Committed_AS:   27180252 kB
VmallocTotal:   34359738367 kB
VmallocUsed:      145940 kB
VmallocChunk:          0 kB
Percpu:            18368 kB
HardwareCorrupted:     0 kB
AnonHugePages:      4096 kB
ShmemHugePages:        0 kB
ShmemPmdMapped:        0 kB
FileHugePages:         0 kB
FilePmdMapped:         0 kB
HugePages_Total:       0
HugePages_Free:        0
HugePages_Rsvd:        0
HugePages_Surp:        0
Hugepagesize:       2048 kB
Hugetlb:               0 kB
DirectMap4k:      822716 kB
DirectMap2M:    19982336 kB
DirectMap1G:    12582912 kB

/sys/kernel/mm/transparent_hugepage/enabled:
always [madvise] never
/sys/kernel/mm/transparent_hugepage/defrag (defrag/compaction efforts parameter):
always defer defer+madvise [madvise] never

Process Memory:
Virtual Size: 5313396K (peak: 5313396K)
Resident Set Size: 342264K (peak: 343308K) (anon: 321776K, file: 20488K, shmem: 0K)
Swapped out: 0K
C-Heap outstanding allocations: 148545K, retained: 6594K
glibc malloc tunables: (default)

/proc/sys/kernel/threads-max (system-wide limit on the number of threads):
254792
/proc/sys/vm/max_map_count (maximum number of memory map areas a process may have):
65530
/proc/sys/kernel/pid_max (system-wide limit on number of process identifiers):
4194304

container (cgroup) information:
container_type: cgroupv2
cpu_cpuset_cpus: not supported
cpu_memory_nodes: not supported
active_processor_count: 12
cpu_quota: not supported
cpu_period: not supported
cpu_shares: not supported
memory_limit_in_bytes: unlimited
memory_and_swap_limit_in_bytes: unlimited
memory_soft_limit_in_bytes: unlimited
memory_usage_in_bytes: 4501084 k
memory_max_usage_in_bytes: not supported
maximum number of tasks: 38218
current number of tasks: 789

Steal ticks since vm start: 0
Steal ticks percentage since vm start:  0.000

CPU:total 12 (initial active 12) (6 cores per cpu, 2 threads per core) family 6 model 158 stepping 10 microcode 0xf4, cmov, cx8, fxsr, mmx, sse, sse2, sse3, ssse3, sse4.1, sse4.2, popcnt, avx, avx2, aes, clmul, erms, 3dnowpref, lzcnt, ht, tsc, tscinvbit, bmi1, bmi2, adx, fma
CPU Model and flags from /proc/cpuinfo:
model name	: Intel(R) Core(TM) i7-9750H CPU @ 2.60GHz
flags		: fpu vme de pse tsc msr pae mce cx8 apic sep mtrr pge mca cmov pat pse36 clflush dts acpi mmx fxsr sse sse2 ss ht tm pbe syscall nx pdpe1gb rdtscp lm constant_tsc art arch_perfmon pebs bts rep_good nopl xtopology nonstop_tsc cpuid aperfmperf pni pclmulqdq dtes64 monitor ds_cpl vmx est tm2 ssse3 sdbg fma cx16 xtpr pdcm pcid sse4_1 sse4_2 x2apic movbe popcnt tsc_deadline_timer aes xsave avx f16c rdrand lahf_lm abm 3dnowprefetch cpuid_fault epb invpcid_single pti ssbd ibrs ibpb stibp tpr_shadow vnmi flexpriority ept vpid ept_ad fsgsbase tsc_adjust bmi1 avx2 smep bmi2 erms invpcid mpx rdseed adx smap clflushopt intel_pt xsaveopt xsavec xgetbv1 xsaves dtherm ida arat pln pts hwp hwp_notify hwp_act_window hwp_epp md_clear flush_l1d arch_capabilities
Online cpus:
0-11
Offline cpus:

BIOS frequency limitation:
<Not Available>
Frequency switch latency (ns):
0
Available cpu frequencies:
<Not Available>
Current governor:
powersave
Core performance/turbo boost:
<Not Available>

Memory: 4k page, physical 32689628k(8195092k free), swap 2097148k(2097148k free)

vm_info: OpenJDK 64-Bit Server VM (11.0.18+10) for linux-amd64 JRE (11.0.18+10), built on Jan 18 2023 10:17:39 by "" with gcc 7.5.0

END.
