#
# A fatal error has been detected by the Java Runtime Environment:
#
#  SIGSEGV (0xb) at pc=0x0000039d0000039c, pid=103211, tid=103237
#
# JRE version: OpenJDK Runtime Environment Temurin-11.0.18+10 (11.0.18+10) (build 11.0.18+10)
# Java VM: OpenJDK 64-Bit Server VM Temurin-11.0.18+10 (11.0.18+10, mixed mode, tiered, compressed oops, g1 gc, linux-amd64)
# Problematic frame:
# C  0x0000039d0000039c
#
# Core dump will be written. Default location: Core dumps may be processed with "/usr/share/apport/apport -p%p -s%s -c%c -d%d -P%P -u%u -g%g -- %E" (or dumping to /home/n3on/Documents/DSA_ASSIGNMENT_2023/core.103211)
#
# If you would like to submit a bug report, please visit:
#   https://github.com/adoptium/adoptium-support/issues
#

---------------  S U M M A R Y ------------

Command Line: -Xbootclasspath/a: -Xms256m -Xmx1024m -XX:+HeapDumpOnOutOfMemoryError -Dballerina.home=/usr/lib/ballerina/distributions/ballerina-2201.7.2 -Dballerina.version=2201.7.2 -Denable.nonblocking=false -Djava.security.egd=file:/dev/./urandom -Dfile.encoding=UTF8 -Dballerina.target=jvm -Djava.command=/usr/lib/ballerina/bin/../distributions/ballerina-2201.7.2/../../dependencies/jdk-11.0.18+10-jre/bin/java io.ballerina.cli.launcher.Main start-language-server

Host: Intel(R) Core(TM) i7-9750H CPU @ 2.60GHz, 12 cores, 31G, Ubuntu 22.04.3 LTS
Time: Mon Sep 25 17:02:17 2023 CAT elapsed time: 5.684095 seconds (0d 0h 0m 5s)

---------------  T H R E A D  ---------------

Current thread (0x00007f3648001000):  GCTaskThread "GC Thread#1" [stack: 0x00007f3650300000,0x00007f3650400000] [id=103237]

Stack: [0x00007f3650300000,0x00007f3650400000],  sp=0x00007f36503fea68,  free space=1018k
Native frames: (J=compiled Java code, A=aot compiled Java code, j=interpreted, Vv=VM code, C=native code)
C  0x0000039d0000039c
V  [libjvm.so+0x7fad47]  G1ParScanThreadState::copy_to_survivor_space(InCSetState, oopDesc*, markOopDesc*)+0x5f7
V  [libjvm.so+0x7fb8e8]  G1ParScanThreadState::trim_queue()+0x938
V  [libjvm.so+0x7bc4e6]  G1ParEvacuateFollowersClosure::do_void()+0x246
V  [libjvm.so+0x7c19be]  G1ParTask::work(unsigned int)+0x16e
V  [libjvm.so+0xf779fd]  GangWorker::loop()+0x4d
V  [libjvm.so+0xeda37f]  Thread::call_run()+0x14f
V  [libjvm.so+0xc79836]  thread_native_entry(Thread*)+0xe6


siginfo: si_signo: 11 (SIGSEGV), si_code: 1 (SEGV_MAPERR), si_addr: 0x0000039d0000039c

Register to memory mapping:

RAX=0x00007f3680d8eb40: <offset 0x000000000158eb40> in /usr/lib/ballerina/dependencies/jdk-11.0.18+10-jre/lib/server/libjvm.so at 0x00007f367f800000
RBX=0x00000000cd54d470 is an oop: 
[error occurred during error reporting (printing register info), id 0xb, SIGSEGV (0xb) at pc=0x00007f368045c6f6]

Registers:
RAX=0x00007f3680d8eb40, RBX=0x00000000cd54d470, RCX=0x0000000000007f36, RDX=0x00000001000435f8
RSP=0x00007f36503fea68, RBP=0x00007f36503feab0, RSI=0x00000000cd54d470, RDI=0x00007f3618002ce0
R8 =0x00007f367ffbca10, R9 =0x00007f361800d520, R10=0x0000000000000077, R11=0x00007f3618000090
R12=0x00007f3618002b70, R13=0x00007f3678136f30, R14=0x0000000000000005, R15=0x0000000000000002
RIP=0x0000039d0000039c, EFLAGS=0x0000000000010202, CSGSFS=0x002b000000000033, ERR=0x0000000000000014
  TRAPNO=0x000000000000000e

Top of Stack: (sp=0x00007f36503fea68)
0x00007f36503fea68:   00007f367fffa720 00007f36503feaa0
0x00007f36503fea78:   0000000000000000 00007f36503feaa0
0x00007f36503fea88:   00000000cd54d470 0000000000000000
0x00007f36503fea98:   000000000c01f214 00007f3618002b70 

Instructions: (pc=0x0000039d0000039c)
0x0000039d0000029c:   ?? ?? ?? ?? ?? ?? ?? ?? ?? ?? ?? ?? ?? ?? ?? ??
0x0000039d000002ac:   ?? ?? ?? ?? ?? ?? ?? ?? ?? ?? ?? ?? ?? ?? ?? ??
0x0000039d000002bc:   ?? ?? ?? ?? ?? ?? ?? ?? ?? ?? ?? ?? ?? ?? ?? ??
0x0000039d000002cc:   ?? ?? ?? ?? ?? ?? ?? ?? ?? ?? ?? ?? ?? ?? ?? ??
0x0000039d000002dc:   ?? ?? ?? ?? ?? ?? ?? ?? ?? ?? ?? ?? ?? ?? ?? ??
0x0000039d000002ec:   ?? ?? ?? ?? ?? ?? ?? ?? ?? ?? ?? ?? ?? ?? ?? ??
0x0000039d000002fc:   ?? ?? ?? ?? ?? ?? ?? ?? ?? ?? ?? ?? ?? ?? ?? ??
0x0000039d0000030c:   ?? ?? ?? ?? ?? ?? ?? ?? ?? ?? ?? ?? ?? ?? ?? ??
0x0000039d0000031c:   ?? ?? ?? ?? ?? ?? ?? ?? ?? ?? ?? ?? ?? ?? ?? ??
0x0000039d0000032c:   ?? ?? ?? ?? ?? ?? ?? ?? ?? ?? ?? ?? ?? ?? ?? ??
0x0000039d0000033c:   ?? ?? ?? ?? ?? ?? ?? ?? ?? ?? ?? ?? ?? ?? ?? ??
0x0000039d0000034c:   ?? ?? ?? ?? ?? ?? ?? ?? ?? ?? ?? ?? ?? ?? ?? ??
0x0000039d0000035c:   ?? ?? ?? ?? ?? ?? ?? ?? ?? ?? ?? ?? ?? ?? ?? ??
0x0000039d0000036c:   ?? ?? ?? ?? ?? ?? ?? ?? ?? ?? ?? ?? ?? ?? ?? ??
0x0000039d0000037c:   ?? ?? ?? ?? ?? ?? ?? ?? ?? ?? ?? ?? ?? ?? ?? ??
0x0000039d0000038c:   ?? ?? ?? ?? ?? ?? ?? ?? ?? ?? ?? ?? ?? ?? ?? ??
0x0000039d0000039c:   ?? ?? ?? ?? ?? ?? ?? ?? ?? ?? ?? ?? ?? ?? ?? ??
0x0000039d000003ac:   ?? ?? ?? ?? ?? ?? ?? ?? ?? ?? ?? ?? ?? ?? ?? ??
0x0000039d000003bc:   ?? ?? ?? ?? ?? ?? ?? ?? ?? ?? ?? ?? ?? ?? ?? ??
0x0000039d000003cc:   ?? ?? ?? ?? ?? ?? ?? ?? ?? ?? ?? ?? ?? ?? ?? ??
0x0000039d000003dc:   ?? ?? ?? ?? ?? ?? ?? ?? ?? ?? ?? ?? ?? ?? ?? ??
0x0000039d000003ec:   ?? ?? ?? ?? ?? ?? ?? ?? ?? ?? ?? ?? ?? ?? ?? ??
0x0000039d000003fc:   ?? ?? ?? ?? ?? ?? ?? ?? ?? ?? ?? ?? ?? ?? ?? ??
0x0000039d0000040c:   ?? ?? ?? ?? ?? ?? ?? ?? ?? ?? ?? ?? ?? ?? ?? ??
0x0000039d0000041c:   ?? ?? ?? ?? ?? ?? ?? ?? ?? ?? ?? ?? ?? ?? ?? ??
0x0000039d0000042c:   ?? ?? ?? ?? ?? ?? ?? ?? ?? ?? ?? ?? ?? ?? ?? ??
0x0000039d0000043c:   ?? ?? ?? ?? ?? ?? ?? ?? ?? ?? ?? ?? ?? ?? ?? ??
0x0000039d0000044c:   ?? ?? ?? ?? ?? ?? ?? ?? ?? ?? ?? ?? ?? ?? ?? ??
0x0000039d0000045c:   ?? ?? ?? ?? ?? ?? ?? ?? ?? ?? ?? ?? ?? ?? ?? ??
0x0000039d0000046c:   ?? ?? ?? ?? ?? ?? ?? ?? ?? ?? ?? ?? ?? ?? ?? ??
0x0000039d0000047c:   ?? ?? ?? ?? ?? ?? ?? ?? ?? ?? ?? ?? ?? ?? ?? ??
0x0000039d0000048c:   ?? ?? ?? ?? ?? ?? ?? ?? ?? ?? ?? ?? ?? ?? ?? ?? 


Stack slot to memory mapping:
stack at sp + 0 slots: 0x00007f367fffa720: <offset 0x00000000007fa720> in /usr/lib/ballerina/dependencies/jdk-11.0.18+10-jre/lib/server/libjvm.so at 0x00007f367f800000
stack at sp + 1 slots: 0x00007f36503feaa0 points into unknown readable memory: 0x00007f3618002b70 | 70 2b 00 18 36 7f 00 00
stack at sp + 2 slots: 0x0 is NULL
stack at sp + 3 slots: 0x00007f36503feaa0 points into unknown readable memory: 0x00007f3618002b70 | 70 2b 00 18 36 7f 00 00
stack at sp + 4 slots: 0x00000000cd54d470 is an oop: 
[error occurred during error reporting (inspecting top of stack), id 0xb, SIGSEGV (0xb) at pc=0x00007f368045c6f6]


---------------  P R O C E S S  ---------------

Threads class SMR info:
_java_thread_list=0x00007f363042fde0, length=14, elements={
0x00007f367802b000, 0x00007f36781c4000, 0x00007f36781c8000, 0x00007f36781e3800,
0x00007f36781e5800, 0x00007f36781e9800, 0x00007f36781eb800, 0x00007f36781ed800,
0x00007f3678293800, 0x00007f3630047800, 0x00007f3678e28800, 0x00007f3614245800,
0x00007f35f4004800, 0x00007f363042e800
}

Java Threads: ( => current thread )
  0x00007f367802b000 JavaThread "main" [_thread_blocked, id=103212, stack(0x00007f367f700000,0x00007f367f800000)]
  0x00007f36781c4000 JavaThread "Reference Handler" daemon [_thread_blocked, id=103222, stack(0x00007f3651dfe000,0x00007f3651efe000)]
  0x00007f36781c8000 JavaThread "Finalizer" daemon [_thread_blocked, id=103223, stack(0x00007f3651cfe000,0x00007f3651dfe000)]
  0x00007f36781e3800 JavaThread "Signal Dispatcher" daemon [_thread_blocked, id=103224, stack(0x00007f3651bfe000,0x00007f3651cfe000)]
  0x00007f36781e5800 JavaThread "Service Thread" daemon [_thread_blocked, id=103225, stack(0x00007f3651500000,0x00007f3651600000)]
  0x00007f36781e9800 JavaThread "C2 CompilerThread0" daemon [_thread_in_native, id=103226, stack(0x00007f3651400000,0x00007f3651500000)]
  0x00007f36781eb800 JavaThread "C1 CompilerThread0" daemon [_thread_blocked, id=103227, stack(0x00007f3651300000,0x00007f3651400000)]
  0x00007f36781ed800 JavaThread "Sweeper thread" daemon [_thread_blocked, id=103228, stack(0x00007f3651200000,0x00007f3651300000)]
  0x00007f3678293800 JavaThread "Common-Cleaner" daemon [_thread_blocked, id=103232, stack(0x00007f3650ffe000,0x00007f36510fe000)]
  0x00007f3630047800 JavaThread "C2 CompilerThread1" daemon [_thread_in_native, id=103233, stack(0x00007f3650efe000,0x00007f3650ffe000)]
  0x00007f3678e28800 JavaThread "pool-1-thread-1" [_thread_in_native, id=103252, stack(0x00007f3650b00000,0x00007f3650c00000)]
  0x00007f3614245800 JavaThread "ForkJoinPool.commonPool-worker-19" daemon [_thread_blocked, id=103253, stack(0x00007f360b5fa000,0x00007f360b6fa000)]
  0x00007f35f4004800 JavaThread "ForkJoinPool.commonPool-worker-5" daemon [_thread_blocked, id=103263, stack(0x00007f360b4fa000,0x00007f360b5fa000)]
  0x00007f363042e800 JavaThread "C2 CompilerThread2" daemon [_thread_in_native, id=103266, stack(0x00007f360aff6000,0x00007f360b0f6000)]

Other Threads:
  0x00007f36781bc000 VMThread "VM Thread" [stack: 0x00007f3651f00000,0x00007f3652000000] [id=103220]
  0x00007f3678283000 WatcherThread [stack: 0x00007f3651100000,0x00007f3651200000] [id=103231]
  0x00007f3678044800 GCTaskThread "GC Thread#0" [stack: 0x00007f367f300000,0x00007f367f400000] [id=103213]
=>0x00007f3648001000 GCTaskThread "GC Thread#1" [stack: 0x00007f3650300000,0x00007f3650400000] [id=103237]
  0x00007f3648002800 GCTaskThread "GC Thread#2" [stack: 0x00007f36501fe000,0x00007f36502fe000] [id=103238]
  0x00007f3648004000 GCTaskThread "GC Thread#3" [stack: 0x00007f36500fc000,0x00007f36501fc000] [id=103239]
  0x00007f3648006000 GCTaskThread "GC Thread#4" [stack: 0x00007f360bf00000,0x00007f360c000000] [id=103240]
  0x00007f3648007800 GCTaskThread "GC Thread#5" [stack: 0x00007f360bdfe000,0x00007f360befe000] [id=103241]
  0x00007f3678061000 ConcurrentGCThread "G1 Main Marker" [stack: 0x00007f367c8f8000,0x00007f367c9f8000] [id=103214]
  0x00007f3678063000 ConcurrentGCThread "G1 Conc#0" [stack: 0x00007f367c7f6000,0x00007f367c8f6000] [id=103215]
  0x00007f3654001000 ConcurrentGCThread "G1 Conc#1" [stack: 0x00007f360b1fa000,0x00007f360b2fa000] [id=103264]
  0x00007f3654002800 ConcurrentGCThread "G1 Conc#2" [stack: 0x00007f360b0f8000,0x00007f360b1f8000] [id=103265]
  0x00007f3678159800 ConcurrentGCThread "G1 Refine#0" [stack: 0x00007f36609fd000,0x00007f3660afd000] [id=103216]
  0x00007f364c001000 ConcurrentGCThread "G1 Refine#1" [stack: 0x00007f360bcfc000,0x00007f360bdfc000] [id=103242]
  0x00007f367815b000 ConcurrentGCThread "G1 Young RemSet Sampling" [stack: 0x00007f36608fb000,0x00007f36609fb000] [id=103217]

Threads with active compile tasks:
C2 CompilerThread0     5734 4490       4       io.ballerina.compiler.internal.parser.DocumentationLexer::readDocInternalToken (246 bytes)
C2 CompilerThread1     5734 4338       4       io.ballerina.compiler.internal.parser.TokenReader::peek (62 bytes)
C2 CompilerThread2     5734 3855       4       org.wso2.ballerinalang.compiler.BIRPackageSymbolEnter$BIRTypeReader::readType (4839 bytes)

VM state:at safepoint (normal execution)

VM Mutex/Monitor currently owned by a thread:  ([mutex/lock_event])
[0x00007f36780290b0] Threads_lock - owner thread: 0x00007f36781bc000
[0x00007f3678029890] Heap_lock - owner thread: 0x00007f3614245800

Heap address: 0x00000000c0000000, size: 1024 MB, Compressed Oops mode: 32-bit
Narrow klass base: 0x0000000000000000, Narrow klass shift: 3
Compressed class space size: 1073741824 Address: 0x0000000100000000

Heap:
 garbage-first heap   total 262144K, used 170013K [0x00000000c0000000, 0x0000000100000000)
  region size 1024K, 163 young (166912K), 20 survivors (20480K)
 Metaspace       used 36022K, capacity 36895K, committed 37120K, reserved 1083392K
  class space    used 3619K, capacity 3977K, committed 4096K, reserved 1048576K
Heap Regions: E=young(eden), S=young(survivor), O=old, HS=humongous(starts), HC=humongous(continues), CS=collection set, F=free, A=archive, TAMS=top-at-mark-start (previous, next)
|   0|0x00000000c0000000, 0x00000000c0100000, 0x00000000c0100000|100%|HS|  |TAMS 0x00000000c0100000, 0x00000000c0000000| Complete 
|   1|0x00000000c0100000, 0x00000000c0200000, 0x00000000c0200000|100%|HS|  |TAMS 0x00000000c0200000, 0x00000000c0100000| Complete 
|   2|0x00000000c0200000, 0x00000000c0300000, 0x00000000c0300000|100%|HS|  |TAMS 0x00000000c0300000, 0x00000000c0200000| Complete 
|   3|0x00000000c0300000, 0x00000000c0400000, 0x00000000c0400000|100%|HS|  |TAMS 0x00000000c0400000, 0x00000000c0300000| Complete 
|   4|0x00000000c0400000, 0x00000000c0500000, 0x00000000c0500000|100%| O|  |TAMS 0x00000000c0500000, 0x00000000c0400000| Untracked 
|   5|0x00000000c0500000, 0x00000000c0600000, 0x00000000c0600000|100%| O|  |TAMS 0x00000000c0600000, 0x00000000c0500000| Untracked 
|   6|0x00000000c0600000, 0x00000000c0700000, 0x00000000c0700000|100%| O|  |TAMS 0x00000000c0700000, 0x00000000c0600000| Untracked 
|   7|0x00000000c0700000, 0x00000000c0800000, 0x00000000c0800000|100%| O|  |TAMS 0x00000000c0800000, 0x00000000c0700000| Untracked 
|   8|0x00000000c0800000, 0x00000000c0900000, 0x00000000c0900000|100%| O|  |TAMS 0x00000000c0900000, 0x00000000c0800000| Untracked 
|   9|0x00000000c0900000, 0x00000000c0a00000, 0x00000000c0a00000|100%| O|  |TAMS 0x00000000c0a00000, 0x00000000c0900000| Untracked 
|  10|0x00000000c0a00000, 0x00000000c0b00000, 0x00000000c0b00000|100%| O|  |TAMS 0x00000000c0b00000, 0x00000000c0a00000| Untracked 
|  11|0x00000000c0b00000, 0x00000000c0c00000, 0x00000000c0c00000|100%| O|  |TAMS 0x00000000c0c00000, 0x00000000c0b00000| Untracked 
|  12|0x00000000c0c00000, 0x00000000c0d00000, 0x00000000c0d00000|100%| O|  |TAMS 0x00000000c0d00000, 0x00000000c0c00000| Untracked 
|  13|0x00000000c0d00000, 0x00000000c0e00000, 0x00000000c0e00000|100%| O|  |TAMS 0x00000000c0d07400, 0x00000000c0d00000| Untracked 
|  14|0x00000000c0e00000, 0x00000000c0f00000, 0x00000000c0f00000|100%| O|  |TAMS 0x00000000c0e00000, 0x00000000c0e00000| Untracked 
|  15|0x00000000c0f00000, 0x00000000c1000000, 0x00000000c1000000|100%| O|  |TAMS 0x00000000c0f00000, 0x00000000c0f00000| Untracked 
|  16|0x00000000c1000000, 0x00000000c1100000, 0x00000000c1100000|100%| O|  |TAMS 0x00000000c1000000, 0x00000000c1000000| Untracked 
|  17|0x00000000c1100000, 0x00000000c1200000, 0x00000000c1200000|100%| O|  |TAMS 0x00000000c1100000, 0x00000000c1100000| Untracked 
|  18|0x00000000c1200000, 0x00000000c1300000, 0x00000000c1300000|100%| O|  |TAMS 0x00000000c1200000, 0x00000000c1200000| Untracked 
|  19|0x00000000c1300000, 0x00000000c1400000, 0x00000000c1400000|100%| O|  |TAMS 0x00000000c1300000, 0x00000000c1300000| Untracked 
|  20|0x00000000c1400000, 0x00000000c1500000, 0x00000000c1500000|100%| O|  |TAMS 0x00000000c1400000, 0x00000000c1400000| Untracked 
|  21|0x00000000c1500000, 0x00000000c1600000, 0x00000000c1600000|100%| O|  |TAMS 0x00000000c1500000, 0x00000000c1500000| Untracked 
|  22|0x00000000c1600000, 0x00000000c1700000, 0x00000000c1700000|100%| O|  |TAMS 0x00000000c1600000, 0x00000000c1600000| Untracked 
|  23|0x00000000c1700000, 0x00000000c1800000, 0x00000000c1800000|100%| O|  |TAMS 0x00000000c1700000, 0x00000000c1700000| Untracked 
|  24|0x00000000c1800000, 0x00000000c1900000, 0x00000000c1900000|100%| O|  |TAMS 0x00000000c1800000, 0x00000000c1800000| Untracked 
|  25|0x00000000c1900000, 0x00000000c1a00000, 0x00000000c1a00000|100%| O|  |TAMS 0x00000000c1900000, 0x00000000c1900000| Untracked 
|  26|0x00000000c1a00000, 0x00000000c1b00000, 0x00000000c1b00000|100%| O|  |TAMS 0x00000000c1a00000, 0x00000000c1a00000| Untracked 
|  27|0x00000000c1b00000, 0x00000000c1b63b90, 0x00000000c1c00000| 38%| O|  |TAMS 0x00000000c1b00000, 0x00000000c1b00000| Untracked 
|  28|0x00000000c1c00000, 0x00000000c1c00000, 0x00000000c1d00000|  0%| F|  |TAMS 0x00000000c1c00000, 0x00000000c1c00000| Untracked 
|  29|0x00000000c1d00000, 0x00000000c1d00000, 0x00000000c1e00000|  0%| F|  |TAMS 0x00000000c1d00000, 0x00000000c1d00000| Untracked 
|  30|0x00000000c1e00000, 0x00000000c1e00000, 0x00000000c1f00000|  0%| F|  |TAMS 0x00000000c1e00000, 0x00000000c1e00000| Untracked 
|  31|0x00000000c1f00000, 0x00000000c1f00000, 0x00000000c2000000|  0%| F|  |TAMS 0x00000000c1f00000, 0x00000000c1f00000| Untracked 
|  32|0x00000000c2000000, 0x00000000c2000000, 0x00000000c2100000|  0%| F|  |TAMS 0x00000000c2000000, 0x00000000c2000000| Untracked 
|  33|0x00000000c2100000, 0x00000000c2100000, 0x00000000c2200000|  0%| F|  |TAMS 0x00000000c2100000, 0x00000000c2100000| Untracked 
|  34|0x00000000c2200000, 0x00000000c2200000, 0x00000000c2300000|  0%| F|  |TAMS 0x00000000c2200000, 0x00000000c2200000| Untracked 
|  35|0x00000000c2300000, 0x00000000c2300000, 0x00000000c2400000|  0%| F|  |TAMS 0x00000000c2300000, 0x00000000c2300000| Untracked 
|  36|0x00000000c2400000, 0x00000000c2400000, 0x00000000c2500000|  0%| F|  |TAMS 0x00000000c2400000, 0x00000000c2400000| Untracked 
|  37|0x00000000c2500000, 0x00000000c2500000, 0x00000000c2600000|  0%| F|  |TAMS 0x00000000c2500000, 0x00000000c2500000| Untracked 
|  38|0x00000000c2600000, 0x00000000c2600000, 0x00000000c2700000|  0%| F|  |TAMS 0x00000000c2600000, 0x00000000c2600000| Untracked 
|  39|0x00000000c2700000, 0x00000000c2700000, 0x00000000c2800000|  0%| F|  |TAMS 0x00000000c2700000, 0x00000000c2700000| Untracked 
|  40|0x00000000c2800000, 0x00000000c2800000, 0x00000000c2900000|  0%| F|  |TAMS 0x00000000c2800000, 0x00000000c2800000| Untracked 
|  41|0x00000000c2900000, 0x00000000c2900000, 0x00000000c2a00000|  0%| F|  |TAMS 0x00000000c2900000, 0x00000000c2900000| Untracked 
|  42|0x00000000c2a00000, 0x00000000c2a00000, 0x00000000c2b00000|  0%| F|  |TAMS 0x00000000c2a00000, 0x00000000c2a00000| Untracked 
|  43|0x00000000c2b00000, 0x00000000c2b00000, 0x00000000c2c00000|  0%| F|  |TAMS 0x00000000c2b00000, 0x00000000c2b00000| Untracked 
|  44|0x00000000c2c00000, 0x00000000c2c00000, 0x00000000c2d00000|  0%| F|  |TAMS 0x00000000c2c00000, 0x00000000c2c00000| Untracked 
|  45|0x00000000c2d00000, 0x00000000c2d00000, 0x00000000c2e00000|  0%| F|  |TAMS 0x00000000c2d00000, 0x00000000c2d00000| Untracked 
|  46|0x00000000c2e00000, 0x00000000c2e00000, 0x00000000c2f00000|  0%| F|  |TAMS 0x00000000c2e00000, 0x00000000c2e00000| Untracked 
|  47|0x00000000c2f00000, 0x00000000c2f00000, 0x00000000c3000000|  0%| F|  |TAMS 0x00000000c2f00000, 0x00000000c2f00000| Untracked 
|  48|0x00000000c3000000, 0x00000000c3000000, 0x00000000c3100000|  0%| F|  |TAMS 0x00000000c3000000, 0x00000000c3000000| Untracked 
|  49|0x00000000c3100000, 0x00000000c3100000, 0x00000000c3200000|  0%| F|  |TAMS 0x00000000c3100000, 0x00000000c3100000| Untracked 
|  50|0x00000000c3200000, 0x00000000c3200000, 0x00000000c3300000|  0%| F|  |TAMS 0x00000000c3200000, 0x00000000c3200000| Untracked 
|  51|0x00000000c3300000, 0x00000000c3300000, 0x00000000c3400000|  0%| F|  |TAMS 0x00000000c3300000, 0x00000000c3300000| Untracked 
|  52|0x00000000c3400000, 0x00000000c3400000, 0x00000000c3500000|  0%| F|  |TAMS 0x00000000c3400000, 0x00000000c3400000| Untracked 
|  53|0x00000000c3500000, 0x00000000c3500000, 0x00000000c3600000|  0%| F|  |TAMS 0x00000000c3500000, 0x00000000c3500000| Untracked 
|  54|0x00000000c3600000, 0x00000000c3600000, 0x00000000c3700000|  0%| F|  |TAMS 0x00000000c3600000, 0x00000000c3600000| Untracked 
|  55|0x00000000c3700000, 0x00000000c3700000, 0x00000000c3800000|  0%| F|  |TAMS 0x00000000c3700000, 0x00000000c3700000| Untracked 
|  56|0x00000000c3800000, 0x00000000c3800000, 0x00000000c3900000|  0%| F|  |TAMS 0x00000000c3800000, 0x00000000c3800000| Untracked 
|  57|0x00000000c3900000, 0x00000000c3900000, 0x00000000c3a00000|  0%| F|  |TAMS 0x00000000c3900000, 0x00000000c3900000| Untracked 
|  58|0x00000000c3a00000, 0x00000000c3a00000, 0x00000000c3b00000|  0%| F|  |TAMS 0x00000000c3a00000, 0x00000000c3a00000| Untracked 
|  59|0x00000000c3b00000, 0x00000000c3b00000, 0x00000000c3c00000|  0%| F|  |TAMS 0x00000000c3b00000, 0x00000000c3b00000| Untracked 
|  60|0x00000000c3c00000, 0x00000000c3c00000, 0x00000000c3d00000|  0%| F|  |TAMS 0x00000000c3c00000, 0x00000000c3c00000| Untracked 
|  61|0x00000000c3d00000, 0x00000000c3d00000, 0x00000000c3e00000|  0%| F|  |TAMS 0x00000000c3d00000, 0x00000000c3d00000| Untracked 
|  62|0x00000000c3e00000, 0x00000000c3e00000, 0x00000000c3f00000|  0%| F|  |TAMS 0x00000000c3e00000, 0x00000000c3e00000| Untracked 
|  63|0x00000000c3f00000, 0x00000000c3f00000, 0x00000000c4000000|  0%| F|  |TAMS 0x00000000c3f00000, 0x00000000c3f00000| Untracked 
|  64|0x00000000c4000000, 0x00000000c4000000, 0x00000000c4100000|  0%| F|  |TAMS 0x00000000c4000000, 0x00000000c4000000| Untracked 
|  65|0x00000000c4100000, 0x00000000c4100000, 0x00000000c4200000|  0%| F|  |TAMS 0x00000000c4100000, 0x00000000c4100000| Untracked 
|  66|0x00000000c4200000, 0x00000000c4200000, 0x00000000c4300000|  0%| F|  |TAMS 0x00000000c4200000, 0x00000000c4200000| Untracked 
|  67|0x00000000c4300000, 0x00000000c4300000, 0x00000000c4400000|  0%| F|  |TAMS 0x00000000c4300000, 0x00000000c4300000| Untracked 
|  68|0x00000000c4400000, 0x00000000c4400000, 0x00000000c4500000|  0%| F|  |TAMS 0x00000000c4400000, 0x00000000c4400000| Untracked 
|  69|0x00000000c4500000, 0x00000000c4500000, 0x00000000c4600000|  0%| F|  |TAMS 0x00000000c4500000, 0x00000000c4500000| Untracked 
|  70|0x00000000c4600000, 0x00000000c4600000, 0x00000000c4700000|  0%| F|  |TAMS 0x00000000c4600000, 0x00000000c4600000| Untracked 
|  71|0x00000000c4700000, 0x00000000c4700000, 0x00000000c4800000|  0%| F|  |TAMS 0x00000000c4700000, 0x00000000c4700000| Untracked 
|  72|0x00000000c4800000, 0x00000000c4800000, 0x00000000c4900000|  0%| F|  |TAMS 0x00000000c4800000, 0x00000000c4800000| Untracked 
|  73|0x00000000c4900000, 0x00000000c4900000, 0x00000000c4a00000|  0%| F|  |TAMS 0x00000000c4900000, 0x00000000c4900000| Untracked 
|  74|0x00000000c4a00000, 0x00000000c4a00000, 0x00000000c4b00000|  0%| F|  |TAMS 0x00000000c4a00000, 0x00000000c4a00000| Untracked 
|  75|0x00000000c4b00000, 0x00000000c4b00000, 0x00000000c4c00000|  0%| F|  |TAMS 0x00000000c4b00000, 0x00000000c4b00000| Untracked 
|  76|0x00000000c4c00000, 0x00000000c4c00000, 0x00000000c4d00000|  0%| F|  |TAMS 0x00000000c4c00000, 0x00000000c4c00000| Untracked 
|  77|0x00000000c4d00000, 0x00000000c4d00000, 0x00000000c4e00000|  0%| F|  |TAMS 0x00000000c4d00000, 0x00000000c4d00000| Untracked 
|  78|0x00000000c4e00000, 0x00000000c4e00000, 0x00000000c4f00000|  0%| F|  |TAMS 0x00000000c4e00000, 0x00000000c4e00000| Untracked 
|  79|0x00000000c4f00000, 0x00000000c4f00000, 0x00000000c5000000|  0%| F|  |TAMS 0x00000000c4f00000, 0x00000000c4f00000| Untracked 
|  80|0x00000000c5000000, 0x00000000c5000000, 0x00000000c5100000|  0%| F|  |TAMS 0x00000000c5000000, 0x00000000c5000000| Untracked 
|  81|0x00000000c5100000, 0x00000000c5100000, 0x00000000c5200000|  0%| F|  |TAMS 0x00000000c5100000, 0x00000000c5100000| Untracked 
|  82|0x00000000c5200000, 0x00000000c5200000, 0x00000000c5300000|  0%| F|  |TAMS 0x00000000c5200000, 0x00000000c5200000| Untracked 
|  83|0x00000000c5300000, 0x00000000c5400000, 0x00000000c5400000|100%| S|  |TAMS 0x00000000c5300000, 0x00000000c5300000| Complete 
|  84|0x00000000c5400000, 0x00000000c5500000, 0x00000000c5500000|100%| S|  |TAMS 0x00000000c5400000, 0x00000000c5400000| Complete 
|  85|0x00000000c5500000, 0x00000000c5600000, 0x00000000c5600000|100%| S|  |TAMS 0x00000000c5500000, 0x00000000c5500000| Complete 
|  86|0x00000000c5600000, 0x00000000c5700000, 0x00000000c5700000|100%| S|  |TAMS 0x00000000c5600000, 0x00000000c5600000| Complete 
|  87|0x00000000c5700000, 0x00000000c5800000, 0x00000000c5800000|100%| S|  |TAMS 0x00000000c5700000, 0x00000000c5700000| Complete 
|  88|0x00000000c5800000, 0x00000000c5900000, 0x00000000c5900000|100%| S|  |TAMS 0x00000000c5800000, 0x00000000c5800000| Complete 
|  89|0x00000000c5900000, 0x00000000c5a00000, 0x00000000c5a00000|100%| S|  |TAMS 0x00000000c5900000, 0x00000000c5900000| Complete 
|  90|0x00000000c5a00000, 0x00000000c5b00000, 0x00000000c5b00000|100%| S|  |TAMS 0x00000000c5a00000, 0x00000000c5a00000| Complete 
|  91|0x00000000c5b00000, 0x00000000c5c00000, 0x00000000c5c00000|100%| S|  |TAMS 0x00000000c5b00000, 0x00000000c5b00000| Complete 
|  92|0x00000000c5c00000, 0x00000000c5d00000, 0x00000000c5d00000|100%| S|  |TAMS 0x00000000c5c00000, 0x00000000c5c00000| Complete 
|  93|0x00000000c5d00000, 0x00000000c5e00000, 0x00000000c5e00000|100%| S|  |TAMS 0x00000000c5d00000, 0x00000000c5d00000| Complete 
|  94|0x00000000c5e00000, 0x00000000c5f00000, 0x00000000c5f00000|100%| S|  |TAMS 0x00000000c5e00000, 0x00000000c5e00000| Complete 
|  95|0x00000000c5f00000, 0x00000000c6000000, 0x00000000c6000000|100%| S|  |TAMS 0x00000000c5f00000, 0x00000000c5f00000| Complete 
|  96|0x00000000c6000000, 0x00000000c6100000, 0x00000000c6100000|100%| S|  |TAMS 0x00000000c6000000, 0x00000000c6000000| Complete 
|  97|0x00000000c6100000, 0x00000000c6200000, 0x00000000c6200000|100%| S|  |TAMS 0x00000000c6100000, 0x00000000c6100000| Complete 
|  98|0x00000000c6200000, 0x00000000c6300000, 0x00000000c6300000|100%| S|  |TAMS 0x00000000c6200000, 0x00000000c6200000| Complete 
|  99|0x00000000c6300000, 0x00000000c6400000, 0x00000000c6400000|100%| S|  |TAMS 0x00000000c6300000, 0x00000000c6300000| Complete 
| 100|0x00000000c6400000, 0x00000000c6500000, 0x00000000c6500000|100%| S|  |TAMS 0x00000000c6400000, 0x00000000c6400000| Complete 
| 101|0x00000000c6500000, 0x00000000c6600000, 0x00000000c6600000|100%| S|  |TAMS 0x00000000c6500000, 0x00000000c6500000| Complete 
| 102|0x00000000c6600000, 0x00000000c6700000, 0x00000000c6700000|100%| S|  |TAMS 0x00000000c6600000, 0x00000000c6600000| Complete 
| 103|0x00000000c6700000, 0x00000000c6800000, 0x00000000c6800000|100%| E|CS|TAMS 0x00000000c6700000, 0x00000000c6700000| Complete 
| 104|0x00000000c6800000, 0x00000000c6900000, 0x00000000c6900000|100%| E|CS|TAMS 0x00000000c6800000, 0x00000000c6800000| Complete 
| 105|0x00000000c6900000, 0x00000000c6a00000, 0x00000000c6a00000|100%| E|CS|TAMS 0x00000000c6900000, 0x00000000c6900000| Complete 
| 106|0x00000000c6a00000, 0x00000000c6b00000, 0x00000000c6b00000|100%| E|CS|TAMS 0x00000000c6a00000, 0x00000000c6a00000| Complete 
| 107|0x00000000c6b00000, 0x00000000c6c00000, 0x00000000c6c00000|100%| E|CS|TAMS 0x00000000c6b00000, 0x00000000c6b00000| Complete 
| 108|0x00000000c6c00000, 0x00000000c6d00000, 0x00000000c6d00000|100%| E|CS|TAMS 0x00000000c6c00000, 0x00000000c6c00000| Complete 
| 109|0x00000000c6d00000, 0x00000000c6e00000, 0x00000000c6e00000|100%| E|CS|TAMS 0x00000000c6d00000, 0x00000000c6d00000| Complete 
| 110|0x00000000c6e00000, 0x00000000c6f00000, 0x00000000c6f00000|100%| E|CS|TAMS 0x00000000c6e00000, 0x00000000c6e00000| Complete 
| 111|0x00000000c6f00000, 0x00000000c7000000, 0x00000000c7000000|100%| E|CS|TAMS 0x00000000c6f00000, 0x00000000c6f00000| Complete 
| 112|0x00000000c7000000, 0x00000000c7100000, 0x00000000c7100000|100%| E|CS|TAMS 0x00000000c7000000, 0x00000000c7000000| Complete 
| 113|0x00000000c7100000, 0x00000000c7200000, 0x00000000c7200000|100%| E|CS|TAMS 0x00000000c7100000, 0x00000000c7100000| Complete 
| 114|0x00000000c7200000, 0x00000000c7300000, 0x00000000c7300000|100%| E|CS|TAMS 0x00000000c7200000, 0x00000000c7200000| Complete 
| 115|0x00000000c7300000, 0x00000000c7400000, 0x00000000c7400000|100%| E|CS|TAMS 0x00000000c7300000, 0x00000000c7300000| Complete 
| 116|0x00000000c7400000, 0x00000000c7500000, 0x00000000c7500000|100%| E|CS|TAMS 0x00000000c7400000, 0x00000000c7400000| Complete 
| 117|0x00000000c7500000, 0x00000000c7600000, 0x00000000c7600000|100%| E|CS|TAMS 0x00000000c7500000, 0x00000000c7500000| Complete 
| 118|0x00000000c7600000, 0x00000000c7700000, 0x00000000c7700000|100%| E|CS|TAMS 0x00000000c7600000, 0x00000000c7600000| Complete 
| 119|0x00000000c7700000, 0x00000000c7800000, 0x00000000c7800000|100%| E|CS|TAMS 0x00000000c7700000, 0x00000000c7700000| Complete 
| 120|0x00000000c7800000, 0x00000000c7900000, 0x00000000c7900000|100%| E|CS|TAMS 0x00000000c7800000, 0x00000000c7800000| Complete 
| 121|0x00000000c7900000, 0x00000000c7a00000, 0x00000000c7a00000|100%| E|CS|TAMS 0x00000000c7900000, 0x00000000c7900000| Complete 
| 122|0x00000000c7a00000, 0x00000000c7b00000, 0x00000000c7b00000|100%| E|CS|TAMS 0x00000000c7a00000, 0x00000000c7a00000| Complete 
| 123|0x00000000c7b00000, 0x00000000c7c00000, 0x00000000c7c00000|100%| E|CS|TAMS 0x00000000c7b00000, 0x00000000c7b00000| Complete 
| 124|0x00000000c7c00000, 0x00000000c7d00000, 0x00000000c7d00000|100%| E|CS|TAMS 0x00000000c7c00000, 0x00000000c7c00000| Complete 
| 125|0x00000000c7d00000, 0x00000000c7e00000, 0x00000000c7e00000|100%| E|CS|TAMS 0x00000000c7d00000, 0x00000000c7d00000| Complete 
| 126|0x00000000c7e00000, 0x00000000c7f00000, 0x00000000c7f00000|100%| E|CS|TAMS 0x00000000c7e00000, 0x00000000c7e00000| Complete 
| 127|0x00000000c7f00000, 0x00000000c8000000, 0x00000000c8000000|100%| E|CS|TAMS 0x00000000c7f00000, 0x00000000c7f00000| Complete 
| 128|0x00000000c8000000, 0x00000000c8100000, 0x00000000c8100000|100%| E|CS|TAMS 0x00000000c8000000, 0x00000000c8000000| Complete 
| 129|0x00000000c8100000, 0x00000000c8200000, 0x00000000c8200000|100%| E|CS|TAMS 0x00000000c8100000, 0x00000000c8100000| Complete 
| 130|0x00000000c8200000, 0x00000000c8300000, 0x00000000c8300000|100%| E|CS|TAMS 0x00000000c8200000, 0x00000000c8200000| Complete 
| 131|0x00000000c8300000, 0x00000000c8400000, 0x00000000c8400000|100%| E|CS|TAMS 0x00000000c8300000, 0x00000000c8300000| Complete 
| 132|0x00000000c8400000, 0x00000000c8500000, 0x00000000c8500000|100%| E|CS|TAMS 0x00000000c8400000, 0x00000000c8400000| Complete 
| 133|0x00000000c8500000, 0x00000000c8600000, 0x00000000c8600000|100%| E|CS|TAMS 0x00000000c8500000, 0x00000000c8500000| Complete 
| 134|0x00000000c8600000, 0x00000000c8700000, 0x00000000c8700000|100%| E|CS|TAMS 0x00000000c8600000, 0x00000000c8600000| Complete 
| 135|0x00000000c8700000, 0x00000000c8800000, 0x00000000c8800000|100%| E|CS|TAMS 0x00000000c8700000, 0x00000000c8700000| Complete 
| 136|0x00000000c8800000, 0x00000000c8900000, 0x00000000c8900000|100%| E|CS|TAMS 0x00000000c8800000, 0x00000000c8800000| Complete 
| 137|0x00000000c8900000, 0x00000000c8a00000, 0x00000000c8a00000|100%| E|CS|TAMS 0x00000000c8900000, 0x00000000c8900000| Complete 
| 138|0x00000000c8a00000, 0x00000000c8b00000, 0x00000000c8b00000|100%| E|CS|TAMS 0x00000000c8a00000, 0x00000000c8a00000| Complete 
| 139|0x00000000c8b00000, 0x00000000c8c00000, 0x00000000c8c00000|100%| E|CS|TAMS 0x00000000c8b00000, 0x00000000c8b00000| Complete 
| 140|0x00000000c8c00000, 0x00000000c8d00000, 0x00000000c8d00000|100%| E|CS|TAMS 0x00000000c8c00000, 0x00000000c8c00000| Complete 
| 141|0x00000000c8d00000, 0x00000000c8e00000, 0x00000000c8e00000|100%| E|CS|TAMS 0x00000000c8d00000, 0x00000000c8d00000| Complete 
| 142|0x00000000c8e00000, 0x00000000c8f00000, 0x00000000c8f00000|100%| E|CS|TAMS 0x00000000c8e00000, 0x00000000c8e00000| Complete 
| 143|0x00000000c8f00000, 0x00000000c9000000, 0x00000000c9000000|100%| E|CS|TAMS 0x00000000c8f00000, 0x00000000c8f00000| Complete 
| 144|0x00000000c9000000, 0x00000000c9100000, 0x00000000c9100000|100%| E|CS|TAMS 0x00000000c9000000, 0x00000000c9000000| Complete 
| 145|0x00000000c9100000, 0x00000000c9200000, 0x00000000c9200000|100%| E|CS|TAMS 0x00000000c9100000, 0x00000000c9100000| Complete 
| 146|0x00000000c9200000, 0x00000000c9300000, 0x00000000c9300000|100%| E|CS|TAMS 0x00000000c9200000, 0x00000000c9200000| Complete 
| 147|0x00000000c9300000, 0x00000000c9400000, 0x00000000c9400000|100%| E|CS|TAMS 0x00000000c9300000, 0x00000000c9300000| Complete 
| 148|0x00000000c9400000, 0x00000000c9500000, 0x00000000c9500000|100%| E|CS|TAMS 0x00000000c9400000, 0x00000000c9400000| Complete 
| 149|0x00000000c9500000, 0x00000000c9600000, 0x00000000c9600000|100%| E|CS|TAMS 0x00000000c9500000, 0x00000000c9500000| Complete 
| 150|0x00000000c9600000, 0x00000000c9700000, 0x00000000c9700000|100%| E|CS|TAMS 0x00000000c9600000, 0x00000000c9600000| Complete 
| 151|0x00000000c9700000, 0x00000000c9800000, 0x00000000c9800000|100%| E|CS|TAMS 0x00000000c9700000, 0x00000000c9700000| Complete 
| 152|0x00000000c9800000, 0x00000000c9900000, 0x00000000c9900000|100%| E|CS|TAMS 0x00000000c9800000, 0x00000000c9800000| Complete 
| 153|0x00000000c9900000, 0x00000000c9a00000, 0x00000000c9a00000|100%| E|CS|TAMS 0x00000000c9900000, 0x00000000c9900000| Complete 
| 154|0x00000000c9a00000, 0x00000000c9b00000, 0x00000000c9b00000|100%| E|CS|TAMS 0x00000000c9a00000, 0x00000000c9a00000| Complete 
| 155|0x00000000c9b00000, 0x00000000c9c00000, 0x00000000c9c00000|100%| E|CS|TAMS 0x00000000c9b00000, 0x00000000c9b00000| Complete 
| 156|0x00000000c9c00000, 0x00000000c9d00000, 0x00000000c9d00000|100%| E|CS|TAMS 0x00000000c9c00000, 0x00000000c9c00000| Complete 
| 157|0x00000000c9d00000, 0x00000000c9e00000, 0x00000000c9e00000|100%| E|CS|TAMS 0x00000000c9d00000, 0x00000000c9d00000| Complete 
| 158|0x00000000c9e00000, 0x00000000c9f00000, 0x00000000c9f00000|100%| E|CS|TAMS 0x00000000c9e00000, 0x00000000c9e00000| Complete 
| 159|0x00000000c9f00000, 0x00000000ca000000, 0x00000000ca000000|100%| E|CS|TAMS 0x00000000c9f00000, 0x00000000c9f00000| Complete 
| 160|0x00000000ca000000, 0x00000000ca100000, 0x00000000ca100000|100%| E|CS|TAMS 0x00000000ca000000, 0x00000000ca000000| Complete 
| 161|0x00000000ca100000, 0x00000000ca200000, 0x00000000ca200000|100%| E|CS|TAMS 0x00000000ca100000, 0x00000000ca100000| Complete 
| 162|0x00000000ca200000, 0x00000000ca300000, 0x00000000ca300000|100%| E|CS|TAMS 0x00000000ca200000, 0x00000000ca200000| Complete 
| 163|0x00000000ca300000, 0x00000000ca400000, 0x00000000ca400000|100%| E|CS|TAMS 0x00000000ca300000, 0x00000000ca300000| Complete 
| 164|0x00000000ca400000, 0x00000000ca500000, 0x00000000ca500000|100%| E|CS|TAMS 0x00000000ca400000, 0x00000000ca400000| Complete 
| 165|0x00000000ca500000, 0x00000000ca600000, 0x00000000ca600000|100%| E|CS|TAMS 0x00000000ca500000, 0x00000000ca500000| Complete 
| 166|0x00000000ca600000, 0x00000000ca700000, 0x00000000ca700000|100%| E|CS|TAMS 0x00000000ca600000, 0x00000000ca600000| Complete 
| 167|0x00000000ca700000, 0x00000000ca800000, 0x00000000ca800000|100%| E|CS|TAMS 0x00000000ca700000, 0x00000000ca700000| Complete 
| 168|0x00000000ca800000, 0x00000000ca900000, 0x00000000ca900000|100%| E|CS|TAMS 0x00000000ca800000, 0x00000000ca800000| Complete 
| 169|0x00000000ca900000, 0x00000000caa00000, 0x00000000caa00000|100%| E|CS|TAMS 0x00000000ca900000, 0x00000000ca900000| Complete 
| 170|0x00000000caa00000, 0x00000000cab00000, 0x00000000cab00000|100%| E|CS|TAMS 0x00000000caa00000, 0x00000000caa00000| Complete 
| 171|0x00000000cab00000, 0x00000000cac00000, 0x00000000cac00000|100%| E|CS|TAMS 0x00000000cab00000, 0x00000000cab00000| Complete 
| 172|0x00000000cac00000, 0x00000000cad00000, 0x00000000cad00000|100%| E|CS|TAMS 0x00000000cac00000, 0x00000000cac00000| Complete 
| 173|0x00000000cad00000, 0x00000000cae00000, 0x00000000cae00000|100%| E|CS|TAMS 0x00000000cad00000, 0x00000000cad00000| Complete 
| 174|0x00000000cae00000, 0x00000000caf00000, 0x00000000caf00000|100%| E|CS|TAMS 0x00000000cae00000, 0x00000000cae00000| Complete 
| 175|0x00000000caf00000, 0x00000000cb000000, 0x00000000cb000000|100%| E|CS|TAMS 0x00000000caf00000, 0x00000000caf00000| Complete 
| 176|0x00000000cb000000, 0x00000000cb100000, 0x00000000cb100000|100%| E|CS|TAMS 0x00000000cb000000, 0x00000000cb000000| Complete 
| 177|0x00000000cb100000, 0x00000000cb200000, 0x00000000cb200000|100%| E|CS|TAMS 0x00000000cb100000, 0x00000000cb100000| Complete 
| 178|0x00000000cb200000, 0x00000000cb300000, 0x00000000cb300000|100%| E|CS|TAMS 0x00000000cb200000, 0x00000000cb200000| Complete 
| 179|0x00000000cb300000, 0x00000000cb400000, 0x00000000cb400000|100%| E|CS|TAMS 0x00000000cb300000, 0x00000000cb300000| Complete 
| 180|0x00000000cb400000, 0x00000000cb500000, 0x00000000cb500000|100%| E|CS|TAMS 0x00000000cb400000, 0x00000000cb400000| Complete 
| 181|0x00000000cb500000, 0x00000000cb600000, 0x00000000cb600000|100%| E|CS|TAMS 0x00000000cb500000, 0x00000000cb500000| Complete 
| 182|0x00000000cb600000, 0x00000000cb700000, 0x00000000cb700000|100%| E|CS|TAMS 0x00000000cb600000, 0x00000000cb600000| Complete 
| 183|0x00000000cb700000, 0x00000000cb800000, 0x00000000cb800000|100%| E|CS|TAMS 0x00000000cb700000, 0x00000000cb700000| Complete 
| 184|0x00000000cb800000, 0x00000000cb900000, 0x00000000cb900000|100%| E|CS|TAMS 0x00000000cb800000, 0x00000000cb800000| Complete 
| 185|0x00000000cb900000, 0x00000000cba00000, 0x00000000cba00000|100%| E|CS|TAMS 0x00000000cb900000, 0x00000000cb900000| Complete 
| 186|0x00000000cba00000, 0x00000000cbb00000, 0x00000000cbb00000|100%| E|CS|TAMS 0x00000000cba00000, 0x00000000cba00000| Complete 
| 187|0x00000000cbb00000, 0x00000000cbc00000, 0x00000000cbc00000|100%| E|CS|TAMS 0x00000000cbb00000, 0x00000000cbb00000| Complete 
| 188|0x00000000cbc00000, 0x00000000cbd00000, 0x00000000cbd00000|100%| E|CS|TAMS 0x00000000cbc00000, 0x00000000cbc00000| Complete 
| 189|0x00000000cbd00000, 0x00000000cbe00000, 0x00000000cbe00000|100%| E|CS|TAMS 0x00000000cbd00000, 0x00000000cbd00000| Complete 
| 190|0x00000000cbe00000, 0x00000000cbf00000, 0x00000000cbf00000|100%| E|CS|TAMS 0x00000000cbe00000, 0x00000000cbe00000| Complete 
| 191|0x00000000cbf00000, 0x00000000cc000000, 0x00000000cc000000|100%| E|CS|TAMS 0x00000000cbf00000, 0x00000000cbf00000| Complete 
| 192|0x00000000cc000000, 0x00000000cc100000, 0x00000000cc100000|100%| E|CS|TAMS 0x00000000cc000000, 0x00000000cc000000| Complete 
| 193|0x00000000cc100000, 0x00000000cc200000, 0x00000000cc200000|100%| E|CS|TAMS 0x00000000cc100000, 0x00000000cc100000| Complete 
| 194|0x00000000cc200000, 0x00000000cc300000, 0x00000000cc300000|100%| E|CS|TAMS 0x00000000cc200000, 0x00000000cc200000| Complete 
| 195|0x00000000cc300000, 0x00000000cc400000, 0x00000000cc400000|100%| E|CS|TAMS 0x00000000cc300000, 0x00000000cc300000| Complete 
| 196|0x00000000cc400000, 0x00000000cc500000, 0x00000000cc500000|100%| E|CS|TAMS 0x00000000cc400000, 0x00000000cc400000| Complete 
| 197|0x00000000cc500000, 0x00000000cc600000, 0x00000000cc600000|100%| E|CS|TAMS 0x00000000cc500000, 0x00000000cc500000| Complete 
| 198|0x00000000cc600000, 0x00000000cc700000, 0x00000000cc700000|100%| E|CS|TAMS 0x00000000cc600000, 0x00000000cc600000| Complete 
| 199|0x00000000cc700000, 0x00000000cc800000, 0x00000000cc800000|100%| E|CS|TAMS 0x00000000cc700000, 0x00000000cc700000| Complete 
| 200|0x00000000cc800000, 0x00000000cc900000, 0x00000000cc900000|100%| E|CS|TAMS 0x00000000cc800000, 0x00000000cc800000| Complete 
| 201|0x00000000cc900000, 0x00000000cca00000, 0x00000000cca00000|100%| E|CS|TAMS 0x00000000cc900000, 0x00000000cc900000| Complete 
| 202|0x00000000cca00000, 0x00000000ccb00000, 0x00000000ccb00000|100%| E|CS|TAMS 0x00000000cca00000, 0x00000000cca00000| Complete 
| 203|0x00000000ccb00000, 0x00000000ccc00000, 0x00000000ccc00000|100%| E|CS|TAMS 0x00000000ccb00000, 0x00000000ccb00000| Complete 
| 204|0x00000000ccc00000, 0x00000000ccd00000, 0x00000000ccd00000|100%| E|CS|TAMS 0x00000000ccc00000, 0x00000000ccc00000| Complete 
| 205|0x00000000ccd00000, 0x00000000cce00000, 0x00000000cce00000|100%| E|CS|TAMS 0x00000000ccd00000, 0x00000000ccd00000| Complete 
| 206|0x00000000cce00000, 0x00000000ccf00000, 0x00000000ccf00000|100%| E|CS|TAMS 0x00000000cce00000, 0x00000000cce00000| Complete 
| 207|0x00000000ccf00000, 0x00000000cd000000, 0x00000000cd000000|100%| E|CS|TAMS 0x00000000ccf00000, 0x00000000ccf00000| Complete 
| 208|0x00000000cd000000, 0x00000000cd100000, 0x00000000cd100000|100%| E|CS|TAMS 0x00000000cd000000, 0x00000000cd000000| Complete 
| 209|0x00000000cd100000, 0x00000000cd200000, 0x00000000cd200000|100%| E|CS|TAMS 0x00000000cd100000, 0x00000000cd100000| Complete 
| 210|0x00000000cd200000, 0x00000000cd300000, 0x00000000cd300000|100%| E|CS|TAMS 0x00000000cd200000, 0x00000000cd200000| Complete 
| 211|0x00000000cd300000, 0x00000000cd400000, 0x00000000cd400000|100%| E|CS|TAMS 0x00000000cd300000, 0x00000000cd300000| Complete 
| 212|0x00000000cd400000, 0x00000000cd500000, 0x00000000cd500000|100%| E|CS|TAMS 0x00000000cd400000, 0x00000000cd400000| Complete 
| 213|0x00000000cd500000, 0x00000000cd600000, 0x00000000cd600000|100%| E|CS|TAMS 0x00000000cd500000, 0x00000000cd500000| Complete 
| 214|0x00000000cd600000, 0x00000000cd700000, 0x00000000cd700000|100%| E|CS|TAMS 0x00000000cd600000, 0x00000000cd600000| Complete 
| 215|0x00000000cd700000, 0x00000000cd800000, 0x00000000cd800000|100%| E|CS|TAMS 0x00000000cd700000, 0x00000000cd700000| Complete 
| 216|0x00000000cd800000, 0x00000000cd900000, 0x00000000cd900000|100%| E|CS|TAMS 0x00000000cd800000, 0x00000000cd800000| Complete 
| 217|0x00000000cd900000, 0x00000000cda00000, 0x00000000cda00000|100%| E|CS|TAMS 0x00000000cd900000, 0x00000000cd900000| Complete 
| 218|0x00000000cda00000, 0x00000000cdb00000, 0x00000000cdb00000|100%| E|CS|TAMS 0x00000000cda00000, 0x00000000cda00000| Complete 
| 219|0x00000000cdb00000, 0x00000000cdc00000, 0x00000000cdc00000|100%| E|CS|TAMS 0x00000000cdb00000, 0x00000000cdb00000| Complete 
| 220|0x00000000cdc00000, 0x00000000cdd00000, 0x00000000cdd00000|100%| E|CS|TAMS 0x00000000cdc00000, 0x00000000cdc00000| Complete 
| 221|0x00000000cdd00000, 0x00000000cde00000, 0x00000000cde00000|100%| E|CS|TAMS 0x00000000cdd00000, 0x00000000cdd00000| Complete 
| 222|0x00000000cde00000, 0x00000000cdf00000, 0x00000000cdf00000|100%| E|CS|TAMS 0x00000000cde00000, 0x00000000cde00000| Complete 
| 223|0x00000000cdf00000, 0x00000000ce000000, 0x00000000ce000000|100%| E|CS|TAMS 0x00000000cdf00000, 0x00000000cdf00000| Complete 
| 224|0x00000000ce000000, 0x00000000ce100000, 0x00000000ce100000|100%| E|CS|TAMS 0x00000000ce000000, 0x00000000ce000000| Complete 
| 225|0x00000000ce100000, 0x00000000ce200000, 0x00000000ce200000|100%| E|CS|TAMS 0x00000000ce100000, 0x00000000ce100000| Complete 
| 226|0x00000000ce200000, 0x00000000ce300000, 0x00000000ce300000|100%| E|CS|TAMS 0x00000000ce200000, 0x00000000ce200000| Complete 
| 227|0x00000000ce300000, 0x00000000ce400000, 0x00000000ce400000|100%| E|CS|TAMS 0x00000000ce300000, 0x00000000ce300000| Complete 
| 228|0x00000000ce400000, 0x00000000ce500000, 0x00000000ce500000|100%| E|CS|TAMS 0x00000000ce400000, 0x00000000ce400000| Complete 
| 229|0x00000000ce500000, 0x00000000ce600000, 0x00000000ce600000|100%| E|CS|TAMS 0x00000000ce500000, 0x00000000ce500000| Complete 
| 230|0x00000000ce600000, 0x00000000ce700000, 0x00000000ce700000|100%| E|CS|TAMS 0x00000000ce600000, 0x00000000ce600000| Complete 
| 231|0x00000000ce700000, 0x00000000ce800000, 0x00000000ce800000|100%| E|CS|TAMS 0x00000000ce700000, 0x00000000ce700000| Complete 
| 232|0x00000000ce800000, 0x00000000ce900000, 0x00000000ce900000|100%| E|CS|TAMS 0x00000000ce800000, 0x00000000ce800000| Complete 
| 233|0x00000000ce900000, 0x00000000cea00000, 0x00000000cea00000|100%| E|CS|TAMS 0x00000000ce900000, 0x00000000ce900000| Complete 
| 234|0x00000000cea00000, 0x00000000ceb00000, 0x00000000ceb00000|100%| E|CS|TAMS 0x00000000cea00000, 0x00000000cea00000| Complete 
| 235|0x00000000ceb00000, 0x00000000cec00000, 0x00000000cec00000|100%| E|CS|TAMS 0x00000000ceb00000, 0x00000000ceb00000| Complete 
| 236|0x00000000cec00000, 0x00000000ced00000, 0x00000000ced00000|100%| E|CS|TAMS 0x00000000cec00000, 0x00000000cec00000| Complete 
| 237|0x00000000ced00000, 0x00000000cee00000, 0x00000000cee00000|100%| E|CS|TAMS 0x00000000ced00000, 0x00000000ced00000| Complete 
| 238|0x00000000cee00000, 0x00000000cef00000, 0x00000000cef00000|100%| E|CS|TAMS 0x00000000cee00000, 0x00000000cee00000| Complete 
| 239|0x00000000cef00000, 0x00000000cf000000, 0x00000000cf000000|100%| E|CS|TAMS 0x00000000cef00000, 0x00000000cef00000| Complete 
| 240|0x00000000cf000000, 0x00000000cf100000, 0x00000000cf100000|100%| E|CS|TAMS 0x00000000cf000000, 0x00000000cf000000| Complete 
| 241|0x00000000cf100000, 0x00000000cf200000, 0x00000000cf200000|100%| E|CS|TAMS 0x00000000cf100000, 0x00000000cf100000| Complete 
| 242|0x00000000cf200000, 0x00000000cf300000, 0x00000000cf300000|100%| E|CS|TAMS 0x00000000cf200000, 0x00000000cf200000| Complete 
| 243|0x00000000cf300000, 0x00000000cf400000, 0x00000000cf400000|100%| E|CS|TAMS 0x00000000cf300000, 0x00000000cf300000| Complete 
| 244|0x00000000cf400000, 0x00000000cf500000, 0x00000000cf500000|100%| E|CS|TAMS 0x00000000cf400000, 0x00000000cf400000| Complete 
| 245|0x00000000cf500000, 0x00000000cf600000, 0x00000000cf600000|100%| E|CS|TAMS 0x00000000cf500000, 0x00000000cf500000| Complete 
| 246|0x00000000cf600000, 0x00000000cf700000, 0x00000000cf700000|100%| E|CS|TAMS 0x00000000cf600000, 0x00000000cf600000| Complete 
| 247|0x00000000cf700000, 0x00000000cf800000, 0x00000000cf800000|100%| E|CS|TAMS 0x00000000cf700000, 0x00000000cf700000| Complete 
| 248|0x00000000cf800000, 0x00000000cf900000, 0x00000000cf900000|100%| E|CS|TAMS 0x00000000cf800000, 0x00000000cf800000| Complete 
| 249|0x00000000cf900000, 0x00000000cfa00000, 0x00000000cfa00000|100%| E|CS|TAMS 0x00000000cf900000, 0x00000000cf900000| Complete 
| 250|0x00000000cfa00000, 0x00000000cfb00000, 0x00000000cfb00000|100%| E|CS|TAMS 0x00000000cfa00000, 0x00000000cfa00000| Complete 
| 251|0x00000000cfb00000, 0x00000000cfc00000, 0x00000000cfc00000|100%| E|CS|TAMS 0x00000000cfb00000, 0x00000000cfb00000| Complete 
| 252|0x00000000cfc00000, 0x00000000cfd00000, 0x00000000cfd00000|100%| E|CS|TAMS 0x00000000cfc00000, 0x00000000cfc00000| Complete 
| 253|0x00000000cfd00000, 0x00000000cfe00000, 0x00000000cfe00000|100%| E|CS|TAMS 0x00000000cfd00000, 0x00000000cfd00000| Complete 
| 254|0x00000000cfe00000, 0x00000000cff00000, 0x00000000cff00000|100%| E|CS|TAMS 0x00000000cfe00000, 0x00000000cfe00000| Complete 
| 255|0x00000000cff00000, 0x00000000d0000000, 0x00000000d0000000|100%| E|CS|TAMS 0x00000000cff00000, 0x00000000cff00000| Complete 

Card table byte_map: [0x00007f367dbf8000,0x00007f367ddf8000] _byte_map_base: 0x00007f367d5f8000

Marking Bits (Prev, Next): (CMBitMap*) 0x00007f367805c0c8, (CMBitMap*) 0x00007f367805c100
 Prev Bits: [0x00007f367c9f8000, 0x00007f367d9f8000)
 Next Bits: [0x00007f3660e00000, 0x00007f3661e00000)

Polling page: 0x00007f368146e000

Metaspace:

Usage:
  Non-class:     32.15 MB capacity,    31.64 MB ( 98%) used,   404.61 KB (  1%) free+waste,   110.00 KB ( <1%) overhead. 
      Class:      3.88 MB capacity,     3.53 MB ( 91%) used,   308.48 KB (  8%) free+waste,    49.44 KB (  1%) overhead. 
       Both:     36.03 MB capacity,    35.18 MB ( 98%) used,   713.09 KB (  2%) free+waste,   159.44 KB ( <1%) overhead. 

Virtual space:
  Non-class space:       34.00 MB reserved,      32.25 MB ( 95%) committed 
      Class space:        1.00 GB reserved,       4.00 MB ( <1%) committed 
             Both:        1.03 GB reserved,      36.25 MB (  3%) committed 

Chunk freelists:
   Non-Class:  70.00 KB
       Class:  0 bytes
        Both:  70.00 KB

MaxMetaspaceSize: unlimited
CompressedClassSpaceSize: 1.00 GB
Initial GC threshold: 20.80 MB
Current GC threshold: 58.75 MB
CDS: off

CodeHeap 'non-profiled nmethods': size=120032Kb used=2106Kb max_used=2106Kb free=117925Kb
 bounds [0x00007f36698c8000, 0x00007f3669b38000, 0x00007f3670e00000]
CodeHeap 'profiled nmethods': size=120028Kb used=11788Kb max_used=11788Kb free=108239Kb
 bounds [0x00007f3662391000, 0x00007f3662f21000, 0x00007f36698c8000]
CodeHeap 'non-nmethods': size=5700Kb used=1260Kb max_used=1310Kb free=4439Kb
 bounds [0x00007f3661e00000, 0x00007f3662070000, 0x00007f3662391000]
 total_blobs=5202 nmethods=4646 adapters=468
 compilation: enabled
              stopped_count=0, restarted_count=0
 full_count=0

Compilation events (20 events):
Event: 5.636 Thread 0x00007f36781eb800 4712       2       org.wso2.ballerinalang.compiler.tree.expressions.BLangMarkdownParameterDocumentation::accept (6 bytes)
Event: 5.636 Thread 0x00007f36781eb800 nmethod 4712 0x00007f3662f0d590 code [0x00007f3662f0d740, 0x00007f3662f0d860]
Event: 5.636 Thread 0x00007f36781eb800 4713       2       org.wso2.ballerinalang.compiler.parser.NodeCloner::visit (30 bytes)
Event: 5.637 Thread 0x00007f36781eb800 nmethod 4713 0x00007f3662f0d910 code [0x00007f3662f0dae0, 0x00007f3662f0de30]
Event: 5.640 Thread 0x00007f36781eb800 4714       2       org.wso2.ballerinalang.compiler.tree.expressions.BLangTypeConversionExpr::<init> (30 bytes)
Event: 5.641 Thread 0x00007f36781eb800 nmethod 4714 0x00007f3662f0df90 code [0x00007f3662f0e160, 0x00007f3662f0e440]
Event: 5.641 Thread 0x00007f36781eb800 4715       2       org.wso2.ballerinalang.compiler.parser.BLangNodeBuilder::transform (371 bytes)
Event: 5.646 Thread 0x00007f36781eb800 nmethod 4715 0x00007f3662f0e510 code [0x00007f3662f0e980, 0x00007f3662f108d0]
Event: 5.646 Thread 0x00007f36781eb800 4716       2       io.ballerina.compiler.internal.parser.tree.STInlineCodeReferenceNode::createFacade (11 bytes)
Event: 5.647 Thread 0x00007f36781eb800 nmethod 4716 0x00007f3662f11890 code [0x00007f3662f11a40, 0x00007f3662f11d50]
Event: 5.647 Thread 0x00007f36781eb800 4719       2       io.ballerina.compiler.internal.parser.tree.STRecordFieldWithDefaultValueNode::<init> (91 bytes)
Event: 5.647 Thread 0x00007f36781eb800 nmethod 4719 0x00007f3662f11e90 code [0x00007f3662f120c0, 0x00007f3662f12b40]
Event: 5.647 Thread 0x00007f36781eb800 4717       2       io.ballerina.compiler.syntax.tree.InlineCodeReferenceNode::<init> (8 bytes)
Event: 5.648 Thread 0x00007f36781eb800 nmethod 4717 0x00007f3662f12e10 code [0x00007f3662f12fc0, 0x00007f3662f13270]
Event: 5.648 Thread 0x00007f36781eb800 4720       2       org.wso2.ballerinalang.compiler.tree.types.BLangArrayType::<init> (16 bytes)
Event: 5.648 Thread 0x00007f36781eb800 nmethod 4720 0x00007f3662f13390 code [0x00007f3662f13560, 0x00007f3662f13840]
Event: 5.648 Thread 0x00007f36781eb800 4721       2       io.ballerina.compiler.internal.parser.BallerinaParser::isEndOfImportDecl (168 bytes)
Event: 5.649 Thread 0x00007f36781eb800 nmethod 4721 0x00007f3662f13910 code [0x00007f3662f13ac0, 0x00007f3662f13c70]
Event: 5.650 Thread 0x00007f36781eb800 4722       2       org.wso2.ballerinalang.compiler.tree.BLangVariable::setInitialExpression (9 bytes)
Event: 5.650 Thread 0x00007f36781eb800 nmethod 4722 0x00007f3662f13d90 code [0x00007f3662f13f40, 0x00007f3662f140b0]

GC Heap History (13 events):
Event: 1.367 GC heap before
{Heap before GC invocations=0 (full 0):
 garbage-first heap   total 262144K, used 27648K [0x00000000c0000000, 0x0000000100000000)
  region size 1024K, 24 young (24576K), 0 survivors (0K)
 Metaspace       used 11890K, capacity 12105K, committed 12160K, reserved 1060864K
  class space    used 1054K, capacity 1139K, committed 1152K, reserved 1048576K
}
Event: 1.381 GC heap after
{Heap after GC invocations=1 (full 0):
 garbage-first heap   total 262144K, used 11937K [0x00000000c0000000, 0x0000000100000000)
  region size 1024K, 3 young (3072K), 3 survivors (3072K)
 Metaspace       used 11890K, capacity 12105K, committed 12160K, reserved 1060864K
  class space    used 1054K, capacity 1139K, committed 1152K, reserved 1048576K
}
Event: 2.122 GC heap before
{Heap before GC invocations=1 (full 0):
 garbage-first heap   total 262144K, used 29345K [0x00000000c0000000, 0x0000000100000000)
  region size 1024K, 20 young (20480K), 3 survivors (3072K)
 Metaspace       used 16117K, capacity 16380K, committed 16768K, reserved 1064960K
  class space    used 1498K, capacity 1603K, committed 1664K, reserved 1048576K
}
Event: 2.156 GC heap after
{Heap after GC invocations=2 (full 0):
 garbage-first heap   total 262144K, used 13513K [0x00000000c0000000, 0x0000000100000000)
  region size 1024K, 2 young (2048K), 2 survivors (2048K)
 Metaspace       used 16117K, capacity 16380K, committed 16768K, reserved 1064960K
  class space    used 1498K, capacity 1603K, committed 1664K, reserved 1048576K
}
Event: 2.943 GC heap before
{Heap before GC invocations=2 (full 0):
 garbage-first heap   total 262144K, used 48329K [0x00000000c0000000, 0x0000000100000000)
  region size 1024K, 37 young (37888K), 2 survivors (2048K)
 Metaspace       used 20694K, capacity 21085K, committed 21248K, reserved 1069056K
  class space    used 2055K, capacity 2217K, committed 2304K, reserved 1048576K
}
Event: 2.950 GC heap after
{Heap after GC invocations=3 (full 0):
 garbage-first heap   total 262144K, used 15609K [0x00000000c0000000, 0x0000000100000000)
  region size 1024K, 4 young (4096K), 4 survivors (4096K)
 Metaspace       used 20694K, capacity 21085K, committed 21248K, reserved 1069056K
  class space    used 2055K, capacity 2217K, committed 2304K, reserved 1048576K
}
Event: 3.771 GC heap before
{Heap before GC invocations=4 (full 0):
 garbage-first heap   total 262144K, used 68857K [0x00000000c0000000, 0x0000000100000000)
  region size 1024K, 57 young (58368K), 4 survivors (4096K)
 Metaspace       used 26622K, capacity 27157K, committed 27392K, reserved 1073152K
  class space    used 2742K, capacity 2955K, committed 3072K, reserved 1048576K
}
Event: 3.778 GC heap after
{Heap after GC invocations=5 (full 0):
 garbage-first heap   total 262144K, used 19532K [0x00000000c0000000, 0x0000000100000000)
  region size 1024K, 8 young (8192K), 8 survivors (8192K)
 Metaspace       used 26622K, capacity 27157K, committed 27392K, reserved 1073152K
  class space    used 2742K, capacity 2955K, committed 3072K, reserved 1048576K
}
Event: 4.687 GC heap before
{Heap before GC invocations=5 (full 0):
 garbage-first heap   total 262144K, used 105548K [0x00000000c0000000, 0x0000000100000000)
  region size 1024K, 93 young (95232K), 8 survivors (8192K)
 Metaspace       used 34925K, capacity 35772K, committed 35840K, reserved 1081344K
  class space    used 3592K, capacity 3950K, committed 3968K, reserved 1048576K
}
Event: 4.696 GC heap after
{Heap after GC invocations=6 (full 0):
 garbage-first heap   total 262144K, used 23012K [0x00000000c0000000, 0x0000000100000000)
  region size 1024K, 10 young (10240K), 10 survivors (10240K)
 Metaspace       used 34925K, capacity 35772K, committed 35840K, reserved 1081344K
  class space    used 3592K, capacity 3950K, committed 3968K, reserved 1048576K
}
Event: 4.710 GC heap before
{Heap before GC invocations=6 (full 0):
 garbage-first heap   total 262144K, used 25060K [0x00000000c0000000, 0x0000000100000000)
  region size 1024K, 13 young (13312K), 10 survivors (10240K)
 Metaspace       used 34945K, capacity 35772K, committed 35840K, reserved 1081344K
  class space    used 3592K, capacity 3950K, committed 3968K, reserved 1048576K
}
Event: 4.730 GC heap after
{Heap after GC invocations=7 (full 0):
 garbage-first heap   total 262144K, used 23581K [0x00000000c0000000, 0x0000000100000000)
  region size 1024K, 10 young (10240K), 10 survivors (10240K)
 Metaspace       used 34945K, capacity 35772K, committed 35840K, reserved 1081344K
  class space    used 3592K, capacity 3950K, committed 3968K, reserved 1048576K
}
Event: 5.653 GC heap before
{Heap before GC invocations=8 (full 0):
 garbage-first heap   total 262144K, used 168989K [0x00000000c0000000, 0x0000000100000000)
  region size 1024K, 153 young (156672K), 10 survivors (10240K)
 Metaspace       used 36022K, capacity 36895K, committed 37120K, reserved 1083392K
  class space    used 3619K, capacity 3977K, committed 4096K, reserved 1048576K
}

Deoptimization events (20 events):
Event: 5.543 Thread 0x00007f3614245800 DEOPT PACKING pc=0x00007f36699c8ddc sp=0x00007f360b6f6da0
Event: 5.543 Thread 0x00007f3614245800 DEOPT UNPACKING pc=0x00007f3661e49ea5 sp=0x00007f360b6f6c70 mode 2
Event: 5.559 Thread 0x00007f3614245800 DEOPT PACKING pc=0x00007f3662dd5500 sp=0x00007f360b6f69f0
Event: 5.559 Thread 0x00007f3614245800 DEOPT UNPACKING pc=0x00007f3661e4a64a sp=0x00007f360b6f5fd0 mode 0
Event: 5.582 Thread 0x00007f3614245800 Uncommon trap: trap_request=0xffffff4d fr.pc=0x00007f3669975ea8 relative=0x0000000000000368
Event: 5.582 Thread 0x00007f3614245800 Uncommon trap: reason=unstable_if action=reinterpret pc=0x00007f3669975ea8 method=java.lang.StringLatin1.canEncode(I)Z @ 4 c2
Event: 5.582 Thread 0x00007f3614245800 DEOPT PACKING pc=0x00007f3669975ea8 sp=0x00007f360b6f7720
Event: 5.582 Thread 0x00007f3614245800 DEOPT UNPACKING pc=0x00007f3661e49ea5 sp=0x00007f360b6f76a0 mode 2
Event: 5.586 Thread 0x00007f3614245800 Uncommon trap: trap_request=0xffffff4d fr.pc=0x00007f36698ef210 relative=0x0000000000000450
Event: 5.586 Thread 0x00007f3614245800 Uncommon trap: reason=unstable_if action=reinterpret pc=0x00007f36698ef210 method=java.lang.AbstractStringBuilder.putStringAt(ILjava/lang/String;)V @ 8 c2
Event: 5.586 Thread 0x00007f3614245800 DEOPT PACKING pc=0x00007f36698ef210 sp=0x00007f360b6f75d0
Event: 5.586 Thread 0x00007f3614245800 DEOPT UNPACKING pc=0x00007f3661e49ea5 sp=0x00007f360b6f7530 mode 2
Event: 5.603 Thread 0x00007f3614245800 DEOPT PACKING pc=0x00007f3662dd5500 sp=0x00007f360b6f5b90
Event: 5.603 Thread 0x00007f3614245800 DEOPT UNPACKING pc=0x00007f3661e4a64a sp=0x00007f360b6f5170 mode 0
Event: 5.629 Thread 0x00007f3614245800 DEOPT PACKING pc=0x00007f3662dd5500 sp=0x00007f360b6f5b90
Event: 5.629 Thread 0x00007f3614245800 DEOPT UNPACKING pc=0x00007f3661e4a64a sp=0x00007f360b6f5170 mode 0
Event: 5.637 Thread 0x00007f3614245800 DEOPT PACKING pc=0x00007f3662dd5500 sp=0x00007f360b6f5ce0
Event: 5.638 Thread 0x00007f3614245800 DEOPT UNPACKING pc=0x00007f3661e4a64a sp=0x00007f360b6f52c0 mode 0
Event: 5.650 Thread 0x00007f3614245800 DEOPT PACKING pc=0x00007f3662dd5500 sp=0x00007f360b6f6c50
Event: 5.650 Thread 0x00007f3614245800 DEOPT UNPACKING pc=0x00007f3661e4a64a sp=0x00007f360b6f6230 mode 0

Classes redefined (0 events):
No events

Internal exceptions (20 events):
Event: 4.784 Thread 0x00007f3614245800 Exception <a 'sun/nio/fs/UnixException'{0x00000000ceecbdb0}> (0x00000000ceecbdb0) thrown at [./src/hotspot/share/prims/jni.cpp, line 617]
Event: 4.785 Thread 0x00007f3614245800 Exception <a 'sun/nio/fs/UnixException'{0x00000000ceee4ee0}> (0x00000000ceee4ee0) thrown at [./src/hotspot/share/prims/jni.cpp, line 617]
Event: 4.785 Thread 0x00007f3614245800 Exception <a 'sun/nio/fs/UnixException'{0x00000000ceeea8b0}> (0x00000000ceeea8b0) thrown at [./src/hotspot/share/prims/jni.cpp, line 617]
Event: 4.786 Thread 0x00007f3614245800 Exception <a 'sun/nio/fs/UnixException'{0x00000000ced11970}> (0x00000000ced11970) thrown at [./src/hotspot/share/prims/jni.cpp, line 617]
Event: 4.787 Thread 0x00007f3614245800 Exception <a 'sun/nio/fs/UnixException'{0x00000000ced38bb0}> (0x00000000ced38bb0) thrown at [./src/hotspot/share/prims/jni.cpp, line 617]
Event: 4.789 Thread 0x00007f3614245800 Exception <a 'sun/nio/fs/UnixException'{0x00000000ced79548}> (0x00000000ced79548) thrown at [./src/hotspot/share/prims/jni.cpp, line 617]
Event: 4.789 Thread 0x00007f3614245800 Exception <a 'sun/nio/fs/UnixException'{0x00000000ced8c3a8}> (0x00000000ced8c3a8) thrown at [./src/hotspot/share/prims/jni.cpp, line 617]
Event: 4.791 Thread 0x00007f3614245800 Exception <a 'sun/nio/fs/UnixException'{0x00000000cedca878}> (0x00000000cedca878) thrown at [./src/hotspot/share/prims/jni.cpp, line 617]
Event: 4.792 Thread 0x00007f3614245800 Exception <a 'sun/nio/fs/UnixException'{0x00000000cedf4590}> (0x00000000cedf4590) thrown at [./src/hotspot/share/prims/jni.cpp, line 617]
Event: 4.793 Thread 0x00007f3614245800 Exception <a 'sun/nio/fs/UnixException'{0x00000000cec197b8}> (0x00000000cec197b8) thrown at [./src/hotspot/share/prims/jni.cpp, line 617]
Event: 4.795 Thread 0x00007f3614245800 Exception <a 'sun/nio/fs/UnixException'{0x00000000cec61548}> (0x00000000cec61548) thrown at [./src/hotspot/share/prims/jni.cpp, line 617]
Event: 4.796 Thread 0x00007f3614245800 Exception <a 'sun/nio/fs/UnixException'{0x00000000cec8c488}> (0x00000000cec8c488) thrown at [./src/hotspot/share/prims/jni.cpp, line 617]
Event: 4.796 Thread 0x00007f3614245800 Exception <a 'sun/nio/fs/UnixException'{0x00000000cec9fe40}> (0x00000000cec9fe40) thrown at [./src/hotspot/share/prims/jni.cpp, line 617]
Event: 4.797 Thread 0x00007f3614245800 Exception <a 'sun/nio/fs/UnixException'{0x00000000cecc55e8}> (0x00000000cecc55e8) thrown at [./src/hotspot/share/prims/jni.cpp, line 617]
Event: 4.798 Thread 0x00007f3614245800 Exception <a 'sun/nio/fs/UnixException'{0x00000000cece2c48}> (0x00000000cece2c48) thrown at [./src/hotspot/share/prims/jni.cpp, line 617]
Event: 4.799 Thread 0x00007f3614245800 Exception <a 'sun/nio/fs/UnixException'{0x00000000ceb1b010}> (0x00000000ceb1b010) thrown at [./src/hotspot/share/prims/jni.cpp, line 617]
Event: 4.801 Thread 0x00007f3614245800 Exception <a 'sun/nio/fs/UnixException'{0x00000000ceb92070}> (0x00000000ceb92070) thrown at [./src/hotspot/share/prims/jni.cpp, line 617]
Event: 4.802 Thread 0x00007f3614245800 Exception <a 'sun/nio/fs/UnixException'{0x00000000cebb4df0}> (0x00000000cebb4df0) thrown at [./src/hotspot/share/prims/jni.cpp, line 617]
Event: 4.808 Thread 0x00007f3614245800 Exception <a 'sun/nio/fs/UnixException'{0x00000000ce905470}> (0x00000000ce905470) thrown at [./src/hotspot/share/prims/jni.cpp, line 617]
Event: 4.809 Thread 0x00007f3614245800 Exception <a 'sun/nio/fs/UnixException'{0x00000000ce913160}> (0x00000000ce913160) thrown at [./src/hotspot/share/prims/jni.cpp, line 617]

Events (20 events):
Event: 5.502 loading class org/wso2/ballerinalang/compiler/parser/BLangNodeBuilder done
Event: 5.503 loading class org/wso2/ballerinalang/compiler/tree/statements/BLangLock
Event: 5.503 loading class org/wso2/ballerinalang/compiler/tree/statements/BLangLock done
Event: 5.503 loading class org/wso2/ballerinalang/compiler/parser/BLangNodeBuilder
Event: 5.503 loading class org/wso2/ballerinalang/compiler/parser/BLangNodeBuilder done
Event: 5.546 loading class org/wso2/ballerinalang/compiler/util/NumericLiteralSupport
Event: 5.546 loading class org/wso2/ballerinalang/compiler/util/NumericLiteralSupport done
Event: 5.615 loading class org/ballerinalang/model/tree/DocumentationReferenceType
Event: 5.615 loading class org/ballerinalang/model/tree/DocumentationReferenceType done
Event: 5.615 loading class org/wso2/ballerinalang/compiler/tree/BLangMarkdownReferenceDocumentation
Event: 5.615 loading class org/wso2/ballerinalang/compiler/tree/BLangMarkdownReferenceDocumentation done
Event: 5.615 loading class org/wso2/ballerinalang/compiler/parser/BLangNodeBuilder
Event: 5.615 loading class org/wso2/ballerinalang/compiler/parser/BLangNodeBuilder done
Event: 5.625 loading class org/wso2/ballerinalang/compiler/tree/expressions/BLangReCapturingGroups
Event: 5.625 loading class org/wso2/ballerinalang/compiler/tree/expressions/BLangReCapturingGroups done
Event: 5.625 loading class io/ballerina/compiler/syntax/tree/ReFlagExpressionNode
Event: 5.625 loading class io/ballerina/compiler/syntax/tree/ReFlagExpressionNode done
Event: 5.625 loading class org/wso2/ballerinalang/compiler/parser/BLangNodeBuilder
Event: 5.625 loading class org/wso2/ballerinalang/compiler/parser/BLangNodeBuilder done
Event: 5.652 Executing VM operation: G1CollectForAllocation


Dynamic libraries:
c0000000-d0000000 rw-p 00000000 00:00 0 
d0000000-100000000 ---p 00000000 00:00 0 
100000000-100400000 rw-p 00000000 00:00 0 
100400000-140000000 ---p 00000000 00:00 0 
55e58d200000-55e58d201000 r-xp 00000000 08:02 57045341                   /usr/lib/ballerina/dependencies/jdk-11.0.18+10-jre/bin/java
55e58d401000-55e58d402000 r--p 00001000 08:02 57045341                   /usr/lib/ballerina/dependencies/jdk-11.0.18+10-jre/bin/java
55e58d402000-55e58d403000 rw-p 00002000 08:02 57045341                   /usr/lib/ballerina/dependencies/jdk-11.0.18+10-jre/bin/java
55e58ef20000-55e58ef41000 rw-p 00000000 00:00 0                          [heap]
7f35e4000000-7f35e606a000 rw-p 00000000 00:00 0 
7f35e606a000-7f35e8000000 ---p 00000000 00:00 0 
7f35ec000000-7f35ec021000 rw-p 00000000 00:00 0 
7f35ec021000-7f35f0000000 ---p 00000000 00:00 0 
7f35f0000000-7f35f0021000 rw-p 00000000 00:00 0 
7f35f0021000-7f35f4000000 ---p 00000000 00:00 0 
7f35f4000000-7f35f4855000 rw-p 00000000 00:00 0 
7f35f4855000-7f35f8000000 ---p 00000000 00:00 0 
7f35f8000000-7f35f8021000 rw-p 00000000 00:00 0 
7f35f8021000-7f35fc000000 ---p 00000000 00:00 0 
7f35fc000000-7f35fc021000 rw-p 00000000 00:00 0 
7f35fc021000-7f3600000000 ---p 00000000 00:00 0 
7f3600000000-7f3600021000 rw-p 00000000 00:00 0 
7f3600021000-7f3604000000 ---p 00000000 00:00 0 
7f3604000000-7f3604021000 rw-p 00000000 00:00 0 
7f3604021000-7f3608000000 ---p 00000000 00:00 0 
7f36098c9000-7f3609909000 rw-p 00000000 00:00 0 
7f3609909000-7f3609ac9000 ---p 00000000 00:00 0 
7f360a269000-7f360a449000 rw-p 00000000 00:00 0 
7f360a449000-7f360a629000 rw-p 00000000 00:00 0 
7f360a629000-7f360a829000 rw-p 00000000 00:00 0 
7f360a829000-7f360aa29000 rw-p 00000000 00:00 0 
7f360aa29000-7f360ac69000 rw-p 00000000 00:00 0 
7f360adf6000-7f360aff6000 rw-p 00000000 00:00 0 
7f360aff6000-7f360affa000 ---p 00000000 00:00 0 
7f360affa000-7f360b0f6000 rw-p 00000000 00:00 0 
7f360b0f6000-7f360b0f7000 ---p 00000000 00:00 0 
7f360b0f7000-7f360b1f8000 rw-p 00000000 00:00 0 
7f360b1f8000-7f360b1f9000 ---p 00000000 00:00 0 
7f360b1f9000-7f360b4fa000 rw-p 00000000 00:00 0 
7f360b4fa000-7f360b4fe000 ---p 00000000 00:00 0 
7f360b4fe000-7f360b5fa000 rw-p 00000000 00:00 0 
7f360b5fa000-7f360b5fe000 ---p 00000000 00:00 0 
7f360b5fe000-7f360b8ba000 rw-p 00000000 00:00 0 
7f360b8ba000-7f360baba000 rw-p 00000000 00:00 0 
7f360baba000-7f360bcfa000 rw-p 00000000 00:00 0 
7f360bcfa000-7f360bcfb000 ---p 00000000 00:00 0 
7f360bcfb000-7f360bdfc000 rw-p 00000000 00:00 0 
7f360bdfc000-7f360bdfd000 ---p 00000000 00:00 0 
7f360bdfd000-7f360befe000 rw-p 00000000 00:00 0 
7f360befe000-7f360beff000 ---p 00000000 00:00 0 
7f360beff000-7f360c000000 rw-p 00000000 00:00 0 
7f360c000000-7f360c021000 rw-p 00000000 00:00 0 
7f360c021000-7f3610000000 ---p 00000000 00:00 0 
7f3610000000-7f3610021000 rw-p 00000000 00:00 0 
7f3610021000-7f3614000000 ---p 00000000 00:00 0 
7f3614000000-7f36144a0000 rw-p 00000000 00:00 0 
7f36144a0000-7f3618000000 ---p 00000000 00:00 0 
7f3618000000-7f36183d2000 rw-p 00000000 00:00 0 
7f36183d2000-7f361c000000 ---p 00000000 00:00 0 
7f361c000000-7f361c021000 rw-p 00000000 00:00 0 
7f361c021000-7f3620000000 ---p 00000000 00:00 0 
7f3620000000-7f3621690000 rw-p 00000000 00:00 0 
7f3621690000-7f3624000000 ---p 00000000 00:00 0 
7f3624000000-7f3624021000 rw-p 00000000 00:00 0 
7f3624021000-7f3628000000 ---p 00000000 00:00 0 
7f3628000000-7f3628021000 rw-p 00000000 00:00 0 
7f3628021000-7f362c000000 ---p 00000000 00:00 0 
7f362c000000-7f362d7bd000 rw-p 00000000 00:00 0 
7f362d7bd000-7f3630000000 ---p 00000000 00:00 0 
7f3630000000-7f36311d7000 rw-p 00000000 00:00 0 
7f36311d7000-7f3634000000 ---p 00000000 00:00 0 
7f3634000000-7f3634021000 rw-p 00000000 00:00 0 
7f3634021000-7f3638000000 ---p 00000000 00:00 0 
7f3638000000-7f3638021000 rw-p 00000000 00:00 0 
7f3638021000-7f363c000000 ---p 00000000 00:00 0 
7f363c000000-7f363c021000 rw-p 00000000 00:00 0 
7f363c021000-7f3640000000 ---p 00000000 00:00 0 
7f3640000000-7f3640021000 rw-p 00000000 00:00 0 
7f3640021000-7f3644000000 ---p 00000000 00:00 0 
7f3644000000-7f3644021000 rw-p 00000000 00:00 0 
7f3644021000-7f3648000000 ---p 00000000 00:00 0 
7f3648000000-7f3648021000 rw-p 00000000 00:00 0 
7f3648021000-7f364c000000 ---p 00000000 00:00 0 
7f364c000000-7f364c021000 rw-p 00000000 00:00 0 
7f364c021000-7f3650000000 ---p 00000000 00:00 0 
7f36500fa000-7f36500fb000 ---p 00000000 00:00 0 
7f36500fb000-7f36501fc000 rw-p 00000000 00:00 0 
7f36501fc000-7f36501fd000 ---p 00000000 00:00 0 
7f36501fd000-7f36502fe000 rw-p 00000000 00:00 0 
7f36502fe000-7f36502ff000 ---p 00000000 00:00 0 
7f36502ff000-7f36505c0000 rw-p 00000000 00:00 0 
7f36505c0000-7f3650800000 rw-p 00000000 00:00 0 
7f3650800000-7f3650815000 r-xp 00000000 08:02 57045601                   /usr/lib/ballerina/dependencies/jdk-11.0.18+10-jre/lib/libnet.so
7f3650815000-7f3650a14000 ---p 00015000 08:02 57045601                   /usr/lib/ballerina/dependencies/jdk-11.0.18+10-jre/lib/libnet.so
7f3650a14000-7f3650a15000 r--p 00014000 08:02 57045601                   /usr/lib/ballerina/dependencies/jdk-11.0.18+10-jre/lib/libnet.so
7f3650a15000-7f3650a16000 rw-p 00015000 08:02 57045601                   /usr/lib/ballerina/dependencies/jdk-11.0.18+10-jre/lib/libnet.so
7f3650b00000-7f3650b04000 ---p 00000000 00:00 0 
7f3650b04000-7f3650c00000 rw-p 00000000 00:00 0 
7f3650c00000-7f3650c10000 r-xp 00000000 08:02 57045602                   /usr/lib/ballerina/dependencies/jdk-11.0.18+10-jre/lib/libnio.so
7f3650c10000-7f3650e0f000 ---p 00010000 08:02 57045602                   /usr/lib/ballerina/dependencies/jdk-11.0.18+10-jre/lib/libnio.so
7f3650e0f000-7f3650e10000 r--p 0000f000 08:02 57045602                   /usr/lib/ballerina/dependencies/jdk-11.0.18+10-jre/lib/libnio.so
7f3650e10000-7f3650e11000 rw-p 00010000 08:02 57045602                   /usr/lib/ballerina/dependencies/jdk-11.0.18+10-jre/lib/libnio.so
7f3650efe000-7f3650f02000 ---p 00000000 00:00 0 
7f3650f02000-7f3650ffe000 rw-p 00000000 00:00 0 
7f3650ffe000-7f3651002000 ---p 00000000 00:00 0 
7f3651002000-7f36510fe000 rw-p 00000000 00:00 0 
7f36510fe000-7f36510ff000 ---p 00000000 00:00 0 
7f36510ff000-7f3651200000 rw-p 00000000 00:00 0 
7f3651200000-7f3651204000 ---p 00000000 00:00 0 
7f3651204000-7f3651300000 rw-p 00000000 00:00 0 
7f3651300000-7f3651304000 ---p 00000000 00:00 0 
7f3651304000-7f3651400000 rw-p 00000000 00:00 0 
7f3651400000-7f3651404000 ---p 00000000 00:00 0 
7f3651404000-7f3651500000 rw-p 00000000 00:00 0 
7f3651500000-7f3651504000 ---p 00000000 00:00 0 
7f3651504000-7f3651600000 rw-p 00000000 00:00 0 
7f3651600000-7f3651b73000 r--p 00000000 08:02 55837775                   /usr/lib/locale/locale-archive
7f3651bfe000-7f3651c02000 ---p 00000000 00:00 0 
7f3651c02000-7f3651cfe000 rw-p 00000000 00:00 0 
7f3651cfe000-7f3651d02000 ---p 00000000 00:00 0 
7f3651d02000-7f3651dfe000 rw-p 00000000 00:00 0 
7f3651dfe000-7f3651e02000 ---p 00000000 00:00 0 
7f3651e02000-7f3651efe000 rw-p 00000000 00:00 0 
7f3651efe000-7f3651eff000 ---p 00000000 00:00 0 
7f3651eff000-7f3654000000 rw-p 00000000 00:00 0 
7f3654000000-7f3654021000 rw-p 00000000 00:00 0 
7f3654021000-7f3658000000 ---p 00000000 00:00 0 
7f3658000000-7f3658021000 rw-p 00000000 00:00 0 
7f3658021000-7f365c000000 ---p 00000000 00:00 0 
7f365c000000-7f365c021000 rw-p 00000000 00:00 0 
7f365c021000-7f3660000000 ---p 00000000 00:00 0 
7f36600f9000-7f36608f9000 rw-p 00000000 00:00 0 
7f36608f9000-7f36608fa000 ---p 00000000 00:00 0 
7f36608fa000-7f36609fb000 rw-p 00000000 00:00 0 
7f36609fb000-7f36609fc000 ---p 00000000 00:00 0 
7f36609fc000-7f3661200000 rw-p 00000000 00:00 0 
7f3661200000-7f3661e00000 ---p 00000000 00:00 0 
7f3661e00000-7f3662070000 rwxp 00000000 00:00 0 
7f3662070000-7f3662391000 ---p 00000000 00:00 0 
7f3662391000-7f3662f21000 rwxp 00000000 00:00 0 
7f3662f21000-7f36698c8000 ---p 00000000 00:00 0 
7f36698c8000-7f3669b38000 rwxp 00000000 00:00 0 
7f3669b38000-7f3670e00000 ---p 00000000 00:00 0 
7f3670e00000-7f3677f45000 r--s 00000000 08:02 57045611                   /usr/lib/ballerina/dependencies/jdk-11.0.18+10-jre/lib/modules
7f3678000000-7f3678e32000 rw-p 00000000 00:00 0 
7f3678e32000-7f367c000000 ---p 00000000 00:00 0 
7f367c0ed000-7f367c7f4000 rw-p 00000000 00:00 0 
7f367c7f4000-7f367c7f5000 ---p 00000000 00:00 0 
7f367c7f5000-7f367c8f6000 rw-p 00000000 00:00 0 
7f367c8f6000-7f367c8f7000 ---p 00000000 00:00 0 
7f367c8f7000-7f367cdf8000 rw-p 00000000 00:00 0 
7f367cdf8000-7f367d9f8000 ---p 00000000 00:00 0 
7f367d9f8000-7f367da78000 rw-p 00000000 00:00 0 
7f367da78000-7f367dbf8000 ---p 00000000 00:00 0 
7f367dbf8000-7f367dc78000 rw-p 00000000 00:00 0 
7f367dc78000-7f367ddf8000 ---p 00000000 00:00 0 
7f367ddf8000-7f367de78000 rw-p 00000000 00:00 0 
7f367de78000-7f367dff8000 ---p 00000000 00:00 0 
7f367dff8000-7f367e800000 rw-p 00000000 00:00 0 
7f367e800000-7f367e807000 r-xp 00000000 08:02 57045610                   /usr/lib/ballerina/dependencies/jdk-11.0.18+10-jre/lib/libzip.so
7f367e807000-7f367ea07000 ---p 00007000 08:02 57045610                   /usr/lib/ballerina/dependencies/jdk-11.0.18+10-jre/lib/libzip.so
7f367ea07000-7f367ea08000 r--p 00007000 08:02 57045610                   /usr/lib/ballerina/dependencies/jdk-11.0.18+10-jre/lib/libzip.so
7f367ea08000-7f367ea09000 rw-p 00008000 08:02 57045610                   /usr/lib/ballerina/dependencies/jdk-11.0.18+10-jre/lib/libzip.so
7f367eaff000-7f367ec00000 rw-p 00000000 00:00 0 
7f367ec00000-7f367ec1b000 r-xp 00000000 08:02 57045593                   /usr/lib/ballerina/dependencies/jdk-11.0.18+10-jre/lib/libjimage.so
7f367ec1b000-7f367ee1a000 ---p 0001b000 08:02 57045593                   /usr/lib/ballerina/dependencies/jdk-11.0.18+10-jre/lib/libjimage.so
7f367ee1a000-7f367ee1c000 r--p 0001a000 08:02 57045593                   /usr/lib/ballerina/dependencies/jdk-11.0.18+10-jre/lib/libjimage.so
7f367ee1c000-7f367ee1d000 rw-p 0001c000 08:02 57045593                   /usr/lib/ballerina/dependencies/jdk-11.0.18+10-jre/lib/libjimage.so
7f367ee23000-7f367f000000 rw-p 00000000 00:00 0 
7f367f000000-7f367f028000 r-xp 00000000 08:02 57045589                   /usr/lib/ballerina/dependencies/jdk-11.0.18+10-jre/lib/libjava.so
7f367f028000-7f367f228000 ---p 00028000 08:02 57045589                   /usr/lib/ballerina/dependencies/jdk-11.0.18+10-jre/lib/libjava.so
7f367f228000-7f367f229000 r--p 00028000 08:02 57045589                   /usr/lib/ballerina/dependencies/jdk-11.0.18+10-jre/lib/libjava.so
7f367f229000-7f367f22a000 rw-p 00029000 08:02 57045589                   /usr/lib/ballerina/dependencies/jdk-11.0.18+10-jre/lib/libjava.so
7f367f22a000-7f367f22b000 rw-p 00000000 00:00 0 
7f367f241000-7f367f2fe000 rw-p 00000000 00:00 0 
7f367f2fe000-7f367f2ff000 ---p 00000000 00:00 0 
7f367f2ff000-7f367f400000 rw-p 00000000 00:00 0 
7f367f400000-7f367f40d000 r-xp 00000000 08:02 57045609                   /usr/lib/ballerina/dependencies/jdk-11.0.18+10-jre/lib/libverify.so
7f367f40d000-7f367f60c000 ---p 0000d000 08:02 57045609                   /usr/lib/ballerina/dependencies/jdk-11.0.18+10-jre/lib/libverify.so
7f367f60c000-7f367f60e000 r--p 0000c000 08:02 57045609                   /usr/lib/ballerina/dependencies/jdk-11.0.18+10-jre/lib/libverify.so
7f367f60e000-7f367f60f000 rw-p 0000e000 08:02 57045609                   /usr/lib/ballerina/dependencies/jdk-11.0.18+10-jre/lib/libverify.so
7f367f615000-7f367f61a000 rw-p 00000000 00:00 0 
7f367f61a000-7f367f700000 ---p 00000000 00:00 0 
7f367f700000-7f367f704000 ---p 00000000 00:00 0 
7f367f704000-7f367f800000 rw-p 00000000 00:00 0 
7f367f800000-7f3680a7c000 r-xp 00000000 08:02 57045620                   /usr/lib/ballerina/dependencies/jdk-11.0.18+10-jre/lib/server/libjvm.so
7f3680a7c000-7f3680c7c000 ---p 0127c000 08:02 57045620                   /usr/lib/ballerina/dependencies/jdk-11.0.18+10-jre/lib/server/libjvm.so
7f3680c7c000-7f3680d41000 r--p 0127c000 08:02 57045620                   /usr/lib/ballerina/dependencies/jdk-11.0.18+10-jre/lib/server/libjvm.so
7f3680d41000-7f3680d7c000 rw-p 01341000 08:02 57045620                   /usr/lib/ballerina/dependencies/jdk-11.0.18+10-jre/lib/server/libjvm.so
7f3680d7c000-7f3680dd3000 rw-p 00000000 00:00 0 
7f3680ddf000-7f3680e00000 rw-p 00000000 00:00 0 
7f3680e00000-7f3680e28000 r--p 00000000 08:02 55838821                   /usr/lib/x86_64-linux-gnu/libc.so.6
7f3680e28000-7f3680fbd000 r-xp 00028000 08:02 55838821                   /usr/lib/x86_64-linux-gnu/libc.so.6
7f3680fbd000-7f3681015000 r--p 001bd000 08:02 55838821                   /usr/lib/x86_64-linux-gnu/libc.so.6
7f3681015000-7f3681019000 r--p 00214000 08:02 55838821                   /usr/lib/x86_64-linux-gnu/libc.so.6
7f3681019000-7f368101b000 rw-p 00218000 08:02 55838821                   /usr/lib/x86_64-linux-gnu/libc.so.6
7f368101b000-7f3681028000 rw-p 00000000 00:00 0 
7f368102e000-7f3681046000 rw-p 00000000 00:00 0 
7f3681046000-7f3681119000 ---p 00000000 00:00 0 
7f3681119000-7f3681127000 r--p 00000000 08:02 55838826                   /usr/lib/x86_64-linux-gnu/libm.so.6
7f3681127000-7f36811a3000 r-xp 0000e000 08:02 55838826                   /usr/lib/x86_64-linux-gnu/libm.so.6
7f36811a3000-7f36811fe000 r--p 0008a000 08:02 55838826                   /usr/lib/x86_64-linux-gnu/libm.so.6
7f36811fe000-7f36811ff000 r--p 000e4000 08:02 55838826                   /usr/lib/x86_64-linux-gnu/libm.so.6
7f36811ff000-7f3681200000 rw-p 000e5000 08:02 55838826                   /usr/lib/x86_64-linux-gnu/libm.so.6
7f3681200000-7f3681210000 r-xp 00000000 08:02 57045573                   /usr/lib/ballerina/dependencies/jdk-11.0.18+10-jre/lib/jli/libjli.so
7f3681210000-7f368140f000 ---p 00010000 08:02 57045573                   /usr/lib/ballerina/dependencies/jdk-11.0.18+10-jre/lib/jli/libjli.so
7f368140f000-7f3681410000 r--p 0000f000 08:02 57045573                   /usr/lib/ballerina/dependencies/jdk-11.0.18+10-jre/lib/jli/libjli.so
7f3681410000-7f3681411000 rw-p 00010000 08:02 57045573                   /usr/lib/ballerina/dependencies/jdk-11.0.18+10-jre/lib/jli/libjli.so
7f3681421000-7f3681428000 r--s 00000000 08:02 55839198                   /usr/lib/x86_64-linux-gnu/gconv/gconv-modules.cache
7f3681428000-7f3681429000 r--p 00000000 08:02 55838867                   /usr/lib/x86_64-linux-gnu/librt.so.1
7f3681429000-7f368142a000 r-xp 00001000 08:02 55838867                   /usr/lib/x86_64-linux-gnu/librt.so.1
7f368142a000-7f368142b000 r--p 00002000 08:02 55838867                   /usr/lib/x86_64-linux-gnu/librt.so.1
7f368142b000-7f368142c000 r--p 00002000 08:02 55838867                   /usr/lib/x86_64-linux-gnu/librt.so.1
7f368142c000-7f368142d000 rw-p 00003000 08:02 55838867                   /usr/lib/x86_64-linux-gnu/librt.so.1
7f368142d000-7f3681431000 rw-p 00000000 00:00 0 
7f3681431000-7f3681432000 r--p 00000000 08:02 55838824                   /usr/lib/x86_64-linux-gnu/libdl.so.2
7f3681432000-7f3681433000 r-xp 00001000 08:02 55838824                   /usr/lib/x86_64-linux-gnu/libdl.so.2
7f3681433000-7f3681434000 r--p 00002000 08:02 55838824                   /usr/lib/x86_64-linux-gnu/libdl.so.2
7f3681434000-7f3681435000 r--p 00002000 08:02 55838824                   /usr/lib/x86_64-linux-gnu/libdl.so.2
7f3681435000-7f3681436000 rw-p 00003000 08:02 55838824                   /usr/lib/x86_64-linux-gnu/libdl.so.2
7f3681436000-7f3681437000 r--p 00000000 08:02 55838860                   /usr/lib/x86_64-linux-gnu/libpthread.so.0
7f3681437000-7f3681438000 r-xp 00001000 08:02 55838860                   /usr/lib/x86_64-linux-gnu/libpthread.so.0
7f3681438000-7f3681439000 r--p 00002000 08:02 55838860                   /usr/lib/x86_64-linux-gnu/libpthread.so.0
7f3681439000-7f368143a000 r--p 00002000 08:02 55838860                   /usr/lib/x86_64-linux-gnu/libpthread.so.0
7f368143a000-7f368143b000 rw-p 00003000 08:02 55838860                   /usr/lib/x86_64-linux-gnu/libpthread.so.0
7f368143b000-7f368143d000 r--p 00000000 08:02 55865177                   /usr/lib/x86_64-linux-gnu/libz.so.1.2.11
7f368143d000-7f368144e000 r-xp 00002000 08:02 55865177                   /usr/lib/x86_64-linux-gnu/libz.so.1.2.11
7f368144e000-7f3681454000 r--p 00013000 08:02 55865177                   /usr/lib/x86_64-linux-gnu/libz.so.1.2.11
7f3681454000-7f3681455000 ---p 00019000 08:02 55865177                   /usr/lib/x86_64-linux-gnu/libz.so.1.2.11
7f3681455000-7f3681456000 r--p 00019000 08:02 55865177                   /usr/lib/x86_64-linux-gnu/libz.so.1.2.11
7f3681456000-7f3681457000 rw-p 0001a000 08:02 55865177                   /usr/lib/x86_64-linux-gnu/libz.so.1.2.11
7f368145a000-7f368145f000 rw-p 00000000 00:00 0 
7f368145f000-7f3681466000 ---p 00000000 00:00 0 
7f3681466000-7f368146e000 rw-s 00000000 08:02 58851622                   /tmp/hsperfdata_n3on/103211
7f368146e000-7f368146f000 ---p 00000000 00:00 0 
7f368146f000-7f3681470000 r--p 00000000 00:00 0 
7f3681470000-7f3681472000 rw-p 00000000 00:00 0 
7f3681472000-7f3681474000 r--p 00000000 08:02 55838816                   /usr/lib/x86_64-linux-gnu/ld-linux-x86-64.so.2
7f3681474000-7f368149e000 r-xp 00002000 08:02 55838816                   /usr/lib/x86_64-linux-gnu/ld-linux-x86-64.so.2
7f368149e000-7f36814a9000 r--p 0002c000 08:02 55838816                   /usr/lib/x86_64-linux-gnu/ld-linux-x86-64.so.2
7f36814aa000-7f36814ac000 r--p 00037000 08:02 55838816                   /usr/lib/x86_64-linux-gnu/ld-linux-x86-64.so.2
7f36814ac000-7f36814ae000 rw-p 00039000 08:02 55838816                   /usr/lib/x86_64-linux-gnu/ld-linux-x86-64.so.2
7fff4d99c000-7fff4d9c1000 rw-p 00000000 00:00 0                          [stack]
7fff4d9f4000-7fff4d9f8000 r--p 00000000 00:00 0                          [vvar]
7fff4d9f8000-7fff4d9fa000 r-xp 00000000 00:00 0                          [vdso]
ffffffffff600000-ffffffffff601000 --xp 00000000 00:00 0                  [vsyscall]


VM Arguments:
jvm_args: -Xbootclasspath/a: -Xms256m -Xmx1024m -XX:+HeapDumpOnOutOfMemoryError -Dballerina.home=/usr/lib/ballerina/distributions/ballerina-2201.7.2 -Dballerina.version=2201.7.2 -Denable.nonblocking=false -Djava.security.egd=file:/dev/./urandom -Dfile.encoding=UTF8 -Dballerina.target=jvm -Djava.command=/usr/lib/ballerina/bin/../distributions/ballerina-2201.7.2/../../dependencies/jdk-11.0.18+10-jre/bin/java 
java_command: io.ballerina.cli.launcher.Main start-language-server
java_class_path (initial): :/usr/lib/ballerina/distributions/ballerina-2201.7.2/bre/lib/annotations-2201.7.2.jar:/usr/lib/ballerina/distributions/ballerina-2201.7.2/bre/lib/architecture-model-generator-core-1.2.0.jar:/usr/lib/ballerina/distributions/ballerina-2201.7.2/bre/lib/architecture-model-generator-plugin-1.2.0.jar:/usr/lib/ballerina/distributions/ballerina-2201.7.2/bre/lib/array-2201.7.2.jar:/usr/lib/ballerina/distributions/ballerina-2201.7.2/bre/lib/asm-7.2.jar:/usr/lib/ballerina/distributions/ballerina-2201.7.2/bre/lib/asm-analysis-7.1.jar:/usr/lib/ballerina/distributions/ballerina-2201.7.2/bre/lib/asm-commons-7.2.jar:/usr/lib/ballerina/distributions/ballerina-2201.7.2/bre/lib/asm-tree-7.2.jar:/usr/lib/ballerina/distributions/ballerina-2201.7.2/bre/lib/asm-util-7.1.jar:/usr/lib/ballerina/distributions/ballerina-2201.7.2/bre/lib/asyncapi-cli-0.6.0.jar:/usr/lib/ballerina/distributions/ballerina-2201.7.2/bre/lib/atomikos-util-5.0.8.jar:/usr/lib/ballerina/distributions/ballerina-2201.7.2/bre/lib/axiom-api-1.4.0.jar:/usr/lib/ballerina/distributions/ballerina-2201.7.2/bre/lib/axiom-impl-1.4.0.jar:/usr/lib/ballerina/distributions/ballerina-2201.7.2/bre/lib/ballerina-bindgen-2201.7.2.jar:/usr/lib/ballerina/distributions/ballerina-2201.7.2/bre/lib/ballerina-cli-2201.7.2.jar:/usr/lib/ballerina/distributions/ballerina-2201.7.2/bre/lib/ballerina-io-internal-2201.7.2.jar:/usr/lib/ballerina/distributions/ballerina-2201.7.2/bre/lib/ballerina-lang-2201.7.2.jar:/usr/lib/ballerina/distributions/ballerina-2201.7.2/bre/lib/ballerina-linter-2201.7.2.jar:/usr/lib/ballerina/distributions/ballerina-2201.7.2/bre/lib/ballerina-metrics-extension-2201.7.2.jar:/usr/lib/ballerina/distributions/ballerina-2201.7.2/bre/lib/ballerina-parser-2201.7.2.jar:/usr/lib/ballerina/distributions/ballerina-2201.7.2/bre/lib/ballerina-rt-2201.7.2.jar:/usr/lib/ballerina/distributions/ballerina-2201.7.2/bre/lib/ballerina-tools-api-2201.7.2.jar:/usr/lib/ballerina/distributions/ballerina-2201.7.2/bre/lib/
Launcher Type: SUN_STANDARD

[Global flags]
     intx CICompilerCount                          = 4                                         {product} {ergonomic}
     uint ConcGCThreads                            = 3                                         {product} {ergonomic}
     uint G1ConcRefinementThreads                  = 10                                        {product} {ergonomic}
   size_t G1HeapRegionSize                         = 1048576                                   {product} {ergonomic}
    uintx GCDrainStackTargetSize                   = 64                                        {product} {ergonomic}
     bool HeapDumpOnOutOfMemoryError               = true                                   {manageable} {command line}
   size_t InitialHeapSize                          = 268435456                                 {product} {command line}
   size_t MarkStackSize                            = 4194304                                   {product} {ergonomic}
   size_t MaxHeapSize                              = 1073741824                                {product} {command line}
   size_t MaxNewSize                               = 643825664                                 {product} {ergonomic}
   size_t MinHeapDeltaBytes                        = 1048576                                   {product} {ergonomic}
    uintx NonNMethodCodeHeapSize                   = 5836300                                {pd product} {ergonomic}
    uintx NonProfiledCodeHeapSize                  = 122910970                              {pd product} {ergonomic}
    uintx ProfiledCodeHeapSize                     = 122910970                              {pd product} {ergonomic}
    uintx ReservedCodeCacheSize                    = 251658240                              {pd product} {ergonomic}
     bool SegmentedCodeCache                       = true                                      {product} {ergonomic}
     bool UseCompressedClassPointers               = true                                 {lp64_product} {ergonomic}
     bool UseCompressedOops                        = true                                 {lp64_product} {ergonomic}
     bool UseG1GC                                  = true                                      {product} {ergonomic}

Logging:
Log output configuration:
 #0: stdout all=warning uptime,level,tags
 #1: stderr all=off uptime,level,tags

Environment Variables:
PATH=/run/user/1000/fnm_multishells/101360_1695654099058/bin:/home/n3on/.local/share/fnm:/run/user/1000/fnm_multishells/101357_1695654099033/bin:/home/n3on/.local/share/fnm:/home/linuxbrew/.linuxbrew/bin:/home/linuxbrew/.linuxbrew/sbin:/home/n3on/.local/bin:/usr/local/sbin:/usr/local/bin:/usr/sbin:/usr/bin:/sbin:/bin:/usr/games:/usr/local/games:/snap/bin:/snap/bin:/home/n3on/.local/share/JetBrains/Toolbox/scripts
USERNAME=n3on
SHELL=/usr/bin/zsh
DISPLAY=:1
LANG=en_US.UTF-8

Signal Handlers:
SIGSEGV: [libjvm.so+0xf4cde0], sa_mask[0]=11111111011111111101111111111110, sa_flags=SA_RESTART|SA_SIGINFO
SIGBUS: [libjvm.so+0xf4cde0], sa_mask[0]=11111111011111111101111111111110, sa_flags=SA_RESTART|SA_SIGINFO
SIGFPE: [libjvm.so+0xf4cde0], sa_mask[0]=11111111011111111101111111111110, sa_flags=SA_RESTART|SA_SIGINFO
SIGPIPE: [libjvm.so+0xc6e210], sa_mask[0]=11111111011111111101111111111110, sa_flags=SA_RESTART|SA_SIGINFO
SIGXFSZ: [libjvm.so+0xc6e210], sa_mask[0]=11111111011111111101111111111110, sa_flags=SA_RESTART|SA_SIGINFO
SIGILL: [libjvm.so+0xf4cde0], sa_mask[0]=11111111011111111101111111111110, sa_flags=SA_RESTART|SA_SIGINFO
SIGUSR2: [libjvm.so+0xc6e0b0], sa_mask[0]=00000000000000000000000000000000, sa_flags=SA_RESTART|SA_SIGINFO
SIGHUP: [libjvm.so+0xc6e260], sa_mask[0]=11111111011111111101111111111110, sa_flags=SA_RESTART|SA_SIGINFO
SIGINT: [libjvm.so+0xc6e260], sa_mask[0]=11111111011111111101111111111110, sa_flags=SA_RESTART|SA_SIGINFO
SIGTERM: [libjvm.so+0xc6e260], sa_mask[0]=11111111011111111101111111111110, sa_flags=SA_RESTART|SA_SIGINFO
SIGQUIT: [libjvm.so+0xc6e260], sa_mask[0]=11111111011111111101111111111110, sa_flags=SA_RESTART|SA_SIGINFO


---------------  S Y S T E M  ---------------

OS:DISTRIB_ID=Ubuntu
DISTRIB_RELEASE=22.04
DISTRIB_CODENAME=jammy
DISTRIB_DESCRIPTION="Ubuntu 22.04.3 LTS"
uname:Linux 6.2.0-33-generic #33~22.04.1-Ubuntu SMP PREEMPT_DYNAMIC Thu Sep  7 10:33:52 UTC 2 x86_64
OS uptime: 1 days 18:11 hours
libc:glibc 2.35 NPTL 2.35 
rlimit (soft/hard): STACK 8192k/infinity , CORE 0k/infinity , NPROC 127396/127396 , NOFILE 1048576/1048576 , AS infinity/infinity , CPU infinity/infinity , DATA infinity/infinity , FSIZE infinity/infinity , MEMLOCK 4086200k/4086200k
load average:10.64 5.42 3.50

/proc/meminfo:
MemTotal:       32689628 kB
MemFree:        11733508 kB
MemAvailable:   24215716 kB
Buffers:          614776 kB
Cached:         12677108 kB
SwapCached:            0 kB
Active:          4290876 kB
Inactive:       14875560 kB
Active(anon):      71108 kB
Inactive(anon):  6617892 kB
Active(file):    4219768 kB
Inactive(file):  8257668 kB
Unevictable:      656108 kB
Mlocked:             144 kB
SwapTotal:       2097148 kB
SwapFree:        2097148 kB
Zswap:                 0 kB
Zswapped:              0 kB
Dirty:              1772 kB
Writeback:             0 kB
AnonPages:       6530924 kB
Mapped:          1378456 kB
Shmem:            814576 kB
KReclaimable:     472484 kB
Slab:             763176 kB
SReclaimable:     472484 kB
SUnreclaim:       290692 kB
KernelStack:       31136 kB
PageTables:        67852 kB
SecPageTables:         0 kB
NFS_Unstable:          0 kB
Bounce:                0 kB
WritebackTmp:          0 kB
CommitLimit:    18441960 kB
Committed_AS:   18275892 kB
VmallocTotal:   34359738367 kB
VmallocUsed:      137536 kB
VmallocChunk:          0 kB
Percpu:            18560 kB
HardwareCorrupted:     0 kB
AnonHugePages:         0 kB
ShmemHugePages:        0 kB
ShmemPmdMapped:        0 kB
FileHugePages:         0 kB
FilePmdMapped:         0 kB
HugePages_Total:       0
HugePages_Free:        0
HugePages_Rsvd:        0
HugePages_Surp:        0
Hugepagesize:       2048 kB
Hugetlb:               0 kB
DirectMap4k:      826812 kB
DirectMap2M:    19978240 kB
DirectMap1G:    12582912 kB

/sys/kernel/mm/transparent_hugepage/enabled:
always [madvise] never
/sys/kernel/mm/transparent_hugepage/defrag (defrag/compaction efforts parameter):
always defer defer+madvise [madvise] never

Process Memory:
Virtual Size: 4566832K (peak: 4618004K)
Resident Set Size: 411840K (peak: 411840K) (anon: 391480K, file: 20360K, shmem: 0K)
Swapped out: 0K
C-Heap outstanding allocations: 136998K, retained: 16665K
glibc malloc tunables: (default)

/proc/sys/kernel/threads-max (system-wide limit on the number of threads):
254792
/proc/sys/vm/max_map_count (maximum number of memory map areas a process may have):
65530
/proc/sys/kernel/pid_max (system-wide limit on number of process identifiers):
4194304

container (cgroup) information:
container_type: cgroupv2
cpu_cpuset_cpus: not supported
cpu_memory_nodes: not supported
active_processor_count: 12
cpu_quota: not supported
cpu_period: not supported
cpu_shares: not supported
memory_limit_in_bytes: unlimited
memory_and_swap_limit_in_bytes: unlimited
memory_soft_limit_in_bytes: unlimited
memory_usage_in_bytes: 2354636 k
memory_max_usage_in_bytes: not supported
maximum number of tasks: 38218
current number of tasks: 519

Steal ticks since vm start: 0
Steal ticks percentage since vm start:  0.000

CPU:total 12 (initial active 12) (6 cores per cpu, 2 threads per core) family 6 model 158 stepping 10 microcode 0xf4, cmov, cx8, fxsr, mmx, sse, sse2, sse3, ssse3, sse4.1, sse4.2, popcnt, avx, avx2, aes, clmul, erms, 3dnowpref, lzcnt, ht, tsc, tscinvbit, bmi1, bmi2, adx, fma
CPU Model and flags from /proc/cpuinfo:
model name	: Intel(R) Core(TM) i7-9750H CPU @ 2.60GHz
flags		: fpu vme de pse tsc msr pae mce cx8 apic sep mtrr pge mca cmov pat pse36 clflush dts acpi mmx fxsr sse sse2 ss ht tm pbe syscall nx pdpe1gb rdtscp lm constant_tsc art arch_perfmon pebs bts rep_good nopl xtopology nonstop_tsc cpuid aperfmperf pni pclmulqdq dtes64 monitor ds_cpl vmx est tm2 ssse3 sdbg fma cx16 xtpr pdcm pcid sse4_1 sse4_2 x2apic movbe popcnt tsc_deadline_timer aes xsave avx f16c rdrand lahf_lm abm 3dnowprefetch cpuid_fault epb invpcid_single pti ssbd ibrs ibpb stibp tpr_shadow vnmi flexpriority ept vpid ept_ad fsgsbase tsc_adjust bmi1 avx2 smep bmi2 erms invpcid mpx rdseed adx smap clflushopt intel_pt xsaveopt xsavec xgetbv1 xsaves dtherm ida arat pln pts hwp hwp_notify hwp_act_window hwp_epp md_clear flush_l1d arch_capabilities
Online cpus:
0-11
Offline cpus:

BIOS frequency limitation:
<Not Available>
Frequency switch latency (ns):
0
Available cpu frequencies:
<Not Available>
Current governor:
powersave
Core performance/turbo boost:
<Not Available>

Memory: 4k page, physical 32689628k(11733508k free), swap 2097148k(2097148k free)

vm_info: OpenJDK 64-Bit Server VM (11.0.18+10) for linux-amd64 JRE (11.0.18+10), built on Jan 18 2023 10:17:39 by "" with gcc 7.5.0

END.
