#
# A fatal error has been detected by the Java Runtime Environment:
#
#  SIGSEGV (0xb) at pc=0x00007f5eea3fddcc, pid=28519, tid=28718
#
# JRE version: OpenJDK Runtime Environment Temurin-11.0.18+10 (11.0.18+10) (build 11.0.18+10)
# Java VM: OpenJDK 64-Bit Server VM Temurin-11.0.18+10 (11.0.18+10, mixed mode, tiered, compressed oops, g1 gc, linux-amd64)
# Problematic frame:
# V  [libjvm.so+0x7fddcc]  void OopOopIterateBackwardsDispatch<G1ScanEvacuatedObjClosure>::Table::oop_oop_iterate_backwards<InstanceKlass, unsigned int>(G1ScanEvacuatedObjClosure*, oopDesc*, Klass*)+0xfc
#
# Core dump will be written. Default location: Core dumps may be processed with "/usr/share/apport/apport -p%p -s%s -c%c -d%d -P%P -u%u -g%g -- %E" (or dumping to /home/n3on/Documents/DSA_ASSIGNMENT_2023/core.28519)
#
# If you would like to submit a bug report, please visit:
#   https://github.com/adoptium/adoptium-support/issues
#

---------------  S U M M A R Y ------------

Command Line: -Xbootclasspath/a: -Xms256m -Xmx1024m -XX:+HeapDumpOnOutOfMemoryError -Dballerina.home=/usr/lib/ballerina/distributions/ballerina-2201.7.2 -Dballerina.version=2201.7.2 -Denable.nonblocking=false -Djava.security.egd=file:/dev/./urandom -Dfile.encoding=UTF8 -Dballerina.target=jvm -Djava.command=/usr/lib/ballerina/bin/../distributions/ballerina-2201.7.2/../../dependencies/jdk-11.0.18+10-jre/bin/java io.ballerina.cli.launcher.Main start-language-server

Host: Intel(R) Core(TM) i7-9750H CPU @ 2.60GHz, 12 cores, 31G, Ubuntu 22.04.3 LTS
Time: Sun Sep 24 14:54:45 2023 CAT elapsed time: 3.983790 seconds (0d 0h 0m 3s)

---------------  T H R E A D  ---------------

Current thread (0x00007f5eb4001000):  GCTaskThread "GC Thread#1" [stack: 0x00007f5ea6600000,0x00007f5ea6700000] [id=28718]

Stack: [0x00007f5ea6600000,0x00007f5ea6700000],  sp=0x00007f5ea66fe870,  free space=1018k
Native frames: (J=compiled Java code, A=aot compiled Java code, j=interpreted, Vv=VM code, C=native code)
V  [libjvm.so+0x7fddcc]  void OopOopIterateBackwardsDispatch<G1ScanEvacuatedObjClosure>::Table::oop_oop_iterate_backwards<InstanceKlass, unsigned int>(G1ScanEvacuatedObjClosure*, oopDesc*, Klass*)+0xfc
V  [libjvm.so+0x7fab9f]  G1ParScanThreadState::copy_to_survivor_space(InCSetState, oopDesc*, markOopDesc*)+0x44f
V  [libjvm.so+0x7f7ee8]  G1ParScanThreadState::trim_queue_partially()+0x978
V  [libjvm.so+0x80d886]  G1RefineCardClosure::do_card_ptr(signed char*, unsigned int)+0x46
V  [libjvm.so+0x769358]  DirtyCardQueueSet::apply_closure_during_gc(CardTableEntryClosure*, unsigned int)+0x148
V  [libjvm.so+0x7b3a5a]  G1CollectedHeap::iterate_dirty_card_closure(CardTableEntryClosure*, unsigned int)+0x3a
V  [libjvm.so+0x807a1d]  G1RemSet::update_rem_set(G1ParScanThreadState*, unsigned int)+0x10d
V  [libjvm.so+0x807b7b]  G1RemSet::oops_into_collection_set_do(G1ParScanThreadState*, unsigned int)+0x1b
V  [libjvm.so+0x7c1952]  G1ParTask::work(unsigned int)+0x102
V  [libjvm.so+0xf779fd]  GangWorker::loop()+0x4d
V  [libjvm.so+0xeda37f]  Thread::call_run()+0x14f
V  [libjvm.so+0xc79836]  thread_native_entry(Thread*)+0xe6


siginfo: si_signo: 11 (SIGSEGV), si_code: 1 (SEGV_MAPERR), si_addr: 0x00000000000000f8

Register to memory mapping:

RAX=0x0 is NULL
RBX=0x00000000c19e7e90 is pointing into object: org.wso2.ballerinalang.compiler.semantics.model.symbols.BInvokableSymbol 
{0x00000000c19e7e58} - klass: 'org/wso2/ballerinalang/compiler/semantics/model/symbols/BInvokableSymbol'
 - ---- fields (total size 17 words):
 - public 'tainted' 'Z' @12  false
 - public 'closure' 'Z' @13  false
 - public 'tag' 'J' @16  820 (334 0)
 - public 'flags' 'J' @24  9 (9 0)
 - public 'name' 'Lorg/wso2/ballerinalang/compiler/util/Name;' @32  a 'org/wso2/ballerinalang/compiler/util/Name'{0x00000000cbbdcf28} (cbbdcf28)
 - public 'originalName' 'Lorg/wso2/ballerinalang/compiler/util/Name;' @36  a 'org/wso2/ballerinalang/compiler/util/Name'{0x00000000cbbdcf70} (cbbdcf70)
 - public 'pkgID' 'Lorg/ballerinalang/model/elements/PackageID;' @40  a 'org/ballerinalang/model/elements/PackageID'{0x00000000cbb6ef20} (cbb6ef20)
 - public 'kind' 'Lorg/ballerinalang/model/symbols/SymbolKind;' @44  a 'org/ballerinalang/model/symbols/SymbolKind'{0x00000000cc0c8200} (cc0c8200)
 - public 'type' 'Lorg/wso2/ballerinalang/compiler/semantics/model/types/BType;' @48  a 'org/wso2/ballerinalang/compiler/semantics/model/types/BInvokableType'{0x00000000cbbdcf80} (cbbdcf80)
 - public 'owner' 'Lorg/wso2/ballerinalang/compiler/semantics/model/symbols/BSymbol;' @52  a 'org/wso2/ballerinalang/compiler/semantics/model/symbols/BRecordTypeSymbol'{0x00000000cbbdcb88} (cbbdcb88)
 - public 'markdownDocumentation' 'Lorg/ballerinalang/model/elements/MarkdownDocAttachment;' @56  
[error occurred during error reporting (printing register info), id 0xb, SIGSEGV (0xb) at pc=0x00007f5eea4e01e7]

Registers:
RAX=0x0000000000000000, RBX=0x00000000c19e7e90, RCX=0x00007f5ee404b500, RDX=0x00000001002741c0
RSP=0x00007f5ea66fe870, RBP=0x00007f5ea66fe8d0, RSI=0x00007f5ee403a1e0, RDI=0x0000000000000000
R8 =0x0000000000000010, R9 =0x0000000000000000, R10=0x00007f5e78003280, R11=0x0000000000000003
R12=0x00000000c19e7e78, R13=0x00007f5e780033f0, R14=0x00000001002741c0, R15=0x00000000c19e7e58
RIP=0x00007f5eea3fddcc, EFLAGS=0x0000000000010246, CSGSFS=0x002b000000000033, ERR=0x0000000000000004
  TRAPNO=0x000000000000000e

Top of Stack: (sp=0x00007f5ea66fe870)
0x00007f5ea66fe870:   0000000100005a28 0000000000002ea5
0x00007f5ea66fe880:   0000000000000006 00007f5ea66fe92e
0x00007f5ea66fe890:   00000000000098ba 0000000000002ea5
0x00007f5ea66fe8a0:   0000000000000004 00000000cbbdcea0 

Instructions: (pc=0x00007f5eea3fddcc)
0x00007f5eea3fdccc:   00 00 00 00 55 48 89 e5 41 57 41 56 41 55 41 54
0x00007f5eea3fdcdc:   49 89 fd 53 48 89 d7 48 89 d3 49 89 f7 48 83 ec
0x00007f5eea3fdcec:   38 e8 ee 49 29 00 48 63 8b 34 01 00 00 48 63 93
0x00007f5eea3fdcfc:   c4 00 00 00 48 01 ca 48 8d 04 d0 8b 93 30 01 00
0x00007f5eea3fdd0c:   00 48 8d 0c d0 48 39 c1 0f 86 8e 02 00 00 ba 07
0x00007f5eea3fdd1c:   00 00 00 4c 8d 71 f8 41 bb 03 00 00 00 48 29 c2
0x00007f5eea3fdd2c:   45 31 c9 41 b8 10 00 00 00 4c 01 f2 48 f7 d2 48
0x00007f5eea3fdd3c:   83 e2 f8 48 01 ca 66 0f 1f 44 00 00 49 63 06 41
0x00007f5eea3fdd4c:   8b 4e 04 4c 01 f8 48 8d 0c 88 48 39 c1 0f 86 49
0x00007f5eea3fdd5c:   01 00 00 48 8d 59 fc 4d 89 dc 49 29 c4 49 01 dc
0x00007f5eea3fdd6c:   49 f7 d4 49 83 e4 fc 49 01 cc eb 7d 0f 1f 84 00
0x00007f5eea3fdd7c:   00 00 00 00 48 8d 0d 95 2f d9 00 49 89 da 49 31
0x00007f5eea3fdd8c:   c2 8b 09 49 d3 ea 4d 85 d2 74 51 40 80 ff ff 0f
0x00007f5eea3fdd9c:   84 47 01 00 00 49 8b 4d 20 8b 89 04 01 00 00 83
0x00007f5eea3fddac:   e1 02 75 38 4d 8b 55 18 49 8b 72 08 8b 8e c0 02
0x00007f5eea3fddbc:   00 00 48 d3 e8 48 8b 8e b0 02 00 00 48 8b 04 c1
0x00007f5eea3fddcc:   48 8b 80 f8 00 00 00 8b 80 18 01 00 00 85 c0 0f
0x00007f5eea3fdddc:   85 3f 01 00 00 0f 1f 80 00 00 00 00 4c 39 e3 0f
0x00007f5eea3fddec:   84 b7 00 00 00 48 83 eb 04 8b 03 85 c0 74 ed 48
0x00007f5eea3fddfc:   8d 35 9e 4a d6 00 8b 4e 08 48 d3 e0 48 03 06 49
0x00007f5eea3fde0c:   8b 75 10 8b 8e f0 06 00 00 48 89 c7 48 d3 ef 48
0x00007f5eea3fde1c:   89 f9 48 8b be e0 06 00 00 0f b6 3c 0f 40 84 ff
0x00007f5eea3fde2c:   0f 8e 4e ff ff ff 42 0f 18 0c 08 42 0f 18 0c 00
0x00007f5eea3fde3c:   49 8b 45 18 49 89 da 49 83 ca 01 48 8b 40 10 8b
0x00007f5eea3fde4c:   08 8b b0 80 00 00 00 89 cf 29 f7 89 fe 89 cf 81
0x00007f5eea3fde5c:   e6 ff ff 01 00 81 fe fd ff 01 00 76 5c 81 fe ff
0x00007f5eea3fde6c:   ff 01 00 74 4f 48 8b 88 b0 00 00 00 48 3b 88 98
0x00007f5eea3fde7c:   00 00 00 0f 84 3b 01 00 00 48 8b b0 c8 00 00 00
0x00007f5eea3fde8c:   4c 89 14 ce 48 83 80 b0 00 00 00 01 4c 39 e3 0f
0x00007f5eea3fde9c:   85 50 ff ff ff 0f 1f 80 00 00 00 00 49 39 d6 0f
0x00007f5eea3fdeac:   84 f7 00 00 00 49 83 ee 08 e9 8e fe ff ff 66 0f
0x00007f5eea3fdebc:   1f 44 00 00 8b 38 48 89 f9 48 8b b0 88 00 00 00 


Stack slot to memory mapping:
stack at sp + 0 slots: 0x0000000100005a28 is a pointer to class: 
java.lang.ref.SoftReference {0x0000000100005a28}
 - instance size:     5
 - klass size:        70
 - access:            public synchronized 
 - state:             fully_initialized
 - name:              'java/lang/ref/SoftReference'
 - super:             'java/lang/ref/Reference'
 - sub:               'java/util/ResourceBundle$BundleReference'   'sun/security/util/MemoryCache$SoftCacheEntry'   'java/lang/invoke/LambdaFormEditor$Transform'   'jdk/internal/ref/SoftCleanable'   (1 more klasses...)
 - arrays:            'java/lang/ref/SoftReference'[]
 - methods:           Array<T>(0x00007f5ec442fed0)
 - method ordering:   Array<T>(0x00007f5ec43fa058)
 - default_methods:   Array<T>(0x0000000000000000)
 - local interfaces:  Array<T>(0x00007f5ec43fa0a0)
 - trans. interfaces: Array<T>(0x00007f5ec43fa0a0)
 - constants:         constant pool [47] {0x00007f5ec442fcd8} for 'java/lang/ref/SoftReference' cache=0x00007f5ec4685bf0
 - class loader data:  loader data: 0x00007f5ee4163070 of 'bootstrap'
 - host class:        NULL
 - source file:       'SoftReference.java'
 - class annotations:       Array<T>(0x0000000000000000)
 - class type annotations:  Array<T>(0x0000000000000000)
 - field annotations:       Array<T>(0x0000000000000000)
 - field type annotations:  Array<T>(0x0000000000000000)
 - generic signature: '<T:Ljava/lang/Object;>Ljava/lang/ref/Reference<TT;>;'
 - inner classes:     Array<T>(0x00007f5ec43fa070)
 - nest members:     Array<T>(0x00007f5ec43fa070)
 - java mirror:       a 'java/lang/Class'{0x00000000c0e507c8} = 'java/lang/ref/SoftReference'
 - vtable length      9  (start addr: 0x0000000100005bf8)
 - itable length      2 (start addr: 0x0000000100005c40)
 - ---- static fields (1 words):
 - private static 'clock' 'J' @112 
 - ---- non-static fields (7 words):
 - private strict 'referent' 'Ljava/lang/Object;' @12 
 - volatile strict 'queue' 'Ljava/lang/ref/ReferenceQueue;' @16 
 - volatile 'next' 'Ljava/lang/ref/Reference;' @20 
 - private transient strict 'discovered' 'Ljava/lang/ref/Reference;' @24 
 - private 'timestamp' 'J' @32 
 - non-static oop maps: 16-20 
stack at sp + 1 slots: 0x0000000000002ea5 is an unknown value
stack at sp + 2 slots: 0x0000000000000006 is an unknown value
stack at sp + 3 slots: 0x00007f5ea66fe92e points into unknown readable memory: 00 00
stack at sp + 4 slots: 0x00000000000098ba is an unknown value
stack at sp + 5 slots: 0x0000000000002ea5 is an unknown value
stack at sp + 6 slots: 0x0000000000000004 is an unknown value
stack at sp + 7 slots: 0x00000000cbbdcea0 is an oop: org.wso2.ballerinalang.compiler.semantics.model.symbols.BInvokableSymbol 
{0x00000000cbbdcea0} - klass: 'org/wso2/ballerinalang/compiler/semantics/model/symbols/BInvokableSymbol'
 - ---- fields (total size 17 words):
 - public 'tainted' 'Z' @12  false
 - public 'closure' 'Z' @13  false
 - public 'tag' 'J' @16  820 (334 0)
 - public 'flags' 'J' @24  9 (9 0)
 - public 'name' 'Lorg/wso2/ballerinalang/compiler/util/Name;' @32  a 'org/wso2/ballerinalang/compiler/util/Name'{0x00000000cbbdcf28} (cbbdcf28)
 - public 'originalName' 'Lorg/wso2/ballerinalang/compiler/util/Name;' @36  a 'org/wso2/ballerinalang/compiler/util/Name'{0x00000000cbbdcf70} (cbbdcf70)
 - public 'pkgID' 'Lorg/ballerinalang/model/elements/PackageID;' @40  a 'org/ballerinalang/model/elements/PackageID'{0x00000000cbb6ef20} (cbb6ef20)
 - public 'kind' 'Lorg/ballerinalang/model/symbols/SymbolKind;' @44  a 'org/ballerinalang/model/symbols/SymbolKind'{0x00000000cc0c8200} (cc0c8200)
 - public 'type' 'Lorg/wso2/ballerinalang/compiler/semantics/model/types/BType;' @48  a 'org/wso2/ballerinalang/compiler/semantics/model/types/BInvokableType'{0x00000000cbbdcf80} (cbbdcf80)
 - public 'owner' 'Lorg/wso2/ballerinalang/compiler/semantics/model/symbols/BSymbol;' @52  a 'org/wso2/ballerinalang/compiler/semantics/model/symbols/BRecordTypeSymbol'{0x00000000cbbdcb88} (cbbdcb88)
 - public 'markdownDocumentation' 'Lorg/ballerinalang/model/elements/MarkdownDocAttachment;' @56  
[error occurred during error reporting (inspecting top of stack), id 0xb, SIGSEGV (0xb) at pc=0x00007f5eea4e01e7]


---------------  P R O C E S S  ---------------

Threads class SMR info:
_java_thread_list=0x00007f5e906213d0, length=13, elements={
0x00007f5ee402b000, 0x00007f5ee41c4000, 0x00007f5ee41c8000, 0x00007f5ee41e3800,
0x00007f5ee41e5800, 0x00007f5ee41e9800, 0x00007f5ee41eb800, 0x00007f5ee41ed800,
0x00007f5ee4293800, 0x00007f5e9c096000, 0x00007f5ee4e2e800, 0x00007f5e840c0800,
0x00007f5e90620000
}

Java Threads: ( => current thread )
  0x00007f5ee402b000 JavaThread "main" [_thread_blocked, id=28521, stack(0x00007f5ee9b00000,0x00007f5ee9c00000)]
  0x00007f5ee41c4000 JavaThread "Reference Handler" daemon [_thread_blocked, id=28537, stack(0x00007f5ec41f8000,0x00007f5ec42f8000)]
  0x00007f5ee41c8000 JavaThread "Finalizer" daemon [_thread_blocked, id=28538, stack(0x00007f5ec40f8000,0x00007f5ec41f8000)]
  0x00007f5ee41e3800 JavaThread "Signal Dispatcher" daemon [_thread_blocked, id=28542, stack(0x00007f5ea7900000,0x00007f5ea7a00000)]
  0x00007f5ee41e5800 JavaThread "Service Thread" daemon [_thread_blocked, id=28543, stack(0x00007f5ea7800000,0x00007f5ea7900000)]
  0x00007f5ee41e9800 JavaThread "C2 CompilerThread0" daemon [_thread_blocked, id=28545, stack(0x00007f5ea7700000,0x00007f5ea7800000)]
  0x00007f5ee41eb800 JavaThread "C1 CompilerThread0" daemon [_thread_blocked, id=28546, stack(0x00007f5ea7600000,0x00007f5ea7700000)]
  0x00007f5ee41ed800 JavaThread "Sweeper thread" daemon [_thread_blocked, id=28547, stack(0x00007f5ea7500000,0x00007f5ea7600000)]
  0x00007f5ee4293800 JavaThread "Common-Cleaner" daemon [_thread_blocked, id=28567, stack(0x00007f5ea72fe000,0x00007f5ea73fe000)]
  0x00007f5e9c096000 JavaThread "C2 CompilerThread1" daemon [_thread_blocked, id=28584, stack(0x00007f5ea6f00000,0x00007f5ea7000000)]
  0x00007f5ee4e2e800 JavaThread "pool-1-thread-1" [_thread_blocked, id=28890, stack(0x00007f5ea6900000,0x00007f5ea6a00000)]
  0x00007f5e840c0800 JavaThread "ForkJoinPool.commonPool-worker-19" daemon [_thread_blocked, id=28900, stack(0x00007f5ea5af6000,0x00007f5ea5bf6000)]
  0x00007f5e90620000 JavaThread "C2 CompilerThread2" daemon [_thread_blocked, id=29061, stack(0x00007f5ea51f2000,0x00007f5ea52f2000)]

Other Threads:
  0x00007f5ee41bc000 VMThread "VM Thread" [stack: 0x00007f5ec42fa000,0x00007f5ec43fa000] [id=28534]
  0x00007f5ee4283000 WatcherThread [stack: 0x00007f5ea7400000,0x00007f5ea7500000] [id=28564]
  0x00007f5ee4044800 GCTaskThread "GC Thread#0" [stack: 0x00007f5ee9700000,0x00007f5ee9800000] [id=28523]
=>0x00007f5eb4001000 GCTaskThread "GC Thread#1" [stack: 0x00007f5ea6600000,0x00007f5ea6700000] [id=28718]
  0x00007f5eb4002800 GCTaskThread "GC Thread#2" [stack: 0x00007f5ea64fe000,0x00007f5ea65fe000] [id=28719]
  0x00007f5eb4004000 GCTaskThread "GC Thread#3" [stack: 0x00007f5ea63fc000,0x00007f5ea64fc000] [id=28720]
  0x00007f5eb4006000 GCTaskThread "GC Thread#4" [stack: 0x00007f5ea62fa000,0x00007f5ea63fa000] [id=28721]
  0x00007f5eb4007800 GCTaskThread "GC Thread#5" [stack: 0x00007f5ea61f8000,0x00007f5ea62f8000] [id=28722]
  0x00007f5ee4061000 ConcurrentGCThread "G1 Main Marker" [stack: 0x00007f5ee80f8000,0x00007f5ee81f8000] [id=28524]
  0x00007f5ee4063000 ConcurrentGCThread "G1 Conc#0" [stack: 0x00007f5ecc900000,0x00007f5ecca00000] [id=28525]
  0x00007f5ec0001000 ConcurrentGCThread "G1 Conc#1" [stack: 0x00007f5ea57f6000,0x00007f5ea58f6000] [id=29037]
  0x00007f5ec0002800 ConcurrentGCThread "G1 Conc#2" [stack: 0x00007f5ea56f4000,0x00007f5ea57f4000] [id=29038]
  0x00007f5ee4159800 ConcurrentGCThread "G1 Refine#0" [stack: 0x00007f5ec4cfe000,0x00007f5ec4dfe000] [id=28528]
  0x00007f5ebc002000 ConcurrentGCThread "G1 Refine#1" [stack: 0x00007f5ea4cf2000,0x00007f5ea4df2000] [id=29081]
  0x00007f5e5c001000 ConcurrentGCThread "G1 Refine#2" [stack: 0x00007f5ea4bf0000,0x00007f5ea4cf0000] [id=29082]
  0x00007f5ee415b000 ConcurrentGCThread "G1 Young RemSet Sampling" [stack: 0x00007f5ec4bfc000,0x00007f5ec4cfc000] [id=28529]

Threads with active compile tasks:
C1 CompilerThread0     4058 3147       3       io.ballerina.projects.ModuleDescriptor::<init> (190 bytes)
C2 CompilerThread2     4058 3157       4       java.util.regex.Pattern$GroupTail::match (111 bytes)

VM state:at safepoint (normal execution)

VM Mutex/Monitor currently owned by a thread:  ([mutex/lock_event])
[0x00007f5ee40290b0] Threads_lock - owner thread: 0x00007f5ee41bc000
[0x00007f5ee4029890] Heap_lock - owner thread: 0x00007f5ee4e2e800

Heap address: 0x00000000c0000000, size: 1024 MB, Compressed Oops mode: 32-bit
Narrow klass base: 0x0000000000000000, Narrow klass shift: 3
Compressed class space size: 1073741824 Address: 0x0000000100000000

Heap:
 garbage-first heap   total 262144K, used 42652K [0x00000000c0000000, 0x0000000100000000)
  region size 1024K, 16 young (16384K), 1 survivors (1024K)
 Metaspace       used 30277K, capacity 30917K, committed 31232K, reserved 1077248K
  class space    used 3268K, capacity 3507K, committed 3584K, reserved 1048576K
Heap Regions: E=young(eden), S=young(survivor), O=old, HS=humongous(starts), HC=humongous(continues), CS=collection set, F=free, A=archive, TAMS=top-at-mark-start (previous, next)
|   0|0x00000000c0000000, 0x00000000c0100000, 0x00000000c0100000|100%|HS|  |TAMS 0x00000000c0100000, 0x00000000c0000000| Complete 
|   1|0x00000000c0100000, 0x00000000c0200000, 0x00000000c0200000|100%|HS|  |TAMS 0x00000000c0200000, 0x00000000c0100000| Complete 
|   2|0x00000000c0200000, 0x00000000c0300000, 0x00000000c0300000|100%|HS|  |TAMS 0x00000000c0300000, 0x00000000c0200000| Complete 
|   3|0x00000000c0300000, 0x00000000c0400000, 0x00000000c0400000|100%|HS|  |TAMS 0x00000000c0400000, 0x00000000c0300000| Complete 
|   4|0x00000000c0400000, 0x00000000c0500000, 0x00000000c0500000|100%| O|  |TAMS 0x00000000c0500000, 0x00000000c0400000| Untracked 
|   5|0x00000000c0500000, 0x00000000c0600000, 0x00000000c0600000|100%| O|  |TAMS 0x00000000c0600000, 0x00000000c0500000| Untracked 
|   6|0x00000000c0600000, 0x00000000c0700000, 0x00000000c0700000|100%| O|  |TAMS 0x00000000c0700000, 0x00000000c0600000| Untracked 
|   7|0x00000000c0700000, 0x00000000c0800000, 0x00000000c0800000|100%| O|  |TAMS 0x00000000c0800000, 0x00000000c0700000| Untracked 
|   8|0x00000000c0800000, 0x00000000c0900000, 0x00000000c0900000|100%| O|  |TAMS 0x00000000c0893e00, 0x00000000c0800000| Untracked 
|   9|0x00000000c0900000, 0x00000000c0a00000, 0x00000000c0a00000|100%| O|  |TAMS 0x00000000c0900000, 0x00000000c0900000| Untracked 
|  10|0x00000000c0a00000, 0x00000000c0b00000, 0x00000000c0b00000|100%| O|  |TAMS 0x00000000c0a00000, 0x00000000c0a00000| Untracked 
|  11|0x00000000c0b00000, 0x00000000c0c00000, 0x00000000c0c00000|100%| O|  |TAMS 0x00000000c0b00000, 0x00000000c0b00000| Untracked 
|  12|0x00000000c0c00000, 0x00000000c0d00000, 0x00000000c0d00000|100%| O|  |TAMS 0x00000000c0c00000, 0x00000000c0c00000| Untracked 
|  13|0x00000000c0d00000, 0x00000000c0e00000, 0x00000000c0e00000|100%| O|  |TAMS 0x00000000c0d00000, 0x00000000c0d00000| Untracked 
|  14|0x00000000c0e00000, 0x00000000c0f00000, 0x00000000c0f00000|100%| O|  |TAMS 0x00000000c0e00000, 0x00000000c0e00000| Untracked 
|  15|0x00000000c0f00000, 0x00000000c1000000, 0x00000000c1000000|100%| O|  |TAMS 0x00000000c0f00000, 0x00000000c0f00000| Untracked 
|  16|0x00000000c1000000, 0x00000000c1100000, 0x00000000c1100000|100%| O|  |TAMS 0x00000000c1000000, 0x00000000c1000000| Untracked 
|  17|0x00000000c1100000, 0x00000000c1200000, 0x00000000c1200000|100%| O|  |TAMS 0x00000000c1100000, 0x00000000c1100000| Untracked 
|  18|0x00000000c1200000, 0x00000000c1300000, 0x00000000c1300000|100%| O|  |TAMS 0x00000000c1200000, 0x00000000c1200000| Untracked 
|  19|0x00000000c1300000, 0x00000000c1400000, 0x00000000c1400000|100%| O|  |TAMS 0x00000000c1300000, 0x00000000c1300000| Untracked 
|  20|0x00000000c1400000, 0x00000000c1500000, 0x00000000c1500000|100%| O|  |TAMS 0x00000000c1400000, 0x00000000c1400000| Untracked 
|  21|0x00000000c1500000, 0x00000000c1600000, 0x00000000c1600000|100%| O|  |TAMS 0x00000000c1500000, 0x00000000c1500000| Untracked 
|  22|0x00000000c1600000, 0x00000000c1700000, 0x00000000c1700000|100%| O|  |TAMS 0x00000000c1600000, 0x00000000c1600000| Untracked 
|  23|0x00000000c1700000, 0x00000000c1800000, 0x00000000c1800000|100%| O|  |TAMS 0x00000000c1700000, 0x00000000c1700000| Untracked 
|  24|0x00000000c1800000, 0x00000000c1900000, 0x00000000c1900000|100%| O|  |TAMS 0x00000000c1800000, 0x00000000c1800000| Untracked 
|  25|0x00000000c1900000, 0x00000000c1a00000, 0x00000000c1a00000|100%| O|  |TAMS 0x00000000c1900000, 0x00000000c1900000| Untracked 
|  26|0x00000000c1a00000, 0x00000000c1aa8c10, 0x00000000c1b00000| 65%| O|  |TAMS 0x00000000c1a00000, 0x00000000c1a00000| Untracked 
|  27|0x00000000c1b00000, 0x00000000c1b00000, 0x00000000c1c00000|  0%| F|  |TAMS 0x00000000c1b00000, 0x00000000c1b00000| Untracked 
|  28|0x00000000c1c00000, 0x00000000c1c00000, 0x00000000c1d00000|  0%| F|  |TAMS 0x00000000c1c00000, 0x00000000c1c00000| Untracked 
|  29|0x00000000c1d00000, 0x00000000c1d00000, 0x00000000c1e00000|  0%| F|  |TAMS 0x00000000c1d00000, 0x00000000c1d00000| Untracked 
|  30|0x00000000c1e00000, 0x00000000c1e00000, 0x00000000c1f00000|  0%| F|  |TAMS 0x00000000c1e00000, 0x00000000c1e00000| Untracked 
|  31|0x00000000c1f00000, 0x00000000c1f00000, 0x00000000c2000000|  0%| F|  |TAMS 0x00000000c1f00000, 0x00000000c1f00000| Untracked 
|  32|0x00000000c2000000, 0x00000000c2000000, 0x00000000c2100000|  0%| F|  |TAMS 0x00000000c2000000, 0x00000000c2000000| Untracked 
|  33|0x00000000c2100000, 0x00000000c2100000, 0x00000000c2200000|  0%| F|  |TAMS 0x00000000c2100000, 0x00000000c2100000| Untracked 
|  34|0x00000000c2200000, 0x00000000c2200000, 0x00000000c2300000|  0%| F|  |TAMS 0x00000000c2200000, 0x00000000c2200000| Untracked 
|  35|0x00000000c2300000, 0x00000000c2300000, 0x00000000c2400000|  0%| F|  |TAMS 0x00000000c2300000, 0x00000000c2300000| Untracked 
|  36|0x00000000c2400000, 0x00000000c2400000, 0x00000000c2500000|  0%| F|  |TAMS 0x00000000c2400000, 0x00000000c2400000| Untracked 
|  37|0x00000000c2500000, 0x00000000c2500000, 0x00000000c2600000|  0%| F|  |TAMS 0x00000000c2500000, 0x00000000c2500000| Untracked 
|  38|0x00000000c2600000, 0x00000000c2600000, 0x00000000c2700000|  0%| F|  |TAMS 0x00000000c2600000, 0x00000000c2600000| Untracked 
|  39|0x00000000c2700000, 0x00000000c2700000, 0x00000000c2800000|  0%| F|  |TAMS 0x00000000c2700000, 0x00000000c2700000| Untracked 
|  40|0x00000000c2800000, 0x00000000c2800000, 0x00000000c2900000|  0%| F|  |TAMS 0x00000000c2800000, 0x00000000c2800000| Untracked 
|  41|0x00000000c2900000, 0x00000000c2900000, 0x00000000c2a00000|  0%| F|  |TAMS 0x00000000c2900000, 0x00000000c2900000| Untracked 
|  42|0x00000000c2a00000, 0x00000000c2a00000, 0x00000000c2b00000|  0%| F|  |TAMS 0x00000000c2a00000, 0x00000000c2a00000| Untracked 
|  43|0x00000000c2b00000, 0x00000000c2b00000, 0x00000000c2c00000|  0%| F|  |TAMS 0x00000000c2b00000, 0x00000000c2b00000| Untracked 
|  44|0x00000000c2c00000, 0x00000000c2c00000, 0x00000000c2d00000|  0%| F|  |TAMS 0x00000000c2c00000, 0x00000000c2c00000| Untracked 
|  45|0x00000000c2d00000, 0x00000000c2d00000, 0x00000000c2e00000|  0%| F|  |TAMS 0x00000000c2d00000, 0x00000000c2d00000| Untracked 
|  46|0x00000000c2e00000, 0x00000000c2e00000, 0x00000000c2f00000|  0%| F|  |TAMS 0x00000000c2e00000, 0x00000000c2e00000| Untracked 
|  47|0x00000000c2f00000, 0x00000000c2f00000, 0x00000000c3000000|  0%| F|  |TAMS 0x00000000c2f00000, 0x00000000c2f00000| Untracked 
|  48|0x00000000c3000000, 0x00000000c3000000, 0x00000000c3100000|  0%| F|  |TAMS 0x00000000c3000000, 0x00000000c3000000| Untracked 
|  49|0x00000000c3100000, 0x00000000c3100000, 0x00000000c3200000|  0%| F|  |TAMS 0x00000000c3100000, 0x00000000c3100000| Untracked 
|  50|0x00000000c3200000, 0x00000000c3200000, 0x00000000c3300000|  0%| F|  |TAMS 0x00000000c3200000, 0x00000000c3200000| Untracked 
|  51|0x00000000c3300000, 0x00000000c3300000, 0x00000000c3400000|  0%| F|  |TAMS 0x00000000c3300000, 0x00000000c3300000| Untracked 
|  52|0x00000000c3400000, 0x00000000c3400000, 0x00000000c3500000|  0%| F|  |TAMS 0x00000000c3400000, 0x00000000c3400000| Untracked 
|  53|0x00000000c3500000, 0x00000000c3500000, 0x00000000c3600000|  0%| F|  |TAMS 0x00000000c3500000, 0x00000000c3500000| Untracked 
|  54|0x00000000c3600000, 0x00000000c3600000, 0x00000000c3700000|  0%| F|  |TAMS 0x00000000c3600000, 0x00000000c3600000| Untracked 
|  55|0x00000000c3700000, 0x00000000c3700000, 0x00000000c3800000|  0%| F|  |TAMS 0x00000000c3700000, 0x00000000c3700000| Untracked 
|  56|0x00000000c3800000, 0x00000000c3800000, 0x00000000c3900000|  0%| F|  |TAMS 0x00000000c3800000, 0x00000000c3800000| Untracked 
|  57|0x00000000c3900000, 0x00000000c3900000, 0x00000000c3a00000|  0%| F|  |TAMS 0x00000000c3900000, 0x00000000c3900000| Untracked 
|  58|0x00000000c3a00000, 0x00000000c3a00000, 0x00000000c3b00000|  0%| F|  |TAMS 0x00000000c3a00000, 0x00000000c3a00000| Untracked 
|  59|0x00000000c3b00000, 0x00000000c3b00000, 0x00000000c3c00000|  0%| F|  |TAMS 0x00000000c3b00000, 0x00000000c3b00000| Untracked 
|  60|0x00000000c3c00000, 0x00000000c3c00000, 0x00000000c3d00000|  0%| F|  |TAMS 0x00000000c3c00000, 0x00000000c3c00000| Untracked 
|  61|0x00000000c3d00000, 0x00000000c3d00000, 0x00000000c3e00000|  0%| F|  |TAMS 0x00000000c3d00000, 0x00000000c3d00000| Untracked 
|  62|0x00000000c3e00000, 0x00000000c3e00000, 0x00000000c3f00000|  0%| F|  |TAMS 0x00000000c3e00000, 0x00000000c3e00000| Untracked 
|  63|0x00000000c3f00000, 0x00000000c3f00000, 0x00000000c4000000|  0%| F|  |TAMS 0x00000000c3f00000, 0x00000000c3f00000| Untracked 
|  64|0x00000000c4000000, 0x00000000c4000000, 0x00000000c4100000|  0%| F|  |TAMS 0x00000000c4000000, 0x00000000c4000000| Untracked 
|  65|0x00000000c4100000, 0x00000000c4100000, 0x00000000c4200000|  0%| F|  |TAMS 0x00000000c4100000, 0x00000000c4100000| Untracked 
|  66|0x00000000c4200000, 0x00000000c4200000, 0x00000000c4300000|  0%| F|  |TAMS 0x00000000c4200000, 0x00000000c4200000| Untracked 
|  67|0x00000000c4300000, 0x00000000c4300000, 0x00000000c4400000|  0%| F|  |TAMS 0x00000000c4300000, 0x00000000c4300000| Untracked 
|  68|0x00000000c4400000, 0x00000000c4400000, 0x00000000c4500000|  0%| F|  |TAMS 0x00000000c4400000, 0x00000000c4400000| Untracked 
|  69|0x00000000c4500000, 0x00000000c4500000, 0x00000000c4600000|  0%| F|  |TAMS 0x00000000c4500000, 0x00000000c4500000| Untracked 
|  70|0x00000000c4600000, 0x00000000c4600000, 0x00000000c4700000|  0%| F|  |TAMS 0x00000000c4600000, 0x00000000c4600000| Untracked 
|  71|0x00000000c4700000, 0x00000000c4700000, 0x00000000c4800000|  0%| F|  |TAMS 0x00000000c4700000, 0x00000000c4700000| Untracked 
|  72|0x00000000c4800000, 0x00000000c4800000, 0x00000000c4900000|  0%| F|  |TAMS 0x00000000c4800000, 0x00000000c4800000| Untracked 
|  73|0x00000000c4900000, 0x00000000c4900000, 0x00000000c4a00000|  0%| F|  |TAMS 0x00000000c4900000, 0x00000000c4900000| Untracked 
|  74|0x00000000c4a00000, 0x00000000c4a00000, 0x00000000c4b00000|  0%| F|  |TAMS 0x00000000c4a00000, 0x00000000c4a00000| Untracked 
|  75|0x00000000c4b00000, 0x00000000c4b00000, 0x00000000c4c00000|  0%| F|  |TAMS 0x00000000c4b00000, 0x00000000c4b00000| Untracked 
|  76|0x00000000c4c00000, 0x00000000c4c00000, 0x00000000c4d00000|  0%| F|  |TAMS 0x00000000c4c00000, 0x00000000c4c00000| Untracked 
|  77|0x00000000c4d00000, 0x00000000c4d00000, 0x00000000c4e00000|  0%| F|  |TAMS 0x00000000c4d00000, 0x00000000c4d00000| Untracked 
|  78|0x00000000c4e00000, 0x00000000c4e00000, 0x00000000c4f00000|  0%| F|  |TAMS 0x00000000c4e00000, 0x00000000c4e00000| Untracked 
|  79|0x00000000c4f00000, 0x00000000c4f00000, 0x00000000c5000000|  0%| F|  |TAMS 0x00000000c4f00000, 0x00000000c4f00000| Untracked 
|  80|0x00000000c5000000, 0x00000000c5000000, 0x00000000c5100000|  0%| F|  |TAMS 0x00000000c5000000, 0x00000000c5000000| Untracked 
|  81|0x00000000c5100000, 0x00000000c5100000, 0x00000000c5200000|  0%| F|  |TAMS 0x00000000c5100000, 0x00000000c5100000| Untracked 
|  82|0x00000000c5200000, 0x00000000c5200000, 0x00000000c5300000|  0%| F|  |TAMS 0x00000000c5200000, 0x00000000c5200000| Untracked 
|  83|0x00000000c5300000, 0x00000000c5300000, 0x00000000c5400000|  0%| F|  |TAMS 0x00000000c5300000, 0x00000000c5300000| Untracked 
|  84|0x00000000c5400000, 0x00000000c5400000, 0x00000000c5500000|  0%| F|  |TAMS 0x00000000c5400000, 0x00000000c5400000| Untracked 
|  85|0x00000000c5500000, 0x00000000c5500000, 0x00000000c5600000|  0%| F|  |TAMS 0x00000000c5500000, 0x00000000c5500000| Untracked 
|  86|0x00000000c5600000, 0x00000000c5600000, 0x00000000c5700000|  0%| F|  |TAMS 0x00000000c5600000, 0x00000000c5600000| Untracked 
|  87|0x00000000c5700000, 0x00000000c5700000, 0x00000000c5800000|  0%| F|  |TAMS 0x00000000c5700000, 0x00000000c5700000| Untracked 
|  88|0x00000000c5800000, 0x00000000c5800000, 0x00000000c5900000|  0%| F|  |TAMS 0x00000000c5800000, 0x00000000c5800000| Untracked 
|  89|0x00000000c5900000, 0x00000000c5900000, 0x00000000c5a00000|  0%| F|  |TAMS 0x00000000c5900000, 0x00000000c5900000| Untracked 
|  90|0x00000000c5a00000, 0x00000000c5a00000, 0x00000000c5b00000|  0%| F|  |TAMS 0x00000000c5a00000, 0x00000000c5a00000| Untracked 
|  91|0x00000000c5b00000, 0x00000000c5b00000, 0x00000000c5c00000|  0%| F|  |TAMS 0x00000000c5b00000, 0x00000000c5b00000| Untracked 
|  92|0x00000000c5c00000, 0x00000000c5c00000, 0x00000000c5d00000|  0%| F|  |TAMS 0x00000000c5c00000, 0x00000000c5c00000| Untracked 
|  93|0x00000000c5d00000, 0x00000000c5d00000, 0x00000000c5e00000|  0%| F|  |TAMS 0x00000000c5d00000, 0x00000000c5d00000| Untracked 
|  94|0x00000000c5e00000, 0x00000000c5e00000, 0x00000000c5f00000|  0%| F|  |TAMS 0x00000000c5e00000, 0x00000000c5e00000| Untracked 
|  95|0x00000000c5f00000, 0x00000000c5f00000, 0x00000000c6000000|  0%| F|  |TAMS 0x00000000c5f00000, 0x00000000c5f00000| Untracked 
|  96|0x00000000c6000000, 0x00000000c6000000, 0x00000000c6100000|  0%| F|  |TAMS 0x00000000c6000000, 0x00000000c6000000| Untracked 
|  97|0x00000000c6100000, 0x00000000c6100000, 0x00000000c6200000|  0%| F|  |TAMS 0x00000000c6100000, 0x00000000c6100000| Untracked 
|  98|0x00000000c6200000, 0x00000000c6200000, 0x00000000c6300000|  0%| F|  |TAMS 0x00000000c6200000, 0x00000000c6200000| Untracked 
|  99|0x00000000c6300000, 0x00000000c6300000, 0x00000000c6400000|  0%| F|  |TAMS 0x00000000c6300000, 0x00000000c6300000| Untracked 
| 100|0x00000000c6400000, 0x00000000c6400000, 0x00000000c6500000|  0%| F|  |TAMS 0x00000000c6400000, 0x00000000c6400000| Untracked 
| 101|0x00000000c6500000, 0x00000000c6500000, 0x00000000c6600000|  0%| F|  |TAMS 0x00000000c6500000, 0x00000000c6500000| Untracked 
| 102|0x00000000c6600000, 0x00000000c6600000, 0x00000000c6700000|  0%| F|  |TAMS 0x00000000c6600000, 0x00000000c6600000| Untracked 
| 103|0x00000000c6700000, 0x00000000c6700000, 0x00000000c6800000|  0%| F|  |TAMS 0x00000000c6700000, 0x00000000c6700000| Untracked 
| 104|0x00000000c6800000, 0x00000000c6800000, 0x00000000c6900000|  0%| F|  |TAMS 0x00000000c6800000, 0x00000000c6800000| Untracked 
| 105|0x00000000c6900000, 0x00000000c6900000, 0x00000000c6a00000|  0%| F|  |TAMS 0x00000000c6900000, 0x00000000c6900000| Untracked 
| 106|0x00000000c6a00000, 0x00000000c6a00000, 0x00000000c6b00000|  0%| F|  |TAMS 0x00000000c6a00000, 0x00000000c6a00000| Untracked 
| 107|0x00000000c6b00000, 0x00000000c6b00000, 0x00000000c6c00000|  0%| F|  |TAMS 0x00000000c6b00000, 0x00000000c6b00000| Untracked 
| 108|0x00000000c6c00000, 0x00000000c6c00000, 0x00000000c6d00000|  0%| F|  |TAMS 0x00000000c6c00000, 0x00000000c6c00000| Untracked 
| 109|0x00000000c6d00000, 0x00000000c6d00000, 0x00000000c6e00000|  0%| F|  |TAMS 0x00000000c6d00000, 0x00000000c6d00000| Untracked 
| 110|0x00000000c6e00000, 0x00000000c6e00000, 0x00000000c6f00000|  0%| F|  |TAMS 0x00000000c6e00000, 0x00000000c6e00000| Untracked 
| 111|0x00000000c6f00000, 0x00000000c6f00000, 0x00000000c7000000|  0%| F|  |TAMS 0x00000000c6f00000, 0x00000000c6f00000| Untracked 
| 112|0x00000000c7000000, 0x00000000c7000000, 0x00000000c7100000|  0%| F|  |TAMS 0x00000000c7000000, 0x00000000c7000000| Untracked 
| 113|0x00000000c7100000, 0x00000000c7100000, 0x00000000c7200000|  0%| F|  |TAMS 0x00000000c7100000, 0x00000000c7100000| Untracked 
| 114|0x00000000c7200000, 0x00000000c7200000, 0x00000000c7300000|  0%| F|  |TAMS 0x00000000c7200000, 0x00000000c7200000| Untracked 
| 115|0x00000000c7300000, 0x00000000c7300000, 0x00000000c7400000|  0%| F|  |TAMS 0x00000000c7300000, 0x00000000c7300000| Untracked 
| 116|0x00000000c7400000, 0x00000000c7400000, 0x00000000c7500000|  0%| F|  |TAMS 0x00000000c7400000, 0x00000000c7400000| Untracked 
| 117|0x00000000c7500000, 0x00000000c7500000, 0x00000000c7600000|  0%| F|  |TAMS 0x00000000c7500000, 0x00000000c7500000| Untracked 
| 118|0x00000000c7600000, 0x00000000c7600000, 0x00000000c7700000|  0%| F|  |TAMS 0x00000000c7600000, 0x00000000c7600000| Untracked 
| 119|0x00000000c7700000, 0x00000000c7700000, 0x00000000c7800000|  0%| F|  |TAMS 0x00000000c7700000, 0x00000000c7700000| Untracked 
| 120|0x00000000c7800000, 0x00000000c7800000, 0x00000000c7900000|  0%| F|  |TAMS 0x00000000c7800000, 0x00000000c7800000| Untracked 
| 121|0x00000000c7900000, 0x00000000c7900000, 0x00000000c7a00000|  0%| F|  |TAMS 0x00000000c7900000, 0x00000000c7900000| Untracked 
| 122|0x00000000c7a00000, 0x00000000c7a00000, 0x00000000c7b00000|  0%| F|  |TAMS 0x00000000c7a00000, 0x00000000c7a00000| Untracked 
| 123|0x00000000c7b00000, 0x00000000c7b00000, 0x00000000c7c00000|  0%| F|  |TAMS 0x00000000c7b00000, 0x00000000c7b00000| Untracked 
| 124|0x00000000c7c00000, 0x00000000c7c00000, 0x00000000c7d00000|  0%| F|  |TAMS 0x00000000c7c00000, 0x00000000c7c00000| Untracked 
| 125|0x00000000c7d00000, 0x00000000c7d00000, 0x00000000c7e00000|  0%| F|  |TAMS 0x00000000c7d00000, 0x00000000c7d00000| Untracked 
| 126|0x00000000c7e00000, 0x00000000c7e00000, 0x00000000c7f00000|  0%| F|  |TAMS 0x00000000c7e00000, 0x00000000c7e00000| Untracked 
| 127|0x00000000c7f00000, 0x00000000c7f00000, 0x00000000c8000000|  0%| F|  |TAMS 0x00000000c7f00000, 0x00000000c7f00000| Untracked 
| 128|0x00000000c8000000, 0x00000000c8000000, 0x00000000c8100000|  0%| F|  |TAMS 0x00000000c8000000, 0x00000000c8000000| Untracked 
| 129|0x00000000c8100000, 0x00000000c8100000, 0x00000000c8200000|  0%| F|  |TAMS 0x00000000c8100000, 0x00000000c8100000| Untracked 
| 130|0x00000000c8200000, 0x00000000c8200000, 0x00000000c8300000|  0%| F|  |TAMS 0x00000000c8200000, 0x00000000c8200000| Untracked 
| 131|0x00000000c8300000, 0x00000000c8300000, 0x00000000c8400000|  0%| F|  |TAMS 0x00000000c8300000, 0x00000000c8300000| Untracked 
| 132|0x00000000c8400000, 0x00000000c8400000, 0x00000000c8500000|  0%| F|  |TAMS 0x00000000c8400000, 0x00000000c8400000| Untracked 
| 133|0x00000000c8500000, 0x00000000c8500000, 0x00000000c8600000|  0%| F|  |TAMS 0x00000000c8500000, 0x00000000c8500000| Untracked 
| 134|0x00000000c8600000, 0x00000000c8600000, 0x00000000c8700000|  0%| F|  |TAMS 0x00000000c8600000, 0x00000000c8600000| Untracked 
| 135|0x00000000c8700000, 0x00000000c8700000, 0x00000000c8800000|  0%| F|  |TAMS 0x00000000c8700000, 0x00000000c8700000| Untracked 
| 136|0x00000000c8800000, 0x00000000c8800000, 0x00000000c8900000|  0%| F|  |TAMS 0x00000000c8800000, 0x00000000c8800000| Untracked 
| 137|0x00000000c8900000, 0x00000000c8900000, 0x00000000c8a00000|  0%| F|  |TAMS 0x00000000c8900000, 0x00000000c8900000| Untracked 
| 138|0x00000000c8a00000, 0x00000000c8a00000, 0x00000000c8b00000|  0%| F|  |TAMS 0x00000000c8a00000, 0x00000000c8a00000| Untracked 
| 139|0x00000000c8b00000, 0x00000000c8b00000, 0x00000000c8c00000|  0%| F|  |TAMS 0x00000000c8b00000, 0x00000000c8b00000| Untracked 
| 140|0x00000000c8c00000, 0x00000000c8c00000, 0x00000000c8d00000|  0%| F|  |TAMS 0x00000000c8c00000, 0x00000000c8c00000| Untracked 
| 141|0x00000000c8d00000, 0x00000000c8d00000, 0x00000000c8e00000|  0%| F|  |TAMS 0x00000000c8d00000, 0x00000000c8d00000| Untracked 
| 142|0x00000000c8e00000, 0x00000000c8e00000, 0x00000000c8f00000|  0%| F|  |TAMS 0x00000000c8e00000, 0x00000000c8e00000| Untracked 
| 143|0x00000000c8f00000, 0x00000000c8f00000, 0x00000000c9000000|  0%| F|  |TAMS 0x00000000c8f00000, 0x00000000c8f00000| Untracked 
| 144|0x00000000c9000000, 0x00000000c9000000, 0x00000000c9100000|  0%| F|  |TAMS 0x00000000c9000000, 0x00000000c9000000| Untracked 
| 145|0x00000000c9100000, 0x00000000c9100000, 0x00000000c9200000|  0%| F|  |TAMS 0x00000000c9100000, 0x00000000c9100000| Untracked 
| 146|0x00000000c9200000, 0x00000000c9200000, 0x00000000c9300000|  0%| F|  |TAMS 0x00000000c9200000, 0x00000000c9200000| Untracked 
| 147|0x00000000c9300000, 0x00000000c9300000, 0x00000000c9400000|  0%| F|  |TAMS 0x00000000c9300000, 0x00000000c9300000| Untracked 
| 148|0x00000000c9400000, 0x00000000c9400000, 0x00000000c9500000|  0%| F|  |TAMS 0x00000000c9400000, 0x00000000c9400000| Untracked 
| 149|0x00000000c9500000, 0x00000000c9500000, 0x00000000c9600000|  0%| F|  |TAMS 0x00000000c9500000, 0x00000000c9500000| Untracked 
| 150|0x00000000c9600000, 0x00000000c9600000, 0x00000000c9700000|  0%| F|  |TAMS 0x00000000c9600000, 0x00000000c9600000| Untracked 
| 151|0x00000000c9700000, 0x00000000c9700000, 0x00000000c9800000|  0%| F|  |TAMS 0x00000000c9700000, 0x00000000c9700000| Untracked 
| 152|0x00000000c9800000, 0x00000000c9800000, 0x00000000c9900000|  0%| F|  |TAMS 0x00000000c9800000, 0x00000000c9800000| Untracked 
| 153|0x00000000c9900000, 0x00000000c9900000, 0x00000000c9a00000|  0%| F|  |TAMS 0x00000000c9900000, 0x00000000c9900000| Untracked 
| 154|0x00000000c9a00000, 0x00000000c9a00000, 0x00000000c9b00000|  0%| F|  |TAMS 0x00000000c9a00000, 0x00000000c9a00000| Untracked 
| 155|0x00000000c9b00000, 0x00000000c9b00000, 0x00000000c9c00000|  0%| F|  |TAMS 0x00000000c9b00000, 0x00000000c9b00000| Untracked 
| 156|0x00000000c9c00000, 0x00000000c9c00000, 0x00000000c9d00000|  0%| F|  |TAMS 0x00000000c9c00000, 0x00000000c9c00000| Untracked 
| 157|0x00000000c9d00000, 0x00000000c9d00000, 0x00000000c9e00000|  0%| F|  |TAMS 0x00000000c9d00000, 0x00000000c9d00000| Untracked 
| 158|0x00000000c9e00000, 0x00000000c9e00000, 0x00000000c9f00000|  0%| F|  |TAMS 0x00000000c9e00000, 0x00000000c9e00000| Untracked 
| 159|0x00000000c9f00000, 0x00000000c9f00000, 0x00000000ca000000|  0%| F|  |TAMS 0x00000000c9f00000, 0x00000000c9f00000| Untracked 
| 160|0x00000000ca000000, 0x00000000ca000000, 0x00000000ca100000|  0%| F|  |TAMS 0x00000000ca000000, 0x00000000ca000000| Untracked 
| 161|0x00000000ca100000, 0x00000000ca100000, 0x00000000ca200000|  0%| F|  |TAMS 0x00000000ca100000, 0x00000000ca100000| Untracked 
| 162|0x00000000ca200000, 0x00000000ca200000, 0x00000000ca300000|  0%| F|  |TAMS 0x00000000ca200000, 0x00000000ca200000| Untracked 
| 163|0x00000000ca300000, 0x00000000ca300000, 0x00000000ca400000|  0%| F|  |TAMS 0x00000000ca300000, 0x00000000ca300000| Untracked 
| 164|0x00000000ca400000, 0x00000000ca400000, 0x00000000ca500000|  0%| F|  |TAMS 0x00000000ca400000, 0x00000000ca400000| Untracked 
| 165|0x00000000ca500000, 0x00000000ca500000, 0x00000000ca600000|  0%| F|  |TAMS 0x00000000ca500000, 0x00000000ca500000| Untracked 
| 166|0x00000000ca600000, 0x00000000ca600000, 0x00000000ca700000|  0%| F|  |TAMS 0x00000000ca600000, 0x00000000ca600000| Untracked 
| 167|0x00000000ca700000, 0x00000000ca700000, 0x00000000ca800000|  0%| F|  |TAMS 0x00000000ca700000, 0x00000000ca700000| Untracked 
| 168|0x00000000ca800000, 0x00000000ca800000, 0x00000000ca900000|  0%| F|  |TAMS 0x00000000ca800000, 0x00000000ca800000| Untracked 
| 169|0x00000000ca900000, 0x00000000ca900000, 0x00000000caa00000|  0%| F|  |TAMS 0x00000000ca900000, 0x00000000ca900000| Untracked 
| 170|0x00000000caa00000, 0x00000000caa00000, 0x00000000cab00000|  0%| F|  |TAMS 0x00000000caa00000, 0x00000000caa00000| Untracked 
| 171|0x00000000cab00000, 0x00000000cab00000, 0x00000000cac00000|  0%| F|  |TAMS 0x00000000cab00000, 0x00000000cab00000| Untracked 
| 172|0x00000000cac00000, 0x00000000cac00000, 0x00000000cad00000|  0%| F|  |TAMS 0x00000000cac00000, 0x00000000cac00000| Untracked 
| 173|0x00000000cad00000, 0x00000000cad00000, 0x00000000cae00000|  0%| F|  |TAMS 0x00000000cad00000, 0x00000000cad00000| Untracked 
| 174|0x00000000cae00000, 0x00000000cae00000, 0x00000000caf00000|  0%| F|  |TAMS 0x00000000cae00000, 0x00000000cae00000| Untracked 
| 175|0x00000000caf00000, 0x00000000caf00000, 0x00000000cb000000|  0%| F|  |TAMS 0x00000000caf00000, 0x00000000caf00000| Untracked 
| 176|0x00000000cb000000, 0x00000000cb000000, 0x00000000cb100000|  0%| F|  |TAMS 0x00000000cb000000, 0x00000000cb000000| Untracked 
| 177|0x00000000cb100000, 0x00000000cb100000, 0x00000000cb200000|  0%| F|  |TAMS 0x00000000cb100000, 0x00000000cb100000| Untracked 
| 178|0x00000000cb200000, 0x00000000cb200000, 0x00000000cb300000|  0%| F|  |TAMS 0x00000000cb200000, 0x00000000cb200000| Untracked 
| 179|0x00000000cb300000, 0x00000000cb300000, 0x00000000cb400000|  0%| F|  |TAMS 0x00000000cb300000, 0x00000000cb300000| Untracked 
| 180|0x00000000cb400000, 0x00000000cb400000, 0x00000000cb500000|  0%| F|  |TAMS 0x00000000cb400000, 0x00000000cb400000| Untracked 
| 181|0x00000000cb500000, 0x00000000cb500000, 0x00000000cb600000|  0%| F|  |TAMS 0x00000000cb500000, 0x00000000cb500000| Untracked 
| 182|0x00000000cb600000, 0x00000000cb600000, 0x00000000cb700000|  0%| F|  |TAMS 0x00000000cb600000, 0x00000000cb600000| Untracked 
| 183|0x00000000cb700000, 0x00000000cb700000, 0x00000000cb800000|  0%| F|  |TAMS 0x00000000cb700000, 0x00000000cb700000| Untracked 
| 184|0x00000000cb800000, 0x00000000cb800000, 0x00000000cb900000|  0%| F|  |TAMS 0x00000000cb800000, 0x00000000cb800000| Untracked 
| 185|0x00000000cb900000, 0x00000000cb900000, 0x00000000cba00000|  0%| F|  |TAMS 0x00000000cb900000, 0x00000000cb900000| Untracked 
| 186|0x00000000cba00000, 0x00000000cbb00000, 0x00000000cbb00000|100%| E|CS|TAMS 0x00000000cba00000, 0x00000000cba00000| Complete 
| 187|0x00000000cbb00000, 0x00000000cbc00000, 0x00000000cbc00000|100%| E|CS|TAMS 0x00000000cbb00000, 0x00000000cbb00000| Complete 
| 188|0x00000000cbc00000, 0x00000000cbd00000, 0x00000000cbd00000|100%| E|CS|TAMS 0x00000000cbc00000, 0x00000000cbc00000| Complete 
| 189|0x00000000cbd00000, 0x00000000cbe00000, 0x00000000cbe00000|100%| E|CS|TAMS 0x00000000cbd00000, 0x00000000cbd00000| Complete 
| 190|0x00000000cbe00000, 0x00000000cbf00000, 0x00000000cbf00000|100%| E|CS|TAMS 0x00000000cbe00000, 0x00000000cbe00000| Complete 
| 191|0x00000000cbf00000, 0x00000000cc000000, 0x00000000cc000000|100%| E|CS|TAMS 0x00000000cbf00000, 0x00000000cbf00000| Complete 
| 192|0x00000000cc000000, 0x00000000cc100000, 0x00000000cc100000|100%| E|CS|TAMS 0x00000000cc000000, 0x00000000cc000000| Complete 
| 193|0x00000000cc100000, 0x00000000cc200000, 0x00000000cc200000|100%| E|CS|TAMS 0x00000000cc100000, 0x00000000cc100000| Complete 
| 194|0x00000000cc200000, 0x00000000cc200000, 0x00000000cc300000|  0%| F|  |TAMS 0x00000000cc200000, 0x00000000cc200000| Untracked 
| 195|0x00000000cc300000, 0x00000000cc300000, 0x00000000cc400000|  0%| F|  |TAMS 0x00000000cc300000, 0x00000000cc300000| Untracked 
| 196|0x00000000cc400000, 0x00000000cc400000, 0x00000000cc500000|  0%| F|  |TAMS 0x00000000cc400000, 0x00000000cc400000| Untracked 
| 197|0x00000000cc500000, 0x00000000cc500000, 0x00000000cc600000|  0%| F|  |TAMS 0x00000000cc500000, 0x00000000cc500000| Untracked 
| 198|0x00000000cc600000, 0x00000000cc600000, 0x00000000cc700000|  0%| F|  |TAMS 0x00000000cc600000, 0x00000000cc600000| Untracked 
| 199|0x00000000cc700000, 0x00000000cc700000, 0x00000000cc800000|  0%| F|  |TAMS 0x00000000cc700000, 0x00000000cc700000| Untracked 
| 200|0x00000000cc800000, 0x00000000cc800000, 0x00000000cc900000|  0%| F|  |TAMS 0x00000000cc800000, 0x00000000cc800000| Untracked 
| 201|0x00000000cc900000, 0x00000000cc900000, 0x00000000cca00000|  0%| F|  |TAMS 0x00000000cc900000, 0x00000000cc900000| Untracked 
| 202|0x00000000cca00000, 0x00000000cca00000, 0x00000000ccb00000|  0%| F|  |TAMS 0x00000000cca00000, 0x00000000cca00000| Untracked 
| 203|0x00000000ccb00000, 0x00000000ccb00000, 0x00000000ccc00000|  0%| F|  |TAMS 0x00000000ccb00000, 0x00000000ccb00000| Untracked 
| 204|0x00000000ccc00000, 0x00000000ccc00000, 0x00000000ccd00000|  0%| F|  |TAMS 0x00000000ccc00000, 0x00000000ccc00000| Untracked 
| 205|0x00000000ccd00000, 0x00000000ccd00000, 0x00000000cce00000|  0%| F|  |TAMS 0x00000000ccd00000, 0x00000000ccd00000| Untracked 
| 206|0x00000000cce00000, 0x00000000cce00000, 0x00000000ccf00000|  0%| F|  |TAMS 0x00000000cce00000, 0x00000000cce00000| Untracked 
| 207|0x00000000ccf00000, 0x00000000ccf00000, 0x00000000cd000000|  0%| F|  |TAMS 0x00000000ccf00000, 0x00000000ccf00000| Untracked 
| 208|0x00000000cd000000, 0x00000000cd000000, 0x00000000cd100000|  0%| F|  |TAMS 0x00000000cd000000, 0x00000000cd000000| Untracked 
| 209|0x00000000cd100000, 0x00000000cd100000, 0x00000000cd200000|  0%| F|  |TAMS 0x00000000cd100000, 0x00000000cd100000| Untracked 
| 210|0x00000000cd200000, 0x00000000cd200000, 0x00000000cd300000|  0%| F|  |TAMS 0x00000000cd200000, 0x00000000cd200000| Untracked 
| 211|0x00000000cd300000, 0x00000000cd300000, 0x00000000cd400000|  0%| F|  |TAMS 0x00000000cd300000, 0x00000000cd300000| Untracked 
| 212|0x00000000cd400000, 0x00000000cd400000, 0x00000000cd500000|  0%| F|  |TAMS 0x00000000cd400000, 0x00000000cd400000| Untracked 
| 213|0x00000000cd500000, 0x00000000cd500000, 0x00000000cd600000|  0%| F|  |TAMS 0x00000000cd500000, 0x00000000cd500000| Untracked 
| 214|0x00000000cd600000, 0x00000000cd600000, 0x00000000cd700000|  0%| F|  |TAMS 0x00000000cd600000, 0x00000000cd600000| Untracked 
| 215|0x00000000cd700000, 0x00000000cd700000, 0x00000000cd800000|  0%| F|  |TAMS 0x00000000cd700000, 0x00000000cd700000| Untracked 
| 216|0x00000000cd800000, 0x00000000cd800000, 0x00000000cd900000|  0%| F|  |TAMS 0x00000000cd800000, 0x00000000cd800000| Untracked 
| 217|0x00000000cd900000, 0x00000000cd900000, 0x00000000cda00000|  0%| F|  |TAMS 0x00000000cd900000, 0x00000000cd900000| Untracked 
| 218|0x00000000cda00000, 0x00000000cda00000, 0x00000000cdb00000|  0%| F|  |TAMS 0x00000000cda00000, 0x00000000cda00000| Untracked 
| 219|0x00000000cdb00000, 0x00000000cdb00000, 0x00000000cdc00000|  0%| F|  |TAMS 0x00000000cdb00000, 0x00000000cdb00000| Untracked 
| 220|0x00000000cdc00000, 0x00000000cdc00000, 0x00000000cdd00000|  0%| F|  |TAMS 0x00000000cdc00000, 0x00000000cdc00000| Untracked 
| 221|0x00000000cdd00000, 0x00000000cdd00000, 0x00000000cde00000|  0%| F|  |TAMS 0x00000000cdd00000, 0x00000000cdd00000| Untracked 
| 222|0x00000000cde00000, 0x00000000cde00000, 0x00000000cdf00000|  0%| F|  |TAMS 0x00000000cde00000, 0x00000000cde00000| Untracked 
| 223|0x00000000cdf00000, 0x00000000cdf00000, 0x00000000ce000000|  0%| F|  |TAMS 0x00000000cdf00000, 0x00000000cdf00000| Untracked 
| 224|0x00000000ce000000, 0x00000000ce000000, 0x00000000ce100000|  0%| F|  |TAMS 0x00000000ce000000, 0x00000000ce000000| Untracked 
| 225|0x00000000ce100000, 0x00000000ce100000, 0x00000000ce200000|  0%| F|  |TAMS 0x00000000ce100000, 0x00000000ce100000| Untracked 
| 226|0x00000000ce200000, 0x00000000ce200000, 0x00000000ce300000|  0%| F|  |TAMS 0x00000000ce200000, 0x00000000ce200000| Untracked 
| 227|0x00000000ce300000, 0x00000000ce300000, 0x00000000ce400000|  0%| F|  |TAMS 0x00000000ce300000, 0x00000000ce300000| Untracked 
| 228|0x00000000ce400000, 0x00000000ce400000, 0x00000000ce500000|  0%| F|  |TAMS 0x00000000ce400000, 0x00000000ce400000| Untracked 
| 229|0x00000000ce500000, 0x00000000ce500000, 0x00000000ce600000|  0%| F|  |TAMS 0x00000000ce500000, 0x00000000ce500000| Untracked 
| 230|0x00000000ce600000, 0x00000000ce600000, 0x00000000ce700000|  0%| F|  |TAMS 0x00000000ce600000, 0x00000000ce600000| Untracked 
| 231|0x00000000ce700000, 0x00000000ce700000, 0x00000000ce800000|  0%| F|  |TAMS 0x00000000ce700000, 0x00000000ce700000| Untracked 
| 232|0x00000000ce800000, 0x00000000ce800000, 0x00000000ce900000|  0%| F|  |TAMS 0x00000000ce800000, 0x00000000ce800000| Untracked 
| 233|0x00000000ce900000, 0x00000000ce900000, 0x00000000cea00000|  0%| F|  |TAMS 0x00000000ce900000, 0x00000000ce900000| Untracked 
| 234|0x00000000cea00000, 0x00000000cea00000, 0x00000000ceb00000|  0%| F|  |TAMS 0x00000000cea00000, 0x00000000cea00000| Untracked 
| 235|0x00000000ceb00000, 0x00000000ceb00000, 0x00000000cec00000|  0%| F|  |TAMS 0x00000000ceb00000, 0x00000000ceb00000| Untracked 
| 236|0x00000000cec00000, 0x00000000cec00000, 0x00000000ced00000|  0%| F|  |TAMS 0x00000000cec00000, 0x00000000cec00000| Untracked 
| 237|0x00000000ced00000, 0x00000000ced00000, 0x00000000cee00000|  0%| F|  |TAMS 0x00000000ced00000, 0x00000000ced00000| Untracked 
| 238|0x00000000cee00000, 0x00000000cee00000, 0x00000000cef00000|  0%| F|  |TAMS 0x00000000cee00000, 0x00000000cee00000| Untracked 
| 239|0x00000000cef00000, 0x00000000cef00000, 0x00000000cf000000|  0%| F|  |TAMS 0x00000000cef00000, 0x00000000cef00000| Untracked 
| 240|0x00000000cf000000, 0x00000000cf0d7f00, 0x00000000cf100000| 84%| S|  |TAMS 0x00000000cf000000, 0x00000000cf000000| Complete 
| 241|0x00000000cf100000, 0x00000000cf200000, 0x00000000cf200000|100%| E|CS|TAMS 0x00000000cf100000, 0x00000000cf100000| Complete 
| 242|0x00000000cf200000, 0x00000000cf300000, 0x00000000cf300000|100%| E|CS|TAMS 0x00000000cf200000, 0x00000000cf200000| Complete 
| 243|0x00000000cf300000, 0x00000000cf400000, 0x00000000cf400000|100%| E|CS|TAMS 0x00000000cf300000, 0x00000000cf300000| Complete 
| 244|0x00000000cf400000, 0x00000000cf500000, 0x00000000cf500000|100%| E|CS|TAMS 0x00000000cf400000, 0x00000000cf400000| Complete 
| 245|0x00000000cf500000, 0x00000000cf600000, 0x00000000cf600000|100%| E|CS|TAMS 0x00000000cf500000, 0x00000000cf500000| Complete 
| 246|0x00000000cf600000, 0x00000000cf700000, 0x00000000cf700000|100%| E|CS|TAMS 0x00000000cf600000, 0x00000000cf600000| Complete 
| 247|0x00000000cf700000, 0x00000000cf800000, 0x00000000cf800000|100%| E|CS|TAMS 0x00000000cf700000, 0x00000000cf700000| Complete 
| 248|0x00000000cf800000, 0x00000000cf900000, 0x00000000cf900000|100%| E|CS|TAMS 0x00000000cf800000, 0x00000000cf800000| Complete 
| 249|0x00000000cf900000, 0x00000000cfa00000, 0x00000000cfa00000|100%| E|CS|TAMS 0x00000000cf900000, 0x00000000cf900000| Complete 
| 250|0x00000000cfa00000, 0x00000000cfb00000, 0x00000000cfb00000|100%| E|CS|TAMS 0x00000000cfa00000, 0x00000000cfa00000| Complete 
| 251|0x00000000cfb00000, 0x00000000cfc00000, 0x00000000cfc00000|100%| E|CS|TAMS 0x00000000cfb00000, 0x00000000cfb00000| Complete 
| 252|0x00000000cfc00000, 0x00000000cfd00000, 0x00000000cfd00000|100%| E|CS|TAMS 0x00000000cfc00000, 0x00000000cfc00000| Complete 
| 253|0x00000000cfd00000, 0x00000000cfe00000, 0x00000000cfe00000|100%| E|CS|TAMS 0x00000000cfd00000, 0x00000000cfd00000| Complete 
| 254|0x00000000cfe00000, 0x00000000cff00000, 0x00000000cff00000|100%| E|CS|TAMS 0x00000000cfe00000, 0x00000000cfe00000| Complete 
| 255|0x00000000cff00000, 0x00000000d0000000, 0x00000000d0000000|100%| E|CS|TAMS 0x00000000cff00000, 0x00000000cff00000| Complete 

Card table byte_map: [0x00007f5ecdc00000,0x00007f5ecde00000] _byte_map_base: 0x00007f5ecd600000

Marking Bits (Prev, Next): (CMBitMap*) 0x00007f5ee405c100, (CMBitMap*) 0x00007f5ee405c0c8
 Prev Bits: [0x00007f5ec7000000, 0x00007f5ec8000000)
 Next Bits: [0x00007f5ecca00000, 0x00007f5ecda00000)

Polling page: 0x00007f5eeb8a3000

Metaspace:

Usage:
  Non-class:     26.77 MB capacity,    26.38 MB ( 99%) used,   326.91 KB (  1%) free+waste,    74.06 KB ( <1%) overhead. 
      Class:      3.42 MB capacity,     3.19 MB ( 93%) used,   204.75 KB (  6%) free+waste,    33.69 KB ( <1%) overhead. 
       Both:     30.19 MB capacity,    29.57 MB ( 98%) used,   531.66 KB (  2%) free+waste,   107.75 KB ( <1%) overhead. 

Virtual space:
  Non-class space:       28.00 MB reserved,      27.00 MB ( 96%) committed 
      Class space:        1.00 GB reserved,       3.50 MB ( <1%) committed 
             Both:        1.03 GB reserved,      30.50 MB (  3%) committed 

Chunk freelists:
   Non-Class:  166.00 KB
       Class:  0 bytes
        Both:  166.00 KB

MaxMetaspaceSize: unlimited
CompressedClassSpaceSize: 1.00 GB
Initial GC threshold: 20.80 MB
Current GC threshold: 35.00 MB
CDS: off

CodeHeap 'non-profiled nmethods': size=120032Kb used=1490Kb max_used=1490Kb free=118541Kb
 bounds [0x00007f5ed58c8000, 0x00007f5ed5b38000, 0x00007f5edce00000]
CodeHeap 'profiled nmethods': size=120028Kb used=6953Kb max_used=6953Kb free=113074Kb
 bounds [0x00007f5ece391000, 0x00007f5ecea61000, 0x00007f5ed58c8000]
CodeHeap 'non-nmethods': size=5700Kb used=1243Kb max_used=1275Kb free=4456Kb
 bounds [0x00007f5ecde00000, 0x00007f5ece070000, 0x00007f5ece391000]
 total_blobs=3681 nmethods=3147 adapters=447
 compilation: enabled
              stopped_count=0, restarted_count=0
 full_count=0

Compilation events (20 events):
Event: 3.937 Thread 0x00007f5ee41eb800 3140       3       io.ballerina.projects.PackageVersion::equals (41 bytes)
Event: 3.937 Thread 0x00007f5ee41eb800 nmethod 3140 0x00007f5ecea56810 code [0x00007f5ecea569e0, 0x00007f5ecea56d20]
Event: 3.937 Thread 0x00007f5ee41eb800 3141       3       sun.nio.cs.StreamDecoder::<init> (59 bytes)
Event: 3.938 Thread 0x00007f5ee41eb800 nmethod 3141 0x00007f5ecea56e90 code [0x00007f5ecea570c0, 0x00007f5ecea57920]
Event: 3.938 Thread 0x00007f5ee41eb800 3143       3       java.nio.file.Files::newByteChannel (36 bytes)
Event: 3.939 Thread 0x00007f5ee41eb800 nmethod 3143 0x00007f5ecea57c10 code [0x00007f5ecea57e60, 0x00007f5ecea587b0]
Event: 3.939 Thread 0x00007f5ee41eb800 3142       3       java.nio.charset.CharsetDecoder::<init> (100 bytes)
Event: 3.940 Thread 0x00007f5ee41eb800 nmethod 3142 0x00007f5ecea58b10 code [0x00007f5ecea58d40, 0x00007f5ecea593f0]
Event: 3.940 Thread 0x00007f5ee41eb800 3148   !   3       sun.nio.fs.UnixDirectoryStream$UnixDirectoryIterator::readNextEntry (185 bytes)
Event: 3.942 Thread 0x00007f5ee41eb800 nmethod 3148 0x00007f5ecea59590 code [0x00007f5ecea59900, 0x00007f5ecea5acf0]
Event: 3.942 Thread 0x00007f5ee41eb800 3147       3       io.ballerina.projects.ModuleDescriptor::<init> (190 bytes)
Event: 3.945 Thread 0x00007f5ee41e9800 3150       4       java.lang.AbstractStringBuilder::checkRange (60 bytes)
Event: 3.946 Thread 0x00007f5ee41e9800 nmethod 3150 0x00007f5ed5a3bf10 code [0x00007f5ed5a3c0a0, 0x00007f5ed5a3c138]
Event: 3.954 Thread 0x00007f5e90620000 3154       4       java.nio.ByteBuffer::arrayOffset (35 bytes)
Event: 3.955 Thread 0x00007f5e90620000 nmethod 3154 0x00007f5ed5a3c210 code [0x00007f5ed5a3c3a0, 0x00007f5ed5a3c438]
Event: 3.955 Thread 0x00007f5e90620000 3155       4       io.ballerina.projects.PackageName::hashCode (15 bytes)
Event: 3.958 Thread 0x00007f5e90620000 nmethod 3155 0x00007f5ed5a3c510 code [0x00007f5ed5a3c6a0, 0x00007f5ed5a3c778]
Event: 3.958 Thread 0x00007f5e90620000 3156       4       java.util.Locale::equals (75 bytes)
Event: 3.958 Thread 0x00007f5e90620000 nmethod 3156 0x00007f5ed5a3c890 code [0x00007f5ed5a3ca20, 0x00007f5ed5a3ca98]
Event: 3.958 Thread 0x00007f5e90620000 3157       4       java.util.regex.Pattern$GroupTail::match (111 bytes)

GC Heap History (9 events):
Event: 0.741 GC heap before
{Heap before GC invocations=0 (full 0):
 garbage-first heap   total 262144K, used 27648K [0x00000000c0000000, 0x0000000100000000)
  region size 1024K, 24 young (24576K), 0 survivors (0K)
 Metaspace       used 11845K, capacity 12041K, committed 12160K, reserved 1060864K
  class space    used 1054K, capacity 1139K, committed 1152K, reserved 1048576K
}
Event: 0.746 GC heap after
{Heap after GC invocations=1 (full 0):
 garbage-first heap   total 262144K, used 11855K [0x00000000c0000000, 0x0000000100000000)
  region size 1024K, 3 young (3072K), 3 survivors (3072K)
 Metaspace       used 11845K, capacity 12041K, committed 12160K, reserved 1060864K
  class space    used 1054K, capacity 1139K, committed 1152K, reserved 1048576K
}
Event: 2.027 GC heap before
{Heap before GC invocations=1 (full 0):
 garbage-first heap   total 262144K, used 61007K [0x00000000c0000000, 0x0000000100000000)
  region size 1024K, 52 young (53248K), 3 survivors (3072K)
 Metaspace       used 20668K, capacity 21008K, committed 21248K, reserved 1069056K
  class space    used 2051K, capacity 2187K, committed 2304K, reserved 1048576K
}
Event: 2.044 GC heap after
{Heap after GC invocations=2 (full 0):
 garbage-first heap   total 262144K, used 15471K [0x00000000c0000000, 0x0000000100000000)
  region size 1024K, 7 young (7168K), 7 survivors (7168K)
 Metaspace       used 20668K, capacity 21008K, committed 21248K, reserved 1069056K
  class space    used 2051K, capacity 2187K, committed 2304K, reserved 1048576K
}
Event: 2.166 GC heap before
{Heap before GC invocations=3 (full 0):
 garbage-first heap   total 262144K, used 22639K [0x00000000c0000000, 0x0000000100000000)
  region size 1024K, 14 young (14336K), 7 survivors (7168K)
 Metaspace       used 21919K, capacity 22320K, committed 22528K, reserved 1069056K
  class space    used 2337K, capacity 2475K, committed 2560K, reserved 1048576K
}
Event: 2.177 GC heap after
{Heap after GC invocations=4 (full 0):
 garbage-first heap   total 262144K, used 16153K [0x00000000c0000000, 0x0000000100000000)
  region size 1024K, 1 young (1024K), 1 survivors (1024K)
 Metaspace       used 21919K, capacity 22320K, committed 22528K, reserved 1069056K
  class space    used 2337K, capacity 2475K, committed 2560K, reserved 1048576K
}
Event: 3.656 GC heap before
{Heap before GC invocations=4 (full 0):
 garbage-first heap   total 262144K, used 77593K [0x00000000c0000000, 0x0000000100000000)
  region size 1024K, 62 young (63488K), 1 survivors (1024K)
 Metaspace       used 30146K, capacity 30776K, committed 31232K, reserved 1077248K
  class space    used 3266K, capacity 3503K, committed 3584K, reserved 1048576K
}
Event: 3.673 GC heap after
{Heap after GC invocations=5 (full 0):
 garbage-first heap   total 262144K, used 27292K [0x00000000c0000000, 0x0000000100000000)
  region size 1024K, 8 young (8192K), 8 survivors (8192K)
 Metaspace       used 30146K, capacity 30776K, committed 31232K, reserved 1077248K
  class space    used 3266K, capacity 3503K, committed 3584K, reserved 1048576K
}
Event: 3.960 GC heap before
{Heap before GC invocations=5 (full 0):
 garbage-first heap   total 262144K, used 42652K [0x00000000c0000000, 0x0000000100000000)
  region size 1024K, 23 young (23552K), 8 survivors (8192K)
 Metaspace       used 30277K, capacity 30917K, committed 31232K, reserved 1077248K
  class space    used 3268K, capacity 3507K, committed 3584K, reserved 1048576K
}

Deoptimization events (20 events):
Event: 3.107 Thread 0x00007f5ee4e2e800 DEOPT PACKING pc=0x00007f5ed59e7ed8 sp=0x00007f5ea69fc300
Event: 3.107 Thread 0x00007f5ee4e2e800 DEOPT UNPACKING pc=0x00007f5ecde49ea5 sp=0x00007f5ea69fc290 mode 2
Event: 3.141 Thread 0x00007f5ee4e2e800 Uncommon trap: trap_request=0xffffffc6 fr.pc=0x00007f5ed59e7ed8 relative=0x0000000000001118
Event: 3.141 Thread 0x00007f5ee4e2e800 Uncommon trap: reason=bimorphic_or_optimized_type_check action=maybe_recompile pc=0x00007f5ed59e7ed8 method=java.util.regex.Pattern$Branch.match(Ljava/util/regex/Matcher;ILjava/lang/CharSequence;)Z @ 32 c2
Event: 3.141 Thread 0x00007f5ee4e2e800 DEOPT PACKING pc=0x00007f5ed59e7ed8 sp=0x00007f5ea69fc3d0
Event: 3.141 Thread 0x00007f5ee4e2e800 DEOPT UNPACKING pc=0x00007f5ecde49ea5 sp=0x00007f5ea69fc360 mode 2
Event: 3.379 Thread 0x00007f5ee4e2e800 Uncommon trap: trap_request=0xffffff4d fr.pc=0x00007f5ed5a09bc8 relative=0x0000000000000088
Event: 3.379 Thread 0x00007f5ee4e2e800 Uncommon trap: reason=unstable_if action=reinterpret pc=0x00007f5ed5a09bc8 method=io.ballerina.compiler.internal.parser.AbstractLexer.isIdentifierFollowingChar(I)Z @ 11 c2
Event: 3.379 Thread 0x00007f5ee4e2e800 DEOPT PACKING pc=0x00007f5ed5a09bc8 sp=0x00007f5ea69fc690
Event: 3.379 Thread 0x00007f5ee4e2e800 DEOPT UNPACKING pc=0x00007f5ecde49ea5 sp=0x00007f5ea69fc650 mode 2
Event: 3.380 Thread 0x00007f5ee4e2e800 Uncommon trap: trap_request=0xffffff4d fr.pc=0x00007f5ed5a091fc relative=0x000000000000005c
Event: 3.380 Thread 0x00007f5ee4e2e800 Uncommon trap: reason=unstable_if action=reinterpret pc=0x00007f5ed5a091fc method=io.ballerina.tools.text.CharReader.isEOF()Z @ 8 c2
Event: 3.380 Thread 0x00007f5ee4e2e800 DEOPT PACKING pc=0x00007f5ed5a091fc sp=0x00007f5ea69fcf50
Event: 3.380 Thread 0x00007f5ee4e2e800 DEOPT UNPACKING pc=0x00007f5ecde49ea5 sp=0x00007f5ea69fcf08 mode 2
Event: 3.607 Thread 0x00007f5ee4e2e800 DEOPT PACKING pc=0x00007f5ece760561 sp=0x00007f5ea69fcde0
Event: 3.607 Thread 0x00007f5ee4e2e800 DEOPT UNPACKING pc=0x00007f5ecde4a64a sp=0x00007f5ea69fc2e0 mode 0
Event: 3.778 Thread 0x00007f5ee4e2e800 DEOPT PACKING pc=0x00007f5ece760561 sp=0x00007f5ea69fcc90
Event: 3.778 Thread 0x00007f5ee4e2e800 DEOPT UNPACKING pc=0x00007f5ecde4a64a sp=0x00007f5ea69fc190 mode 0
Event: 3.782 Thread 0x00007f5ee4e2e800 DEOPT PACKING pc=0x00007f5ece72aa3c sp=0x00007f5ea69fcd20
Event: 3.782 Thread 0x00007f5ee4e2e800 DEOPT UNPACKING pc=0x00007f5ecde4a64a sp=0x00007f5ea69fc1d8 mode 0

Classes redefined (0 events):
No events

Internal exceptions (20 events):
Event: 3.041 Thread 0x00007f5ee4e2e800 Exception <a 'sun/nio/fs/UnixException'{0x00000000cd9a4e20}> (0x00000000cd9a4e20) thrown at [./src/hotspot/share/prims/jni.cpp, line 617]
Event: 3.041 Thread 0x00007f5ee4e2e800 Exception <a 'sun/nio/fs/UnixException'{0x00000000cd9a57e0}> (0x00000000cd9a57e0) thrown at [./src/hotspot/share/prims/jni.cpp, line 617]
Event: 3.061 Thread 0x00007f5ee4e2e800 Exception <a 'sun/nio/fs/UnixException'{0x00000000cd6187f8}> (0x00000000cd6187f8) thrown at [./src/hotspot/share/prims/jni.cpp, line 617]
Event: 3.061 Thread 0x00007f5ee4e2e800 Exception <a 'sun/nio/fs/UnixException'{0x00000000cd618fe8}> (0x00000000cd618fe8) thrown at [./src/hotspot/share/prims/jni.cpp, line 617]
Event: 3.061 Thread 0x00007f5ee4e2e800 Exception <a 'sun/nio/fs/UnixException'{0x00000000cd619950}> (0x00000000cd619950) thrown at [./src/hotspot/share/prims/jni.cpp, line 617]
Event: 3.061 Thread 0x00007f5ee4e2e800 Exception <a 'sun/nio/fs/UnixException'{0x00000000cd61ab50}> (0x00000000cd61ab50) thrown at [./src/hotspot/share/prims/jni.cpp, line 617]
Event: 3.061 Thread 0x00007f5ee4e2e800 Exception <a 'sun/nio/fs/UnixException'{0x00000000cd61b380}> (0x00000000cd61b380) thrown at [./src/hotspot/share/prims/jni.cpp, line 617]
Event: 3.061 Thread 0x00007f5ee4e2e800 Exception <a 'sun/nio/fs/UnixException'{0x00000000cd61bbf0}> (0x00000000cd61bbf0) thrown at [./src/hotspot/share/prims/jni.cpp, line 617]
Event: 3.061 Thread 0x00007f5ee4e2e800 Exception <a 'sun/nio/fs/UnixException'{0x00000000cd61c428}> (0x00000000cd61c428) thrown at [./src/hotspot/share/prims/jni.cpp, line 617]
Event: 3.061 Thread 0x00007f5ee4e2e800 Exception <a 'sun/nio/fs/UnixException'{0x00000000cd61cc18}> (0x00000000cd61cc18) thrown at [./src/hotspot/share/prims/jni.cpp, line 617]
Event: 3.116 Thread 0x00007f5ee4e2e800 Exception <a 'java/lang/NoSuchMethodError'{0x00000000cd5d4090}: 'java.lang.Object java.lang.invoke.DirectMethodHandle$Holder.invokeSpecial(java.lang.Object, java.lang.Object, int, int, java.lang.Object, java.lang.Object, java.lang.Object)'> (0x00000000cd5d4090) thrown at [./src/hotspot/share/interpreter/linkResolver.cpp, line 773]
Event: 3.116 Thread 0x00007f5ee4e2e800 Exception <a 'java/lang/NoSuchMethodError'{0x00000000cd5d7620}: 'java.lang.Object java.lang.invoke.DelegatingMethodHandle$Holder.reinvoke_L(java.lang.Object, int, int, java.lang.Object, java.lang.Object, java.lang.Object)'> (0x00000000cd5d7620) thrown at [./src/hotspot/share/interpreter/linkResolver.cpp, line 773]
Event: 3.118 Thread 0x00007f5ee4e2e800 Exception <a 'java/lang/NoSuchMethodError'{0x00000000cd5e53b0}: 'java.lang.Object java.lang.invoke.DirectMethodHandle$Holder.invokeStatic(java.lang.Object, java.lang.Object, java.lang.Object, java.lang.Object, java.lang.Object, java.lang.Object, int)'> (0x00000000cd5e53b0) thrown at [./src/hotspot/share/interpreter/linkResolver.cpp, line 773]
Event: 3.120 Thread 0x00007f5ee4e2e800 Exception <a 'java/lang/NoSuchMethodError'{0x00000000cd5fc048}: 'java.lang.Object java.lang.invoke.DirectMethodHandle$Holder.invokeStatic(java.lang.Object, java.lang.Object, java.lang.Object, java.lang.Object, java.lang.Object, java.lang.Object, int, int)'> (0x00000000cd5fc048) thrown at [./src/hotspot/share/interpreter/linkResolver.cpp, line 773]
Event: 3.126 Thread 0x00007f5ee4e2e800 Exception <a 'java/lang/NoSuchMethodError'{0x00000000cd4140c8}: 'java.lang.Object java.lang.invoke.DirectMethodHandle$Holder.invokeStatic(java.lang.Object, java.lang.Object, java.lang.Object, java.lang.Object, java.lang.Object, java.lang.Object, int, int, java.lang.Object)'> (0x00000000cd4140c8) thrown at [./src/hotspot/share/interpreter/linkResolver.cpp, line 773]
Event: 3.127 Thread 0x00007f5ee4e2e800 Exception <a 'java/lang/NoSuchMethodError'{0x00000000cd42d738}: 'java.lang.Object java.lang.invoke.DirectMethodHandle$Holder.invokeStatic(java.lang.Object, java.lang.Object, java.lang.Object, java.lang.Object, java.lang.Object, java.lang.Object, int, int, java.lang.Object, java.lang.Object)'> (0x00000000cd42d738) thrown at [./src/hotspot/share/interpreter/linkResolver.cpp, line 773]
Event: 3.129 Thread 0x00007f5ee4e2e800 Exception <a 'java/lang/NoSuchMethodError'{0x00000000cd4481c8}: 'java.lang.Object java.lang.invoke.DirectMethodHandle$Holder.invokeStatic(java.lang.Object, java.lang.Object, java.lang.Object, java.lang.Object, java.lang.Object, java.lang.Object, int, int, java.lang.Object, java.lang.Object, java.lang.Object)'> (0x00000000cd4481c8) thrown at [./src/hotspot/share/interpreter/linkResolver.cpp, line 773]
Event: 3.545 Thread 0x00007f5ee4e2e800 Exception <a 'java/lang/NoSuchMethodError'{0x00000000cc42d930}: 'void java.lang.invoke.DirectMethodHandle$Holder.invokeStatic(java.lang.Object, java.lang.Object, java.lang.Object, java.lang.Object, java.lang.Object, java.lang.Object)'> (0x00000000cc42d930) thrown at [./src/hotspot/share/interpreter/linkResolver.cpp, line 773]
Event: 3.548 Thread 0x00007f5ee4e2e800 Exception <a 'java/lang/NoSuchMethodError'{0x00000000cc43f718}: 'int java.lang.invoke.DirectMethodHandle$Holder.invokeVirtual(java.lang.Object, java.lang.Object)'> (0x00000000cc43f718) thrown at [./src/hotspot/share/interpreter/linkResolver.cpp, line 773]
Event: 3.823 Thread 0x00007f5ee4e2e800 Exception <a 'java/lang/NoSuchMethodError'{0x00000000cf833ab8}: 'java.lang.Object java.lang.invoke.DirectMethodHandle$Holder.invokeInterface(java.lang.Object, java.lang.Object, java.lang.Object)'> (0x00000000cf833ab8) thrown at [./src/hotspot/share/interpreter/linkResolver.cpp, line 773]

Events (20 events):
Event: 3.687 Executing VM operation: RevokeBias
Event: 3.687 Executing VM operation: RevokeBias done
Event: 3.687 Executing VM operation: RevokeBias
Event: 3.687 Executing VM operation: RevokeBias done
Event: 3.754 Loaded shared library /usr/lib/ballerina/dependencies/jdk-11.0.18+10-jre/lib/libnio.so
Event: 3.823 loading class io/ballerina/projects/internal/PackageDependencyGraphBuilder$Vertex
Event: 3.823 loading class io/ballerina/projects/internal/PackageDependencyGraphBuilder$Vertex done
Event: 3.826 Loaded shared library /usr/lib/ballerina/dependencies/jdk-11.0.18+10-jre/lib/libnio.so
Event: 3.828 loading class io/ballerina/projects/SemanticVersion
Event: 3.828 loading class io/ballerina/projects/SemanticVersion done
Event: 3.829 loading class io/ballerina/projects/PackageVersion
Event: 3.829 loading class io/ballerina/projects/PackageVersion done
Event: 3.829 loading class io/ballerina/projects/SemanticVersion
Event: 3.829 loading class io/ballerina/projects/SemanticVersion done
Event: 3.870 loading class io/ballerina/projects/PackageDescriptor
Event: 3.870 loading class io/ballerina/projects/PackageDescriptor done
Event: 3.870 loading class io/ballerina/projects/PackageDescriptor
Event: 3.870 loading class io/ballerina/projects/PackageDescriptor done
Event: 3.944 Loaded shared library /usr/lib/ballerina/dependencies/jdk-11.0.18+10-jre/lib/libnio.so
Event: 3.960 Executing VM operation: G1CollectForAllocation


Dynamic libraries:
c0000000-d0000000 rw-p 00000000 00:00 0 
d0000000-100000000 ---p 00000000 00:00 0 
100000000-100380000 rw-p 00000000 00:00 0 
100380000-140000000 ---p 00000000 00:00 0 
563292800000-563292801000 r-xp 00000000 08:02 57045341                   /usr/lib/ballerina/dependencies/jdk-11.0.18+10-jre/bin/java
563292a01000-563292a02000 r--p 00001000 08:02 57045341                   /usr/lib/ballerina/dependencies/jdk-11.0.18+10-jre/bin/java
563292a02000-563292a03000 rw-p 00002000 08:02 57045341                   /usr/lib/ballerina/dependencies/jdk-11.0.18+10-jre/bin/java
563292b00000-563292b21000 rw-p 00000000 00:00 0                          [heap]
7f5e50000000-7f5e50021000 rw-p 00000000 00:00 0 
7f5e50021000-7f5e54000000 ---p 00000000 00:00 0 
7f5e58000000-7f5e58593000 rw-p 00000000 00:00 0 
7f5e58593000-7f5e5c000000 ---p 00000000 00:00 0 
7f5e5c000000-7f5e5c021000 rw-p 00000000 00:00 0 
7f5e5c021000-7f5e60000000 ---p 00000000 00:00 0 
7f5e60000000-7f5e60021000 rw-p 00000000 00:00 0 
7f5e60021000-7f5e64000000 ---p 00000000 00:00 0 
7f5e64000000-7f5e64021000 rw-p 00000000 00:00 0 
7f5e64021000-7f5e68000000 ---p 00000000 00:00 0 
7f5e68000000-7f5e68021000 rw-p 00000000 00:00 0 
7f5e68021000-7f5e6c000000 ---p 00000000 00:00 0 
7f5e6c000000-7f5e6c021000 rw-p 00000000 00:00 0 
7f5e6c021000-7f5e70000000 ---p 00000000 00:00 0 
7f5e70000000-7f5e70021000 rw-p 00000000 00:00 0 
7f5e70021000-7f5e74000000 ---p 00000000 00:00 0 
7f5e74000000-7f5e74021000 rw-p 00000000 00:00 0 
7f5e74021000-7f5e78000000 ---p 00000000 00:00 0 
7f5e78000000-7f5e78021000 rw-p 00000000 00:00 0 
7f5e78021000-7f5e7c000000 ---p 00000000 00:00 0 
7f5e7c000000-7f5e7c021000 rw-p 00000000 00:00 0 
7f5e7c021000-7f5e80000000 ---p 00000000 00:00 0 
7f5e80000000-7f5e80b4e000 rw-p 00000000 00:00 0 
7f5e80b4e000-7f5e84000000 ---p 00000000 00:00 0 
7f5e84000000-7f5e845ac000 rw-p 00000000 00:00 0 
7f5e845ac000-7f5e88000000 ---p 00000000 00:00 0 
7f5e88000000-7f5e88021000 rw-p 00000000 00:00 0 
7f5e88021000-7f5e8c000000 ---p 00000000 00:00 0 
7f5e8c000000-7f5e8c021000 rw-p 00000000 00:00 0 
7f5e8c021000-7f5e90000000 ---p 00000000 00:00 0 
7f5e90000000-7f5e90900000 rw-p 00000000 00:00 0 
7f5e90900000-7f5e94000000 ---p 00000000 00:00 0 
7f5e94000000-7f5e94021000 rw-p 00000000 00:00 0 
7f5e94021000-7f5e98000000 ---p 00000000 00:00 0 
7f5e98000000-7f5e98021000 rw-p 00000000 00:00 0 
7f5e98021000-7f5e9c000000 ---p 00000000 00:00 0 
7f5e9c000000-7f5e9cb02000 rw-p 00000000 00:00 0 
7f5e9cb02000-7f5ea0000000 ---p 00000000 00:00 0 
7f5ea0000000-7f5ea0021000 rw-p 00000000 00:00 0 
7f5ea0021000-7f5ea4000000 ---p 00000000 00:00 0 
7f5ea482f000-7f5ea4bee000 rw-p 00000000 00:00 0 
7f5ea4bee000-7f5ea4bef000 ---p 00000000 00:00 0 
7f5ea4bef000-7f5ea4cf0000 rw-p 00000000 00:00 0 
7f5ea4cf0000-7f5ea4cf1000 ---p 00000000 00:00 0 
7f5ea4cf1000-7f5ea4ef2000 rw-p 00000000 00:00 0 
7f5ea4ef2000-7f5ea4ff2000 ---p 00000000 00:00 0 
7f5ea4ff2000-7f5ea51f2000 rw-p 00000000 00:00 0 
7f5ea51f2000-7f5ea51f6000 ---p 00000000 00:00 0 
7f5ea51f6000-7f5ea54b2000 rw-p 00000000 00:00 0 
7f5ea54b2000-7f5ea56f2000 rw-p 00000000 00:00 0 
7f5ea56f2000-7f5ea56f3000 ---p 00000000 00:00 0 
7f5ea56f3000-7f5ea57f4000 rw-p 00000000 00:00 0 
7f5ea57f4000-7f5ea57f5000 ---p 00000000 00:00 0 
7f5ea57f5000-7f5ea5af6000 rw-p 00000000 00:00 0 
7f5ea5af6000-7f5ea5afa000 ---p 00000000 00:00 0 
7f5ea5afa000-7f5ea5db6000 rw-p 00000000 00:00 0 
7f5ea5db6000-7f5ea5fb6000 rw-p 00000000 00:00 0 
7f5ea5fb6000-7f5ea61f6000 rw-p 00000000 00:00 0 
7f5ea61f6000-7f5ea61f7000 ---p 00000000 00:00 0 
7f5ea61f7000-7f5ea62f8000 rw-p 00000000 00:00 0 
7f5ea62f8000-7f5ea62f9000 ---p 00000000 00:00 0 
7f5ea62f9000-7f5ea63fa000 rw-p 00000000 00:00 0 
7f5ea63fa000-7f5ea63fb000 ---p 00000000 00:00 0 
7f5ea63fb000-7f5ea64fc000 rw-p 00000000 00:00 0 
7f5ea64fc000-7f5ea64fd000 ---p 00000000 00:00 0 
7f5ea64fd000-7f5ea65fe000 rw-p 00000000 00:00 0 
7f5ea65fe000-7f5ea65ff000 ---p 00000000 00:00 0 
7f5ea65ff000-7f5ea6900000 rw-p 00000000 00:00 0 
7f5ea6900000-7f5ea6904000 ---p 00000000 00:00 0 
7f5ea6904000-7f5ea6c00000 rw-p 00000000 00:00 0 
7f5ea6c00000-7f5ea6c15000 r-xp 00000000 08:02 57045601                   /usr/lib/ballerina/dependencies/jdk-11.0.18+10-jre/lib/libnet.so
7f5ea6c15000-7f5ea6e14000 ---p 00015000 08:02 57045601                   /usr/lib/ballerina/dependencies/jdk-11.0.18+10-jre/lib/libnet.so
7f5ea6e14000-7f5ea6e15000 r--p 00014000 08:02 57045601                   /usr/lib/ballerina/dependencies/jdk-11.0.18+10-jre/lib/libnet.so
7f5ea6e15000-7f5ea6e16000 rw-p 00015000 08:02 57045601                   /usr/lib/ballerina/dependencies/jdk-11.0.18+10-jre/lib/libnet.so
7f5ea6f00000-7f5ea6f04000 ---p 00000000 00:00 0 
7f5ea6f04000-7f5ea7000000 rw-p 00000000 00:00 0 
7f5ea7000000-7f5ea7010000 r-xp 00000000 08:02 57045602                   /usr/lib/ballerina/dependencies/jdk-11.0.18+10-jre/lib/libnio.so
7f5ea7010000-7f5ea720f000 ---p 00010000 08:02 57045602                   /usr/lib/ballerina/dependencies/jdk-11.0.18+10-jre/lib/libnio.so
7f5ea720f000-7f5ea7210000 r--p 0000f000 08:02 57045602                   /usr/lib/ballerina/dependencies/jdk-11.0.18+10-jre/lib/libnio.so
7f5ea7210000-7f5ea7211000 rw-p 00010000 08:02 57045602                   /usr/lib/ballerina/dependencies/jdk-11.0.18+10-jre/lib/libnio.so
7f5ea72fe000-7f5ea7302000 ---p 00000000 00:00 0 
7f5ea7302000-7f5ea73fe000 rw-p 00000000 00:00 0 
7f5ea73fe000-7f5ea73ff000 ---p 00000000 00:00 0 
7f5ea73ff000-7f5ea7500000 rw-p 00000000 00:00 0 
7f5ea7500000-7f5ea7504000 ---p 00000000 00:00 0 
7f5ea7504000-7f5ea7600000 rw-p 00000000 00:00 0 
7f5ea7600000-7f5ea7604000 ---p 00000000 00:00 0 
7f5ea7604000-7f5ea7700000 rw-p 00000000 00:00 0 
7f5ea7700000-7f5ea7704000 ---p 00000000 00:00 0 
7f5ea7704000-7f5ea7800000 rw-p 00000000 00:00 0 
7f5ea7800000-7f5ea7804000 ---p 00000000 00:00 0 
7f5ea7804000-7f5ea7900000 rw-p 00000000 00:00 0 
7f5ea7900000-7f5ea7904000 ---p 00000000 00:00 0 
7f5ea7904000-7f5ea7a00000 rw-p 00000000 00:00 0 
7f5ea7a00000-7f5ea7f73000 r--p 00000000 08:02 55837775                   /usr/lib/locale/locale-archive
7f5ea8000000-7f5ea8021000 rw-p 00000000 00:00 0 
7f5ea8021000-7f5eac000000 ---p 00000000 00:00 0 
7f5eac000000-7f5eac021000 rw-p 00000000 00:00 0 
7f5eac021000-7f5eb0000000 ---p 00000000 00:00 0 
7f5eb0000000-7f5eb0021000 rw-p 00000000 00:00 0 
7f5eb0021000-7f5eb4000000 ---p 00000000 00:00 0 
7f5eb4000000-7f5eb4021000 rw-p 00000000 00:00 0 
7f5eb4021000-7f5eb8000000 ---p 00000000 00:00 0 
7f5eb8000000-7f5eb8021000 rw-p 00000000 00:00 0 
7f5eb8021000-7f5ebc000000 ---p 00000000 00:00 0 
7f5ebc000000-7f5ebc021000 rw-p 00000000 00:00 0 
7f5ebc021000-7f5ec0000000 ---p 00000000 00:00 0 
7f5ec0000000-7f5ec0021000 rw-p 00000000 00:00 0 
7f5ec0021000-7f5ec4000000 ---p 00000000 00:00 0 
7f5ec40f8000-7f5ec40fc000 ---p 00000000 00:00 0 
7f5ec40fc000-7f5ec41f8000 rw-p 00000000 00:00 0 
7f5ec41f8000-7f5ec41fc000 ---p 00000000 00:00 0 
7f5ec41fc000-7f5ec42f8000 rw-p 00000000 00:00 0 
7f5ec42f8000-7f5ec42f9000 ---p 00000000 00:00 0 
7f5ec42f9000-7f5ec4bfa000 rw-p 00000000 00:00 0 
7f5ec4bfa000-7f5ec4bfb000 ---p 00000000 00:00 0 
7f5ec4bfb000-7f5ec4cfc000 rw-p 00000000 00:00 0 
7f5ec4cfc000-7f5ec4cfd000 ---p 00000000 00:00 0 
7f5ec4cfd000-7f5ec7400000 rw-p 00000000 00:00 0 
7f5ec7400000-7f5ec8000000 ---p 00000000 00:00 0 
7f5ec8000000-7f5ec8021000 rw-p 00000000 00:00 0 
7f5ec8021000-7f5ecc000000 ---p 00000000 00:00 0 
7f5ecc0f6000-7f5ecc8fe000 rw-p 00000000 00:00 0 
7f5ecc8fe000-7f5ecc8ff000 ---p 00000000 00:00 0 
7f5ecc8ff000-7f5ecce00000 rw-p 00000000 00:00 0 
7f5ecce00000-7f5ecda00000 ---p 00000000 00:00 0 
7f5ecda00000-7f5ecda80000 rw-p 00000000 00:00 0 
7f5ecda80000-7f5ecdc00000 ---p 00000000 00:00 0 
7f5ecdc00000-7f5ecdc80000 rw-p 00000000 00:00 0 
7f5ecdc80000-7f5ecde00000 ---p 00000000 00:00 0 
7f5ecde00000-7f5ece070000 rwxp 00000000 00:00 0 
7f5ece070000-7f5ece391000 ---p 00000000 00:00 0 
7f5ece391000-7f5ecea61000 rwxp 00000000 00:00 0 
7f5ecea61000-7f5ed58c8000 ---p 00000000 00:00 0 
7f5ed58c8000-7f5ed5b38000 rwxp 00000000 00:00 0 
7f5ed5b38000-7f5edce00000 ---p 00000000 00:00 0 
7f5edce00000-7f5ee3f45000 r--s 00000000 08:02 57045611                   /usr/lib/ballerina/dependencies/jdk-11.0.18+10-jre/lib/modules
7f5ee4000000-7f5ee4e3c000 rw-p 00000000 00:00 0 
7f5ee4e3c000-7f5ee8000000 ---p 00000000 00:00 0 
7f5ee80f6000-7f5ee80f7000 ---p 00000000 00:00 0 
7f5ee80f7000-7f5ee8278000 rw-p 00000000 00:00 0 
7f5ee8278000-7f5ee83f8000 ---p 00000000 00:00 0 
7f5ee83f8000-7f5ee8c00000 rw-p 00000000 00:00 0 
7f5ee8c00000-7f5ee8c07000 r-xp 00000000 08:02 57045610                   /usr/lib/ballerina/dependencies/jdk-11.0.18+10-jre/lib/libzip.so
7f5ee8c07000-7f5ee8e07000 ---p 00007000 08:02 57045610                   /usr/lib/ballerina/dependencies/jdk-11.0.18+10-jre/lib/libzip.so
7f5ee8e07000-7f5ee8e08000 r--p 00007000 08:02 57045610                   /usr/lib/ballerina/dependencies/jdk-11.0.18+10-jre/lib/libzip.so
7f5ee8e08000-7f5ee8e09000 rw-p 00008000 08:02 57045610                   /usr/lib/ballerina/dependencies/jdk-11.0.18+10-jre/lib/libzip.so
7f5ee8eff000-7f5ee9000000 rw-p 00000000 00:00 0 
7f5ee9000000-7f5ee901b000 r-xp 00000000 08:02 57045593                   /usr/lib/ballerina/dependencies/jdk-11.0.18+10-jre/lib/libjimage.so
7f5ee901b000-7f5ee921a000 ---p 0001b000 08:02 57045593                   /usr/lib/ballerina/dependencies/jdk-11.0.18+10-jre/lib/libjimage.so
7f5ee921a000-7f5ee921c000 r--p 0001a000 08:02 57045593                   /usr/lib/ballerina/dependencies/jdk-11.0.18+10-jre/lib/libjimage.so
7f5ee921c000-7f5ee921d000 rw-p 0001c000 08:02 57045593                   /usr/lib/ballerina/dependencies/jdk-11.0.18+10-jre/lib/libjimage.so
7f5ee924d000-7f5ee9400000 rw-p 00000000 00:00 0 
7f5ee9400000-7f5ee9428000 r-xp 00000000 08:02 57045589                   /usr/lib/ballerina/dependencies/jdk-11.0.18+10-jre/lib/libjava.so
7f5ee9428000-7f5ee9628000 ---p 00028000 08:02 57045589                   /usr/lib/ballerina/dependencies/jdk-11.0.18+10-jre/lib/libjava.so
7f5ee9628000-7f5ee9629000 r--p 00028000 08:02 57045589                   /usr/lib/ballerina/dependencies/jdk-11.0.18+10-jre/lib/libjava.so
7f5ee9629000-7f5ee962a000 rw-p 00029000 08:02 57045589                   /usr/lib/ballerina/dependencies/jdk-11.0.18+10-jre/lib/libjava.so
7f5ee962a000-7f5ee962b000 rw-p 00000000 00:00 0 
7f5ee965a000-7f5ee96fe000 rw-p 00000000 00:00 0 
7f5ee96fe000-7f5ee96ff000 ---p 00000000 00:00 0 
7f5ee96ff000-7f5ee9800000 rw-p 00000000 00:00 0 
7f5ee9800000-7f5ee980d000 r-xp 00000000 08:02 57045609                   /usr/lib/ballerina/dependencies/jdk-11.0.18+10-jre/lib/libverify.so
7f5ee980d000-7f5ee9a0c000 ---p 0000d000 08:02 57045609                   /usr/lib/ballerina/dependencies/jdk-11.0.18+10-jre/lib/libverify.so
7f5ee9a0c000-7f5ee9a0e000 r--p 0000c000 08:02 57045609                   /usr/lib/ballerina/dependencies/jdk-11.0.18+10-jre/lib/libverify.so
7f5ee9a0e000-7f5ee9a0f000 rw-p 0000e000 08:02 57045609                   /usr/lib/ballerina/dependencies/jdk-11.0.18+10-jre/lib/libverify.so
7f5ee9a15000-7f5ee9a1a000 rw-p 00000000 00:00 0 
7f5ee9a1a000-7f5ee9b00000 ---p 00000000 00:00 0 
7f5ee9b00000-7f5ee9b04000 ---p 00000000 00:00 0 
7f5ee9b04000-7f5ee9c00000 rw-p 00000000 00:00 0 
7f5ee9c00000-7f5eeae7c000 r-xp 00000000 08:02 57045620                   /usr/lib/ballerina/dependencies/jdk-11.0.18+10-jre/lib/server/libjvm.so
7f5eeae7c000-7f5eeb07c000 ---p 0127c000 08:02 57045620                   /usr/lib/ballerina/dependencies/jdk-11.0.18+10-jre/lib/server/libjvm.so
7f5eeb07c000-7f5eeb141000 r--p 0127c000 08:02 57045620                   /usr/lib/ballerina/dependencies/jdk-11.0.18+10-jre/lib/server/libjvm.so
7f5eeb141000-7f5eeb17c000 rw-p 01341000 08:02 57045620                   /usr/lib/ballerina/dependencies/jdk-11.0.18+10-jre/lib/server/libjvm.so
7f5eeb17c000-7f5eeb1d3000 rw-p 00000000 00:00 0 
7f5eeb1df000-7f5eeb200000 rw-p 00000000 00:00 0 
7f5eeb200000-7f5eeb228000 r--p 00000000 08:02 55838821                   /usr/lib/x86_64-linux-gnu/libc.so.6
7f5eeb228000-7f5eeb3bd000 r-xp 00028000 08:02 55838821                   /usr/lib/x86_64-linux-gnu/libc.so.6
7f5eeb3bd000-7f5eeb415000 r--p 001bd000 08:02 55838821                   /usr/lib/x86_64-linux-gnu/libc.so.6
7f5eeb415000-7f5eeb419000 r--p 00214000 08:02 55838821                   /usr/lib/x86_64-linux-gnu/libc.so.6
7f5eeb419000-7f5eeb41b000 rw-p 00218000 08:02 55838821                   /usr/lib/x86_64-linux-gnu/libc.so.6
7f5eeb41b000-7f5eeb428000 rw-p 00000000 00:00 0 
7f5eeb42e000-7f5eeb43c000 rw-p 00000000 00:00 0 
7f5eeb43c000-7f5eeb519000 ---p 00000000 00:00 0 
7f5eeb519000-7f5eeb527000 r--p 00000000 08:02 55838826                   /usr/lib/x86_64-linux-gnu/libm.so.6
7f5eeb527000-7f5eeb5a3000 r-xp 0000e000 08:02 55838826                   /usr/lib/x86_64-linux-gnu/libm.so.6
7f5eeb5a3000-7f5eeb5fe000 r--p 0008a000 08:02 55838826                   /usr/lib/x86_64-linux-gnu/libm.so.6
7f5eeb5fe000-7f5eeb5ff000 r--p 000e4000 08:02 55838826                   /usr/lib/x86_64-linux-gnu/libm.so.6
7f5eeb5ff000-7f5eeb600000 rw-p 000e5000 08:02 55838826                   /usr/lib/x86_64-linux-gnu/libm.so.6
7f5eeb600000-7f5eeb610000 r-xp 00000000 08:02 57045573                   /usr/lib/ballerina/dependencies/jdk-11.0.18+10-jre/lib/jli/libjli.so
7f5eeb610000-7f5eeb80f000 ---p 00010000 08:02 57045573                   /usr/lib/ballerina/dependencies/jdk-11.0.18+10-jre/lib/jli/libjli.so
7f5eeb80f000-7f5eeb810000 r--p 0000f000 08:02 57045573                   /usr/lib/ballerina/dependencies/jdk-11.0.18+10-jre/lib/jli/libjli.so
7f5eeb810000-7f5eeb811000 rw-p 00010000 08:02 57045573                   /usr/lib/ballerina/dependencies/jdk-11.0.18+10-jre/lib/jli/libjli.so
7f5eeb813000-7f5eeb81a000 r--s 00000000 08:02 55839198                   /usr/lib/x86_64-linux-gnu/gconv/gconv-modules.cache
7f5eeb81a000-7f5eeb85d000 rw-p 00000000 00:00 0 
7f5eeb85d000-7f5eeb85e000 r--p 00000000 08:02 55838867                   /usr/lib/x86_64-linux-gnu/librt.so.1
7f5eeb85e000-7f5eeb85f000 r-xp 00001000 08:02 55838867                   /usr/lib/x86_64-linux-gnu/librt.so.1
7f5eeb85f000-7f5eeb860000 r--p 00002000 08:02 55838867                   /usr/lib/x86_64-linux-gnu/librt.so.1
7f5eeb860000-7f5eeb861000 r--p 00002000 08:02 55838867                   /usr/lib/x86_64-linux-gnu/librt.so.1
7f5eeb861000-7f5eeb862000 rw-p 00003000 08:02 55838867                   /usr/lib/x86_64-linux-gnu/librt.so.1
7f5eeb862000-7f5eeb866000 rw-p 00000000 00:00 0 
7f5eeb866000-7f5eeb867000 r--p 00000000 08:02 55838824                   /usr/lib/x86_64-linux-gnu/libdl.so.2
7f5eeb867000-7f5eeb868000 r-xp 00001000 08:02 55838824                   /usr/lib/x86_64-linux-gnu/libdl.so.2
7f5eeb868000-7f5eeb869000 r--p 00002000 08:02 55838824                   /usr/lib/x86_64-linux-gnu/libdl.so.2
7f5eeb869000-7f5eeb86a000 r--p 00002000 08:02 55838824                   /usr/lib/x86_64-linux-gnu/libdl.so.2
7f5eeb86a000-7f5eeb86b000 rw-p 00003000 08:02 55838824                   /usr/lib/x86_64-linux-gnu/libdl.so.2
7f5eeb86b000-7f5eeb86c000 r--p 00000000 08:02 55838860                   /usr/lib/x86_64-linux-gnu/libpthread.so.0
7f5eeb86c000-7f5eeb86d000 r-xp 00001000 08:02 55838860                   /usr/lib/x86_64-linux-gnu/libpthread.so.0
7f5eeb86d000-7f5eeb86e000 r--p 00002000 08:02 55838860                   /usr/lib/x86_64-linux-gnu/libpthread.so.0
7f5eeb86e000-7f5eeb86f000 r--p 00002000 08:02 55838860                   /usr/lib/x86_64-linux-gnu/libpthread.so.0
7f5eeb86f000-7f5eeb870000 rw-p 00003000 08:02 55838860                   /usr/lib/x86_64-linux-gnu/libpthread.so.0
7f5eeb870000-7f5eeb872000 r--p 00000000 08:02 55865177                   /usr/lib/x86_64-linux-gnu/libz.so.1.2.11
7f5eeb872000-7f5eeb883000 r-xp 00002000 08:02 55865177                   /usr/lib/x86_64-linux-gnu/libz.so.1.2.11
7f5eeb883000-7f5eeb889000 r--p 00013000 08:02 55865177                   /usr/lib/x86_64-linux-gnu/libz.so.1.2.11
7f5eeb889000-7f5eeb88a000 ---p 00019000 08:02 55865177                   /usr/lib/x86_64-linux-gnu/libz.so.1.2.11
7f5eeb88a000-7f5eeb88b000 r--p 00019000 08:02 55865177                   /usr/lib/x86_64-linux-gnu/libz.so.1.2.11
7f5eeb88b000-7f5eeb88c000 rw-p 0001a000 08:02 55865177                   /usr/lib/x86_64-linux-gnu/libz.so.1.2.11
7f5eeb88f000-7f5eeb894000 rw-p 00000000 00:00 0 
7f5eeb894000-7f5eeb89b000 ---p 00000000 00:00 0 
7f5eeb89b000-7f5eeb8a3000 rw-s 00000000 08:02 58851415                   /tmp/hsperfdata_n3on/28519
7f5eeb8a3000-7f5eeb8a4000 ---p 00000000 00:00 0 
7f5eeb8a4000-7f5eeb8a5000 r--p 00000000 00:00 0 
7f5eeb8a5000-7f5eeb8a7000 rw-p 00000000 00:00 0 
7f5eeb8a7000-7f5eeb8a9000 r--p 00000000 08:02 55838816                   /usr/lib/x86_64-linux-gnu/ld-linux-x86-64.so.2
7f5eeb8a9000-7f5eeb8d3000 r-xp 00002000 08:02 55838816                   /usr/lib/x86_64-linux-gnu/ld-linux-x86-64.so.2
7f5eeb8d3000-7f5eeb8de000 r--p 0002c000 08:02 55838816                   /usr/lib/x86_64-linux-gnu/ld-linux-x86-64.so.2
7f5eeb8df000-7f5eeb8e1000 r--p 00037000 08:02 55838816                   /usr/lib/x86_64-linux-gnu/ld-linux-x86-64.so.2
7f5eeb8e1000-7f5eeb8e3000 rw-p 00039000 08:02 55838816                   /usr/lib/x86_64-linux-gnu/ld-linux-x86-64.so.2
7ffcb1aad000-7ffcb1ad2000 rw-p 00000000 00:00 0                          [stack]
7ffcb1ae2000-7ffcb1ae6000 r--p 00000000 00:00 0                          [vvar]
7ffcb1ae6000-7ffcb1ae8000 r-xp 00000000 00:00 0                          [vdso]
ffffffffff600000-ffffffffff601000 --xp 00000000 00:00 0                  [vsyscall]


VM Arguments:
jvm_args: -Xbootclasspath/a: -Xms256m -Xmx1024m -XX:+HeapDumpOnOutOfMemoryError -Dballerina.home=/usr/lib/ballerina/distributions/ballerina-2201.7.2 -Dballerina.version=2201.7.2 -Denable.nonblocking=false -Djava.security.egd=file:/dev/./urandom -Dfile.encoding=UTF8 -Dballerina.target=jvm -Djava.command=/usr/lib/ballerina/bin/../distributions/ballerina-2201.7.2/../../dependencies/jdk-11.0.18+10-jre/bin/java 
java_command: io.ballerina.cli.launcher.Main start-language-server
java_class_path (initial): :/usr/lib/ballerina/distributions/ballerina-2201.7.2/bre/lib/annotations-2201.7.2.jar:/usr/lib/ballerina/distributions/ballerina-2201.7.2/bre/lib/architecture-model-generator-core-1.2.0.jar:/usr/lib/ballerina/distributions/ballerina-2201.7.2/bre/lib/architecture-model-generator-plugin-1.2.0.jar:/usr/lib/ballerina/distributions/ballerina-2201.7.2/bre/lib/array-2201.7.2.jar:/usr/lib/ballerina/distributions/ballerina-2201.7.2/bre/lib/asm-7.2.jar:/usr/lib/ballerina/distributions/ballerina-2201.7.2/bre/lib/asm-analysis-7.1.jar:/usr/lib/ballerina/distributions/ballerina-2201.7.2/bre/lib/asm-commons-7.2.jar:/usr/lib/ballerina/distributions/ballerina-2201.7.2/bre/lib/asm-tree-7.2.jar:/usr/lib/ballerina/distributions/ballerina-2201.7.2/bre/lib/asm-util-7.1.jar:/usr/lib/ballerina/distributions/ballerina-2201.7.2/bre/lib/asyncapi-cli-0.6.0.jar:/usr/lib/ballerina/distributions/ballerina-2201.7.2/bre/lib/atomikos-util-5.0.8.jar:/usr/lib/ballerina/distributions/ballerina-2201.7.2/bre/lib/axiom-api-1.4.0.jar:/usr/lib/ballerina/distributions/ballerina-2201.7.2/bre/lib/axiom-impl-1.4.0.jar:/usr/lib/ballerina/distributions/ballerina-2201.7.2/bre/lib/ballerina-bindgen-2201.7.2.jar:/usr/lib/ballerina/distributions/ballerina-2201.7.2/bre/lib/ballerina-cli-2201.7.2.jar:/usr/lib/ballerina/distributions/ballerina-2201.7.2/bre/lib/ballerina-io-internal-2201.7.2.jar:/usr/lib/ballerina/distributions/ballerina-2201.7.2/bre/lib/ballerina-lang-2201.7.2.jar:/usr/lib/ballerina/distributions/ballerina-2201.7.2/bre/lib/ballerina-linter-2201.7.2.jar:/usr/lib/ballerina/distributions/ballerina-2201.7.2/bre/lib/ballerina-metrics-extension-2201.7.2.jar:/usr/lib/ballerina/distributions/ballerina-2201.7.2/bre/lib/ballerina-parser-2201.7.2.jar:/usr/lib/ballerina/distributions/ballerina-2201.7.2/bre/lib/ballerina-rt-2201.7.2.jar:/usr/lib/ballerina/distributions/ballerina-2201.7.2/bre/lib/ballerina-tools-api-2201.7.2.jar:/usr/lib/ballerina/distributions/ballerina-2201.7.2/bre/lib/
Launcher Type: SUN_STANDARD

[Global flags]
     intx CICompilerCount                          = 4                                         {product} {ergonomic}
     uint ConcGCThreads                            = 3                                         {product} {ergonomic}
     uint G1ConcRefinementThreads                  = 10                                        {product} {ergonomic}
   size_t G1HeapRegionSize                         = 1048576                                   {product} {ergonomic}
    uintx GCDrainStackTargetSize                   = 64                                        {product} {ergonomic}
     bool HeapDumpOnOutOfMemoryError               = true                                   {manageable} {command line}
   size_t InitialHeapSize                          = 268435456                                 {product} {command line}
   size_t MarkStackSize                            = 4194304                                   {product} {ergonomic}
   size_t MaxHeapSize                              = 1073741824                                {product} {command line}
   size_t MaxNewSize                               = 643825664                                 {product} {ergonomic}
   size_t MinHeapDeltaBytes                        = 1048576                                   {product} {ergonomic}
    uintx NonNMethodCodeHeapSize                   = 5836300                                {pd product} {ergonomic}
    uintx NonProfiledCodeHeapSize                  = 122910970                              {pd product} {ergonomic}
    uintx ProfiledCodeHeapSize                     = 122910970                              {pd product} {ergonomic}
    uintx ReservedCodeCacheSize                    = 251658240                              {pd product} {ergonomic}
     bool SegmentedCodeCache                       = true                                      {product} {ergonomic}
     bool UseCompressedClassPointers               = true                                 {lp64_product} {ergonomic}
     bool UseCompressedOops                        = true                                 {lp64_product} {ergonomic}
     bool UseG1GC                                  = true                                      {product} {ergonomic}

Logging:
Log output configuration:
 #0: stdout all=warning uptime,level,tags
 #1: stderr all=off uptime,level,tags

Environment Variables:
PATH=/run/user/1000/fnm_multishells/27366_1695560073590/bin:/home/n3on/.local/share/fnm:/run/user/1000/fnm_multishells/27361_1695560073563/bin:/home/n3on/.local/share/fnm:/home/linuxbrew/.linuxbrew/bin:/home/linuxbrew/.linuxbrew/sbin:/home/n3on/.local/bin:/usr/local/sbin:/usr/local/bin:/usr/sbin:/usr/bin:/sbin:/bin:/usr/games:/usr/local/games:/snap/bin:/snap/bin:/home/n3on/.local/share/JetBrains/Toolbox/scripts
USERNAME=n3on
SHELL=/usr/bin/zsh
DISPLAY=:1
LANG=en_US.UTF-8

Signal Handlers:
SIGSEGV: [libjvm.so+0xf4cde0], sa_mask[0]=11111111011111111101111111111110, sa_flags=SA_RESTART|SA_SIGINFO
SIGBUS: [libjvm.so+0xf4cde0], sa_mask[0]=11111111011111111101111111111110, sa_flags=SA_RESTART|SA_SIGINFO
SIGFPE: [libjvm.so+0xf4cde0], sa_mask[0]=11111111011111111101111111111110, sa_flags=SA_RESTART|SA_SIGINFO
SIGPIPE: [libjvm.so+0xc6e210], sa_mask[0]=11111111011111111101111111111110, sa_flags=SA_RESTART|SA_SIGINFO
SIGXFSZ: [libjvm.so+0xc6e210], sa_mask[0]=11111111011111111101111111111110, sa_flags=SA_RESTART|SA_SIGINFO
SIGILL: [libjvm.so+0xf4cde0], sa_mask[0]=11111111011111111101111111111110, sa_flags=SA_RESTART|SA_SIGINFO
SIGUSR2: [libjvm.so+0xc6e0b0], sa_mask[0]=00000000000000000000000000000000, sa_flags=SA_RESTART|SA_SIGINFO
SIGHUP: [libjvm.so+0xc6e260], sa_mask[0]=11111111011111111101111111111110, sa_flags=SA_RESTART|SA_SIGINFO
SIGINT: [libjvm.so+0xc6e260], sa_mask[0]=11111111011111111101111111111110, sa_flags=SA_RESTART|SA_SIGINFO
SIGTERM: [libjvm.so+0xc6e260], sa_mask[0]=11111111011111111101111111111110, sa_flags=SA_RESTART|SA_SIGINFO
SIGQUIT: [libjvm.so+0xc6e260], sa_mask[0]=11111111011111111101111111111110, sa_flags=SA_RESTART|SA_SIGINFO


---------------  S Y S T E M  ---------------

OS:DISTRIB_ID=Ubuntu
DISTRIB_RELEASE=22.04
DISTRIB_CODENAME=jammy
DISTRIB_DESCRIPTION="Ubuntu 22.04.3 LTS"
uname:Linux 6.2.0-33-generic #33~22.04.1-Ubuntu SMP PREEMPT_DYNAMIC Thu Sep  7 10:33:52 UTC 2 x86_64
OS uptime: 0 days 16:03 hours
libc:glibc 2.35 NPTL 2.35 
rlimit (soft/hard): STACK 8192k/infinity , CORE 0k/infinity , NPROC 127396/127396 , NOFILE 1048576/1048576 , AS infinity/infinity , CPU infinity/infinity , DATA infinity/infinity , FSIZE infinity/infinity , MEMLOCK 4086200k/4086200k
load average:1.85 0.46 0.37

/proc/meminfo:
MemTotal:       32689628 kB
MemFree:        17772140 kB
MemAvailable:   25721144 kB
Buffers:          372748 kB
Cached:          8573368 kB
SwapCached:            0 kB
Active:          3030488 kB
Inactive:       10263408 kB
Active(anon):       6496 kB
Inactive(anon):  5190332 kB
Active(file):    3023992 kB
Inactive(file):  5073076 kB
Unevictable:      735852 kB
Mlocked:             112 kB
SwapTotal:       2097148 kB
SwapFree:        2097148 kB
Zswap:                 0 kB
Zswapped:              0 kB
Dirty:              9696 kB
Writeback:             0 kB
AnonPages:       5067508 kB
Mapped:          1224452 kB
Shmem:            849072 kB
KReclaimable:     319648 kB
Slab:             576920 kB
SReclaimable:     319648 kB
SUnreclaim:       257272 kB
KernelStack:       27168 kB
PageTables:        60888 kB
SecPageTables:         0 kB
NFS_Unstable:          0 kB
Bounce:                0 kB
WritebackTmp:          0 kB
CommitLimit:    18441960 kB
Committed_AS:   16705148 kB
VmallocTotal:   34359738367 kB
VmallocUsed:      133596 kB
VmallocChunk:          0 kB
Percpu:            16640 kB
HardwareCorrupted:     0 kB
AnonHugePages:         0 kB
ShmemHugePages:        0 kB
ShmemPmdMapped:        0 kB
FileHugePages:         0 kB
FilePmdMapped:         0 kB
HugePages_Total:       0
HugePages_Free:        0
HugePages_Rsvd:        0
HugePages_Surp:        0
Hugepagesize:       2048 kB
Hugetlb:               0 kB
DirectMap4k:      585148 kB
DirectMap2M:    13928448 kB
DirectMap1G:    18874368 kB

/sys/kernel/mm/transparent_hugepage/enabled:
always [madvise] never
/sys/kernel/mm/transparent_hugepage/defrag (defrag/compaction efforts parameter):
always defer defer+madvise [madvise] never

Process Memory:
Virtual Size: 4564532K (peak: 4626204K)
Resident Set Size: 223808K (peak: 223808K) (anon: 203576K, file: 20232K, shmem: 0K)
Swapped out: 0K
C-Heap outstanding allocations: 73408K, retained: 13811K
glibc malloc tunables: (default)

/proc/sys/kernel/threads-max (system-wide limit on the number of threads):
254792
/proc/sys/vm/max_map_count (maximum number of memory map areas a process may have):
65530
/proc/sys/kernel/pid_max (system-wide limit on number of process identifiers):
4194304

container (cgroup) information:
container_type: cgroupv2
cpu_cpuset_cpus: not supported
cpu_memory_nodes: not supported
active_processor_count: 12
cpu_quota: not supported
cpu_period: not supported
cpu_shares: not supported
memory_limit_in_bytes: unlimited
memory_and_swap_limit_in_bytes: unlimited
memory_soft_limit_in_bytes: unlimited
memory_usage_in_bytes: 1702776 k
memory_max_usage_in_bytes: not supported
maximum number of tasks: 38218
current number of tasks: 391

Steal ticks since vm start: 0
Steal ticks percentage since vm start:  0.000

CPU:total 12 (initial active 12) (6 cores per cpu, 2 threads per core) family 6 model 158 stepping 10 microcode 0xf4, cmov, cx8, fxsr, mmx, sse, sse2, sse3, ssse3, sse4.1, sse4.2, popcnt, avx, avx2, aes, clmul, erms, 3dnowpref, lzcnt, ht, tsc, tscinvbit, bmi1, bmi2, adx, fma
CPU Model and flags from /proc/cpuinfo:
model name	: Intel(R) Core(TM) i7-9750H CPU @ 2.60GHz
flags		: fpu vme de pse tsc msr pae mce cx8 apic sep mtrr pge mca cmov pat pse36 clflush dts acpi mmx fxsr sse sse2 ss ht tm pbe syscall nx pdpe1gb rdtscp lm constant_tsc art arch_perfmon pebs bts rep_good nopl xtopology nonstop_tsc cpuid aperfmperf pni pclmulqdq dtes64 monitor ds_cpl vmx est tm2 ssse3 sdbg fma cx16 xtpr pdcm pcid sse4_1 sse4_2 x2apic movbe popcnt tsc_deadline_timer aes xsave avx f16c rdrand lahf_lm abm 3dnowprefetch cpuid_fault epb invpcid_single pti ssbd ibrs ibpb stibp tpr_shadow vnmi flexpriority ept vpid ept_ad fsgsbase tsc_adjust bmi1 avx2 smep bmi2 erms invpcid mpx rdseed adx smap clflushopt intel_pt xsaveopt xsavec xgetbv1 xsaves dtherm ida arat pln pts hwp hwp_notify hwp_act_window hwp_epp md_clear flush_l1d arch_capabilities
Online cpus:
0-11
Offline cpus:

BIOS frequency limitation:
<Not Available>
Frequency switch latency (ns):
0
Available cpu frequencies:
<Not Available>
Current governor:
powersave
Core performance/turbo boost:
<Not Available>

Memory: 4k page, physical 32689628k(17771636k free), swap 2097148k(2097148k free)

vm_info: OpenJDK 64-Bit Server VM (11.0.18+10) for linux-amd64 JRE (11.0.18+10), built on Jan 18 2023 10:17:39 by "" with gcc 7.5.0

END.
