#
# A fatal error has been detected by the Java Runtime Environment:
#
#  SIGSEGV (0xb) at pc=0x00007f38339870f0, pid=25085, tid=25106
#
# JRE version: OpenJDK Runtime Environment Temurin-11.0.18+10 (11.0.18+10) (build 11.0.18+10)
# Java VM: OpenJDK 64-Bit Server VM Temurin-11.0.18+10 (11.0.18+10, mixed mode, tiered, compressed oops, g1 gc, linux-amd64)
# Problematic frame:
# V  [libjvm.so+0x5870f0]  ValueStack::values_do(ValueVisitor*)+0x30
#
# Core dump will be written. Default location: Core dumps may be processed with "/usr/share/apport/apport -p%p -s%s -c%c -d%d -P%P -u%u -g%g -- %E" (or dumping to /home/n3on/Documents/DSA_ASSIGNMENT_2023/core.25085)
#
# If you would like to submit a bug report, please visit:
#   https://github.com/adoptium/adoptium-support/issues
#

---------------  S U M M A R Y ------------

Command Line: -Xbootclasspath/a: -Xms256m -Xmx1024m -XX:+HeapDumpOnOutOfMemoryError -Dballerina.home=/usr/lib/ballerina/distributions/ballerina-2201.7.2 -Dballerina.version=2201.7.2 -Denable.nonblocking=false -Djava.security.egd=file:/dev/./urandom -Dfile.encoding=UTF8 -Dballerina.target=jvm -Djava.command=/usr/lib/ballerina/bin/../distributions/ballerina-2201.7.2/../../dependencies/jdk-11.0.18+10-jre/bin/java io.ballerina.cli.launcher.Main start-language-server

Host: Intel(R) Core(TM) i7-9750H CPU @ 2.60GHz, 12 cores, 31G, Ubuntu 22.04.3 LTS
Time: Sun Sep 24 14:23:57 2023 CAT elapsed time: 0.410686 seconds (0d 0h 0m 0s)

---------------  T H R E A D  ---------------

Current thread (0x00007f382c1eb800):  JavaThread "C1 CompilerThread0" daemon [_thread_in_native, id=25106, stack(0x00007f3804f00000,0x00007f3805000000)]


Current CompileTask:
C1:    410  410       3       java.net.URLStreamHandler::parseURL (1201 bytes)

Stack: [0x00007f3804f00000,0x00007f3805000000],  sp=0x00007f3804ffc5a0,  free space=1009k
Native frames: (J=compiled Java code, A=aot compiled Java code, j=interpreted, Vv=VM code, C=native code)
V  [libjvm.so+0x5870f0]  ValueStack::values_do(ValueVisitor*)+0x30
V  [libjvm.so+0x5043e6]  SubstitutionResolver::block_do(BlockBegin*)+0x56
V  [libjvm.so+0x50bf56]  BlockBegin::iterate_preorder(GrowableArray<bool>&, BlockClosure*)+0x3f6
V  [libjvm.so+0x50c51f]  BlockBegin::iterate_preorder(GrowableArray<bool>&, BlockClosure*)+0x9bf
V  [libjvm.so+0x50c51f]  BlockBegin::iterate_preorder(GrowableArray<bool>&, BlockClosure*)+0x9bf
V  [libjvm.so+0x50c51f]  BlockBegin::iterate_preorder(GrowableArray<bool>&, BlockClosure*)+0x9bf
V  [libjvm.so+0x50c51f]  BlockBegin::iterate_preorder(GrowableArray<bool>&, BlockClosure*)+0x9bf
V  [libjvm.so+0x50c51f]  BlockBegin::iterate_preorder(GrowableArray<bool>&, BlockClosure*)+0x9bf
V  [libjvm.so+0x50c51f]  BlockBegin::iterate_preorder(GrowableArray<bool>&, BlockClosure*)+0x9bf
V  [libjvm.so+0x50c51f]  BlockBegin::iterate_preorder(GrowableArray<bool>&, BlockClosure*)+0x9bf
V  [libjvm.so+0x50c51f]  BlockBegin::iterate_preorder(GrowableArray<bool>&, BlockClosure*)+0x9bf
V  [libjvm.so+0x50c51f]  BlockBegin::iterate_preorder(GrowableArray<bool>&, BlockClosure*)+0x9bf
V  [libjvm.so+0x50c51f]  BlockBegin::iterate_preorder(GrowableArray<bool>&, BlockClosure*)+0x9bf
V  [libjvm.so+0x50c51f]  BlockBegin::iterate_preorder(GrowableArray<bool>&, BlockClosure*)+0x9bf
V  [libjvm.so+0x50c51f]  BlockBegin::iterate_preorder(GrowableArray<bool>&, BlockClosure*)+0x9bf
V  [libjvm.so+0x50c51f]  BlockBegin::iterate_preorder(GrowableArray<bool>&, BlockClosure*)+0x9bf
V  [libjvm.so+0x50c51f]  BlockBegin::iterate_preorder(GrowableArray<bool>&, BlockClosure*)+0x9bf
V  [libjvm.so+0x50c51f]  BlockBegin::iterate_preorder(GrowableArray<bool>&, BlockClosure*)+0x9bf
V  [libjvm.so+0x50c51f]  BlockBegin::iterate_preorder(GrowableArray<bool>&, BlockClosure*)+0x9bf
V  [libjvm.so+0x50c51f]  BlockBegin::iterate_preorder(GrowableArray<bool>&, BlockClosure*)+0x9bf
V  [libjvm.so+0x50c51f]  BlockBegin::iterate_preorder(GrowableArray<bool>&, BlockClosure*)+0x9bf
V  [libjvm.so+0x50c51f]  BlockBegin::iterate_preorder(GrowableArray<bool>&, BlockClosure*)+0x9bf
V  [libjvm.so+0x50c51f]  BlockBegin::iterate_preorder(GrowableArray<bool>&, BlockClosure*)+0x9bf
V  [libjvm.so+0x50c51f]  BlockBegin::iterate_preorder(GrowableArray<bool>&, BlockClosure*)+0x9bf
V  [libjvm.so+0x50c51f]  BlockBegin::iterate_preorder(GrowableArray<bool>&, BlockClosure*)+0x9bf
V  [libjvm.so+0x50c51f]  BlockBegin::iterate_preorder(GrowableArray<bool>&, BlockClosure*)+0x9bf
V  [libjvm.so+0x50c51f]  BlockBegin::iterate_preorder(GrowableArray<bool>&, BlockClosure*)+0x9bf
V  [libjvm.so+0x50ed84]  BlockBegin::iterate_preorder(BlockClosure*)+0x1a4
V  [libjvm.so+0x585866]  GlobalValueNumbering::GlobalValueNumbering(IR*)+0x736
V  [libjvm.so+0x4e5f4f]  Compilation::build_hir() [clone .part.94]+0x33f
V  [libjvm.so+0x4e65c3]  Compilation::compile_java_method()+0x3a3
V  [libjvm.so+0x4e675f]  Compilation::compile_method()+0x12f
V  [libjvm.so+0x4e6bbc]  Compilation::Compilation(AbstractCompiler*, ciEnv*, ciMethod*, int, BufferBlob*, DirectiveSet*)+0x22c
V  [libjvm.so+0x4e749e]  Compiler::compile_method(ciEnv*, ciMethod*, int, DirectiveSet*)+0xae
V  [libjvm.so+0x680dd6]  CompileBroker::invoke_compiler_on_method(CompileTask*)+0x446
V  [libjvm.so+0x682708]  CompileBroker::compiler_thread_loop()+0x5a8
V  [libjvm.so+0xedd77a]  JavaThread::thread_main_inner()+0x1ba
V  [libjvm.so+0xeda37f]  Thread::call_run()+0x14f
V  [libjvm.so+0xc79836]  thread_native_entry(Thread*)+0xe6


siginfo: si_signo: 11 (SIGSEGV), si_code: 1 (SEGV_MAPERR), si_addr: 0x0000000000000024

Register to memory mapping:

RAX=0x00007f3804ffc5b0 is pointing into the stack for thread: 0x00007f382c1eb800
RBX=0x00007f3804ffe188 is pointing into the stack for thread: 0x00007f382c1eb800
RCX=
[error occurred during error reporting (printing register info), id 0xb, SIGSEGV (0xb) at pc=0x00007f3833bb1a90]

Registers:
RAX=0x00007f3804ffc5b0, RBX=0x00007f3804ffe188, RCX=0x00000000e01d1300, RDX=0x00007f37e41d94c0
RSP=0x00007f3804ffc5a0, RBP=0x00007f3804ffc600, RSI=0x00007f3804ffe188, RDI=0x00007f3804ffc5b0
R8 =0x00007f37d4077b30, R9 =0x00007f37e01ef0c0, R10=0x0000000000000036, R11=0x0000000000000000
R12=0x00007f3804ffe188, R13=0x000000000000000c, R14=0x00007f37e01d5350, R15=0x00007f37e41d94c0
RIP=0x00007f38339870f0, EFLAGS=0x0000000000010206, CSGSFS=0x002b000000000033, ERR=0x0000000000000004
  TRAPNO=0x000000000000000e

Top of Stack: (sp=0x00007f3804ffc5a0)
0x00007f3804ffc5a0:   0000000000000007 00007f3804ffc5b0
0x00007f3804ffc5b0:   00007f37e01d1300 0000000000000000
0x00007f3804ffc5c0:   0000000000000000 0000000300000003
0x00007f3804ffc5d0:   00007f3804ffc600 00007f3804ffe188 

Instructions: (pc=0x00007f38339870f0)
0x00007f3833986ff0:   39 fa 0f 8c 68 ff ff ff 48 83 7b 40 01 0f 85 7d
0x00007f3833987000:   ff ff ff 48 8b 73 50 48 85 f6 0f 84 70 ff ff ff
0x00007f3833987010:   48 8b 7d a8 48 89 45 90 4c 89 4d a0 e8 ef 88 2d
0x00007f3833987020:   00 48 8b 45 90 4c 8b 4d a0 e9 52 ff ff ff 66 90
0x00007f3833987030:   4d 89 ef 4c 8b 6d 98 e9 9f f9 ff ff 0f 1f 40 00
0x00007f3833987040:   41 8b 47 38 48 8b 7d a8 be 08 00 00 00 c7 45 b0
0x00007f3833987050:   00 00 00 00 c7 45 c0 07 00 00 00 48 c7 45 b8 00
0x00007f3833987060:   00 00 00 89 45 b4 e8 f5 87 2d 00 8b 75 b4 48 89
0x00007f3833987070:   45 c8 85 f6 0f 8e e6 fd ff ff 31 d2 31 c9 eb 1d
0x00007f3833987080:   48 c7 00 00 00 00 00 8b 75 b4 83 c1 01 48 83 c2
0x00007f3833987090:   08 39 f1 0f 8d c7 fd ff ff 48 8b 45 c8 48 01 d0
0x00007f38339870a0:   75 de 83 c1 01 48 83 c2 08 39 f1 7c ec e9 ae fd
0x00007f38339870b0:   ff ff 0f 1f 40 00 66 2e 0f 1f 84 00 00 00 00 00
0x00007f38339870c0:   48 85 ff 0f 84 94 01 00 00 55 48 89 e5 41 57 41
0x00007f38339870d0:   56 48 8d 45 b0 41 55 41 54 53 49 89 fd 49 89 f4
0x00007f38339870e0:   48 83 ec 38 48 89 45 a8 0f 1f 84 00 00 00 00 00
0x00007f38339870f0:   f3 41 0f 6f 45 18 0f 29 45 b0 8b 4d b0 f3 41 0f
0x00007f3833987100:   6f 45 28 85 c9 0f 29 45 c0 7e 4d 31 db 0f 1f 00
0x00007f3833987110:   48 63 c3 44 8d 73 01 48 8b 55 c8 48 8d 34 c2 4c
0x00007f3833987120:   8b 3e 4d 85 ff 74 29 49 8b 57 18 83 7a 0c 08 74
0x00007f3833987130:   1f 49 8b 14 24 4c 89 e7 ff 12 49 8b 57 18 8b 4d
0x00007f3833987140:   b0 83 7a 08 02 75 09 44 8d 73 02 0f 1f 44 00 00
0x00007f3833987150:   44 39 f1 44 89 f3 7f b8 48 8b 7d a8 e8 ef 00 f6
0x00007f3833987160:   ff f3 41 0f 6f 45 38 0f 29 45 b0 8b 4d b0 f3 41
0x00007f3833987170:   0f 6f 45 48 85 c9 0f 29 45 c0 7e 4c 31 db 66 90
0x00007f3833987180:   48 63 c3 44 8d 73 01 48 8b 55 c8 48 8d 34 c2 4c
0x00007f3833987190:   8b 3e 4d 85 ff 74 29 49 8b 57 18 83 7a 0c 08 74
0x00007f38339871a0:   1f 49 8b 14 24 4c 89 e7 ff 12 49 8b 57 18 8b 4d
0x00007f38339871b0:   b0 83 7a 08 02 75 09 44 8d 73 02 0f 1f 44 00 00
0x00007f38339871c0:   44 39 f1 44 89 f3 7f b8 48 8b 7d a8 e8 7f 00 f6
0x00007f38339871d0:   ff f3 41 0f 6f 45 58 0f 29 45 b0 8b 4d b0 f3 41
0x00007f38339871e0:   0f 6f 45 68 85 c9 0f 29 45 c0 7e 4c 31 db 66 90 


Stack slot to memory mapping:
stack at sp + 0 slots: 0x0000000000000007 is an unknown value
stack at sp + 1 slots: 0x00007f3804ffc5b0 is pointing into the stack for thread: 0x00007f382c1eb800
stack at sp + 2 slots: 0x00007f37e01d1300 points into unknown readable memory: 0x0000000000000000 | 00 00 00 00 00 00 00 00
stack at sp + 3 slots: 0x0 is NULL
stack at sp + 4 slots: 0x0 is NULL
stack at sp + 5 slots: 0x0000000300000003 is an unknown value
stack at sp + 6 slots: 0x00007f3804ffc600 is pointing into the stack for thread: 0x00007f382c1eb800
stack at sp + 7 slots: 0x00007f3804ffe188 is pointing into the stack for thread: 0x00007f382c1eb800


---------------  P R O C E S S  ---------------

Threads class SMR info:
_java_thread_list=0x00007f37d420fb60, length=11, elements={
0x00007f382c02b000, 0x00007f382c1c4000, 0x00007f382c1c8000, 0x00007f382c1e3800,
0x00007f382c1e5800, 0x00007f382c1e9800, 0x00007f382c1eb800, 0x00007f382c1ed800,
0x00007f382c2db800, 0x00007f37e009e000, 0x00007f37d420e800
}

Java Threads: ( => current thread )
  0x00007f382c02b000 JavaThread "main" [_thread_in_Java, id=25087, stack(0x00007f3834d00000,0x00007f3834e00000)]
  0x00007f382c1c4000 JavaThread "Reference Handler" daemon [_thread_blocked, id=25099, stack(0x00007f38142f3000,0x00007f38143f3000)]
  0x00007f382c1c8000 JavaThread "Finalizer" daemon [_thread_blocked, id=25100, stack(0x00007f38141f3000,0x00007f38142f3000)]
  0x00007f382c1e3800 JavaThread "Signal Dispatcher" daemon [_thread_blocked, id=25103, stack(0x00007f38140f3000,0x00007f38141f3000)]
  0x00007f382c1e5800 JavaThread "Service Thread" daemon [_thread_blocked, id=25104, stack(0x00007f3805100000,0x00007f3805200000)]
  0x00007f382c1e9800 JavaThread "C2 CompilerThread0" daemon [_thread_in_native, id=25105, stack(0x00007f3805000000,0x00007f3805100000)]
=>0x00007f382c1eb800 JavaThread "C1 CompilerThread0" daemon [_thread_in_native, id=25106, stack(0x00007f3804f00000,0x00007f3805000000)]
  0x00007f382c1ed800 JavaThread "Sweeper thread" daemon [_thread_blocked, id=25107, stack(0x00007f3804e00000,0x00007f3804f00000)]
  0x00007f382c2db800 JavaThread "Common-Cleaner" daemon [_thread_blocked, id=25117, stack(0x00007f3804bfe000,0x00007f3804cfe000)]
  0x00007f37e009e000 JavaThread "C2 CompilerThread1" daemon [_thread_in_native, id=25123, stack(0x00007f3804afe000,0x00007f3804bfe000)]
  0x00007f37d420e800 JavaThread "C2 CompilerThread2" daemon [_thread_in_native, id=25136, stack(0x00007f3804100000,0x00007f3804200000)]

Other Threads:
  0x00007f382c1bc000 VMThread "VM Thread" [stack: 0x00007f38143f5000,0x00007f38144f5000] [id=25094]
  0x00007f382c2cb000 WatcherThread [stack: 0x00007f3804d00000,0x00007f3804e00000] [id=25116]
  0x00007f382c044800 GCTaskThread "GC Thread#0" [stack: 0x00007f3832f00000,0x00007f3833000000] [id=25088]
  0x00007f382c061000 ConcurrentGCThread "G1 Main Marker" [stack: 0x00007f38304f8000,0x00007f38305f8000] [id=25089]
  0x00007f382c063000 ConcurrentGCThread "G1 Conc#0" [stack: 0x00007f38303f6000,0x00007f38304f6000] [id=25090]
  0x00007f382c159800 ConcurrentGCThread "G1 Refine#0" [stack: 0x00007f38145f9000,0x00007f38146f9000] [id=25091]
  0x00007f382c15b000 ConcurrentGCThread "G1 Young RemSet Sampling" [stack: 0x00007f38144f7000,0x00007f38145f7000] [id=25092]

Threads with active compile tasks:
C2 CompilerThread0      426  477   !   4       jdk.internal.loader.URLClassPath$JarLoader::getResource (65 bytes)
C1 CompilerThread0      426  410       3       java.net.URLStreamHandler::parseURL (1201 bytes)
C2 CompilerThread1      426  487       4       java.util.jar.JarFile::getEntry (22 bytes)
C2 CompilerThread2      426  488       4       java.util.jar.JarFile::getJarEntry (9 bytes)

VM state:not at safepoint (normal execution)

VM Mutex/Monitor currently owned by a thread: None

Heap address: 0x00000000c0000000, size: 1024 MB, Compressed Oops mode: 32-bit
Narrow klass base: 0x0000000000000000, Narrow klass shift: 3
Compressed class space size: 1073741824 Address: 0x0000000100000000

Heap:
 garbage-first heap   total 262144K, used 15360K [0x00000000c0000000, 0x0000000100000000)
  region size 1024K, 15 young (15360K), 0 survivors (0K)
 Metaspace       used 9507K, capacity 9661K, committed 9856K, reserved 1058816K
  class space    used 828K, capacity 878K, committed 896K, reserved 1048576K
Heap Regions: E=young(eden), S=young(survivor), O=old, HS=humongous(starts), HC=humongous(continues), CS=collection set, F=free, A=archive, TAMS=top-at-mark-start (previous, next)
|   0|0x00000000c0000000, 0x00000000c0100000, 0x00000000c0100000|100%|HS|  |TAMS 0x00000000c0000000, 0x00000000c0000000| Complete 
|   1|0x00000000c0100000, 0x00000000c0200000, 0x00000000c0200000|100%|HS|  |TAMS 0x00000000c0100000, 0x00000000c0100000| Complete 
|   2|0x00000000c0200000, 0x00000000c0200000, 0x00000000c0300000|  0%| F|  |TAMS 0x00000000c0200000, 0x00000000c0200000| Untracked 
|   3|0x00000000c0300000, 0x00000000c0300000, 0x00000000c0400000|  0%| F|  |TAMS 0x00000000c0300000, 0x00000000c0300000| Untracked 
|   4|0x00000000c0400000, 0x00000000c0400000, 0x00000000c0500000|  0%| F|  |TAMS 0x00000000c0400000, 0x00000000c0400000| Untracked 
|   5|0x00000000c0500000, 0x00000000c0500000, 0x00000000c0600000|  0%| F|  |TAMS 0x00000000c0500000, 0x00000000c0500000| Untracked 
|   6|0x00000000c0600000, 0x00000000c0600000, 0x00000000c0700000|  0%| F|  |TAMS 0x00000000c0600000, 0x00000000c0600000| Untracked 
|   7|0x00000000c0700000, 0x00000000c0700000, 0x00000000c0800000|  0%| F|  |TAMS 0x00000000c0700000, 0x00000000c0700000| Untracked 
|   8|0x00000000c0800000, 0x00000000c0800000, 0x00000000c0900000|  0%| F|  |TAMS 0x00000000c0800000, 0x00000000c0800000| Untracked 
|   9|0x00000000c0900000, 0x00000000c0900000, 0x00000000c0a00000|  0%| F|  |TAMS 0x00000000c0900000, 0x00000000c0900000| Untracked 
|  10|0x00000000c0a00000, 0x00000000c0a00000, 0x00000000c0b00000|  0%| F|  |TAMS 0x00000000c0a00000, 0x00000000c0a00000| Untracked 
|  11|0x00000000c0b00000, 0x00000000c0b00000, 0x00000000c0c00000|  0%| F|  |TAMS 0x00000000c0b00000, 0x00000000c0b00000| Untracked 
|  12|0x00000000c0c00000, 0x00000000c0c00000, 0x00000000c0d00000|  0%| F|  |TAMS 0x00000000c0c00000, 0x00000000c0c00000| Untracked 
|  13|0x00000000c0d00000, 0x00000000c0d00000, 0x00000000c0e00000|  0%| F|  |TAMS 0x00000000c0d00000, 0x00000000c0d00000| Untracked 
|  14|0x00000000c0e00000, 0x00000000c0e00000, 0x00000000c0f00000|  0%| F|  |TAMS 0x00000000c0e00000, 0x00000000c0e00000| Untracked 
|  15|0x00000000c0f00000, 0x00000000c0f00000, 0x00000000c1000000|  0%| F|  |TAMS 0x00000000c0f00000, 0x00000000c0f00000| Untracked 
|  16|0x00000000c1000000, 0x00000000c1000000, 0x00000000c1100000|  0%| F|  |TAMS 0x00000000c1000000, 0x00000000c1000000| Untracked 
|  17|0x00000000c1100000, 0x00000000c1100000, 0x00000000c1200000|  0%| F|  |TAMS 0x00000000c1100000, 0x00000000c1100000| Untracked 
|  18|0x00000000c1200000, 0x00000000c1200000, 0x00000000c1300000|  0%| F|  |TAMS 0x00000000c1200000, 0x00000000c1200000| Untracked 
|  19|0x00000000c1300000, 0x00000000c1300000, 0x00000000c1400000|  0%| F|  |TAMS 0x00000000c1300000, 0x00000000c1300000| Untracked 
|  20|0x00000000c1400000, 0x00000000c1400000, 0x00000000c1500000|  0%| F|  |TAMS 0x00000000c1400000, 0x00000000c1400000| Untracked 
|  21|0x00000000c1500000, 0x00000000c1500000, 0x00000000c1600000|  0%| F|  |TAMS 0x00000000c1500000, 0x00000000c1500000| Untracked 
|  22|0x00000000c1600000, 0x00000000c1600000, 0x00000000c1700000|  0%| F|  |TAMS 0x00000000c1600000, 0x00000000c1600000| Untracked 
|  23|0x00000000c1700000, 0x00000000c1700000, 0x00000000c1800000|  0%| F|  |TAMS 0x00000000c1700000, 0x00000000c1700000| Untracked 
|  24|0x00000000c1800000, 0x00000000c1800000, 0x00000000c1900000|  0%| F|  |TAMS 0x00000000c1800000, 0x00000000c1800000| Untracked 
|  25|0x00000000c1900000, 0x00000000c1900000, 0x00000000c1a00000|  0%| F|  |TAMS 0x00000000c1900000, 0x00000000c1900000| Untracked 
|  26|0x00000000c1a00000, 0x00000000c1a00000, 0x00000000c1b00000|  0%| F|  |TAMS 0x00000000c1a00000, 0x00000000c1a00000| Untracked 
|  27|0x00000000c1b00000, 0x00000000c1b00000, 0x00000000c1c00000|  0%| F|  |TAMS 0x00000000c1b00000, 0x00000000c1b00000| Untracked 
|  28|0x00000000c1c00000, 0x00000000c1c00000, 0x00000000c1d00000|  0%| F|  |TAMS 0x00000000c1c00000, 0x00000000c1c00000| Untracked 
|  29|0x00000000c1d00000, 0x00000000c1d00000, 0x00000000c1e00000|  0%| F|  |TAMS 0x00000000c1d00000, 0x00000000c1d00000| Untracked 
|  30|0x00000000c1e00000, 0x00000000c1e00000, 0x00000000c1f00000|  0%| F|  |TAMS 0x00000000c1e00000, 0x00000000c1e00000| Untracked 
|  31|0x00000000c1f00000, 0x00000000c1f00000, 0x00000000c2000000|  0%| F|  |TAMS 0x00000000c1f00000, 0x00000000c1f00000| Untracked 
|  32|0x00000000c2000000, 0x00000000c2000000, 0x00000000c2100000|  0%| F|  |TAMS 0x00000000c2000000, 0x00000000c2000000| Untracked 
|  33|0x00000000c2100000, 0x00000000c2100000, 0x00000000c2200000|  0%| F|  |TAMS 0x00000000c2100000, 0x00000000c2100000| Untracked 
|  34|0x00000000c2200000, 0x00000000c2200000, 0x00000000c2300000|  0%| F|  |TAMS 0x00000000c2200000, 0x00000000c2200000| Untracked 
|  35|0x00000000c2300000, 0x00000000c2300000, 0x00000000c2400000|  0%| F|  |TAMS 0x00000000c2300000, 0x00000000c2300000| Untracked 
|  36|0x00000000c2400000, 0x00000000c2400000, 0x00000000c2500000|  0%| F|  |TAMS 0x00000000c2400000, 0x00000000c2400000| Untracked 
|  37|0x00000000c2500000, 0x00000000c2500000, 0x00000000c2600000|  0%| F|  |TAMS 0x00000000c2500000, 0x00000000c2500000| Untracked 
|  38|0x00000000c2600000, 0x00000000c2600000, 0x00000000c2700000|  0%| F|  |TAMS 0x00000000c2600000, 0x00000000c2600000| Untracked 
|  39|0x00000000c2700000, 0x00000000c2700000, 0x00000000c2800000|  0%| F|  |TAMS 0x00000000c2700000, 0x00000000c2700000| Untracked 
|  40|0x00000000c2800000, 0x00000000c2800000, 0x00000000c2900000|  0%| F|  |TAMS 0x00000000c2800000, 0x00000000c2800000| Untracked 
|  41|0x00000000c2900000, 0x00000000c2900000, 0x00000000c2a00000|  0%| F|  |TAMS 0x00000000c2900000, 0x00000000c2900000| Untracked 
|  42|0x00000000c2a00000, 0x00000000c2a00000, 0x00000000c2b00000|  0%| F|  |TAMS 0x00000000c2a00000, 0x00000000c2a00000| Untracked 
|  43|0x00000000c2b00000, 0x00000000c2b00000, 0x00000000c2c00000|  0%| F|  |TAMS 0x00000000c2b00000, 0x00000000c2b00000| Untracked 
|  44|0x00000000c2c00000, 0x00000000c2c00000, 0x00000000c2d00000|  0%| F|  |TAMS 0x00000000c2c00000, 0x00000000c2c00000| Untracked 
|  45|0x00000000c2d00000, 0x00000000c2d00000, 0x00000000c2e00000|  0%| F|  |TAMS 0x00000000c2d00000, 0x00000000c2d00000| Untracked 
|  46|0x00000000c2e00000, 0x00000000c2e00000, 0x00000000c2f00000|  0%| F|  |TAMS 0x00000000c2e00000, 0x00000000c2e00000| Untracked 
|  47|0x00000000c2f00000, 0x00000000c2f00000, 0x00000000c3000000|  0%| F|  |TAMS 0x00000000c2f00000, 0x00000000c2f00000| Untracked 
|  48|0x00000000c3000000, 0x00000000c3000000, 0x00000000c3100000|  0%| F|  |TAMS 0x00000000c3000000, 0x00000000c3000000| Untracked 
|  49|0x00000000c3100000, 0x00000000c3100000, 0x00000000c3200000|  0%| F|  |TAMS 0x00000000c3100000, 0x00000000c3100000| Untracked 
|  50|0x00000000c3200000, 0x00000000c3200000, 0x00000000c3300000|  0%| F|  |TAMS 0x00000000c3200000, 0x00000000c3200000| Untracked 
|  51|0x00000000c3300000, 0x00000000c3300000, 0x00000000c3400000|  0%| F|  |TAMS 0x00000000c3300000, 0x00000000c3300000| Untracked 
|  52|0x00000000c3400000, 0x00000000c3400000, 0x00000000c3500000|  0%| F|  |TAMS 0x00000000c3400000, 0x00000000c3400000| Untracked 
|  53|0x00000000c3500000, 0x00000000c3500000, 0x00000000c3600000|  0%| F|  |TAMS 0x00000000c3500000, 0x00000000c3500000| Untracked 
|  54|0x00000000c3600000, 0x00000000c3600000, 0x00000000c3700000|  0%| F|  |TAMS 0x00000000c3600000, 0x00000000c3600000| Untracked 
|  55|0x00000000c3700000, 0x00000000c3700000, 0x00000000c3800000|  0%| F|  |TAMS 0x00000000c3700000, 0x00000000c3700000| Untracked 
|  56|0x00000000c3800000, 0x00000000c3800000, 0x00000000c3900000|  0%| F|  |TAMS 0x00000000c3800000, 0x00000000c3800000| Untracked 
|  57|0x00000000c3900000, 0x00000000c3900000, 0x00000000c3a00000|  0%| F|  |TAMS 0x00000000c3900000, 0x00000000c3900000| Untracked 
|  58|0x00000000c3a00000, 0x00000000c3a00000, 0x00000000c3b00000|  0%| F|  |TAMS 0x00000000c3a00000, 0x00000000c3a00000| Untracked 
|  59|0x00000000c3b00000, 0x00000000c3b00000, 0x00000000c3c00000|  0%| F|  |TAMS 0x00000000c3b00000, 0x00000000c3b00000| Untracked 
|  60|0x00000000c3c00000, 0x00000000c3c00000, 0x00000000c3d00000|  0%| F|  |TAMS 0x00000000c3c00000, 0x00000000c3c00000| Untracked 
|  61|0x00000000c3d00000, 0x00000000c3d00000, 0x00000000c3e00000|  0%| F|  |TAMS 0x00000000c3d00000, 0x00000000c3d00000| Untracked 
|  62|0x00000000c3e00000, 0x00000000c3e00000, 0x00000000c3f00000|  0%| F|  |TAMS 0x00000000c3e00000, 0x00000000c3e00000| Untracked 
|  63|0x00000000c3f00000, 0x00000000c3f00000, 0x00000000c4000000|  0%| F|  |TAMS 0x00000000c3f00000, 0x00000000c3f00000| Untracked 
|  64|0x00000000c4000000, 0x00000000c4000000, 0x00000000c4100000|  0%| F|  |TAMS 0x00000000c4000000, 0x00000000c4000000| Untracked 
|  65|0x00000000c4100000, 0x00000000c4100000, 0x00000000c4200000|  0%| F|  |TAMS 0x00000000c4100000, 0x00000000c4100000| Untracked 
|  66|0x00000000c4200000, 0x00000000c4200000, 0x00000000c4300000|  0%| F|  |TAMS 0x00000000c4200000, 0x00000000c4200000| Untracked 
|  67|0x00000000c4300000, 0x00000000c4300000, 0x00000000c4400000|  0%| F|  |TAMS 0x00000000c4300000, 0x00000000c4300000| Untracked 
|  68|0x00000000c4400000, 0x00000000c4400000, 0x00000000c4500000|  0%| F|  |TAMS 0x00000000c4400000, 0x00000000c4400000| Untracked 
|  69|0x00000000c4500000, 0x00000000c4500000, 0x00000000c4600000|  0%| F|  |TAMS 0x00000000c4500000, 0x00000000c4500000| Untracked 
|  70|0x00000000c4600000, 0x00000000c4600000, 0x00000000c4700000|  0%| F|  |TAMS 0x00000000c4600000, 0x00000000c4600000| Untracked 
|  71|0x00000000c4700000, 0x00000000c4700000, 0x00000000c4800000|  0%| F|  |TAMS 0x00000000c4700000, 0x00000000c4700000| Untracked 
|  72|0x00000000c4800000, 0x00000000c4800000, 0x00000000c4900000|  0%| F|  |TAMS 0x00000000c4800000, 0x00000000c4800000| Untracked 
|  73|0x00000000c4900000, 0x00000000c4900000, 0x00000000c4a00000|  0%| F|  |TAMS 0x00000000c4900000, 0x00000000c4900000| Untracked 
|  74|0x00000000c4a00000, 0x00000000c4a00000, 0x00000000c4b00000|  0%| F|  |TAMS 0x00000000c4a00000, 0x00000000c4a00000| Untracked 
|  75|0x00000000c4b00000, 0x00000000c4b00000, 0x00000000c4c00000|  0%| F|  |TAMS 0x00000000c4b00000, 0x00000000c4b00000| Untracked 
|  76|0x00000000c4c00000, 0x00000000c4c00000, 0x00000000c4d00000|  0%| F|  |TAMS 0x00000000c4c00000, 0x00000000c4c00000| Untracked 
|  77|0x00000000c4d00000, 0x00000000c4d00000, 0x00000000c4e00000|  0%| F|  |TAMS 0x00000000c4d00000, 0x00000000c4d00000| Untracked 
|  78|0x00000000c4e00000, 0x00000000c4e00000, 0x00000000c4f00000|  0%| F|  |TAMS 0x00000000c4e00000, 0x00000000c4e00000| Untracked 
|  79|0x00000000c4f00000, 0x00000000c4f00000, 0x00000000c5000000|  0%| F|  |TAMS 0x00000000c4f00000, 0x00000000c4f00000| Untracked 
|  80|0x00000000c5000000, 0x00000000c5000000, 0x00000000c5100000|  0%| F|  |TAMS 0x00000000c5000000, 0x00000000c5000000| Untracked 
|  81|0x00000000c5100000, 0x00000000c5100000, 0x00000000c5200000|  0%| F|  |TAMS 0x00000000c5100000, 0x00000000c5100000| Untracked 
|  82|0x00000000c5200000, 0x00000000c5200000, 0x00000000c5300000|  0%| F|  |TAMS 0x00000000c5200000, 0x00000000c5200000| Untracked 
|  83|0x00000000c5300000, 0x00000000c5300000, 0x00000000c5400000|  0%| F|  |TAMS 0x00000000c5300000, 0x00000000c5300000| Untracked 
|  84|0x00000000c5400000, 0x00000000c5400000, 0x00000000c5500000|  0%| F|  |TAMS 0x00000000c5400000, 0x00000000c5400000| Untracked 
|  85|0x00000000c5500000, 0x00000000c5500000, 0x00000000c5600000|  0%| F|  |TAMS 0x00000000c5500000, 0x00000000c5500000| Untracked 
|  86|0x00000000c5600000, 0x00000000c5600000, 0x00000000c5700000|  0%| F|  |TAMS 0x00000000c5600000, 0x00000000c5600000| Untracked 
|  87|0x00000000c5700000, 0x00000000c5700000, 0x00000000c5800000|  0%| F|  |TAMS 0x00000000c5700000, 0x00000000c5700000| Untracked 
|  88|0x00000000c5800000, 0x00000000c5800000, 0x00000000c5900000|  0%| F|  |TAMS 0x00000000c5800000, 0x00000000c5800000| Untracked 
|  89|0x00000000c5900000, 0x00000000c5900000, 0x00000000c5a00000|  0%| F|  |TAMS 0x00000000c5900000, 0x00000000c5900000| Untracked 
|  90|0x00000000c5a00000, 0x00000000c5a00000, 0x00000000c5b00000|  0%| F|  |TAMS 0x00000000c5a00000, 0x00000000c5a00000| Untracked 
|  91|0x00000000c5b00000, 0x00000000c5b00000, 0x00000000c5c00000|  0%| F|  |TAMS 0x00000000c5b00000, 0x00000000c5b00000| Untracked 
|  92|0x00000000c5c00000, 0x00000000c5c00000, 0x00000000c5d00000|  0%| F|  |TAMS 0x00000000c5c00000, 0x00000000c5c00000| Untracked 
|  93|0x00000000c5d00000, 0x00000000c5d00000, 0x00000000c5e00000|  0%| F|  |TAMS 0x00000000c5d00000, 0x00000000c5d00000| Untracked 
|  94|0x00000000c5e00000, 0x00000000c5e00000, 0x00000000c5f00000|  0%| F|  |TAMS 0x00000000c5e00000, 0x00000000c5e00000| Untracked 
|  95|0x00000000c5f00000, 0x00000000c5f00000, 0x00000000c6000000|  0%| F|  |TAMS 0x00000000c5f00000, 0x00000000c5f00000| Untracked 
|  96|0x00000000c6000000, 0x00000000c6000000, 0x00000000c6100000|  0%| F|  |TAMS 0x00000000c6000000, 0x00000000c6000000| Untracked 
|  97|0x00000000c6100000, 0x00000000c6100000, 0x00000000c6200000|  0%| F|  |TAMS 0x00000000c6100000, 0x00000000c6100000| Untracked 
|  98|0x00000000c6200000, 0x00000000c6200000, 0x00000000c6300000|  0%| F|  |TAMS 0x00000000c6200000, 0x00000000c6200000| Untracked 
|  99|0x00000000c6300000, 0x00000000c6300000, 0x00000000c6400000|  0%| F|  |TAMS 0x00000000c6300000, 0x00000000c6300000| Untracked 
| 100|0x00000000c6400000, 0x00000000c6400000, 0x00000000c6500000|  0%| F|  |TAMS 0x00000000c6400000, 0x00000000c6400000| Untracked 
| 101|0x00000000c6500000, 0x00000000c6500000, 0x00000000c6600000|  0%| F|  |TAMS 0x00000000c6500000, 0x00000000c6500000| Untracked 
| 102|0x00000000c6600000, 0x00000000c6600000, 0x00000000c6700000|  0%| F|  |TAMS 0x00000000c6600000, 0x00000000c6600000| Untracked 
| 103|0x00000000c6700000, 0x00000000c6700000, 0x00000000c6800000|  0%| F|  |TAMS 0x00000000c6700000, 0x00000000c6700000| Untracked 
| 104|0x00000000c6800000, 0x00000000c6800000, 0x00000000c6900000|  0%| F|  |TAMS 0x00000000c6800000, 0x00000000c6800000| Untracked 
| 105|0x00000000c6900000, 0x00000000c6900000, 0x00000000c6a00000|  0%| F|  |TAMS 0x00000000c6900000, 0x00000000c6900000| Untracked 
| 106|0x00000000c6a00000, 0x00000000c6a00000, 0x00000000c6b00000|  0%| F|  |TAMS 0x00000000c6a00000, 0x00000000c6a00000| Untracked 
| 107|0x00000000c6b00000, 0x00000000c6b00000, 0x00000000c6c00000|  0%| F|  |TAMS 0x00000000c6b00000, 0x00000000c6b00000| Untracked 
| 108|0x00000000c6c00000, 0x00000000c6c00000, 0x00000000c6d00000|  0%| F|  |TAMS 0x00000000c6c00000, 0x00000000c6c00000| Untracked 
| 109|0x00000000c6d00000, 0x00000000c6d00000, 0x00000000c6e00000|  0%| F|  |TAMS 0x00000000c6d00000, 0x00000000c6d00000| Untracked 
| 110|0x00000000c6e00000, 0x00000000c6e00000, 0x00000000c6f00000|  0%| F|  |TAMS 0x00000000c6e00000, 0x00000000c6e00000| Untracked 
| 111|0x00000000c6f00000, 0x00000000c6f00000, 0x00000000c7000000|  0%| F|  |TAMS 0x00000000c6f00000, 0x00000000c6f00000| Untracked 
| 112|0x00000000c7000000, 0x00000000c7000000, 0x00000000c7100000|  0%| F|  |TAMS 0x00000000c7000000, 0x00000000c7000000| Untracked 
| 113|0x00000000c7100000, 0x00000000c7100000, 0x00000000c7200000|  0%| F|  |TAMS 0x00000000c7100000, 0x00000000c7100000| Untracked 
| 114|0x00000000c7200000, 0x00000000c7200000, 0x00000000c7300000|  0%| F|  |TAMS 0x00000000c7200000, 0x00000000c7200000| Untracked 
| 115|0x00000000c7300000, 0x00000000c7300000, 0x00000000c7400000|  0%| F|  |TAMS 0x00000000c7300000, 0x00000000c7300000| Untracked 
| 116|0x00000000c7400000, 0x00000000c7400000, 0x00000000c7500000|  0%| F|  |TAMS 0x00000000c7400000, 0x00000000c7400000| Untracked 
| 117|0x00000000c7500000, 0x00000000c7500000, 0x00000000c7600000|  0%| F|  |TAMS 0x00000000c7500000, 0x00000000c7500000| Untracked 
| 118|0x00000000c7600000, 0x00000000c7600000, 0x00000000c7700000|  0%| F|  |TAMS 0x00000000c7600000, 0x00000000c7600000| Untracked 
| 119|0x00000000c7700000, 0x00000000c7700000, 0x00000000c7800000|  0%| F|  |TAMS 0x00000000c7700000, 0x00000000c7700000| Untracked 
| 120|0x00000000c7800000, 0x00000000c7800000, 0x00000000c7900000|  0%| F|  |TAMS 0x00000000c7800000, 0x00000000c7800000| Untracked 
| 121|0x00000000c7900000, 0x00000000c7900000, 0x00000000c7a00000|  0%| F|  |TAMS 0x00000000c7900000, 0x00000000c7900000| Untracked 
| 122|0x00000000c7a00000, 0x00000000c7a00000, 0x00000000c7b00000|  0%| F|  |TAMS 0x00000000c7a00000, 0x00000000c7a00000| Untracked 
| 123|0x00000000c7b00000, 0x00000000c7b00000, 0x00000000c7c00000|  0%| F|  |TAMS 0x00000000c7b00000, 0x00000000c7b00000| Untracked 
| 124|0x00000000c7c00000, 0x00000000c7c00000, 0x00000000c7d00000|  0%| F|  |TAMS 0x00000000c7c00000, 0x00000000c7c00000| Untracked 
| 125|0x00000000c7d00000, 0x00000000c7d00000, 0x00000000c7e00000|  0%| F|  |TAMS 0x00000000c7d00000, 0x00000000c7d00000| Untracked 
| 126|0x00000000c7e00000, 0x00000000c7e00000, 0x00000000c7f00000|  0%| F|  |TAMS 0x00000000c7e00000, 0x00000000c7e00000| Untracked 
| 127|0x00000000c7f00000, 0x00000000c7f00000, 0x00000000c8000000|  0%| F|  |TAMS 0x00000000c7f00000, 0x00000000c7f00000| Untracked 
| 128|0x00000000c8000000, 0x00000000c8000000, 0x00000000c8100000|  0%| F|  |TAMS 0x00000000c8000000, 0x00000000c8000000| Untracked 
| 129|0x00000000c8100000, 0x00000000c8100000, 0x00000000c8200000|  0%| F|  |TAMS 0x00000000c8100000, 0x00000000c8100000| Untracked 
| 130|0x00000000c8200000, 0x00000000c8200000, 0x00000000c8300000|  0%| F|  |TAMS 0x00000000c8200000, 0x00000000c8200000| Untracked 
| 131|0x00000000c8300000, 0x00000000c8300000, 0x00000000c8400000|  0%| F|  |TAMS 0x00000000c8300000, 0x00000000c8300000| Untracked 
| 132|0x00000000c8400000, 0x00000000c8400000, 0x00000000c8500000|  0%| F|  |TAMS 0x00000000c8400000, 0x00000000c8400000| Untracked 
| 133|0x00000000c8500000, 0x00000000c8500000, 0x00000000c8600000|  0%| F|  |TAMS 0x00000000c8500000, 0x00000000c8500000| Untracked 
| 134|0x00000000c8600000, 0x00000000c8600000, 0x00000000c8700000|  0%| F|  |TAMS 0x00000000c8600000, 0x00000000c8600000| Untracked 
| 135|0x00000000c8700000, 0x00000000c8700000, 0x00000000c8800000|  0%| F|  |TAMS 0x00000000c8700000, 0x00000000c8700000| Untracked 
| 136|0x00000000c8800000, 0x00000000c8800000, 0x00000000c8900000|  0%| F|  |TAMS 0x00000000c8800000, 0x00000000c8800000| Untracked 
| 137|0x00000000c8900000, 0x00000000c8900000, 0x00000000c8a00000|  0%| F|  |TAMS 0x00000000c8900000, 0x00000000c8900000| Untracked 
| 138|0x00000000c8a00000, 0x00000000c8a00000, 0x00000000c8b00000|  0%| F|  |TAMS 0x00000000c8a00000, 0x00000000c8a00000| Untracked 
| 139|0x00000000c8b00000, 0x00000000c8b00000, 0x00000000c8c00000|  0%| F|  |TAMS 0x00000000c8b00000, 0x00000000c8b00000| Untracked 
| 140|0x00000000c8c00000, 0x00000000c8c00000, 0x00000000c8d00000|  0%| F|  |TAMS 0x00000000c8c00000, 0x00000000c8c00000| Untracked 
| 141|0x00000000c8d00000, 0x00000000c8d00000, 0x00000000c8e00000|  0%| F|  |TAMS 0x00000000c8d00000, 0x00000000c8d00000| Untracked 
| 142|0x00000000c8e00000, 0x00000000c8e00000, 0x00000000c8f00000|  0%| F|  |TAMS 0x00000000c8e00000, 0x00000000c8e00000| Untracked 
| 143|0x00000000c8f00000, 0x00000000c8f00000, 0x00000000c9000000|  0%| F|  |TAMS 0x00000000c8f00000, 0x00000000c8f00000| Untracked 
| 144|0x00000000c9000000, 0x00000000c9000000, 0x00000000c9100000|  0%| F|  |TAMS 0x00000000c9000000, 0x00000000c9000000| Untracked 
| 145|0x00000000c9100000, 0x00000000c9100000, 0x00000000c9200000|  0%| F|  |TAMS 0x00000000c9100000, 0x00000000c9100000| Untracked 
| 146|0x00000000c9200000, 0x00000000c9200000, 0x00000000c9300000|  0%| F|  |TAMS 0x00000000c9200000, 0x00000000c9200000| Untracked 
| 147|0x00000000c9300000, 0x00000000c9300000, 0x00000000c9400000|  0%| F|  |TAMS 0x00000000c9300000, 0x00000000c9300000| Untracked 
| 148|0x00000000c9400000, 0x00000000c9400000, 0x00000000c9500000|  0%| F|  |TAMS 0x00000000c9400000, 0x00000000c9400000| Untracked 
| 149|0x00000000c9500000, 0x00000000c9500000, 0x00000000c9600000|  0%| F|  |TAMS 0x00000000c9500000, 0x00000000c9500000| Untracked 
| 150|0x00000000c9600000, 0x00000000c9600000, 0x00000000c9700000|  0%| F|  |TAMS 0x00000000c9600000, 0x00000000c9600000| Untracked 
| 151|0x00000000c9700000, 0x00000000c9700000, 0x00000000c9800000|  0%| F|  |TAMS 0x00000000c9700000, 0x00000000c9700000| Untracked 
| 152|0x00000000c9800000, 0x00000000c9800000, 0x00000000c9900000|  0%| F|  |TAMS 0x00000000c9800000, 0x00000000c9800000| Untracked 
| 153|0x00000000c9900000, 0x00000000c9900000, 0x00000000c9a00000|  0%| F|  |TAMS 0x00000000c9900000, 0x00000000c9900000| Untracked 
| 154|0x00000000c9a00000, 0x00000000c9a00000, 0x00000000c9b00000|  0%| F|  |TAMS 0x00000000c9a00000, 0x00000000c9a00000| Untracked 
| 155|0x00000000c9b00000, 0x00000000c9b00000, 0x00000000c9c00000|  0%| F|  |TAMS 0x00000000c9b00000, 0x00000000c9b00000| Untracked 
| 156|0x00000000c9c00000, 0x00000000c9c00000, 0x00000000c9d00000|  0%| F|  |TAMS 0x00000000c9c00000, 0x00000000c9c00000| Untracked 
| 157|0x00000000c9d00000, 0x00000000c9d00000, 0x00000000c9e00000|  0%| F|  |TAMS 0x00000000c9d00000, 0x00000000c9d00000| Untracked 
| 158|0x00000000c9e00000, 0x00000000c9e00000, 0x00000000c9f00000|  0%| F|  |TAMS 0x00000000c9e00000, 0x00000000c9e00000| Untracked 
| 159|0x00000000c9f00000, 0x00000000c9f00000, 0x00000000ca000000|  0%| F|  |TAMS 0x00000000c9f00000, 0x00000000c9f00000| Untracked 
| 160|0x00000000ca000000, 0x00000000ca000000, 0x00000000ca100000|  0%| F|  |TAMS 0x00000000ca000000, 0x00000000ca000000| Untracked 
| 161|0x00000000ca100000, 0x00000000ca100000, 0x00000000ca200000|  0%| F|  |TAMS 0x00000000ca100000, 0x00000000ca100000| Untracked 
| 162|0x00000000ca200000, 0x00000000ca200000, 0x00000000ca300000|  0%| F|  |TAMS 0x00000000ca200000, 0x00000000ca200000| Untracked 
| 163|0x00000000ca300000, 0x00000000ca300000, 0x00000000ca400000|  0%| F|  |TAMS 0x00000000ca300000, 0x00000000ca300000| Untracked 
| 164|0x00000000ca400000, 0x00000000ca400000, 0x00000000ca500000|  0%| F|  |TAMS 0x00000000ca400000, 0x00000000ca400000| Untracked 
| 165|0x00000000ca500000, 0x00000000ca500000, 0x00000000ca600000|  0%| F|  |TAMS 0x00000000ca500000, 0x00000000ca500000| Untracked 
| 166|0x00000000ca600000, 0x00000000ca600000, 0x00000000ca700000|  0%| F|  |TAMS 0x00000000ca600000, 0x00000000ca600000| Untracked 
| 167|0x00000000ca700000, 0x00000000ca700000, 0x00000000ca800000|  0%| F|  |TAMS 0x00000000ca700000, 0x00000000ca700000| Untracked 
| 168|0x00000000ca800000, 0x00000000ca800000, 0x00000000ca900000|  0%| F|  |TAMS 0x00000000ca800000, 0x00000000ca800000| Untracked 
| 169|0x00000000ca900000, 0x00000000ca900000, 0x00000000caa00000|  0%| F|  |TAMS 0x00000000ca900000, 0x00000000ca900000| Untracked 
| 170|0x00000000caa00000, 0x00000000caa00000, 0x00000000cab00000|  0%| F|  |TAMS 0x00000000caa00000, 0x00000000caa00000| Untracked 
| 171|0x00000000cab00000, 0x00000000cab00000, 0x00000000cac00000|  0%| F|  |TAMS 0x00000000cab00000, 0x00000000cab00000| Untracked 
| 172|0x00000000cac00000, 0x00000000cac00000, 0x00000000cad00000|  0%| F|  |TAMS 0x00000000cac00000, 0x00000000cac00000| Untracked 
| 173|0x00000000cad00000, 0x00000000cad00000, 0x00000000cae00000|  0%| F|  |TAMS 0x00000000cad00000, 0x00000000cad00000| Untracked 
| 174|0x00000000cae00000, 0x00000000cae00000, 0x00000000caf00000|  0%| F|  |TAMS 0x00000000cae00000, 0x00000000cae00000| Untracked 
| 175|0x00000000caf00000, 0x00000000caf00000, 0x00000000cb000000|  0%| F|  |TAMS 0x00000000caf00000, 0x00000000caf00000| Untracked 
| 176|0x00000000cb000000, 0x00000000cb000000, 0x00000000cb100000|  0%| F|  |TAMS 0x00000000cb000000, 0x00000000cb000000| Untracked 
| 177|0x00000000cb100000, 0x00000000cb100000, 0x00000000cb200000|  0%| F|  |TAMS 0x00000000cb100000, 0x00000000cb100000| Untracked 
| 178|0x00000000cb200000, 0x00000000cb200000, 0x00000000cb300000|  0%| F|  |TAMS 0x00000000cb200000, 0x00000000cb200000| Untracked 
| 179|0x00000000cb300000, 0x00000000cb300000, 0x00000000cb400000|  0%| F|  |TAMS 0x00000000cb300000, 0x00000000cb300000| Untracked 
| 180|0x00000000cb400000, 0x00000000cb400000, 0x00000000cb500000|  0%| F|  |TAMS 0x00000000cb400000, 0x00000000cb400000| Untracked 
| 181|0x00000000cb500000, 0x00000000cb500000, 0x00000000cb600000|  0%| F|  |TAMS 0x00000000cb500000, 0x00000000cb500000| Untracked 
| 182|0x00000000cb600000, 0x00000000cb600000, 0x00000000cb700000|  0%| F|  |TAMS 0x00000000cb600000, 0x00000000cb600000| Untracked 
| 183|0x00000000cb700000, 0x00000000cb700000, 0x00000000cb800000|  0%| F|  |TAMS 0x00000000cb700000, 0x00000000cb700000| Untracked 
| 184|0x00000000cb800000, 0x00000000cb800000, 0x00000000cb900000|  0%| F|  |TAMS 0x00000000cb800000, 0x00000000cb800000| Untracked 
| 185|0x00000000cb900000, 0x00000000cb900000, 0x00000000cba00000|  0%| F|  |TAMS 0x00000000cb900000, 0x00000000cb900000| Untracked 
| 186|0x00000000cba00000, 0x00000000cba00000, 0x00000000cbb00000|  0%| F|  |TAMS 0x00000000cba00000, 0x00000000cba00000| Untracked 
| 187|0x00000000cbb00000, 0x00000000cbb00000, 0x00000000cbc00000|  0%| F|  |TAMS 0x00000000cbb00000, 0x00000000cbb00000| Untracked 
| 188|0x00000000cbc00000, 0x00000000cbc00000, 0x00000000cbd00000|  0%| F|  |TAMS 0x00000000cbc00000, 0x00000000cbc00000| Untracked 
| 189|0x00000000cbd00000, 0x00000000cbd00000, 0x00000000cbe00000|  0%| F|  |TAMS 0x00000000cbd00000, 0x00000000cbd00000| Untracked 
| 190|0x00000000cbe00000, 0x00000000cbe00000, 0x00000000cbf00000|  0%| F|  |TAMS 0x00000000cbe00000, 0x00000000cbe00000| Untracked 
| 191|0x00000000cbf00000, 0x00000000cbf00000, 0x00000000cc000000|  0%| F|  |TAMS 0x00000000cbf00000, 0x00000000cbf00000| Untracked 
| 192|0x00000000cc000000, 0x00000000cc000000, 0x00000000cc100000|  0%| F|  |TAMS 0x00000000cc000000, 0x00000000cc000000| Untracked 
| 193|0x00000000cc100000, 0x00000000cc100000, 0x00000000cc200000|  0%| F|  |TAMS 0x00000000cc100000, 0x00000000cc100000| Untracked 
| 194|0x00000000cc200000, 0x00000000cc200000, 0x00000000cc300000|  0%| F|  |TAMS 0x00000000cc200000, 0x00000000cc200000| Untracked 
| 195|0x00000000cc300000, 0x00000000cc300000, 0x00000000cc400000|  0%| F|  |TAMS 0x00000000cc300000, 0x00000000cc300000| Untracked 
| 196|0x00000000cc400000, 0x00000000cc400000, 0x00000000cc500000|  0%| F|  |TAMS 0x00000000cc400000, 0x00000000cc400000| Untracked 
| 197|0x00000000cc500000, 0x00000000cc500000, 0x00000000cc600000|  0%| F|  |TAMS 0x00000000cc500000, 0x00000000cc500000| Untracked 
| 198|0x00000000cc600000, 0x00000000cc600000, 0x00000000cc700000|  0%| F|  |TAMS 0x00000000cc600000, 0x00000000cc600000| Untracked 
| 199|0x00000000cc700000, 0x00000000cc700000, 0x00000000cc800000|  0%| F|  |TAMS 0x00000000cc700000, 0x00000000cc700000| Untracked 
| 200|0x00000000cc800000, 0x00000000cc800000, 0x00000000cc900000|  0%| F|  |TAMS 0x00000000cc800000, 0x00000000cc800000| Untracked 
| 201|0x00000000cc900000, 0x00000000cc900000, 0x00000000cca00000|  0%| F|  |TAMS 0x00000000cc900000, 0x00000000cc900000| Untracked 
| 202|0x00000000cca00000, 0x00000000cca00000, 0x00000000ccb00000|  0%| F|  |TAMS 0x00000000cca00000, 0x00000000cca00000| Untracked 
| 203|0x00000000ccb00000, 0x00000000ccb00000, 0x00000000ccc00000|  0%| F|  |TAMS 0x00000000ccb00000, 0x00000000ccb00000| Untracked 
| 204|0x00000000ccc00000, 0x00000000ccc00000, 0x00000000ccd00000|  0%| F|  |TAMS 0x00000000ccc00000, 0x00000000ccc00000| Untracked 
| 205|0x00000000ccd00000, 0x00000000ccd00000, 0x00000000cce00000|  0%| F|  |TAMS 0x00000000ccd00000, 0x00000000ccd00000| Untracked 
| 206|0x00000000cce00000, 0x00000000cce00000, 0x00000000ccf00000|  0%| F|  |TAMS 0x00000000cce00000, 0x00000000cce00000| Untracked 
| 207|0x00000000ccf00000, 0x00000000ccf00000, 0x00000000cd000000|  0%| F|  |TAMS 0x00000000ccf00000, 0x00000000ccf00000| Untracked 
| 208|0x00000000cd000000, 0x00000000cd000000, 0x00000000cd100000|  0%| F|  |TAMS 0x00000000cd000000, 0x00000000cd000000| Untracked 
| 209|0x00000000cd100000, 0x00000000cd100000, 0x00000000cd200000|  0%| F|  |TAMS 0x00000000cd100000, 0x00000000cd100000| Untracked 
| 210|0x00000000cd200000, 0x00000000cd200000, 0x00000000cd300000|  0%| F|  |TAMS 0x00000000cd200000, 0x00000000cd200000| Untracked 
| 211|0x00000000cd300000, 0x00000000cd300000, 0x00000000cd400000|  0%| F|  |TAMS 0x00000000cd300000, 0x00000000cd300000| Untracked 
| 212|0x00000000cd400000, 0x00000000cd400000, 0x00000000cd500000|  0%| F|  |TAMS 0x00000000cd400000, 0x00000000cd400000| Untracked 
| 213|0x00000000cd500000, 0x00000000cd500000, 0x00000000cd600000|  0%| F|  |TAMS 0x00000000cd500000, 0x00000000cd500000| Untracked 
| 214|0x00000000cd600000, 0x00000000cd600000, 0x00000000cd700000|  0%| F|  |TAMS 0x00000000cd600000, 0x00000000cd600000| Untracked 
| 215|0x00000000cd700000, 0x00000000cd700000, 0x00000000cd800000|  0%| F|  |TAMS 0x00000000cd700000, 0x00000000cd700000| Untracked 
| 216|0x00000000cd800000, 0x00000000cd800000, 0x00000000cd900000|  0%| F|  |TAMS 0x00000000cd800000, 0x00000000cd800000| Untracked 
| 217|0x00000000cd900000, 0x00000000cd900000, 0x00000000cda00000|  0%| F|  |TAMS 0x00000000cd900000, 0x00000000cd900000| Untracked 
| 218|0x00000000cda00000, 0x00000000cda00000, 0x00000000cdb00000|  0%| F|  |TAMS 0x00000000cda00000, 0x00000000cda00000| Untracked 
| 219|0x00000000cdb00000, 0x00000000cdb00000, 0x00000000cdc00000|  0%| F|  |TAMS 0x00000000cdb00000, 0x00000000cdb00000| Untracked 
| 220|0x00000000cdc00000, 0x00000000cdc00000, 0x00000000cdd00000|  0%| F|  |TAMS 0x00000000cdc00000, 0x00000000cdc00000| Untracked 
| 221|0x00000000cdd00000, 0x00000000cdd00000, 0x00000000cde00000|  0%| F|  |TAMS 0x00000000cdd00000, 0x00000000cdd00000| Untracked 
| 222|0x00000000cde00000, 0x00000000cde00000, 0x00000000cdf00000|  0%| F|  |TAMS 0x00000000cde00000, 0x00000000cde00000| Untracked 
| 223|0x00000000cdf00000, 0x00000000cdf00000, 0x00000000ce000000|  0%| F|  |TAMS 0x00000000cdf00000, 0x00000000cdf00000| Untracked 
| 224|0x00000000ce000000, 0x00000000ce000000, 0x00000000ce100000|  0%| F|  |TAMS 0x00000000ce000000, 0x00000000ce000000| Untracked 
| 225|0x00000000ce100000, 0x00000000ce100000, 0x00000000ce200000|  0%| F|  |TAMS 0x00000000ce100000, 0x00000000ce100000| Untracked 
| 226|0x00000000ce200000, 0x00000000ce200000, 0x00000000ce300000|  0%| F|  |TAMS 0x00000000ce200000, 0x00000000ce200000| Untracked 
| 227|0x00000000ce300000, 0x00000000ce300000, 0x00000000ce400000|  0%| F|  |TAMS 0x00000000ce300000, 0x00000000ce300000| Untracked 
| 228|0x00000000ce400000, 0x00000000ce400000, 0x00000000ce500000|  0%| F|  |TAMS 0x00000000ce400000, 0x00000000ce400000| Untracked 
| 229|0x00000000ce500000, 0x00000000ce500000, 0x00000000ce600000|  0%| F|  |TAMS 0x00000000ce500000, 0x00000000ce500000| Untracked 
| 230|0x00000000ce600000, 0x00000000ce600000, 0x00000000ce700000|  0%| F|  |TAMS 0x00000000ce600000, 0x00000000ce600000| Untracked 
| 231|0x00000000ce700000, 0x00000000ce700000, 0x00000000ce800000|  0%| F|  |TAMS 0x00000000ce700000, 0x00000000ce700000| Untracked 
| 232|0x00000000ce800000, 0x00000000ce800000, 0x00000000ce900000|  0%| F|  |TAMS 0x00000000ce800000, 0x00000000ce800000| Untracked 
| 233|0x00000000ce900000, 0x00000000ce900000, 0x00000000cea00000|  0%| F|  |TAMS 0x00000000ce900000, 0x00000000ce900000| Untracked 
| 234|0x00000000cea00000, 0x00000000cea00000, 0x00000000ceb00000|  0%| F|  |TAMS 0x00000000cea00000, 0x00000000cea00000| Untracked 
| 235|0x00000000ceb00000, 0x00000000ceb00000, 0x00000000cec00000|  0%| F|  |TAMS 0x00000000ceb00000, 0x00000000ceb00000| Untracked 
| 236|0x00000000cec00000, 0x00000000cec00000, 0x00000000ced00000|  0%| F|  |TAMS 0x00000000cec00000, 0x00000000cec00000| Untracked 
| 237|0x00000000ced00000, 0x00000000ced00000, 0x00000000cee00000|  0%| F|  |TAMS 0x00000000ced00000, 0x00000000ced00000| Untracked 
| 238|0x00000000cee00000, 0x00000000cee00000, 0x00000000cef00000|  0%| F|  |TAMS 0x00000000cee00000, 0x00000000cee00000| Untracked 
| 239|0x00000000cef00000, 0x00000000cef00000, 0x00000000cf000000|  0%| F|  |TAMS 0x00000000cef00000, 0x00000000cef00000| Untracked 
| 240|0x00000000cf000000, 0x00000000cf000000, 0x00000000cf100000|  0%| F|  |TAMS 0x00000000cf000000, 0x00000000cf000000| Untracked 
| 241|0x00000000cf100000, 0x00000000cf1f8b80, 0x00000000cf200000| 97%| E|  |TAMS 0x00000000cf100000, 0x00000000cf100000| Complete 
| 242|0x00000000cf200000, 0x00000000cf300000, 0x00000000cf300000|100%| E|CS|TAMS 0x00000000cf200000, 0x00000000cf200000| Complete 
| 243|0x00000000cf300000, 0x00000000cf400000, 0x00000000cf400000|100%| E|CS|TAMS 0x00000000cf300000, 0x00000000cf300000| Complete 
| 244|0x00000000cf400000, 0x00000000cf500000, 0x00000000cf500000|100%| E|CS|TAMS 0x00000000cf400000, 0x00000000cf400000| Complete 
| 245|0x00000000cf500000, 0x00000000cf600000, 0x00000000cf600000|100%| E|CS|TAMS 0x00000000cf500000, 0x00000000cf500000| Complete 
| 246|0x00000000cf600000, 0x00000000cf700000, 0x00000000cf700000|100%| E|CS|TAMS 0x00000000cf600000, 0x00000000cf600000| Complete 
| 247|0x00000000cf700000, 0x00000000cf800000, 0x00000000cf800000|100%| E|CS|TAMS 0x00000000cf700000, 0x00000000cf700000| Complete 
| 248|0x00000000cf800000, 0x00000000cf900000, 0x00000000cf900000|100%| E|CS|TAMS 0x00000000cf800000, 0x00000000cf800000| Complete 
| 249|0x00000000cf900000, 0x00000000cfa00000, 0x00000000cfa00000|100%| E|CS|TAMS 0x00000000cf900000, 0x00000000cf900000| Complete 
| 250|0x00000000cfa00000, 0x00000000cfb00000, 0x00000000cfb00000|100%| E|  |TAMS 0x00000000cfa00000, 0x00000000cfa00000| Complete 
| 251|0x00000000cfb00000, 0x00000000cfc00000, 0x00000000cfc00000|100%| E|CS|TAMS 0x00000000cfb00000, 0x00000000cfb00000| Complete 
| 252|0x00000000cfc00000, 0x00000000cfd00000, 0x00000000cfd00000|100%| E|CS|TAMS 0x00000000cfc00000, 0x00000000cfc00000| Complete 
| 253|0x00000000cfd00000, 0x00000000cfe00000, 0x00000000cfe00000|100%| E|CS|TAMS 0x00000000cfd00000, 0x00000000cfd00000| Complete 
| 254|0x00000000cfe00000, 0x00000000cff00000, 0x00000000cff00000|100%| E|CS|TAMS 0x00000000cfe00000, 0x00000000cfe00000| Complete 
| 255|0x00000000cff00000, 0x00000000d0000000, 0x00000000d0000000|100%| E|CS|TAMS 0x00000000cff00000, 0x00000000cff00000| Complete 

Card table byte_map: [0x00007f38317f8000,0x00007f38319f8000] _byte_map_base: 0x00007f38311f8000

Marking Bits (Prev, Next): (CMBitMap*) 0x00007f382c05c0c8, (CMBitMap*) 0x00007f382c05c100
 Prev Bits: [0x00007f38305f8000, 0x00007f38315f8000)
 Next Bits: [0x00007f3814e00000, 0x00007f3815e00000)

Polling page: 0x00007f38351cd000

Metaspace:

Usage:
  Non-class:      8.64 MB capacity,     8.49 MB ( 98%) used,   144.49 KB (  2%) free+waste,     7.69 KB ( <1%) overhead. 
      Class:    878.00 KB capacity,   829.65 KB ( 94%) used,    45.29 KB (  5%) free+waste,     3.06 KB ( <1%) overhead. 
       Both:      9.50 MB capacity,     9.30 MB ( 98%) used,   189.78 KB (  2%) free+waste,    10.75 KB ( <1%) overhead. 

Virtual space:
  Non-class space:       10.00 MB reserved,       8.75 MB ( 88%) committed 
      Class space:        1.00 GB reserved,     896.00 KB ( <1%) committed 
             Both:        1.01 GB reserved,       9.62 MB ( <1%) committed 

Chunk freelists:
   Non-Class:  49.00 KB
       Class:  18.00 KB
        Both:  67.00 KB

MaxMetaspaceSize: unlimited
CompressedClassSpaceSize: 1.00 GB
Initial GC threshold: 20.80 MB
Current GC threshold: 20.80 MB
CDS: off

CodeHeap 'non-profiled nmethods': size=120032Kb used=196Kb max_used=196Kb free=119835Kb
 bounds [0x00007f381d8c8000, 0x00007f381db38000, 0x00007f3824e00000]
CodeHeap 'profiled nmethods': size=120028Kb used=619Kb max_used=619Kb free=119408Kb
 bounds [0x00007f3816391000, 0x00007f3816601000, 0x00007f381d8c8000]
CodeHeap 'non-nmethods': size=5700Kb used=1109Kb max_used=1139Kb free=4590Kb
 bounds [0x00007f3815e00000, 0x00007f3816070000, 0x00007f3816391000]
 total_blobs=800 nmethods=439 adapters=275
 compilation: enabled
              stopped_count=0, restarted_count=0
 full_count=0

Compilation events (20 events):
Event: 0.272 Thread 0x00007f382c1eb800 nmethod 401 0x00007f381d8e8710 code [0x00007f381d8e88c0, 0x00007f381d8e8970]
Event: 0.272 Thread 0x00007f382c1eb800  403       3       java.lang.ref.Reference::<init> (7 bytes)
Event: 0.272 Thread 0x00007f382c1eb800 nmethod 403 0x00007f3816429290 code [0x00007f3816429460, 0x00007f38164296f0]
Event: 0.273 Thread 0x00007f382c1eb800  405       3       java.util.jar.JarFile::maybeInstantiateVerifier (112 bytes)
Event: 0.273 Thread 0x00007f382c1e9800 nmethod 402 0x00007f381d8e8a10 code [0x00007f381d8e8ba0, 0x00007f381d8e8d78]
Event: 0.273 Thread 0x00007f382c1e9800  404       4       java.lang.AbstractStringBuilder::append (45 bytes)
Event: 0.274 Thread 0x00007f382c1eb800 nmethod 405 0x00007f3816429810 code [0x00007f3816429b60, 0x00007f381642acd0]
Event: 0.281 Thread 0x00007f382c1e9800 nmethod 404 0x00007f381d8e8e90 code [0x00007f381d8e9040, 0x00007f381d8e9598]
Event: 0.281 Thread 0x00007f382c1e9800  406       4       java.lang.StringLatin1::indexOf (121 bytes)
Event: 0.281 Thread 0x00007f382c1eb800  407       3       java.util.HashMap::<init> (11 bytes)
Event: 0.281 Thread 0x00007f382c1eb800 nmethod 407 0x00007f381642b410 code [0x00007f381642b5c0, 0x00007f381642b770]
Event: 0.284 Thread 0x00007f382c1eb800  409       3       sun.net.www.protocol.file.Handler::parseURL (18 bytes)
Event: 0.284 Thread 0x00007f382c1eb800 nmethod 409 0x00007f381642b890 code [0x00007f381642ba60, 0x00007f381642bbf0]
Event: 0.284 Thread 0x00007f382c1eb800  410       3       java.net.URLStreamHandler::parseURL (1201 bytes)
Event: 0.288 Thread 0x00007f382c1e9800 nmethod 406 0x00007f381d8e9910 code [0x00007f381d8e9ac0, 0x00007f381d8e9e98]
Event: 0.288 Thread 0x00007f382c1e9800  408       4       java.util.Arrays::copyOfRange (63 bytes)
Event: 0.289 Thread 0x00007f37e009e000 nmethod 348 0x00007f381d8ea110 code [0x00007f381d8ea3e0, 0x00007f381d8ec3e0]
Event: 0.289 Thread 0x00007f37e009e000  412       4       java.lang.CharacterData::of (120 bytes)
Event: 0.289 Thread 0x00007f37e009e000 nmethod 412 0x00007f381d8ed410 code [0x00007f381d8ed5a0, 0x00007f381d8ed618]
Event: 0.290 Thread 0x00007f382c1e9800 nmethod 408 0x00007f381d8ed710 code [0x00007f381d8ed8a0, 0x00007f381d8edaf8]

GC Heap History (0 events):
No events

Deoptimization events (20 events):
Event: 0.098 Thread 0x00007f382c02b000 DEOPT PACKING pc=0x00007f38163b1a0b sp=0x00007f3834df86b0
Event: 0.098 Thread 0x00007f382c02b000 DEOPT UNPACKING pc=0x00007f3815e4a64a sp=0x00007f3834df7b70 mode 0
Event: 0.098 Thread 0x00007f382c02b000 DEOPT PACKING pc=0x00007f38163b28b3 sp=0x00007f3834df8680
Event: 0.098 Thread 0x00007f382c02b000 DEOPT UNPACKING pc=0x00007f3815e4a64a sp=0x00007f3834df7b70 mode 0
Event: 0.098 Thread 0x00007f382c02b000 DEOPT PACKING pc=0x00007f38163b28b3 sp=0x00007f3834df8680
Event: 0.098 Thread 0x00007f382c02b000 DEOPT UNPACKING pc=0x00007f3815e4a64a sp=0x00007f3834df7b70 mode 0
Event: 0.143 Thread 0x00007f382c02b000 Uncommon trap: trap_request=0xffffff4d fr.pc=0x00007f381d8d1c30 relative=0x0000000000000170
Event: 0.143 Thread 0x00007f382c02b000 Uncommon trap: reason=unstable_if action=reinterpret pc=0x00007f381d8d1c30 method=java.util.zip.ZipFile$Source.isMetaName([BII)Z @ 57 c2
Event: 0.143 Thread 0x00007f382c02b000 DEOPT PACKING pc=0x00007f381d8d1c30 sp=0x00007f3834df86b0
Event: 0.143 Thread 0x00007f382c02b000 DEOPT UNPACKING pc=0x00007f3815e49ea5 sp=0x00007f3834df8678 mode 2
Event: 0.169 Thread 0x00007f382c02b000 DEOPT PACKING pc=0x00007f38163ed912 sp=0x00007f3834dfdbf0
Event: 0.169 Thread 0x00007f382c02b000 DEOPT UNPACKING pc=0x00007f3815e4a64a sp=0x00007f3834dfd078 mode 0
Event: 0.173 Thread 0x00007f382c02b000 DEOPT PACKING pc=0x00007f38163be84f sp=0x00007f3834dfce00
Event: 0.173 Thread 0x00007f382c02b000 DEOPT UNPACKING pc=0x00007f3815e4a64a sp=0x00007f3834dfc2a8 mode 0
Event: 0.174 Thread 0x00007f382c02b000 DEOPT PACKING pc=0x00007f38163be84f sp=0x00007f3834dfc750
Event: 0.174 Thread 0x00007f382c02b000 DEOPT UNPACKING pc=0x00007f3815e4a64a sp=0x00007f3834dfbbf8 mode 0
Event: 0.175 Thread 0x00007f382c02b000 DEOPT PACKING pc=0x00007f38163be84f sp=0x00007f3834dfc750
Event: 0.175 Thread 0x00007f382c02b000 DEOPT UNPACKING pc=0x00007f3815e4a64a sp=0x00007f3834dfbbf8 mode 0
Event: 0.283 Thread 0x00007f382c02b000 DEOPT PACKING pc=0x00007f381639ea08 sp=0x00007f3834dfd620
Event: 0.283 Thread 0x00007f382c02b000 DEOPT UNPACKING pc=0x00007f3815e4a64a sp=0x00007f3834dfca90 mode 0

Classes redefined (0 events):
No events

Internal exceptions (0 events):
No events

Events (20 events):
Event: 0.286 loading class java/lang/NumberFormatException
Event: 0.287 loading class java/lang/NumberFormatException done
Event: 0.287 loading class picocli/CommandLine$IHelpFactory
Event: 0.287 loading class picocli/CommandLine$IHelpFactory done
Event: 0.287 loading class picocli/CommandLine$Model$UsageMessageSpec$2
Event: 0.287 loading class picocli/CommandLine$Model$UsageMessageSpec$2 done
Event: 0.288 loading class picocli/CommandLine$IHelpSectionRenderer
Event: 0.288 loading class picocli/CommandLine$IHelpSectionRenderer done
Event: 0.288 loading class picocli/CommandLine$Model$UsageMessageSpec$3
Event: 0.288 loading class picocli/CommandLine$Model$UsageMessageSpec$3 done
Event: 0.289 loading class picocli/CommandLine$Model$UsageMessageSpec$4
Event: 0.289 loading class picocli/CommandLine$Model$UsageMessageSpec$4 done
Event: 0.289 loading class picocli/CommandLine$Model$UsageMessageSpec$5
Event: 0.289 loading class picocli/CommandLine$Model$UsageMessageSpec$5 done
Event: 0.289 loading class picocli/CommandLine$Model$UsageMessageSpec$6
Event: 0.289 loading class picocli/CommandLine$Model$UsageMessageSpec$6 done
Event: 0.290 loading class picocli/CommandLine$Model$UsageMessageSpec$7
Event: 0.290 loading class picocli/CommandLine$Model$UsageMessageSpec$7 done
Event: 0.290 loading class picocli/CommandLine$Model$UsageMessageSpec$8
Event: 0.290 loading class picocli/CommandLine$Model$UsageMessageSpec$8 done


Dynamic libraries:
c0000000-d0000000 rw-p 00000000 00:00 0 
d0000000-100000000 ---p 00000000 00:00 0 
100000000-1000e0000 rw-p 00000000 00:00 0 
1000e0000-140000000 ---p 00000000 00:00 0 
557d37600000-557d37601000 r-xp 00000000 08:02 57045341                   /usr/lib/ballerina/dependencies/jdk-11.0.18+10-jre/bin/java
557d37801000-557d37802000 r--p 00001000 08:02 57045341                   /usr/lib/ballerina/dependencies/jdk-11.0.18+10-jre/bin/java
557d37802000-557d37803000 rw-p 00002000 08:02 57045341                   /usr/lib/ballerina/dependencies/jdk-11.0.18+10-jre/bin/java
557d39210000-557d39231000 rw-p 00000000 00:00 0                          [heap]
7f37c8000000-7f37c8284000 rw-p 00000000 00:00 0 
7f37c8284000-7f37cc000000 ---p 00000000 00:00 0 
7f37cfd90000-7f37d0000000 rw-p 00000000 00:00 0 
7f37d0000000-7f37d0021000 rw-p 00000000 00:00 0 
7f37d0021000-7f37d4000000 ---p 00000000 00:00 0 
7f37d4000000-7f37d44dc000 rw-p 00000000 00:00 0 
7f37d44dc000-7f37d8000000 ---p 00000000 00:00 0 
7f37d8000000-7f37d8021000 rw-p 00000000 00:00 0 
7f37d8021000-7f37dc000000 ---p 00000000 00:00 0 
7f37dc000000-7f37dc021000 rw-p 00000000 00:00 0 
7f37dc021000-7f37e0000000 ---p 00000000 00:00 0 
7f37e0000000-7f37e0575000 rw-p 00000000 00:00 0 
7f37e0575000-7f37e4000000 ---p 00000000 00:00 0 
7f37e4000000-7f37e41e2000 rw-p 00000000 00:00 0 
7f37e41e2000-7f37e8000000 ---p 00000000 00:00 0 
7f37e8000000-7f37e8021000 rw-p 00000000 00:00 0 
7f37e8021000-7f37ec000000 ---p 00000000 00:00 0 
7f37ec000000-7f37ec021000 rw-p 00000000 00:00 0 
7f37ec021000-7f37f0000000 ---p 00000000 00:00 0 
7f37f0000000-7f37f0021000 rw-p 00000000 00:00 0 
7f37f0021000-7f37f4000000 ---p 00000000 00:00 0 
7f37f4000000-7f37f4021000 rw-p 00000000 00:00 0 
7f37f4021000-7f37f8000000 ---p 00000000 00:00 0 
7f37f8000000-7f37f8021000 rw-p 00000000 00:00 0 
7f37f8021000-7f37fc000000 ---p 00000000 00:00 0 
7f37fc000000-7f37fc021000 rw-p 00000000 00:00 0 
7f37fc021000-7f3800000000 ---p 00000000 00:00 0 
7f3800000000-7f3800021000 rw-p 00000000 00:00 0 
7f3800021000-7f3804000000 ---p 00000000 00:00 0 
7f3804100000-7f3804104000 ---p 00000000 00:00 0 
7f3804104000-7f38042c0000 rw-p 00000000 00:00 0 
7f38042c0000-7f3804400000 ---p 00000000 00:00 0 
7f3804400000-7f3804415000 r-xp 00000000 08:02 57045601                   /usr/lib/ballerina/dependencies/jdk-11.0.18+10-jre/lib/libnet.so
7f3804415000-7f3804614000 ---p 00015000 08:02 57045601                   /usr/lib/ballerina/dependencies/jdk-11.0.18+10-jre/lib/libnet.so
7f3804614000-7f3804615000 r--p 00014000 08:02 57045601                   /usr/lib/ballerina/dependencies/jdk-11.0.18+10-jre/lib/libnet.so
7f3804615000-7f3804616000 rw-p 00015000 08:02 57045601                   /usr/lib/ballerina/dependencies/jdk-11.0.18+10-jre/lib/libnet.so
7f38046b1000-7f3804800000 rw-p 00000000 00:00 0 
7f3804800000-7f3804810000 r-xp 00000000 08:02 57045602                   /usr/lib/ballerina/dependencies/jdk-11.0.18+10-jre/lib/libnio.so
7f3804810000-7f3804a0f000 ---p 00010000 08:02 57045602                   /usr/lib/ballerina/dependencies/jdk-11.0.18+10-jre/lib/libnio.so
7f3804a0f000-7f3804a10000 r--p 0000f000 08:02 57045602                   /usr/lib/ballerina/dependencies/jdk-11.0.18+10-jre/lib/libnio.so
7f3804a10000-7f3804a11000 rw-p 00010000 08:02 57045602                   /usr/lib/ballerina/dependencies/jdk-11.0.18+10-jre/lib/libnio.so
7f3804afe000-7f3804b02000 ---p 00000000 00:00 0 
7f3804b02000-7f3804bfe000 rw-p 00000000 00:00 0 
7f3804bfe000-7f3804c02000 ---p 00000000 00:00 0 
7f3804c02000-7f3804cfe000 rw-p 00000000 00:00 0 
7f3804cfe000-7f3804cff000 ---p 00000000 00:00 0 
7f3804cff000-7f3804e00000 rw-p 00000000 00:00 0 
7f3804e00000-7f3804e04000 ---p 00000000 00:00 0 
7f3804e04000-7f3804f00000 rw-p 00000000 00:00 0 
7f3804f00000-7f3804f04000 ---p 00000000 00:00 0 
7f3804f04000-7f3805000000 rw-p 00000000 00:00 0 
7f3805000000-7f3805004000 ---p 00000000 00:00 0 
7f3805004000-7f3805100000 rw-p 00000000 00:00 0 
7f3805100000-7f3805104000 ---p 00000000 00:00 0 
7f3805104000-7f3805200000 rw-p 00000000 00:00 0 
7f3805200000-7f3805773000 r--p 00000000 08:02 55837775                   /usr/lib/locale/locale-archive
7f3805800000-7f3808000000 rw-p 00000000 00:00 0 
7f3808000000-7f3808021000 rw-p 00000000 00:00 0 
7f3808021000-7f380c000000 ---p 00000000 00:00 0 
7f380c000000-7f380c021000 rw-p 00000000 00:00 0 
7f380c021000-7f3810000000 ---p 00000000 00:00 0 
7f3810000000-7f3810021000 rw-p 00000000 00:00 0 
7f3810021000-7f3814000000 ---p 00000000 00:00 0 
7f38140f3000-7f38140f7000 ---p 00000000 00:00 0 
7f38140f7000-7f38141f3000 rw-p 00000000 00:00 0 
7f38141f3000-7f38141f7000 ---p 00000000 00:00 0 
7f38141f7000-7f38142f3000 rw-p 00000000 00:00 0 
7f38142f3000-7f38142f7000 ---p 00000000 00:00 0 
7f38142f7000-7f38143f3000 rw-p 00000000 00:00 0 
7f38143f3000-7f38143f4000 ---p 00000000 00:00 0 
7f38143f4000-7f38144f5000 rw-p 00000000 00:00 0 
7f38144f5000-7f38144f6000 ---p 00000000 00:00 0 
7f38144f6000-7f38145f7000 rw-p 00000000 00:00 0 
7f38145f7000-7f38145f8000 ---p 00000000 00:00 0 
7f38145f8000-7f3815200000 rw-p 00000000 00:00 0 
7f3815200000-7f3815e00000 ---p 00000000 00:00 0 
7f3815e00000-7f3816070000 rwxp 00000000 00:00 0 
7f3816070000-7f3816391000 ---p 00000000 00:00 0 
7f3816391000-7f3816601000 rwxp 00000000 00:00 0 
7f3816601000-7f381d8c8000 ---p 00000000 00:00 0 
7f381d8c8000-7f381db38000 rwxp 00000000 00:00 0 
7f381db38000-7f3824e00000 ---p 00000000 00:00 0 
7f3824e00000-7f382bf45000 r--s 00000000 08:02 57045611                   /usr/lib/ballerina/dependencies/jdk-11.0.18+10-jre/lib/modules
7f382c000000-7f382c92f000 rw-p 00000000 00:00 0 
7f382c92f000-7f3830000000 ---p 00000000 00:00 0 
7f38300f1000-7f38303f4000 rw-p 00000000 00:00 0 
7f38303f4000-7f38303f5000 ---p 00000000 00:00 0 
7f38303f5000-7f38304f6000 rw-p 00000000 00:00 0 
7f38304f6000-7f38304f7000 ---p 00000000 00:00 0 
7f38304f7000-7f38309f8000 rw-p 00000000 00:00 0 
7f38309f8000-7f38315f8000 ---p 00000000 00:00 0 
7f38315f8000-7f3831678000 rw-p 00000000 00:00 0 
7f3831678000-7f38317f8000 ---p 00000000 00:00 0 
7f38317f8000-7f3831878000 rw-p 00000000 00:00 0 
7f3831878000-7f38319f8000 ---p 00000000 00:00 0 
7f38319f8000-7f3831a78000 rw-p 00000000 00:00 0 
7f3831a78000-7f3831bf8000 ---p 00000000 00:00 0 
7f3831bf8000-7f3832400000 rw-p 00000000 00:00 0 
7f3832400000-7f3832407000 r-xp 00000000 08:02 57045610                   /usr/lib/ballerina/dependencies/jdk-11.0.18+10-jre/lib/libzip.so
7f3832407000-7f3832607000 ---p 00007000 08:02 57045610                   /usr/lib/ballerina/dependencies/jdk-11.0.18+10-jre/lib/libzip.so
7f3832607000-7f3832608000 r--p 00007000 08:02 57045610                   /usr/lib/ballerina/dependencies/jdk-11.0.18+10-jre/lib/libzip.so
7f3832608000-7f3832609000 rw-p 00008000 08:02 57045610                   /usr/lib/ballerina/dependencies/jdk-11.0.18+10-jre/lib/libzip.so
7f38326ff000-7f3832800000 rw-p 00000000 00:00 0 
7f3832800000-7f383281b000 r-xp 00000000 08:02 57045593                   /usr/lib/ballerina/dependencies/jdk-11.0.18+10-jre/lib/libjimage.so
7f383281b000-7f3832a1a000 ---p 0001b000 08:02 57045593                   /usr/lib/ballerina/dependencies/jdk-11.0.18+10-jre/lib/libjimage.so
7f3832a1a000-7f3832a1c000 r--p 0001a000 08:02 57045593                   /usr/lib/ballerina/dependencies/jdk-11.0.18+10-jre/lib/libjimage.so
7f3832a1c000-7f3832a1d000 rw-p 0001c000 08:02 57045593                   /usr/lib/ballerina/dependencies/jdk-11.0.18+10-jre/lib/libjimage.so
7f3832aff000-7f3832c00000 rw-p 00000000 00:00 0 
7f3832c00000-7f3832c28000 r-xp 00000000 08:02 57045589                   /usr/lib/ballerina/dependencies/jdk-11.0.18+10-jre/lib/libjava.so
7f3832c28000-7f3832e28000 ---p 00028000 08:02 57045589                   /usr/lib/ballerina/dependencies/jdk-11.0.18+10-jre/lib/libjava.so
7f3832e28000-7f3832e29000 r--p 00028000 08:02 57045589                   /usr/lib/ballerina/dependencies/jdk-11.0.18+10-jre/lib/libjava.so
7f3832e29000-7f3832e2a000 rw-p 00029000 08:02 57045589                   /usr/lib/ballerina/dependencies/jdk-11.0.18+10-jre/lib/libjava.so
7f3832e2a000-7f3832e2b000 rw-p 00000000 00:00 0 
7f3832e7d000-7f3832efe000 rw-p 00000000 00:00 0 
7f3832efe000-7f3832eff000 ---p 00000000 00:00 0 
7f3832eff000-7f3833000000 rw-p 00000000 00:00 0 
7f3833000000-7f383300d000 r-xp 00000000 08:02 57045609                   /usr/lib/ballerina/dependencies/jdk-11.0.18+10-jre/lib/libverify.so
7f383300d000-7f383320c000 ---p 0000d000 08:02 57045609                   /usr/lib/ballerina/dependencies/jdk-11.0.18+10-jre/lib/libverify.so
7f383320c000-7f383320e000 r--p 0000c000 08:02 57045609                   /usr/lib/ballerina/dependencies/jdk-11.0.18+10-jre/lib/libverify.so
7f383320e000-7f383320f000 rw-p 0000e000 08:02 57045609                   /usr/lib/ballerina/dependencies/jdk-11.0.18+10-jre/lib/libverify.so
7f383322a000-7f383322f000 rw-p 00000000 00:00 0 
7f383322f000-7f3833315000 ---p 00000000 00:00 0 
7f3833315000-7f383331a000 rw-p 00000000 00:00 0 
7f383331a000-7f3833400000 ---p 00000000 00:00 0 
7f3833400000-7f383467c000 r-xp 00000000 08:02 57045620                   /usr/lib/ballerina/dependencies/jdk-11.0.18+10-jre/lib/server/libjvm.so
7f383467c000-7f383487c000 ---p 0127c000 08:02 57045620                   /usr/lib/ballerina/dependencies/jdk-11.0.18+10-jre/lib/server/libjvm.so
7f383487c000-7f3834941000 r--p 0127c000 08:02 57045620                   /usr/lib/ballerina/dependencies/jdk-11.0.18+10-jre/lib/server/libjvm.so
7f3834941000-7f383497c000 rw-p 01341000 08:02 57045620                   /usr/lib/ballerina/dependencies/jdk-11.0.18+10-jre/lib/server/libjvm.so
7f383497c000-7f38349d3000 rw-p 00000000 00:00 0 
7f3834a00000-7f3834a28000 r--p 00000000 08:02 55838821                   /usr/lib/x86_64-linux-gnu/libc.so.6
7f3834a28000-7f3834bbd000 r-xp 00028000 08:02 55838821                   /usr/lib/x86_64-linux-gnu/libc.so.6
7f3834bbd000-7f3834c15000 r--p 001bd000 08:02 55838821                   /usr/lib/x86_64-linux-gnu/libc.so.6
7f3834c15000-7f3834c19000 r--p 00214000 08:02 55838821                   /usr/lib/x86_64-linux-gnu/libc.so.6
7f3834c19000-7f3834c1b000 rw-p 00218000 08:02 55838821                   /usr/lib/x86_64-linux-gnu/libc.so.6
7f3834c1b000-7f3834c28000 rw-p 00000000 00:00 0 
7f3834c4c000-7f3834d00000 rw-p 00000000 00:00 0 
7f3834d00000-7f3834d04000 ---p 00000000 00:00 0 
7f3834d04000-7f3834e00000 rw-p 00000000 00:00 0 
7f3834e00000-7f3834e10000 r-xp 00000000 08:02 57045573                   /usr/lib/ballerina/dependencies/jdk-11.0.18+10-jre/lib/jli/libjli.so
7f3834e10000-7f383500f000 ---p 00010000 08:02 57045573                   /usr/lib/ballerina/dependencies/jdk-11.0.18+10-jre/lib/jli/libjli.so
7f383500f000-7f3835010000 r--p 0000f000 08:02 57045573                   /usr/lib/ballerina/dependencies/jdk-11.0.18+10-jre/lib/jli/libjli.so
7f3835010000-7f3835011000 rw-p 00010000 08:02 57045573                   /usr/lib/ballerina/dependencies/jdk-11.0.18+10-jre/lib/jli/libjli.so
7f3835014000-7f383501b000 r--s 00000000 08:02 55839198                   /usr/lib/x86_64-linux-gnu/gconv/gconv-modules.cache
7f383501b000-7f38350a0000 rw-p 00000000 00:00 0 
7f38350a0000-7f38350a1000 r--p 00000000 08:02 55838867                   /usr/lib/x86_64-linux-gnu/librt.so.1
7f38350a1000-7f38350a2000 r-xp 00001000 08:02 55838867                   /usr/lib/x86_64-linux-gnu/librt.so.1
7f38350a2000-7f38350a3000 r--p 00002000 08:02 55838867                   /usr/lib/x86_64-linux-gnu/librt.so.1
7f38350a3000-7f38350a4000 r--p 00002000 08:02 55838867                   /usr/lib/x86_64-linux-gnu/librt.so.1
7f38350a4000-7f38350a5000 rw-p 00003000 08:02 55838867                   /usr/lib/x86_64-linux-gnu/librt.so.1
7f38350a5000-7f38350b3000 r--p 00000000 08:02 55838826                   /usr/lib/x86_64-linux-gnu/libm.so.6
7f38350b3000-7f383512f000 r-xp 0000e000 08:02 55838826                   /usr/lib/x86_64-linux-gnu/libm.so.6
7f383512f000-7f383518a000 r--p 0008a000 08:02 55838826                   /usr/lib/x86_64-linux-gnu/libm.so.6
7f383518a000-7f383518b000 r--p 000e4000 08:02 55838826                   /usr/lib/x86_64-linux-gnu/libm.so.6
7f383518b000-7f383518c000 rw-p 000e5000 08:02 55838826                   /usr/lib/x86_64-linux-gnu/libm.so.6
7f383518c000-7f3835190000 rw-p 00000000 00:00 0 
7f3835190000-7f3835191000 r--p 00000000 08:02 55838824                   /usr/lib/x86_64-linux-gnu/libdl.so.2
7f3835191000-7f3835192000 r-xp 00001000 08:02 55838824                   /usr/lib/x86_64-linux-gnu/libdl.so.2
7f3835192000-7f3835193000 r--p 00002000 08:02 55838824                   /usr/lib/x86_64-linux-gnu/libdl.so.2
7f3835193000-7f3835194000 r--p 00002000 08:02 55838824                   /usr/lib/x86_64-linux-gnu/libdl.so.2
7f3835194000-7f3835195000 rw-p 00003000 08:02 55838824                   /usr/lib/x86_64-linux-gnu/libdl.so.2
7f3835195000-7f3835196000 r--p 00000000 08:02 55838860                   /usr/lib/x86_64-linux-gnu/libpthread.so.0
7f3835196000-7f3835197000 r-xp 00001000 08:02 55838860                   /usr/lib/x86_64-linux-gnu/libpthread.so.0
7f3835197000-7f3835198000 r--p 00002000 08:02 55838860                   /usr/lib/x86_64-linux-gnu/libpthread.so.0
7f3835198000-7f3835199000 r--p 00002000 08:02 55838860                   /usr/lib/x86_64-linux-gnu/libpthread.so.0
7f3835199000-7f383519a000 rw-p 00003000 08:02 55838860                   /usr/lib/x86_64-linux-gnu/libpthread.so.0
7f383519a000-7f383519c000 r--p 00000000 08:02 55865177                   /usr/lib/x86_64-linux-gnu/libz.so.1.2.11
7f383519c000-7f38351ad000 r-xp 00002000 08:02 55865177                   /usr/lib/x86_64-linux-gnu/libz.so.1.2.11
7f38351ad000-7f38351b3000 r--p 00013000 08:02 55865177                   /usr/lib/x86_64-linux-gnu/libz.so.1.2.11
7f38351b3000-7f38351b4000 ---p 00019000 08:02 55865177                   /usr/lib/x86_64-linux-gnu/libz.so.1.2.11
7f38351b4000-7f38351b5000 r--p 00019000 08:02 55865177                   /usr/lib/x86_64-linux-gnu/libz.so.1.2.11
7f38351b5000-7f38351b6000 rw-p 0001a000 08:02 55865177                   /usr/lib/x86_64-linux-gnu/libz.so.1.2.11
7f38351b9000-7f38351be000 rw-p 00000000 00:00 0 
7f38351be000-7f38351c5000 ---p 00000000 00:00 0 
7f38351c5000-7f38351cd000 rw-s 00000000 08:02 58851412                   /tmp/hsperfdata_n3on/25085
7f38351cd000-7f38351ce000 ---p 00000000 00:00 0 
7f38351ce000-7f38351cf000 r--p 00000000 00:00 0 
7f38351cf000-7f38351d1000 rw-p 00000000 00:00 0 
7f38351d1000-7f38351d3000 r--p 00000000 08:02 55838816                   /usr/lib/x86_64-linux-gnu/ld-linux-x86-64.so.2
7f38351d3000-7f38351fd000 r-xp 00002000 08:02 55838816                   /usr/lib/x86_64-linux-gnu/ld-linux-x86-64.so.2
7f38351fd000-7f3835208000 r--p 0002c000 08:02 55838816                   /usr/lib/x86_64-linux-gnu/ld-linux-x86-64.so.2
7f3835209000-7f383520b000 r--p 00037000 08:02 55838816                   /usr/lib/x86_64-linux-gnu/ld-linux-x86-64.so.2
7f383520b000-7f383520d000 rw-p 00039000 08:02 55838816                   /usr/lib/x86_64-linux-gnu/ld-linux-x86-64.so.2
7fff12ba9000-7fff12bce000 rw-p 00000000 00:00 0                          [stack]
7fff12be7000-7fff12beb000 r--p 00000000 00:00 0                          [vvar]
7fff12beb000-7fff12bed000 r-xp 00000000 00:00 0                          [vdso]
ffffffffff600000-ffffffffff601000 --xp 00000000 00:00 0                  [vsyscall]


VM Arguments:
jvm_args: -Xbootclasspath/a: -Xms256m -Xmx1024m -XX:+HeapDumpOnOutOfMemoryError -Dballerina.home=/usr/lib/ballerina/distributions/ballerina-2201.7.2 -Dballerina.version=2201.7.2 -Denable.nonblocking=false -Djava.security.egd=file:/dev/./urandom -Dfile.encoding=UTF8 -Dballerina.target=jvm -Djava.command=/usr/lib/ballerina/bin/../distributions/ballerina-2201.7.2/../../dependencies/jdk-11.0.18+10-jre/bin/java 
java_command: io.ballerina.cli.launcher.Main start-language-server
java_class_path (initial): :/usr/lib/ballerina/distributions/ballerina-2201.7.2/bre/lib/annotations-2201.7.2.jar:/usr/lib/ballerina/distributions/ballerina-2201.7.2/bre/lib/architecture-model-generator-core-1.2.0.jar:/usr/lib/ballerina/distributions/ballerina-2201.7.2/bre/lib/architecture-model-generator-plugin-1.2.0.jar:/usr/lib/ballerina/distributions/ballerina-2201.7.2/bre/lib/array-2201.7.2.jar:/usr/lib/ballerina/distributions/ballerina-2201.7.2/bre/lib/asm-7.2.jar:/usr/lib/ballerina/distributions/ballerina-2201.7.2/bre/lib/asm-analysis-7.1.jar:/usr/lib/ballerina/distributions/ballerina-2201.7.2/bre/lib/asm-commons-7.2.jar:/usr/lib/ballerina/distributions/ballerina-2201.7.2/bre/lib/asm-tree-7.2.jar:/usr/lib/ballerina/distributions/ballerina-2201.7.2/bre/lib/asm-util-7.1.jar:/usr/lib/ballerina/distributions/ballerina-2201.7.2/bre/lib/asyncapi-cli-0.6.0.jar:/usr/lib/ballerina/distributions/ballerina-2201.7.2/bre/lib/atomikos-util-5.0.8.jar:/usr/lib/ballerina/distributions/ballerina-2201.7.2/bre/lib/axiom-api-1.4.0.jar:/usr/lib/ballerina/distributions/ballerina-2201.7.2/bre/lib/axiom-impl-1.4.0.jar:/usr/lib/ballerina/distributions/ballerina-2201.7.2/bre/lib/ballerina-bindgen-2201.7.2.jar:/usr/lib/ballerina/distributions/ballerina-2201.7.2/bre/lib/ballerina-cli-2201.7.2.jar:/usr/lib/ballerina/distributions/ballerina-2201.7.2/bre/lib/ballerina-io-internal-2201.7.2.jar:/usr/lib/ballerina/distributions/ballerina-2201.7.2/bre/lib/ballerina-lang-2201.7.2.jar:/usr/lib/ballerina/distributions/ballerina-2201.7.2/bre/lib/ballerina-linter-2201.7.2.jar:/usr/lib/ballerina/distributions/ballerina-2201.7.2/bre/lib/ballerina-metrics-extension-2201.7.2.jar:/usr/lib/ballerina/distributions/ballerina-2201.7.2/bre/lib/ballerina-parser-2201.7.2.jar:/usr/lib/ballerina/distributions/ballerina-2201.7.2/bre/lib/ballerina-rt-2201.7.2.jar:/usr/lib/ballerina/distributions/ballerina-2201.7.2/bre/lib/ballerina-tools-api-2201.7.2.jar:/usr/lib/ballerina/distributions/ballerina-2201.7.2/bre/lib/
Launcher Type: SUN_STANDARD

[Global flags]
     intx CICompilerCount                          = 4                                         {product} {ergonomic}
     uint ConcGCThreads                            = 3                                         {product} {ergonomic}
     uint G1ConcRefinementThreads                  = 10                                        {product} {ergonomic}
   size_t G1HeapRegionSize                         = 1048576                                   {product} {ergonomic}
    uintx GCDrainStackTargetSize                   = 64                                        {product} {ergonomic}
     bool HeapDumpOnOutOfMemoryError               = true                                   {manageable} {command line}
   size_t InitialHeapSize                          = 268435456                                 {product} {command line}
   size_t MarkStackSize                            = 4194304                                   {product} {ergonomic}
   size_t MaxHeapSize                              = 1073741824                                {product} {command line}
   size_t MaxNewSize                               = 643825664                                 {product} {ergonomic}
   size_t MinHeapDeltaBytes                        = 1048576                                   {product} {ergonomic}
    uintx NonNMethodCodeHeapSize                   = 5836300                                {pd product} {ergonomic}
    uintx NonProfiledCodeHeapSize                  = 122910970                              {pd product} {ergonomic}
    uintx ProfiledCodeHeapSize                     = 122910970                              {pd product} {ergonomic}
    uintx ReservedCodeCacheSize                    = 251658240                              {pd product} {ergonomic}
     bool SegmentedCodeCache                       = true                                      {product} {ergonomic}
     bool UseCompressedClassPointers               = true                                 {lp64_product} {ergonomic}
     bool UseCompressedOops                        = true                                 {lp64_product} {ergonomic}
     bool UseG1GC                                  = true                                      {product} {ergonomic}

Logging:
Log output configuration:
 #0: stdout all=warning uptime,level,tags
 #1: stderr all=off uptime,level,tags

Environment Variables:
PATH=/run/user/1000/fnm_multishells/24654_1695558231264/bin:/home/n3on/.local/share/fnm:/run/user/1000/fnm_multishells/24651_1695558231235/bin:/home/n3on/.local/share/fnm:/home/linuxbrew/.linuxbrew/bin:/home/linuxbrew/.linuxbrew/sbin:/home/n3on/.local/bin:/usr/local/sbin:/usr/local/bin:/usr/sbin:/usr/bin:/sbin:/bin:/usr/games:/usr/local/games:/snap/bin:/snap/bin:/home/n3on/.local/share/JetBrains/Toolbox/scripts
USERNAME=n3on
SHELL=/usr/bin/zsh
DISPLAY=:1
LANG=en_US.UTF-8

Signal Handlers:
SIGSEGV: [libjvm.so+0xf4cde0], sa_mask[0]=11111111011111111101111111111110, sa_flags=SA_RESTART|SA_SIGINFO
SIGBUS: [libjvm.so+0xf4cde0], sa_mask[0]=11111111011111111101111111111110, sa_flags=SA_RESTART|SA_SIGINFO
SIGFPE: [libjvm.so+0xf4cde0], sa_mask[0]=11111111011111111101111111111110, sa_flags=SA_RESTART|SA_SIGINFO
SIGPIPE: [libjvm.so+0xc6e210], sa_mask[0]=11111111011111111101111111111110, sa_flags=SA_RESTART|SA_SIGINFO
SIGXFSZ: [libjvm.so+0xc6e210], sa_mask[0]=11111111011111111101111111111110, sa_flags=SA_RESTART|SA_SIGINFO
SIGILL: [libjvm.so+0xf4cde0], sa_mask[0]=11111111011111111101111111111110, sa_flags=SA_RESTART|SA_SIGINFO
SIGUSR2: [libjvm.so+0xc6e0b0], sa_mask[0]=00000000000000000000000000000000, sa_flags=SA_RESTART|SA_SIGINFO
SIGHUP: [libjvm.so+0xc6e260], sa_mask[0]=11111111011111111101111111111110, sa_flags=SA_RESTART|SA_SIGINFO
SIGINT: [libjvm.so+0xc6e260], sa_mask[0]=11111111011111111101111111111110, sa_flags=SA_RESTART|SA_SIGINFO
SIGTERM: [libjvm.so+0xc6e260], sa_mask[0]=11111111011111111101111111111110, sa_flags=SA_RESTART|SA_SIGINFO
SIGQUIT: [libjvm.so+0xc6e260], sa_mask[0]=11111111011111111101111111111110, sa_flags=SA_RESTART|SA_SIGINFO


---------------  S Y S T E M  ---------------

OS:DISTRIB_ID=Ubuntu
DISTRIB_RELEASE=22.04
DISTRIB_CODENAME=jammy
DISTRIB_DESCRIPTION="Ubuntu 22.04.3 LTS"
uname:Linux 6.2.0-33-generic #33~22.04.1-Ubuntu SMP PREEMPT_DYNAMIC Thu Sep  7 10:33:52 UTC 2 x86_64
OS uptime: 0 days 15:33 hours
libc:glibc 2.35 NPTL 2.35 
rlimit (soft/hard): STACK 8192k/infinity , CORE 0k/infinity , NPROC 127396/127396 , NOFILE 1048576/1048576 , AS infinity/infinity , CPU infinity/infinity , DATA infinity/infinity , FSIZE infinity/infinity , MEMLOCK 4086200k/4086200k
load average:0.50 0.58 0.61

/proc/meminfo:
MemTotal:       32689628 kB
MemFree:        19319404 kB
MemAvailable:   26973692 kB
Buffers:          361832 kB
Cached:          8323828 kB
SwapCached:            0 kB
Active:          2967792 kB
Inactive:        8771352 kB
Active(anon):       6816 kB
Inactive(anon):  3919136 kB
Active(file):    2960976 kB
Inactive(file):  4852216 kB
Unevictable:      768248 kB
Mlocked:              96 kB
SwapTotal:       2097148 kB
SwapFree:        2097148 kB
Zswap:                 0 kB
Zswapped:              0 kB
Dirty:              1060 kB
Writeback:             0 kB
AnonPages:       3805608 kB
Mapped:          1175520 kB
Shmem:            872452 kB
KReclaimable:     308808 kB
Slab:             563980 kB
SReclaimable:     308808 kB
SUnreclaim:       255172 kB
KernelStack:       23252 kB
PageTables:        54384 kB
SecPageTables:         0 kB
NFS_Unstable:          0 kB
Bounce:                0 kB
WritebackTmp:          0 kB
CommitLimit:    18441960 kB
Committed_AS:   15726168 kB
VmallocTotal:   34359738367 kB
VmallocUsed:      129692 kB
VmallocChunk:          0 kB
Percpu:            16448 kB
HardwareCorrupted:     0 kB
AnonHugePages:         0 kB
ShmemHugePages:        0 kB
ShmemPmdMapped:        0 kB
FileHugePages:         0 kB
FilePmdMapped:         0 kB
HugePages_Total:       0
HugePages_Free:        0
HugePages_Rsvd:        0
HugePages_Surp:        0
Hugepagesize:       2048 kB
Hugetlb:               0 kB
DirectMap4k:      585148 kB
DirectMap2M:    13928448 kB
DirectMap1G:    18874368 kB

/sys/kernel/mm/transparent_hugepage/enabled:
always [madvise] never
/sys/kernel/mm/transparent_hugepage/defrag (defrag/compaction efforts parameter):
always defer defer+madvise [madvise] never

Process Memory:
Virtual Size: 3813868K (peak: 3876880K)
Resident Set Size: 77188K (peak: 77572K) (anon: 57608K, file: 19580K, shmem: 0K)
Swapped out: 0K
C-Heap outstanding allocations: 49484K, retained: 3075K
glibc malloc tunables: (default)

/proc/sys/kernel/threads-max (system-wide limit on the number of threads):
254792
/proc/sys/vm/max_map_count (maximum number of memory map areas a process may have):
65530
/proc/sys/kernel/pid_max (system-wide limit on number of process identifiers):
4194304

container (cgroup) information:
container_type: cgroupv2
cpu_cpuset_cpus: not supported
cpu_memory_nodes: not supported
active_processor_count: 12
cpu_quota: not supported
cpu_period: not supported
cpu_shares: not supported
memory_limit_in_bytes: unlimited
memory_and_swap_limit_in_bytes: unlimited
memory_soft_limit_in_bytes: unlimited
memory_usage_in_bytes: 923684 k
memory_max_usage_in_bytes: not supported
maximum number of tasks: 38218
current number of tasks: 211

Steal ticks since vm start: 0
Steal ticks percentage since vm start:  0.000

CPU:total 12 (initial active 12) (6 cores per cpu, 2 threads per core) family 6 model 158 stepping 10 microcode 0xf4, cmov, cx8, fxsr, mmx, sse, sse2, sse3, ssse3, sse4.1, sse4.2, popcnt, avx, avx2, aes, clmul, erms, 3dnowpref, lzcnt, ht, tsc, tscinvbit, bmi1, bmi2, adx, fma
CPU Model and flags from /proc/cpuinfo:
model name	: Intel(R) Core(TM) i7-9750H CPU @ 2.60GHz
flags		: fpu vme de pse tsc msr pae mce cx8 apic sep mtrr pge mca cmov pat pse36 clflush dts acpi mmx fxsr sse sse2 ss ht tm pbe syscall nx pdpe1gb rdtscp lm constant_tsc art arch_perfmon pebs bts rep_good nopl xtopology nonstop_tsc cpuid aperfmperf pni pclmulqdq dtes64 monitor ds_cpl vmx est tm2 ssse3 sdbg fma cx16 xtpr pdcm pcid sse4_1 sse4_2 x2apic movbe popcnt tsc_deadline_timer aes xsave avx f16c rdrand lahf_lm abm 3dnowprefetch cpuid_fault epb invpcid_single pti ssbd ibrs ibpb stibp tpr_shadow vnmi flexpriority ept vpid ept_ad fsgsbase tsc_adjust bmi1 avx2 smep bmi2 erms invpcid mpx rdseed adx smap clflushopt intel_pt xsaveopt xsavec xgetbv1 xsaves dtherm ida arat pln pts hwp hwp_notify hwp_act_window hwp_epp md_clear flush_l1d arch_capabilities
Online cpus:
0-11
Offline cpus:

BIOS frequency limitation:
<Not Available>
Frequency switch latency (ns):
0
Available cpu frequencies:
<Not Available>
Current governor:
powersave
Core performance/turbo boost:
<Not Available>

Memory: 4k page, physical 32689628k(19318900k free), swap 2097148k(2097148k free)

vm_info: OpenJDK 64-Bit Server VM (11.0.18+10) for linux-amd64 JRE (11.0.18+10), built on Jan 18 2023 10:17:39 by "" with gcc 7.5.0

END.
