#
# A fatal error has been detected by the Java Runtime Environment:
#
#  SIGSEGV (0xb) at pc=0x00007eff21a8e5f0, pid=126137, tid=126149
#
# JRE version: OpenJDK Runtime Environment Temurin-11.0.18+10 (11.0.18+10) (build 11.0.18+10)
# Java VM: OpenJDK 64-Bit Server VM Temurin-11.0.18+10 (11.0.18+10, mixed mode, tiered, compressed oops, g1 gc, linux-amd64)
# Problematic frame:
# V  [libjvm.so+0xc8e5f0]  Compile::FillLocArray(int, MachSafePointNode*, Node*, GrowableArray<ScopeValue*>*, GrowableArray<ScopeValue*>*)+0x40
#
# Core dump will be written. Default location: Core dumps may be processed with "/usr/share/apport/apport -p%p -s%s -c%c -d%d -P%P -u%u -g%g -- %E" (or dumping to /home/n3on/Documents/DSA_ASSIGNMENT_2023/core.126137)
#
# If you would like to submit a bug report, please visit:
#   https://github.com/adoptium/adoptium-support/issues
#

---------------  S U M M A R Y ------------

Command Line: -Xbootclasspath/a: -Xms256m -Xmx1024m -XX:+HeapDumpOnOutOfMemoryError -Dballerina.home=/usr/lib/ballerina/distributions/ballerina-2201.7.2 -Dballerina.version=2201.7.2 -Denable.nonblocking=false -Djava.security.egd=file:/dev/./urandom -Dfile.encoding=UTF8 -Dballerina.target=jvm -Djava.command=/usr/lib/ballerina/bin/../distributions/ballerina-2201.7.2/../../dependencies/jdk-11.0.18+10-jre/bin/java io.ballerina.cli.launcher.Main start-language-server

Host: Intel(R) Core(TM) i7-9750H CPU @ 2.60GHz, 12 cores, 31G, Ubuntu 22.04.3 LTS
Time: Mon Sep 25 21:09:43 2023 CAT elapsed time: 2.406279 seconds (0d 0h 0m 2s)

---------------  T H R E A D  ---------------

Current thread (0x00007eff1c1e9800):  JavaThread "C2 CompilerThread0" daemon [_thread_in_native, id=126149, stack(0x00007efef6a00000,0x00007efef6b00000)]


Current CompileTask:
C2:   2406 1997       4       java.lang.invoke.LambdaForm$Name::replaceNames (174 bytes)

Stack: [0x00007efef6a00000,0x00007efef6b00000],  sp=0x00007efef6afb440,  free space=1005k
Native frames: (J=compiled Java code, A=aot compiled Java code, j=interpreted, Vv=VM code, C=native code)
V  [libjvm.so+0xc8e5f0]  Compile::FillLocArray(int, MachSafePointNode*, Node*, GrowableArray<ScopeValue*>*, GrowableArray<ScopeValue*>*)+0x40
V  [libjvm.so+0xc906fd]  Compile::Process_OopMap_Node(MachNode*, int)+0x25d
V  [libjvm.so+0xc92329]  Compile::fill_buffer(CodeBuffer*, unsigned int*)+0xae9
V  [libjvm.so+0x673497]  Compile::Code_Gen()+0x507
V  [libjvm.so+0x6769fb]  Compile::Compile(ciEnv*, C2Compiler*, ciMethod*, int, bool, bool, bool, bool, DirectiveSet*)+0xd4b
V  [libjvm.so+0x588de4]  C2Compiler::compile_method(ciEnv*, ciMethod*, int, DirectiveSet*)+0xd4
V  [libjvm.so+0x680dd6]  CompileBroker::invoke_compiler_on_method(CompileTask*)+0x446
V  [libjvm.so+0x682708]  CompileBroker::compiler_thread_loop()+0x5a8
V  [libjvm.so+0xedd77a]  JavaThread::thread_main_inner()+0x1ba
V  [libjvm.so+0xeda37f]  Thread::call_run()+0x14f
V  [libjvm.so+0xc79836]  thread_native_entry(Thread*)+0xe6


siginfo: si_signo: 11 (SIGSEGV), si_code: 1 (SEGV_MAPERR), si_addr: 0x0000000000000028

Register to memory mapping:

RAX=0x0 is NULL
RBX=0x00007efec0100560 points into unknown readable memory: 0x0000000b00000007 | 07 00 00 00 0b 00 00 00
RCX=0x00007efed01c1560 points into unknown readable memory: 0x0000000000000000 | 00 00 00 00 00 00 00 00
RDX=0x00007efed01c5280 points into unknown readable memory: 0x00007eff222d77c0 | c0 77 2d 22 ff 7e 00 00
RSP=0x00007efef6afb440 is pointing into the stack for thread: 0x00007eff1c1e9800
RBP=0x00007efef6afb4a0 is pointing into the stack for thread: 0x00007eff1c1e9800
RSI=0x0000000000000007 is an unknown value
RDI=0x00007efed01c1560 points into unknown readable memory: 0x0000000000000000 | 00 00 00 00 00 00 00 00
R8 =0x00007efec0100560 points into unknown readable memory: 0x0000000b00000007 | 07 00 00 00 0b 00 00 00
R9 =0x00007efec0100530 points into unknown readable memory: 0x0000000200000000 | 00 00 00 00 02 00 00 00
R10=0x0 is NULL
R11=0x0 is NULL
R12=0x00007efef6afdcd0 is pointing into the stack for thread: 0x00007eff1c1e9800
R13=0x00007efec0100530 points into unknown readable memory: 0x0000000200000000 | 00 00 00 00 02 00 00 00
R14=0x00007efed01c5280 points into unknown readable memory: 0x00007eff222d77c0 | c0 77 2d 22 ff 7e 00 00
R15=0x00007efed01c1560 points into unknown readable memory: 0x0000000000000000 | 00 00 00 00 00 00 00 00


Registers:
RAX=0x0000000000000000, RBX=0x00007efec0100560, RCX=0x00007efed01c1560, RDX=0x00007efed01c5280
RSP=0x00007efef6afb440, RBP=0x00007efef6afb4a0, RSI=0x0000000000000007, RDI=0x00007efed01c1560
R8 =0x00007efec0100560, R9 =0x00007efec0100530, R10=0x0000000000000000, R11=0x0000000000000000
R12=0x00007efef6afdcd0, R13=0x00007efec0100530, R14=0x00007efed01c5280, R15=0x00007efed01c1560
RIP=0x00007eff21a8e5f0, EFLAGS=0x0000000000010202, CSGSFS=0x002b000000000033, ERR=0x0000000000000004
  TRAPNO=0x000000000000000e

Top of Stack: (sp=0x00007efef6afb440)
0x00007efef6afb440:   00007eff1c1ea3c0 0000000000000dc4
0x00007efef6afb450:   0000000000000000 0000000000000012
0x00007efef6afb460:   00007efef6afb4a0 00007eff214d8dd3
0x00007efef6afb470:   0000000000000dc4 00007efed01c5280 

Instructions: (pc=0x00007eff21a8e5f0)
0x00007eff21a8e4f0:   55 48 8d 35 45 23 3c 00 48 89 e5 41 55 41 54 53
0x00007eff21a8e500:   48 8d 9d a0 fd ff ff 49 89 fd 4c 8d a5 00 fe ff
0x00007eff21a8e510:   ff 48 81 ec 48 02 00 00 48 8d 05 e1 c2 91 00 48
0x00007eff21a8e520:   89 df 48 8d 90 c0 03 00 00 e8 52 ff 9d ff 66 48
0x00007eff21a8e530:   8d 3d c2 29 8b 00 66 66 48 e8 32 6c 5f ff 4c 89
0x00007eff21a8e540:   ea 4c 89 e7 48 8b 00 48 8b b0 78 02 00 00 e8 6d
0x00007eff21a8e550:   cc ff ff 4c 89 e7 e8 c5 f8 ff ff 48 89 df e8 5d
0x00007eff21a8e560:   ff 9d ff 48 81 c4 48 02 00 00 5b 41 5c 41 5d 5d
0x00007eff21a8e570:   c3 90 0f 1f 40 00 66 2e 0f 1f 84 00 00 00 00 00
0x00007eff21a8e580:   48 83 7f 20 00 55 48 89 e5 74 09 80 bf 09 01 00
0x00007eff21a8e590:   00 00 75 0c 5d c3 66 2e 0f 1f 84 00 00 00 00 00
0x00007eff21a8e5a0:   83 bf 84 00 00 00 08 77 eb 5d e9 41 ff ff ff 90
0x00007eff21a8e5b0:   41 8b 00 39 c6 74 13 48 3b 8f 68 02 00 00 0f 84
0x00007eff21a8e5c0:   ac 01 00 00 83 e8 01 41 89 00 55 48 89 e5 41 57
0x00007eff21a8e5d0:   41 56 41 55 41 54 49 89 cf 53 4d 89 cd 4c 89 c3
0x00007eff21a8e5e0:   49 89 d6 49 89 fc 48 89 cf 48 83 ec 38 48 8b 01
0x00007eff21a8e5f0:   ff 50 28 41 80 7f 2c 84 0f 84 7a 01 00 00 49 8b
0x00007eff21a8e600:   bc 24 20 08 00 00 41 8b 4f 28 48 8b 57 18 4c 0f
0x00007eff21a8e610:   bf 6c 8a 02 8b 50 10 41 83 fd ff 0f 84 67 03 00
0x00007eff21a8e620:   00 8d 42 e2 83 f8 01 0f 86 7b 03 00 00 83 fa 04
0x00007eff21a8e630:   0f 84 62 10 00 00 83 fa 10 0f 84 11 12 00 00 8d
0x00007eff21a8e640:   42 e5 83 f8 01 0f 87 e5 04 00 00 4c 8d 35 ce c4
0x00007eff21a8e650:   8e 00 45 39 2e 0f 8f 05 05 00 00 4c 89 fe e8 0d
0x00007eff21a8e660:   5d 09 00 3c 01 19 d2 83 c2 12 3c 01 45 19 ff 41
0x00007eff21a8e670:   83 c7 02 45 39 2e 0f 8f 24 05 00 00 49 8b bc 24
0x00007eff21a8e680:   20 08 00 00 44 89 ee e8 74 5c 09 00 31 f6 bf 10
0x00007eff21a8e690:   00 00 00 41 89 c4 e8 75 28 0a 00 48 85 c0 49 89
0x00007eff21a8e6a0:   c5 74 1e 48 8d 05 9e 7f 7f 00 41 c1 fc 02 41 c1
0x00007eff21a8e6b0:   e4 05 45 09 fc 48 83 c0 10 45 89 65 08 49 89 45
0x00007eff21a8e6c0:   00 48 63 13 3b 53 04 0f 85 80 03 00 00 85 d2 0f
0x00007eff21a8e6d0:   85 ae 16 00 00 c7 43 04 01 00 00 00 be 08 00 00
0x00007eff21a8e6e0:   00 48 89 df e8 77 11 bd ff 8b 33 31 d2 48 89 c1 


Stack slot to memory mapping:
stack at sp + 0 slots: 0x00007eff1c1ea3c0 points into unknown readable memory: 0x00007efed02e9f00 | 00 9f 2e d0 fe 7e 00 00
stack at sp + 1 slots: 0x0000000000000dc4 is an unknown value
stack at sp + 2 slots: 0x0 is NULL
stack at sp + 3 slots: 0x0000000000000012 is an unknown value
stack at sp + 4 slots: 0x00007efef6afb4a0 is pointing into the stack for thread: 0x00007eff1c1e9800
stack at sp + 5 slots: 0x00007eff214d8dd3: <offset 0x00000000006d8dd3> in /usr/lib/ballerina/dependencies/jdk-11.0.18+10-jre/lib/server/libjvm.so at 0x00007eff20e00000
stack at sp + 6 slots: 0x0000000000000dc4 is an unknown value
stack at sp + 7 slots: 0x00007efed01c5280 points into unknown readable memory: 0x00007eff222d77c0 | c0 77 2d 22 ff 7e 00 00


---------------  P R O C E S S  ---------------

Threads class SMR info:
_java_thread_list=0x00007efed049bf10, length=13, elements={
0x00007eff1c02b000, 0x00007eff1c1c4000, 0x00007eff1c1c8000, 0x00007eff1c1e3800,
0x00007eff1c1e5800, 0x00007eff1c1e9800, 0x00007eff1c1eb800, 0x00007eff1c1ed800,
0x00007eff1c29c000, 0x00007eff1ce82000, 0x00007efea001a800, 0x00007efe94004800,
0x00007efed049b000
}

Java Threads: ( => current thread )
  0x00007eff1c02b000 JavaThread "main" [_thread_blocked, id=126138, stack(0x00007eff22700000,0x00007eff22800000)]
  0x00007eff1c1c4000 JavaThread "Reference Handler" daemon [_thread_blocked, id=126145, stack(0x00007efef73fa000,0x00007efef74fa000)]
  0x00007eff1c1c8000 JavaThread "Finalizer" daemon [_thread_blocked, id=126146, stack(0x00007efef72fa000,0x00007efef73fa000)]
  0x00007eff1c1e3800 JavaThread "Signal Dispatcher" daemon [_thread_blocked, id=126147, stack(0x00007efef71fa000,0x00007efef72fa000)]
  0x00007eff1c1e5800 JavaThread "Service Thread" daemon [_thread_blocked, id=126148, stack(0x00007efef6b00000,0x00007efef6c00000)]
=>0x00007eff1c1e9800 JavaThread "C2 CompilerThread0" daemon [_thread_in_native, id=126149, stack(0x00007efef6a00000,0x00007efef6b00000)]
  0x00007eff1c1eb800 JavaThread "C1 CompilerThread0" daemon [_thread_in_native, id=126150, stack(0x00007efef6900000,0x00007efef6a00000)]
  0x00007eff1c1ed800 JavaThread "Sweeper thread" daemon [_thread_blocked, id=126151, stack(0x00007efef6800000,0x00007efef6900000)]
  0x00007eff1c29c000 JavaThread "Common-Cleaner" daemon [_thread_blocked, id=126153, stack(0x00007efef65fe000,0x00007efef66fe000)]
  0x00007eff1ce82000 JavaThread "pool-1-thread-1" [_thread_in_vm, id=126167, stack(0x00007efef4ef4000,0x00007efef4ff4000)]
  0x00007efea001a800 JavaThread "ForkJoinPool.commonPool-worker-19" daemon [_thread_blocked, id=126168, stack(0x00007efef4bf4000,0x00007efef4cf4000)]
  0x00007efe94004800 JavaThread "ForkJoinPool.commonPool-worker-5" daemon [_thread_in_vm, id=126179, stack(0x00007efef64fe000,0x00007efef65fe000)]
  0x00007efed049b000 JavaThread "C2 CompilerThread1" daemon [_thread_in_native, id=126180, stack(0x00007efef6100000,0x00007efef6200000)]

Other Threads:
  0x00007eff1c1bc000 VMThread "VM Thread" [stack: 0x00007efef74fc000,0x00007efef75fc000] [id=126144]
  0x00007eff1c28b000 WatcherThread [stack: 0x00007efef6700000,0x00007efef6800000] [id=126152]
  0x00007eff1c044800 GCTaskThread "GC Thread#0" [stack: 0x00007eff20900000,0x00007eff20a00000] [id=126139]
  0x00007efee8001000 GCTaskThread "GC Thread#1" [stack: 0x00007efef5900000,0x00007efef5a00000] [id=126158]
  0x00007efee8002800 GCTaskThread "GC Thread#2" [stack: 0x00007efef57fe000,0x00007efef58fe000] [id=126159]
  0x00007efee8004000 GCTaskThread "GC Thread#3" [stack: 0x00007efef56fc000,0x00007efef57fc000] [id=126160]
  0x00007efee8006000 GCTaskThread "GC Thread#4" [stack: 0x00007efef55fa000,0x00007efef56fa000] [id=126161]
  0x00007efee8007800 GCTaskThread "GC Thread#5" [stack: 0x00007efef54f8000,0x00007efef55f8000] [id=126162]
  0x00007eff1c061000 ConcurrentGCThread "G1 Main Marker" [stack: 0x00007eff04bf9000,0x00007eff04cf9000] [id=126140]
  0x00007eff1c063000 ConcurrentGCThread "G1 Conc#0" [stack: 0x00007eff04af7000,0x00007eff04bf7000] [id=126141]
  0x00007efef8001000 ConcurrentGCThread "G1 Conc#1" [stack: 0x00007efef48f4000,0x00007efef49f4000] [id=126181]
  0x00007efef8002800 ConcurrentGCThread "G1 Conc#2" [stack: 0x00007efef47f2000,0x00007efef48f2000] [id=126182]
  0x00007eff1c159800 ConcurrentGCThread "G1 Refine#0" [stack: 0x00007efef7f00000,0x00007efef8000000] [id=126142]
  0x00007efeec001000 ConcurrentGCThread "G1 Refine#1" [stack: 0x00007efef53f6000,0x00007efef54f6000] [id=126163]
  0x00007eff1c15b000 ConcurrentGCThread "G1 Young RemSet Sampling" [stack: 0x00007efef7dfe000,0x00007efef7efe000] [id=126143]

Threads with active compile tasks:
C2 CompilerThread0     2440 1997       4       java.lang.invoke.LambdaForm$Name::replaceNames (174 bytes)
C1 CompilerThread0     2440 2049       3       jdk.internal.org.objectweb.asm.MethodWriter::visitMaxs (1144 bytes)
C2 CompilerThread1     2440 1976       4       jdk.internal.org.objectweb.asm.Frame::execute (2264 bytes)

VM state:not at safepoint (normal execution)

VM Mutex/Monitor currently owned by a thread: None

Heap address: 0x00000000c0000000, size: 1024 MB, Compressed Oops mode: 32-bit
Narrow klass base: 0x0000000000000000, Narrow klass shift: 3
Compressed class space size: 1073741824 Address: 0x0000000100000000

Heap:
 garbage-first heap   total 262144K, used 17774K [0x00000000c0000000, 0x0000000100000000)
  region size 1024K, 7 young (7168K), 4 survivors (4096K)
 Metaspace       used 21154K, capacity 21550K, committed 21760K, reserved 1069056K
  class space    used 2112K, capacity 2284K, committed 2304K, reserved 1048576K
Heap Regions: E=young(eden), S=young(survivor), O=old, HS=humongous(starts), HC=humongous(continues), CS=collection set, F=free, A=archive, TAMS=top-at-mark-start (previous, next)
|   0|0x00000000c0000000, 0x00000000c0100000, 0x00000000c0100000|100%|HS|  |TAMS 0x00000000c0100000, 0x00000000c0000000| Complete 
|   1|0x00000000c0100000, 0x00000000c0200000, 0x00000000c0200000|100%|HS|  |TAMS 0x00000000c0200000, 0x00000000c0100000| Complete 
|   2|0x00000000c0200000, 0x00000000c0300000, 0x00000000c0300000|100%|HS|  |TAMS 0x00000000c0300000, 0x00000000c0200000| Complete 
|   3|0x00000000c0300000, 0x00000000c0400000, 0x00000000c0400000|100%|HS|  |TAMS 0x00000000c0400000, 0x00000000c0300000| Complete 
|   4|0x00000000c0400000, 0x00000000c0500000, 0x00000000c0500000|100%| O|  |TAMS 0x00000000c0500000, 0x00000000c0400000| Untracked 
|   5|0x00000000c0500000, 0x00000000c0600000, 0x00000000c0600000|100%| O|  |TAMS 0x00000000c0600000, 0x00000000c0500000| Untracked 
|   6|0x00000000c0600000, 0x00000000c0700000, 0x00000000c0700000|100%| O|  |TAMS 0x00000000c0700000, 0x00000000c0600000| Untracked 
|   7|0x00000000c0700000, 0x00000000c0800000, 0x00000000c0800000|100%| O|  |TAMS 0x00000000c0800000, 0x00000000c0700000| Untracked 
|   8|0x00000000c0800000, 0x00000000c0900000, 0x00000000c0900000|100%| O|  |TAMS 0x00000000c0900000, 0x00000000c0800000| Untracked 
|   9|0x00000000c0900000, 0x00000000c0a00000, 0x00000000c0a00000|100%| O|  |TAMS 0x00000000c0a00000, 0x00000000c0900000| Untracked 
|  10|0x00000000c0a00000, 0x00000000c0b00000, 0x00000000c0b00000|100%| O|  |TAMS 0x00000000c0b00000, 0x00000000c0a00000| Untracked 
|  11|0x00000000c0b00000, 0x00000000c0bd0600, 0x00000000c0c00000| 81%| O|  |TAMS 0x00000000c0bd0600, 0x00000000c0b00000| Untracked 
|  12|0x00000000c0c00000, 0x00000000c0c00000, 0x00000000c0d00000|  0%| F|  |TAMS 0x00000000c0c00000, 0x00000000c0c00000| Untracked 
|  13|0x00000000c0d00000, 0x00000000c0d00000, 0x00000000c0e00000|  0%| F|  |TAMS 0x00000000c0d00000, 0x00000000c0d00000| Untracked 
|  14|0x00000000c0e00000, 0x00000000c0e00000, 0x00000000c0f00000|  0%| F|  |TAMS 0x00000000c0e00000, 0x00000000c0e00000| Untracked 
|  15|0x00000000c0f00000, 0x00000000c0f00000, 0x00000000c1000000|  0%| F|  |TAMS 0x00000000c0f00000, 0x00000000c0f00000| Untracked 
|  16|0x00000000c1000000, 0x00000000c1000000, 0x00000000c1100000|  0%| F|  |TAMS 0x00000000c1000000, 0x00000000c1000000| Untracked 
|  17|0x00000000c1100000, 0x00000000c1100000, 0x00000000c1200000|  0%| F|  |TAMS 0x00000000c1100000, 0x00000000c1100000| Untracked 
|  18|0x00000000c1200000, 0x00000000c1200000, 0x00000000c1300000|  0%| F|  |TAMS 0x00000000c1200000, 0x00000000c1200000| Untracked 
|  19|0x00000000c1300000, 0x00000000c1300000, 0x00000000c1400000|  0%| F|  |TAMS 0x00000000c1300000, 0x00000000c1300000| Untracked 
|  20|0x00000000c1400000, 0x00000000c1400000, 0x00000000c1500000|  0%| F|  |TAMS 0x00000000c1400000, 0x00000000c1400000| Untracked 
|  21|0x00000000c1500000, 0x00000000c1500000, 0x00000000c1600000|  0%| F|  |TAMS 0x00000000c1500000, 0x00000000c1500000| Untracked 
|  22|0x00000000c1600000, 0x00000000c1600000, 0x00000000c1700000|  0%| F|  |TAMS 0x00000000c1600000, 0x00000000c1600000| Untracked 
|  23|0x00000000c1700000, 0x00000000c1700000, 0x00000000c1800000|  0%| F|  |TAMS 0x00000000c1700000, 0x00000000c1700000| Untracked 
|  24|0x00000000c1800000, 0x00000000c1800000, 0x00000000c1900000|  0%| F|  |TAMS 0x00000000c1800000, 0x00000000c1800000| Untracked 
|  25|0x00000000c1900000, 0x00000000c1900000, 0x00000000c1a00000|  0%| F|  |TAMS 0x00000000c1900000, 0x00000000c1900000| Untracked 
|  26|0x00000000c1a00000, 0x00000000c1a00000, 0x00000000c1b00000|  0%| F|  |TAMS 0x00000000c1a00000, 0x00000000c1a00000| Untracked 
|  27|0x00000000c1b00000, 0x00000000c1b00000, 0x00000000c1c00000|  0%| F|  |TAMS 0x00000000c1b00000, 0x00000000c1b00000| Untracked 
|  28|0x00000000c1c00000, 0x00000000c1c00000, 0x00000000c1d00000|  0%| F|  |TAMS 0x00000000c1c00000, 0x00000000c1c00000| Untracked 
|  29|0x00000000c1d00000, 0x00000000c1d00000, 0x00000000c1e00000|  0%| F|  |TAMS 0x00000000c1d00000, 0x00000000c1d00000| Untracked 
|  30|0x00000000c1e00000, 0x00000000c1e00000, 0x00000000c1f00000|  0%| F|  |TAMS 0x00000000c1e00000, 0x00000000c1e00000| Untracked 
|  31|0x00000000c1f00000, 0x00000000c1f00000, 0x00000000c2000000|  0%| F|  |TAMS 0x00000000c1f00000, 0x00000000c1f00000| Untracked 
|  32|0x00000000c2000000, 0x00000000c2000000, 0x00000000c2100000|  0%| F|  |TAMS 0x00000000c2000000, 0x00000000c2000000| Untracked 
|  33|0x00000000c2100000, 0x00000000c2100000, 0x00000000c2200000|  0%| F|  |TAMS 0x00000000c2100000, 0x00000000c2100000| Untracked 
|  34|0x00000000c2200000, 0x00000000c2200000, 0x00000000c2300000|  0%| F|  |TAMS 0x00000000c2200000, 0x00000000c2200000| Untracked 
|  35|0x00000000c2300000, 0x00000000c2300000, 0x00000000c2400000|  0%| F|  |TAMS 0x00000000c2300000, 0x00000000c2300000| Untracked 
|  36|0x00000000c2400000, 0x00000000c2400000, 0x00000000c2500000|  0%| F|  |TAMS 0x00000000c2400000, 0x00000000c2400000| Untracked 
|  37|0x00000000c2500000, 0x00000000c2500000, 0x00000000c2600000|  0%| F|  |TAMS 0x00000000c2500000, 0x00000000c2500000| Untracked 
|  38|0x00000000c2600000, 0x00000000c2600000, 0x00000000c2700000|  0%| F|  |TAMS 0x00000000c2600000, 0x00000000c2600000| Untracked 
|  39|0x00000000c2700000, 0x00000000c2700000, 0x00000000c2800000|  0%| F|  |TAMS 0x00000000c2700000, 0x00000000c2700000| Untracked 
|  40|0x00000000c2800000, 0x00000000c2800000, 0x00000000c2900000|  0%| F|  |TAMS 0x00000000c2800000, 0x00000000c2800000| Untracked 
|  41|0x00000000c2900000, 0x00000000c2900000, 0x00000000c2a00000|  0%| F|  |TAMS 0x00000000c2900000, 0x00000000c2900000| Untracked 
|  42|0x00000000c2a00000, 0x00000000c2a00000, 0x00000000c2b00000|  0%| F|  |TAMS 0x00000000c2a00000, 0x00000000c2a00000| Untracked 
|  43|0x00000000c2b00000, 0x00000000c2b00000, 0x00000000c2c00000|  0%| F|  |TAMS 0x00000000c2b00000, 0x00000000c2b00000| Untracked 
|  44|0x00000000c2c00000, 0x00000000c2c00000, 0x00000000c2d00000|  0%| F|  |TAMS 0x00000000c2c00000, 0x00000000c2c00000| Untracked 
|  45|0x00000000c2d00000, 0x00000000c2d00000, 0x00000000c2e00000|  0%| F|  |TAMS 0x00000000c2d00000, 0x00000000c2d00000| Untracked 
|  46|0x00000000c2e00000, 0x00000000c2e00000, 0x00000000c2f00000|  0%| F|  |TAMS 0x00000000c2e00000, 0x00000000c2e00000| Untracked 
|  47|0x00000000c2f00000, 0x00000000c2f00000, 0x00000000c3000000|  0%| F|  |TAMS 0x00000000c2f00000, 0x00000000c2f00000| Untracked 
|  48|0x00000000c3000000, 0x00000000c3000000, 0x00000000c3100000|  0%| F|  |TAMS 0x00000000c3000000, 0x00000000c3000000| Untracked 
|  49|0x00000000c3100000, 0x00000000c3100000, 0x00000000c3200000|  0%| F|  |TAMS 0x00000000c3100000, 0x00000000c3100000| Untracked 
|  50|0x00000000c3200000, 0x00000000c3200000, 0x00000000c3300000|  0%| F|  |TAMS 0x00000000c3200000, 0x00000000c3200000| Untracked 
|  51|0x00000000c3300000, 0x00000000c3300000, 0x00000000c3400000|  0%| F|  |TAMS 0x00000000c3300000, 0x00000000c3300000| Untracked 
|  52|0x00000000c3400000, 0x00000000c3400000, 0x00000000c3500000|  0%| F|  |TAMS 0x00000000c3400000, 0x00000000c3400000| Untracked 
|  53|0x00000000c3500000, 0x00000000c3500000, 0x00000000c3600000|  0%| F|  |TAMS 0x00000000c3500000, 0x00000000c3500000| Untracked 
|  54|0x00000000c3600000, 0x00000000c3600000, 0x00000000c3700000|  0%| F|  |TAMS 0x00000000c3600000, 0x00000000c3600000| Untracked 
|  55|0x00000000c3700000, 0x00000000c3700000, 0x00000000c3800000|  0%| F|  |TAMS 0x00000000c3700000, 0x00000000c3700000| Untracked 
|  56|0x00000000c3800000, 0x00000000c3800000, 0x00000000c3900000|  0%| F|  |TAMS 0x00000000c3800000, 0x00000000c3800000| Untracked 
|  57|0x00000000c3900000, 0x00000000c3900000, 0x00000000c3a00000|  0%| F|  |TAMS 0x00000000c3900000, 0x00000000c3900000| Untracked 
|  58|0x00000000c3a00000, 0x00000000c3a00000, 0x00000000c3b00000|  0%| F|  |TAMS 0x00000000c3a00000, 0x00000000c3a00000| Untracked 
|  59|0x00000000c3b00000, 0x00000000c3b00000, 0x00000000c3c00000|  0%| F|  |TAMS 0x00000000c3b00000, 0x00000000c3b00000| Untracked 
|  60|0x00000000c3c00000, 0x00000000c3c00000, 0x00000000c3d00000|  0%| F|  |TAMS 0x00000000c3c00000, 0x00000000c3c00000| Untracked 
|  61|0x00000000c3d00000, 0x00000000c3d00000, 0x00000000c3e00000|  0%| F|  |TAMS 0x00000000c3d00000, 0x00000000c3d00000| Untracked 
|  62|0x00000000c3e00000, 0x00000000c3e00000, 0x00000000c3f00000|  0%| F|  |TAMS 0x00000000c3e00000, 0x00000000c3e00000| Untracked 
|  63|0x00000000c3f00000, 0x00000000c3f00000, 0x00000000c4000000|  0%| F|  |TAMS 0x00000000c3f00000, 0x00000000c3f00000| Untracked 
|  64|0x00000000c4000000, 0x00000000c4000000, 0x00000000c4100000|  0%| F|  |TAMS 0x00000000c4000000, 0x00000000c4000000| Untracked 
|  65|0x00000000c4100000, 0x00000000c4100000, 0x00000000c4200000|  0%| F|  |TAMS 0x00000000c4100000, 0x00000000c4100000| Untracked 
|  66|0x00000000c4200000, 0x00000000c4200000, 0x00000000c4300000|  0%| F|  |TAMS 0x00000000c4200000, 0x00000000c4200000| Untracked 
|  67|0x00000000c4300000, 0x00000000c4300000, 0x00000000c4400000|  0%| F|  |TAMS 0x00000000c4300000, 0x00000000c4300000| Untracked 
|  68|0x00000000c4400000, 0x00000000c4400000, 0x00000000c4500000|  0%| F|  |TAMS 0x00000000c4400000, 0x00000000c4400000| Untracked 
|  69|0x00000000c4500000, 0x00000000c4500000, 0x00000000c4600000|  0%| F|  |TAMS 0x00000000c4500000, 0x00000000c4500000| Untracked 
|  70|0x00000000c4600000, 0x00000000c4600000, 0x00000000c4700000|  0%| F|  |TAMS 0x00000000c4600000, 0x00000000c4600000| Untracked 
|  71|0x00000000c4700000, 0x00000000c4700000, 0x00000000c4800000|  0%| F|  |TAMS 0x00000000c4700000, 0x00000000c4700000| Untracked 
|  72|0x00000000c4800000, 0x00000000c4800000, 0x00000000c4900000|  0%| F|  |TAMS 0x00000000c4800000, 0x00000000c4800000| Untracked 
|  73|0x00000000c4900000, 0x00000000c4900000, 0x00000000c4a00000|  0%| F|  |TAMS 0x00000000c4900000, 0x00000000c4900000| Untracked 
|  74|0x00000000c4a00000, 0x00000000c4a00000, 0x00000000c4b00000|  0%| F|  |TAMS 0x00000000c4a00000, 0x00000000c4a00000| Untracked 
|  75|0x00000000c4b00000, 0x00000000c4b00000, 0x00000000c4c00000|  0%| F|  |TAMS 0x00000000c4b00000, 0x00000000c4b00000| Untracked 
|  76|0x00000000c4c00000, 0x00000000c4c00000, 0x00000000c4d00000|  0%| F|  |TAMS 0x00000000c4c00000, 0x00000000c4c00000| Untracked 
|  77|0x00000000c4d00000, 0x00000000c4d00000, 0x00000000c4e00000|  0%| F|  |TAMS 0x00000000c4d00000, 0x00000000c4d00000| Untracked 
|  78|0x00000000c4e00000, 0x00000000c4e00000, 0x00000000c4f00000|  0%| F|  |TAMS 0x00000000c4e00000, 0x00000000c4e00000| Untracked 
|  79|0x00000000c4f00000, 0x00000000c4f00000, 0x00000000c5000000|  0%| F|  |TAMS 0x00000000c4f00000, 0x00000000c4f00000| Untracked 
|  80|0x00000000c5000000, 0x00000000c5000000, 0x00000000c5100000|  0%| F|  |TAMS 0x00000000c5000000, 0x00000000c5000000| Untracked 
|  81|0x00000000c5100000, 0x00000000c5100000, 0x00000000c5200000|  0%| F|  |TAMS 0x00000000c5100000, 0x00000000c5100000| Untracked 
|  82|0x00000000c5200000, 0x00000000c5200000, 0x00000000c5300000|  0%| F|  |TAMS 0x00000000c5200000, 0x00000000c5200000| Untracked 
|  83|0x00000000c5300000, 0x00000000c5300000, 0x00000000c5400000|  0%| F|  |TAMS 0x00000000c5300000, 0x00000000c5300000| Untracked 
|  84|0x00000000c5400000, 0x00000000c5400000, 0x00000000c5500000|  0%| F|  |TAMS 0x00000000c5400000, 0x00000000c5400000| Untracked 
|  85|0x00000000c5500000, 0x00000000c5500000, 0x00000000c5600000|  0%| F|  |TAMS 0x00000000c5500000, 0x00000000c5500000| Untracked 
|  86|0x00000000c5600000, 0x00000000c5600000, 0x00000000c5700000|  0%| F|  |TAMS 0x00000000c5600000, 0x00000000c5600000| Untracked 
|  87|0x00000000c5700000, 0x00000000c5700000, 0x00000000c5800000|  0%| F|  |TAMS 0x00000000c5700000, 0x00000000c5700000| Untracked 
|  88|0x00000000c5800000, 0x00000000c5800000, 0x00000000c5900000|  0%| F|  |TAMS 0x00000000c5800000, 0x00000000c5800000| Untracked 
|  89|0x00000000c5900000, 0x00000000c5900000, 0x00000000c5a00000|  0%| F|  |TAMS 0x00000000c5900000, 0x00000000c5900000| Untracked 
|  90|0x00000000c5a00000, 0x00000000c5a00000, 0x00000000c5b00000|  0%| F|  |TAMS 0x00000000c5a00000, 0x00000000c5a00000| Untracked 
|  91|0x00000000c5b00000, 0x00000000c5b00000, 0x00000000c5c00000|  0%| F|  |TAMS 0x00000000c5b00000, 0x00000000c5b00000| Untracked 
|  92|0x00000000c5c00000, 0x00000000c5c00000, 0x00000000c5d00000|  0%| F|  |TAMS 0x00000000c5c00000, 0x00000000c5c00000| Untracked 
|  93|0x00000000c5d00000, 0x00000000c5d00000, 0x00000000c5e00000|  0%| F|  |TAMS 0x00000000c5d00000, 0x00000000c5d00000| Untracked 
|  94|0x00000000c5e00000, 0x00000000c5e00000, 0x00000000c5f00000|  0%| F|  |TAMS 0x00000000c5e00000, 0x00000000c5e00000| Untracked 
|  95|0x00000000c5f00000, 0x00000000c5f00000, 0x00000000c6000000|  0%| F|  |TAMS 0x00000000c5f00000, 0x00000000c5f00000| Untracked 
|  96|0x00000000c6000000, 0x00000000c6000000, 0x00000000c6100000|  0%| F|  |TAMS 0x00000000c6000000, 0x00000000c6000000| Untracked 
|  97|0x00000000c6100000, 0x00000000c6100000, 0x00000000c6200000|  0%| F|  |TAMS 0x00000000c6100000, 0x00000000c6100000| Untracked 
|  98|0x00000000c6200000, 0x00000000c6200000, 0x00000000c6300000|  0%| F|  |TAMS 0x00000000c6200000, 0x00000000c6200000| Untracked 
|  99|0x00000000c6300000, 0x00000000c6300000, 0x00000000c6400000|  0%| F|  |TAMS 0x00000000c6300000, 0x00000000c6300000| Untracked 
| 100|0x00000000c6400000, 0x00000000c6400000, 0x00000000c6500000|  0%| F|  |TAMS 0x00000000c6400000, 0x00000000c6400000| Untracked 
| 101|0x00000000c6500000, 0x00000000c6500000, 0x00000000c6600000|  0%| F|  |TAMS 0x00000000c6500000, 0x00000000c6500000| Untracked 
| 102|0x00000000c6600000, 0x00000000c6600000, 0x00000000c6700000|  0%| F|  |TAMS 0x00000000c6600000, 0x00000000c6600000| Untracked 
| 103|0x00000000c6700000, 0x00000000c6700000, 0x00000000c6800000|  0%| F|  |TAMS 0x00000000c6700000, 0x00000000c6700000| Untracked 
| 104|0x00000000c6800000, 0x00000000c6800000, 0x00000000c6900000|  0%| F|  |TAMS 0x00000000c6800000, 0x00000000c6800000| Untracked 
| 105|0x00000000c6900000, 0x00000000c6900000, 0x00000000c6a00000|  0%| F|  |TAMS 0x00000000c6900000, 0x00000000c6900000| Untracked 
| 106|0x00000000c6a00000, 0x00000000c6a00000, 0x00000000c6b00000|  0%| F|  |TAMS 0x00000000c6a00000, 0x00000000c6a00000| Untracked 
| 107|0x00000000c6b00000, 0x00000000c6b00000, 0x00000000c6c00000|  0%| F|  |TAMS 0x00000000c6b00000, 0x00000000c6b00000| Untracked 
| 108|0x00000000c6c00000, 0x00000000c6c00000, 0x00000000c6d00000|  0%| F|  |TAMS 0x00000000c6c00000, 0x00000000c6c00000| Untracked 
| 109|0x00000000c6d00000, 0x00000000c6d00000, 0x00000000c6e00000|  0%| F|  |TAMS 0x00000000c6d00000, 0x00000000c6d00000| Untracked 
| 110|0x00000000c6e00000, 0x00000000c6e00000, 0x00000000c6f00000|  0%| F|  |TAMS 0x00000000c6e00000, 0x00000000c6e00000| Untracked 
| 111|0x00000000c6f00000, 0x00000000c6f00000, 0x00000000c7000000|  0%| F|  |TAMS 0x00000000c6f00000, 0x00000000c6f00000| Untracked 
| 112|0x00000000c7000000, 0x00000000c7000000, 0x00000000c7100000|  0%| F|  |TAMS 0x00000000c7000000, 0x00000000c7000000| Untracked 
| 113|0x00000000c7100000, 0x00000000c7100000, 0x00000000c7200000|  0%| F|  |TAMS 0x00000000c7100000, 0x00000000c7100000| Untracked 
| 114|0x00000000c7200000, 0x00000000c7200000, 0x00000000c7300000|  0%| F|  |TAMS 0x00000000c7200000, 0x00000000c7200000| Untracked 
| 115|0x00000000c7300000, 0x00000000c7300000, 0x00000000c7400000|  0%| F|  |TAMS 0x00000000c7300000, 0x00000000c7300000| Untracked 
| 116|0x00000000c7400000, 0x00000000c7400000, 0x00000000c7500000|  0%| F|  |TAMS 0x00000000c7400000, 0x00000000c7400000| Untracked 
| 117|0x00000000c7500000, 0x00000000c7500000, 0x00000000c7600000|  0%| F|  |TAMS 0x00000000c7500000, 0x00000000c7500000| Untracked 
| 118|0x00000000c7600000, 0x00000000c7600000, 0x00000000c7700000|  0%| F|  |TAMS 0x00000000c7600000, 0x00000000c7600000| Untracked 
| 119|0x00000000c7700000, 0x00000000c7700000, 0x00000000c7800000|  0%| F|  |TAMS 0x00000000c7700000, 0x00000000c7700000| Untracked 
| 120|0x00000000c7800000, 0x00000000c7800000, 0x00000000c7900000|  0%| F|  |TAMS 0x00000000c7800000, 0x00000000c7800000| Untracked 
| 121|0x00000000c7900000, 0x00000000c7900000, 0x00000000c7a00000|  0%| F|  |TAMS 0x00000000c7900000, 0x00000000c7900000| Untracked 
| 122|0x00000000c7a00000, 0x00000000c7a00000, 0x00000000c7b00000|  0%| F|  |TAMS 0x00000000c7a00000, 0x00000000c7a00000| Untracked 
| 123|0x00000000c7b00000, 0x00000000c7b00000, 0x00000000c7c00000|  0%| F|  |TAMS 0x00000000c7b00000, 0x00000000c7b00000| Untracked 
| 124|0x00000000c7c00000, 0x00000000c7c00000, 0x00000000c7d00000|  0%| F|  |TAMS 0x00000000c7c00000, 0x00000000c7c00000| Untracked 
| 125|0x00000000c7d00000, 0x00000000c7d00000, 0x00000000c7e00000|  0%| F|  |TAMS 0x00000000c7d00000, 0x00000000c7d00000| Untracked 
| 126|0x00000000c7e00000, 0x00000000c7e00000, 0x00000000c7f00000|  0%| F|  |TAMS 0x00000000c7e00000, 0x00000000c7e00000| Untracked 
| 127|0x00000000c7f00000, 0x00000000c7f00000, 0x00000000c8000000|  0%| F|  |TAMS 0x00000000c7f00000, 0x00000000c7f00000| Untracked 
| 128|0x00000000c8000000, 0x00000000c8000000, 0x00000000c8100000|  0%| F|  |TAMS 0x00000000c8000000, 0x00000000c8000000| Untracked 
| 129|0x00000000c8100000, 0x00000000c8100000, 0x00000000c8200000|  0%| F|  |TAMS 0x00000000c8100000, 0x00000000c8100000| Untracked 
| 130|0x00000000c8200000, 0x00000000c8200000, 0x00000000c8300000|  0%| F|  |TAMS 0x00000000c8200000, 0x00000000c8200000| Untracked 
| 131|0x00000000c8300000, 0x00000000c8300000, 0x00000000c8400000|  0%| F|  |TAMS 0x00000000c8300000, 0x00000000c8300000| Untracked 
| 132|0x00000000c8400000, 0x00000000c8400000, 0x00000000c8500000|  0%| F|  |TAMS 0x00000000c8400000, 0x00000000c8400000| Untracked 
| 133|0x00000000c8500000, 0x00000000c8500000, 0x00000000c8600000|  0%| F|  |TAMS 0x00000000c8500000, 0x00000000c8500000| Untracked 
| 134|0x00000000c8600000, 0x00000000c8600000, 0x00000000c8700000|  0%| F|  |TAMS 0x00000000c8600000, 0x00000000c8600000| Untracked 
| 135|0x00000000c8700000, 0x00000000c8700000, 0x00000000c8800000|  0%| F|  |TAMS 0x00000000c8700000, 0x00000000c8700000| Untracked 
| 136|0x00000000c8800000, 0x00000000c8800000, 0x00000000c8900000|  0%| F|  |TAMS 0x00000000c8800000, 0x00000000c8800000| Untracked 
| 137|0x00000000c8900000, 0x00000000c8900000, 0x00000000c8a00000|  0%| F|  |TAMS 0x00000000c8900000, 0x00000000c8900000| Untracked 
| 138|0x00000000c8a00000, 0x00000000c8a00000, 0x00000000c8b00000|  0%| F|  |TAMS 0x00000000c8a00000, 0x00000000c8a00000| Untracked 
| 139|0x00000000c8b00000, 0x00000000c8b00000, 0x00000000c8c00000|  0%| F|  |TAMS 0x00000000c8b00000, 0x00000000c8b00000| Untracked 
| 140|0x00000000c8c00000, 0x00000000c8c00000, 0x00000000c8d00000|  0%| F|  |TAMS 0x00000000c8c00000, 0x00000000c8c00000| Untracked 
| 141|0x00000000c8d00000, 0x00000000c8d00000, 0x00000000c8e00000|  0%| F|  |TAMS 0x00000000c8d00000, 0x00000000c8d00000| Untracked 
| 142|0x00000000c8e00000, 0x00000000c8e00000, 0x00000000c8f00000|  0%| F|  |TAMS 0x00000000c8e00000, 0x00000000c8e00000| Untracked 
| 143|0x00000000c8f00000, 0x00000000c8f00000, 0x00000000c9000000|  0%| F|  |TAMS 0x00000000c8f00000, 0x00000000c8f00000| Untracked 
| 144|0x00000000c9000000, 0x00000000c9000000, 0x00000000c9100000|  0%| F|  |TAMS 0x00000000c9000000, 0x00000000c9000000| Untracked 
| 145|0x00000000c9100000, 0x00000000c9100000, 0x00000000c9200000|  0%| F|  |TAMS 0x00000000c9100000, 0x00000000c9100000| Untracked 
| 146|0x00000000c9200000, 0x00000000c9200000, 0x00000000c9300000|  0%| F|  |TAMS 0x00000000c9200000, 0x00000000c9200000| Untracked 
| 147|0x00000000c9300000, 0x00000000c9300000, 0x00000000c9400000|  0%| F|  |TAMS 0x00000000c9300000, 0x00000000c9300000| Untracked 
| 148|0x00000000c9400000, 0x00000000c9400000, 0x00000000c9500000|  0%| F|  |TAMS 0x00000000c9400000, 0x00000000c9400000| Untracked 
| 149|0x00000000c9500000, 0x00000000c9500000, 0x00000000c9600000|  0%| F|  |TAMS 0x00000000c9500000, 0x00000000c9500000| Untracked 
| 150|0x00000000c9600000, 0x00000000c9600000, 0x00000000c9700000|  0%| F|  |TAMS 0x00000000c9600000, 0x00000000c9600000| Untracked 
| 151|0x00000000c9700000, 0x00000000c9700000, 0x00000000c9800000|  0%| F|  |TAMS 0x00000000c9700000, 0x00000000c9700000| Untracked 
| 152|0x00000000c9800000, 0x00000000c9800000, 0x00000000c9900000|  0%| F|  |TAMS 0x00000000c9800000, 0x00000000c9800000| Untracked 
| 153|0x00000000c9900000, 0x00000000c9900000, 0x00000000c9a00000|  0%| F|  |TAMS 0x00000000c9900000, 0x00000000c9900000| Untracked 
| 154|0x00000000c9a00000, 0x00000000c9a00000, 0x00000000c9b00000|  0%| F|  |TAMS 0x00000000c9a00000, 0x00000000c9a00000| Untracked 
| 155|0x00000000c9b00000, 0x00000000c9b00000, 0x00000000c9c00000|  0%| F|  |TAMS 0x00000000c9b00000, 0x00000000c9b00000| Untracked 
| 156|0x00000000c9c00000, 0x00000000c9c00000, 0x00000000c9d00000|  0%| F|  |TAMS 0x00000000c9c00000, 0x00000000c9c00000| Untracked 
| 157|0x00000000c9d00000, 0x00000000c9d00000, 0x00000000c9e00000|  0%| F|  |TAMS 0x00000000c9d00000, 0x00000000c9d00000| Untracked 
| 158|0x00000000c9e00000, 0x00000000c9e00000, 0x00000000c9f00000|  0%| F|  |TAMS 0x00000000c9e00000, 0x00000000c9e00000| Untracked 
| 159|0x00000000c9f00000, 0x00000000c9f00000, 0x00000000ca000000|  0%| F|  |TAMS 0x00000000c9f00000, 0x00000000c9f00000| Untracked 
| 160|0x00000000ca000000, 0x00000000ca000000, 0x00000000ca100000|  0%| F|  |TAMS 0x00000000ca000000, 0x00000000ca000000| Untracked 
| 161|0x00000000ca100000, 0x00000000ca100000, 0x00000000ca200000|  0%| F|  |TAMS 0x00000000ca100000, 0x00000000ca100000| Untracked 
| 162|0x00000000ca200000, 0x00000000ca200000, 0x00000000ca300000|  0%| F|  |TAMS 0x00000000ca200000, 0x00000000ca200000| Untracked 
| 163|0x00000000ca300000, 0x00000000ca300000, 0x00000000ca400000|  0%| F|  |TAMS 0x00000000ca300000, 0x00000000ca300000| Untracked 
| 164|0x00000000ca400000, 0x00000000ca400000, 0x00000000ca500000|  0%| F|  |TAMS 0x00000000ca400000, 0x00000000ca400000| Untracked 
| 165|0x00000000ca500000, 0x00000000ca500000, 0x00000000ca600000|  0%| F|  |TAMS 0x00000000ca500000, 0x00000000ca500000| Untracked 
| 166|0x00000000ca600000, 0x00000000ca600000, 0x00000000ca700000|  0%| F|  |TAMS 0x00000000ca600000, 0x00000000ca600000| Untracked 
| 167|0x00000000ca700000, 0x00000000ca700000, 0x00000000ca800000|  0%| F|  |TAMS 0x00000000ca700000, 0x00000000ca700000| Untracked 
| 168|0x00000000ca800000, 0x00000000ca800000, 0x00000000ca900000|  0%| F|  |TAMS 0x00000000ca800000, 0x00000000ca800000| Untracked 
| 169|0x00000000ca900000, 0x00000000ca900000, 0x00000000caa00000|  0%| F|  |TAMS 0x00000000ca900000, 0x00000000ca900000| Untracked 
| 170|0x00000000caa00000, 0x00000000caa00000, 0x00000000cab00000|  0%| F|  |TAMS 0x00000000caa00000, 0x00000000caa00000| Untracked 
| 171|0x00000000cab00000, 0x00000000cab00000, 0x00000000cac00000|  0%| F|  |TAMS 0x00000000cab00000, 0x00000000cab00000| Untracked 
| 172|0x00000000cac00000, 0x00000000cac00000, 0x00000000cad00000|  0%| F|  |TAMS 0x00000000cac00000, 0x00000000cac00000| Untracked 
| 173|0x00000000cad00000, 0x00000000cad00000, 0x00000000cae00000|  0%| F|  |TAMS 0x00000000cad00000, 0x00000000cad00000| Untracked 
| 174|0x00000000cae00000, 0x00000000cae00000, 0x00000000caf00000|  0%| F|  |TAMS 0x00000000cae00000, 0x00000000cae00000| Untracked 
| 175|0x00000000caf00000, 0x00000000caf00000, 0x00000000cb000000|  0%| F|  |TAMS 0x00000000caf00000, 0x00000000caf00000| Untracked 
| 176|0x00000000cb000000, 0x00000000cb000000, 0x00000000cb100000|  0%| F|  |TAMS 0x00000000cb000000, 0x00000000cb000000| Untracked 
| 177|0x00000000cb100000, 0x00000000cb100000, 0x00000000cb200000|  0%| F|  |TAMS 0x00000000cb100000, 0x00000000cb100000| Untracked 
| 178|0x00000000cb200000, 0x00000000cb200000, 0x00000000cb300000|  0%| F|  |TAMS 0x00000000cb200000, 0x00000000cb200000| Untracked 
| 179|0x00000000cb300000, 0x00000000cb300000, 0x00000000cb400000|  0%| F|  |TAMS 0x00000000cb300000, 0x00000000cb300000| Untracked 
| 180|0x00000000cb400000, 0x00000000cb400000, 0x00000000cb500000|  0%| F|  |TAMS 0x00000000cb400000, 0x00000000cb400000| Untracked 
| 181|0x00000000cb500000, 0x00000000cb500000, 0x00000000cb600000|  0%| F|  |TAMS 0x00000000cb500000, 0x00000000cb500000| Untracked 
| 182|0x00000000cb600000, 0x00000000cb600000, 0x00000000cb700000|  0%| F|  |TAMS 0x00000000cb600000, 0x00000000cb600000| Untracked 
| 183|0x00000000cb700000, 0x00000000cb700000, 0x00000000cb800000|  0%| F|  |TAMS 0x00000000cb700000, 0x00000000cb700000| Untracked 
| 184|0x00000000cb800000, 0x00000000cb800000, 0x00000000cb900000|  0%| F|  |TAMS 0x00000000cb800000, 0x00000000cb800000| Untracked 
| 185|0x00000000cb900000, 0x00000000cb900000, 0x00000000cba00000|  0%| F|  |TAMS 0x00000000cb900000, 0x00000000cb900000| Untracked 
| 186|0x00000000cba00000, 0x00000000cba00000, 0x00000000cbb00000|  0%| F|  |TAMS 0x00000000cba00000, 0x00000000cba00000| Untracked 
| 187|0x00000000cbb00000, 0x00000000cbb00000, 0x00000000cbc00000|  0%| F|  |TAMS 0x00000000cbb00000, 0x00000000cbb00000| Untracked 
| 188|0x00000000cbc00000, 0x00000000cbc00000, 0x00000000cbd00000|  0%| F|  |TAMS 0x00000000cbc00000, 0x00000000cbc00000| Untracked 
| 189|0x00000000cbd00000, 0x00000000cbd00000, 0x00000000cbe00000|  0%| F|  |TAMS 0x00000000cbd00000, 0x00000000cbd00000| Untracked 
| 190|0x00000000cbe00000, 0x00000000cbe00000, 0x00000000cbf00000|  0%| F|  |TAMS 0x00000000cbe00000, 0x00000000cbe00000| Untracked 
| 191|0x00000000cbf00000, 0x00000000cbf00000, 0x00000000cc000000|  0%| F|  |TAMS 0x00000000cbf00000, 0x00000000cbf00000| Untracked 
| 192|0x00000000cc000000, 0x00000000cc000000, 0x00000000cc100000|  0%| F|  |TAMS 0x00000000cc000000, 0x00000000cc000000| Untracked 
| 193|0x00000000cc100000, 0x00000000cc100000, 0x00000000cc200000|  0%| F|  |TAMS 0x00000000cc100000, 0x00000000cc100000| Untracked 
| 194|0x00000000cc200000, 0x00000000cc200000, 0x00000000cc300000|  0%| F|  |TAMS 0x00000000cc200000, 0x00000000cc200000| Untracked 
| 195|0x00000000cc300000, 0x00000000cc300000, 0x00000000cc400000|  0%| F|  |TAMS 0x00000000cc300000, 0x00000000cc300000| Untracked 
| 196|0x00000000cc400000, 0x00000000cc400000, 0x00000000cc500000|  0%| F|  |TAMS 0x00000000cc400000, 0x00000000cc400000| Untracked 
| 197|0x00000000cc500000, 0x00000000cc500000, 0x00000000cc600000|  0%| F|  |TAMS 0x00000000cc500000, 0x00000000cc500000| Untracked 
| 198|0x00000000cc600000, 0x00000000cc600000, 0x00000000cc700000|  0%| F|  |TAMS 0x00000000cc600000, 0x00000000cc600000| Untracked 
| 199|0x00000000cc700000, 0x00000000cc700000, 0x00000000cc800000|  0%| F|  |TAMS 0x00000000cc700000, 0x00000000cc700000| Untracked 
| 200|0x00000000cc800000, 0x00000000cc800000, 0x00000000cc900000|  0%| F|  |TAMS 0x00000000cc800000, 0x00000000cc800000| Untracked 
| 201|0x00000000cc900000, 0x00000000cc900000, 0x00000000cca00000|  0%| F|  |TAMS 0x00000000cc900000, 0x00000000cc900000| Untracked 
| 202|0x00000000cca00000, 0x00000000cca00000, 0x00000000ccb00000|  0%| F|  |TAMS 0x00000000cca00000, 0x00000000cca00000| Untracked 
| 203|0x00000000ccb00000, 0x00000000ccb00000, 0x00000000ccc00000|  0%| F|  |TAMS 0x00000000ccb00000, 0x00000000ccb00000| Untracked 
| 204|0x00000000ccc00000, 0x00000000ccc00000, 0x00000000ccd00000|  0%| F|  |TAMS 0x00000000ccc00000, 0x00000000ccc00000| Untracked 
| 205|0x00000000ccd00000, 0x00000000ccd00000, 0x00000000cce00000|  0%| F|  |TAMS 0x00000000ccd00000, 0x00000000ccd00000| Untracked 
| 206|0x00000000cce00000, 0x00000000cce00000, 0x00000000ccf00000|  0%| F|  |TAMS 0x00000000cce00000, 0x00000000cce00000| Untracked 
| 207|0x00000000ccf00000, 0x00000000ccf00000, 0x00000000cd000000|  0%| F|  |TAMS 0x00000000ccf00000, 0x00000000ccf00000| Untracked 
| 208|0x00000000cd000000, 0x00000000cd000000, 0x00000000cd100000|  0%| F|  |TAMS 0x00000000cd000000, 0x00000000cd000000| Untracked 
| 209|0x00000000cd100000, 0x00000000cd100000, 0x00000000cd200000|  0%| F|  |TAMS 0x00000000cd100000, 0x00000000cd100000| Untracked 
| 210|0x00000000cd200000, 0x00000000cd200000, 0x00000000cd300000|  0%| F|  |TAMS 0x00000000cd200000, 0x00000000cd200000| Untracked 
| 211|0x00000000cd300000, 0x00000000cd300000, 0x00000000cd400000|  0%| F|  |TAMS 0x00000000cd300000, 0x00000000cd300000| Untracked 
| 212|0x00000000cd400000, 0x00000000cd400000, 0x00000000cd500000|  0%| F|  |TAMS 0x00000000cd400000, 0x00000000cd400000| Untracked 
| 213|0x00000000cd500000, 0x00000000cd500000, 0x00000000cd600000|  0%| F|  |TAMS 0x00000000cd500000, 0x00000000cd500000| Untracked 
| 214|0x00000000cd600000, 0x00000000cd600000, 0x00000000cd700000|  0%| F|  |TAMS 0x00000000cd600000, 0x00000000cd600000| Untracked 
| 215|0x00000000cd700000, 0x00000000cd700000, 0x00000000cd800000|  0%| F|  |TAMS 0x00000000cd700000, 0x00000000cd700000| Untracked 
| 216|0x00000000cd800000, 0x00000000cd800000, 0x00000000cd900000|  0%| F|  |TAMS 0x00000000cd800000, 0x00000000cd800000| Untracked 
| 217|0x00000000cd900000, 0x00000000cd900000, 0x00000000cda00000|  0%| F|  |TAMS 0x00000000cd900000, 0x00000000cd900000| Untracked 
| 218|0x00000000cda00000, 0x00000000cda8b3e0, 0x00000000cdb00000| 54%| S|CS|TAMS 0x00000000cda00000, 0x00000000cda00000| Complete 
| 219|0x00000000cdb00000, 0x00000000cdc00000, 0x00000000cdc00000|100%| S|CS|TAMS 0x00000000cdb00000, 0x00000000cdb00000| Complete 
| 220|0x00000000cdc00000, 0x00000000cdd00000, 0x00000000cdd00000|100%| S|CS|TAMS 0x00000000cdc00000, 0x00000000cdc00000| Complete 
| 221|0x00000000cdd00000, 0x00000000cde00000, 0x00000000cde00000|100%| S|CS|TAMS 0x00000000cdd00000, 0x00000000cdd00000| Complete 
| 222|0x00000000cde00000, 0x00000000cde00000, 0x00000000cdf00000|  0%| F|  |TAMS 0x00000000cde00000, 0x00000000cde00000| Untracked 
| 223|0x00000000cdf00000, 0x00000000cdf00000, 0x00000000ce000000|  0%| F|  |TAMS 0x00000000cdf00000, 0x00000000cdf00000| Untracked 
| 224|0x00000000ce000000, 0x00000000ce000000, 0x00000000ce100000|  0%| F|  |TAMS 0x00000000ce000000, 0x00000000ce000000| Untracked 
| 225|0x00000000ce100000, 0x00000000ce100000, 0x00000000ce200000|  0%| F|  |TAMS 0x00000000ce100000, 0x00000000ce100000| Untracked 
| 226|0x00000000ce200000, 0x00000000ce200000, 0x00000000ce300000|  0%| F|  |TAMS 0x00000000ce200000, 0x00000000ce200000| Untracked 
| 227|0x00000000ce300000, 0x00000000ce300000, 0x00000000ce400000|  0%| F|  |TAMS 0x00000000ce300000, 0x00000000ce300000| Untracked 
| 228|0x00000000ce400000, 0x00000000ce400000, 0x00000000ce500000|  0%| F|  |TAMS 0x00000000ce400000, 0x00000000ce400000| Untracked 
| 229|0x00000000ce500000, 0x00000000ce500000, 0x00000000ce600000|  0%| F|  |TAMS 0x00000000ce500000, 0x00000000ce500000| Untracked 
| 230|0x00000000ce600000, 0x00000000ce600000, 0x00000000ce700000|  0%| F|  |TAMS 0x00000000ce600000, 0x00000000ce600000| Untracked 
| 231|0x00000000ce700000, 0x00000000ce700000, 0x00000000ce800000|  0%| F|  |TAMS 0x00000000ce700000, 0x00000000ce700000| Untracked 
| 232|0x00000000ce800000, 0x00000000ce800000, 0x00000000ce900000|  0%| F|  |TAMS 0x00000000ce800000, 0x00000000ce800000| Untracked 
| 233|0x00000000ce900000, 0x00000000ce900000, 0x00000000cea00000|  0%| F|  |TAMS 0x00000000ce900000, 0x00000000ce900000| Untracked 
| 234|0x00000000cea00000, 0x00000000cea00000, 0x00000000ceb00000|  0%| F|  |TAMS 0x00000000cea00000, 0x00000000cea00000| Untracked 
| 235|0x00000000ceb00000, 0x00000000ceb00000, 0x00000000cec00000|  0%| F|  |TAMS 0x00000000ceb00000, 0x00000000ceb00000| Untracked 
| 236|0x00000000cec00000, 0x00000000cec00000, 0x00000000ced00000|  0%| F|  |TAMS 0x00000000cec00000, 0x00000000cec00000| Untracked 
| 237|0x00000000ced00000, 0x00000000ced00000, 0x00000000cee00000|  0%| F|  |TAMS 0x00000000ced00000, 0x00000000ced00000| Untracked 
| 238|0x00000000cee00000, 0x00000000cee00000, 0x00000000cef00000|  0%| F|  |TAMS 0x00000000cee00000, 0x00000000cee00000| Untracked 
| 239|0x00000000cef00000, 0x00000000cef00000, 0x00000000cf000000|  0%| F|  |TAMS 0x00000000cef00000, 0x00000000cef00000| Untracked 
| 240|0x00000000cf000000, 0x00000000cf000000, 0x00000000cf100000|  0%| F|  |TAMS 0x00000000cf000000, 0x00000000cf000000| Untracked 
| 241|0x00000000cf100000, 0x00000000cf100000, 0x00000000cf200000|  0%| F|  |TAMS 0x00000000cf100000, 0x00000000cf100000| Untracked 
| 242|0x00000000cf200000, 0x00000000cf200000, 0x00000000cf300000|  0%| F|  |TAMS 0x00000000cf200000, 0x00000000cf200000| Untracked 
| 243|0x00000000cf300000, 0x00000000cf300000, 0x00000000cf400000|  0%| F|  |TAMS 0x00000000cf300000, 0x00000000cf300000| Untracked 
| 244|0x00000000cf400000, 0x00000000cf400000, 0x00000000cf500000|  0%| F|  |TAMS 0x00000000cf400000, 0x00000000cf400000| Untracked 
| 245|0x00000000cf500000, 0x00000000cf500000, 0x00000000cf600000|  0%| F|  |TAMS 0x00000000cf500000, 0x00000000cf500000| Untracked 
| 246|0x00000000cf600000, 0x00000000cf600000, 0x00000000cf700000|  0%| F|  |TAMS 0x00000000cf600000, 0x00000000cf600000| Untracked 
| 247|0x00000000cf700000, 0x00000000cf700000, 0x00000000cf800000|  0%| F|  |TAMS 0x00000000cf700000, 0x00000000cf700000| Untracked 
| 248|0x00000000cf800000, 0x00000000cf800000, 0x00000000cf900000|  0%| F|  |TAMS 0x00000000cf800000, 0x00000000cf800000| Untracked 
| 249|0x00000000cf900000, 0x00000000cf900000, 0x00000000cfa00000|  0%| F|  |TAMS 0x00000000cf900000, 0x00000000cf900000| Untracked 
| 250|0x00000000cfa00000, 0x00000000cfa00000, 0x00000000cfb00000|  0%| F|  |TAMS 0x00000000cfa00000, 0x00000000cfa00000| Untracked 
| 251|0x00000000cfb00000, 0x00000000cfb00000, 0x00000000cfc00000|  0%| F|  |TAMS 0x00000000cfb00000, 0x00000000cfb00000| Untracked 
| 252|0x00000000cfc00000, 0x00000000cfc00000, 0x00000000cfd00000|  0%| F|  |TAMS 0x00000000cfc00000, 0x00000000cfc00000| Untracked 
| 253|0x00000000cfd00000, 0x00000000cfdcdf30, 0x00000000cfe00000| 80%| E|  |TAMS 0x00000000cfd00000, 0x00000000cfd00000| Complete 
| 254|0x00000000cfe00000, 0x00000000cff00000, 0x00000000cff00000|100%| E|CS|TAMS 0x00000000cfe00000, 0x00000000cfe00000| Complete 
| 255|0x00000000cff00000, 0x00000000d0000000, 0x00000000d0000000|100%| E|CS|TAMS 0x00000000cff00000, 0x00000000cff00000| Complete 

Card table byte_map: [0x00007eff04ef9000,0x00007eff050f9000] _byte_map_base: 0x00007eff048f9000

Marking Bits (Prev, Next): (CMBitMap*) 0x00007eff1c05c100, (CMBitMap*) 0x00007eff1c05c0c8
 Prev Bits: [0x00007efefe000000, 0x00007efeff000000)
 Next Bits: [0x00007efeff000000, 0x00007eff00000000)

Polling page: 0x00007eff22be5000

Metaspace:

Usage:
  Non-class:     18.88 MB capacity,    18.64 MB ( 99%) used,   204.20 KB (  1%) free+waste,    39.12 KB ( <1%) overhead. 
      Class:      2.23 MB capacity,     2.07 MB ( 93%) used,   146.12 KB (  6%) free+waste,    17.44 KB ( <1%) overhead. 
       Both:     21.11 MB capacity,    20.72 MB ( 98%) used,   350.33 KB (  2%) free+waste,    56.56 KB ( <1%) overhead. 

Virtual space:
  Non-class space:       20.00 MB reserved,      19.00 MB ( 95%) committed 
      Class space:        1.00 GB reserved,       2.25 MB ( <1%) committed 
             Both:        1.02 GB reserved,      21.25 MB (  2%) committed 

Chunk freelists:
   Non-Class:  42.00 KB
       Class:  18.00 KB
        Both:  60.00 KB

MaxMetaspaceSize: unlimited
CompressedClassSpaceSize: 1.00 GB
Initial GC threshold: 20.80 MB
Current GC threshold: 35.00 MB
CDS: off

CodeHeap 'non-profiled nmethods': size=120032Kb used=828Kb max_used=828Kb free=119203Kb
 bounds [0x00007eff0d4c8000, 0x00007eff0d738000, 0x00007eff14a00000]
CodeHeap 'profiled nmethods': size=120028Kb used=4128Kb max_used=4128Kb free=115899Kb
 bounds [0x00007eff05f91000, 0x00007eff063a1000, 0x00007eff0d4c8000]
CodeHeap 'non-nmethods': size=5700Kb used=1205Kb max_used=1205Kb free=4494Kb
 bounds [0x00007eff05a00000, 0x00007eff05c70000, 0x00007eff05f91000]
 total_blobs=2509 nmethods=2049 adapters=371
 compilation: enabled
              stopped_count=0, restarted_count=0
 full_count=0

Compilation events (20 events):
Event: 2.361 Thread 0x00007eff1c1eb800 nmethod 2026 0x00007eff06381790 code [0x00007eff06381940, 0x00007eff06381b00]
Event: 2.364 Thread 0x00007efed049b000 nmethod 1978% 0x00007eff0d594990 code [0x00007eff0d594b60, 0x00007eff0d5953d8]
Event: 2.364 Thread 0x00007efed049b000 2013       4       java.lang.String::<init> (15 bytes)
Event: 2.366 Thread 0x00007efed049b000 nmethod 2013 0x00007eff0d595710 code [0x00007eff0d5958a0, 0x00007eff0d5959d8]
Event: 2.366 Thread 0x00007efed049b000 1980       4       jdk.internal.org.objectweb.asm.ClassWriter::put (152 bytes)
Event: 2.371 Thread 0x00007efed049b000 nmethod 1980 0x00007eff0d595a90 code [0x00007eff0d595c20, 0x00007eff0d595ef8]
Event: 2.371 Thread 0x00007efed049b000 1979       4       jdk.internal.org.objectweb.asm.ByteVector::putByte (39 bytes)
Event: 2.373 Thread 0x00007efed049b000 nmethod 1979 0x00007eff0d596390 code [0x00007eff0d596540, 0x00007eff0d596668]
Event: 2.373 Thread 0x00007efed049b000 1976       4       jdk.internal.org.objectweb.asm.Frame::execute (2264 bytes)
Event: 2.381 Thread 0x00007eff1c1eb800 2029       3       java.nio.CharBuffer::hasArray (20 bytes)
Event: 2.382 Thread 0x00007eff1c1eb800 nmethod 2029 0x00007eff06381c10 code [0x00007eff06381dc0, 0x00007eff06381f50]
Event: 2.382 Thread 0x00007eff1c1eb800 2030       3       java.nio.ByteBuffer::hasArray (20 bytes)
Event: 2.382 Thread 0x00007eff1c1eb800 nmethod 2030 0x00007eff06382010 code [0x00007eff063821c0, 0x00007eff06382350]
Event: 2.382 Thread 0x00007eff1c1eb800 2031       3       java.nio.charset.CoderResult::isOverflow (14 bytes)
Event: 2.382 Thread 0x00007eff1c1eb800 nmethod 2031 0x00007eff06382410 code [0x00007eff063825c0, 0x00007eff06382710]
Event: 2.392 Thread 0x00007eff1c1eb800 2032   !   3       java.lang.ref.ReferenceQueue::enqueue (119 bytes)
Event: 2.393 Thread 0x00007eff1c1eb800 nmethod 2032 0x00007eff06382790 code [0x00007eff06382980, 0x00007eff063830e0]
Event: 2.393 Thread 0x00007eff1c1eb800 2033       3       java.lang.ref.ReferenceQueue::reallyPoll (65 bytes)
Event: 2.393 Thread 0x00007eff1c1eb800 nmethod 2033 0x00007eff06383290 code [0x00007eff06383480, 0x00007eff06383970]
Event: 2.394 Thread 0x00007eff1c1eb800 2035       3       sun.nio.cs.UTF_8$Decoder::decodeArrayLoop (691 bytes)

GC Heap History (6 events):
Event: 0.953 GC heap before
{Heap before GC invocations=0 (full 0):
 garbage-first heap   total 262144K, used 28672K [0x00000000c0000000, 0x0000000100000000)
  region size 1024K, 24 young (24576K), 0 survivors (0K)
 Metaspace       used 11889K, capacity 12073K, committed 12160K, reserved 1060864K
  class space    used 1049K, capacity 1107K, committed 1152K, reserved 1048576K
}
Event: 0.963 GC heap after
{Heap after GC invocations=1 (full 0):
 garbage-first heap   total 262144K, used 11886K [0x00000000c0000000, 0x0000000100000000)
  region size 1024K, 3 young (3072K), 3 survivors (3072K)
 Metaspace       used 11889K, capacity 12073K, committed 12160K, reserved 1060864K
  class space    used 1049K, capacity 1107K, committed 1152K, reserved 1048576K
}
Event: 1.492 GC heap before
{Heap before GC invocations=1 (full 0):
 garbage-first heap   total 262144K, used 31342K [0x00000000c0000000, 0x0000000100000000)
  region size 1024K, 22 young (22528K), 3 survivors (3072K)
 Metaspace       used 16347K, capacity 16551K, committed 16768K, reserved 1064960K
  class space    used 1527K, capacity 1638K, committed 1664K, reserved 1048576K
}
Event: 1.499 GC heap after
{Heap after GC invocations=2 (full 0):
 garbage-first heap   total 262144K, used 13790K [0x00000000c0000000, 0x0000000100000000)
  region size 1024K, 2 young (2048K), 2 survivors (2048K)
 Metaspace       used 16347K, capacity 16551K, committed 16768K, reserved 1064960K
  class space    used 1527K, capacity 1638K, committed 1664K, reserved 1048576K
}
Event: 2.383 GC heap before
{Heap before GC invocations=2 (full 0):
 garbage-first heap   total 262144K, used 45534K [0x00000000c0000000, 0x0000000100000000)
  region size 1024K, 34 young (34816K), 2 survivors (2048K)
 Metaspace       used 20750K, capacity 21151K, committed 21504K, reserved 1069056K
  class space    used 2050K, capacity 2215K, committed 2304K, reserved 1048576K
}
Event: 2.391 GC heap after
{Heap after GC invocations=3 (full 0):
 garbage-first heap   total 262144K, used 15726K [0x00000000c0000000, 0x0000000100000000)
  region size 1024K, 4 young (4096K), 4 survivors (4096K)
 Metaspace       used 20750K, capacity 21151K, committed 21504K, reserved 1069056K
  class space    used 2050K, capacity 2215K, committed 2304K, reserved 1048576K
}

Deoptimization events (20 events):
Event: 1.842 Thread 0x00007eff1ce82000 DEOPT PACKING pc=0x00007eff0d56bd6c sp=0x00007efef4feff80
Event: 1.842 Thread 0x00007eff1ce82000 DEOPT UNPACKING pc=0x00007eff05a49ea5 sp=0x00007efef4feff10 mode 2
Event: 1.854 Thread 0x00007eff1ce82000 DEOPT PACKING pc=0x00007eff062288b6 sp=0x00007efef4ff0760
Event: 1.854 Thread 0x00007eff1ce82000 DEOPT UNPACKING pc=0x00007eff05a4a64a sp=0x00007efef4fefc78 mode 0
Event: 1.864 Thread 0x00007eff1ce82000 DEOPT PACKING pc=0x00007eff062288b6 sp=0x00007efef4ff0ec0
Event: 1.864 Thread 0x00007eff1ce82000 DEOPT UNPACKING pc=0x00007eff05a4a64a sp=0x00007efef4ff03d8 mode 0
Event: 1.871 Thread 0x00007eff1ce82000 DEOPT PACKING pc=0x00007eff062288b6 sp=0x00007efef4ff0db0
Event: 1.871 Thread 0x00007eff1ce82000 DEOPT UNPACKING pc=0x00007eff05a4a64a sp=0x00007efef4ff02c8 mode 0
Event: 2.178 Thread 0x00007eff1ce82000 Uncommon trap: trap_request=0xffffffbe fr.pc=0x00007eff0d58275c relative=0x00000000000006fc
Event: 2.178 Thread 0x00007eff1ce82000 Uncommon trap: reason=profile_predicate action=maybe_recompile pc=0x00007eff0d58275c method=java.lang.PublicMethods$MethodList.filter([Ljava/lang/reflect/Method;Ljava/lang/String;[Ljava/lang/Class;Z)Ljava/lang/PublicMethods$MethodList; @ 21 c2
Event: 2.178 Thread 0x00007eff1ce82000 DEOPT PACKING pc=0x00007eff0d58275c sp=0x00007efef4fefee0
Event: 2.178 Thread 0x00007eff1ce82000 DEOPT UNPACKING pc=0x00007eff05a49ea5 sp=0x00007efef4fefe98 mode 2
Event: 2.260 Thread 0x00007eff1ce82000 Uncommon trap: trap_request=0xffffffbe fr.pc=0x00007eff0d58275c relative=0x00000000000006fc
Event: 2.260 Thread 0x00007eff1ce82000 Uncommon trap: reason=profile_predicate action=maybe_recompile pc=0x00007eff0d58275c method=java.lang.PublicMethods$MethodList.filter([Ljava/lang/reflect/Method;Ljava/lang/String;[Ljava/lang/Class;Z)Ljava/lang/PublicMethods$MethodList; @ 21 c2
Event: 2.260 Thread 0x00007eff1ce82000 DEOPT PACKING pc=0x00007eff0d58275c sp=0x00007efef4ff0cf0
Event: 2.260 Thread 0x00007eff1ce82000 DEOPT UNPACKING pc=0x00007eff05a49ea5 sp=0x00007efef4ff0ca8 mode 2
Event: 2.392 Thread 0x00007eff1ce82000 Uncommon trap: trap_request=0xffffffbe fr.pc=0x00007eff0d58275c relative=0x00000000000006fc
Event: 2.392 Thread 0x00007eff1ce82000 Uncommon trap: reason=profile_predicate action=maybe_recompile pc=0x00007eff0d58275c method=java.lang.PublicMethods$MethodList.filter([Ljava/lang/reflect/Method;Ljava/lang/String;[Ljava/lang/Class;Z)Ljava/lang/PublicMethods$MethodList; @ 21 c2
Event: 2.392 Thread 0x00007eff1ce82000 DEOPT PACKING pc=0x00007eff0d58275c sp=0x00007efef4ff00d0
Event: 2.392 Thread 0x00007eff1ce82000 DEOPT UNPACKING pc=0x00007eff05a49ea5 sp=0x00007efef4ff0088 mode 2

Classes redefined (0 events):
No events

Internal exceptions (17 events):
Event: 0.526 Thread 0x00007eff1c02b000 Exception <a 'java/lang/IncompatibleClassChangeError'{0x00000000cf241ae0}: Found class java.lang.Object, but interface was expected> (0x00000000cf241ae0) thrown at [./src/hotspot/share/interpreter/linkResolver.cpp, line 839]
Event: 0.651 Thread 0x00007eff1c02b000 Exception <a 'sun/nio/fs/UnixException'{0x00000000ced34130}> (0x00000000ced34130) thrown at [./src/hotspot/share/prims/jni.cpp, line 617]
Event: 1.013 Thread 0x00007eff1c02b000 Exception <a 'java/lang/NoSuchMethodError'{0x00000000cfee1920}: 'void java.lang.invoke.DirectMethodHandle$Holder.invokeInterface(java.lang.Object, java.lang.Object)'> (0x00000000cfee1920) thrown at [./src/hotspot/share/interpreter/linkResolver.cpp, line 773]
Event: 1.568 Thread 0x00007eff1c02b000 Exception <a 'java/lang/NoSuchMethodError'{0x00000000cfb2cbe8}: 'void java.lang.invoke.DirectMethodHandle$Holder.invokeSpecial(java.lang.Object, java.lang.Object, java.lang.Object, java.lang.Object)'> (0x00000000cfb2cbe8) thrown at [./src/hotspot/share/interpreter/linkResolver.cpp, line 773]
Event: 1.803 Thread 0x00007eff1ce82000 Exception <a 'java/lang/NoSuchMethodError'{0x00000000cee5eb88}: 'java.lang.Object java.lang.invoke.DirectMethodHandle$Holder.invokeStaticInit(java.lang.Object, int, int, int, int)'> (0x00000000cee5eb88) thrown at [./src/hotspot/share/interpreter/linkResolver.cpp, line 773]
Event: 1.825 Thread 0x00007eff1ce82000 Exception <a 'java/lang/NoSuchMethodError'{0x00000000ceee1cf8}: 'java.lang.Object java.lang.invoke.DirectMethodHandle$Holder.invokeStaticInit(java.lang.Object, java.lang.Object, int, int, int, int)'> (0x00000000ceee1cf8) thrown at [./src/hotspot/share/interpreter/linkResolver.cpp, line 773]
Event: 2.174 Thread 0x00007eff1ce82000 Exception <a 'java/lang/NoSuchMethodError'{0x00000000ce72f960}: 'int java.lang.invoke.DirectMethodHandle$Holder.invokeStaticInit(java.lang.Object, java.lang.Object)'> (0x00000000ce72f960) thrown at [./src/hotspot/share/interpreter/linkResolver.cpp, line 773]
Event: 2.220 Thread 0x00007eff1ce82000 Exception <a 'java/lang/NoSuchMethodError'{0x00000000ce7d06d8}: 'java.lang.Object java.lang.invoke.DirectMethodHandle$Holder.invokeStatic(java.lang.Object, java.lang.Object, java.lang.Object, java.lang.Object, java.lang.Object, java.lang.Object, java.lang.Object, java.lang.Object, java.lang.Object, java.lang.Object, java.lang.Object, java.lang.Object, java.lang.Object, java.lang.Object, java.lang.Object)'> (0x00000000ce7d06d8) thrown at [./src/hotspot/share/interpreter/linkResolver.cpp, line 773]
Event: 2.225 Thread 0x00007eff1ce82000 Exception <a 'java/lang/NoSuchMethodError'{0x00000000ce7e50e0}: 'java.lang.Object java.lang.invoke.DirectMethodHandle$Holder.invokeStatic(java.lang.Object, java.lang.Object, java.lang.Object, java.lang.Object, java.lang.Object, java.lang.Object, java.lang.Object, java.lang.Object, java.lang.Object, java.lang.Object, java.lang.Object, java.lang.Object, java.lang.Object, java.lang.Object, java.lang.Object, java.lang.Object)'> (0x00000000ce7e50e0) thrown at [./src/hotspot/share/interpreter/linkResolver.cpp, l
Event: 2.227 Thread 0x00007eff1ce82000 Exception <a 'java/lang/NoSuchMethodError'{0x00000000ce7f32a8}: 'java.lang.Object java.lang.invoke.DirectMethodHandle$Holder.invokeSpecial(java.lang.Object, java.lang.Object, int, int, int, java.lang.Object, java.lang.Object, java.lang.Object, java.lang.Object)'> (0x00000000ce7f32a8) thrown at [./src/hotspot/share/interpreter/linkResolver.cpp, line 773]
Event: 2.228 Thread 0x00007eff1ce82000 Exception <a 'java/lang/NoSuchMethodError'{0x00000000ce7f6a60}: 'java.lang.Object java.lang.invoke.DelegatingMethodHandle$Holder.reinvoke_L(java.lang.Object, int, int, int, java.lang.Object, java.lang.Object, java.lang.Object, java.lang.Object)'> (0x00000000ce7f6a60) thrown at [./src/hotspot/share/interpreter/linkResolver.cpp, line 773]
Event: 2.233 Thread 0x00007eff1ce82000 Exception <a 'java/lang/NoSuchMethodError'{0x00000000ce61a7b0}: 'java.lang.Object java.lang.invoke.DirectMethodHandle$Holder.invokeStatic(java.lang.Object, java.lang.Object, java.lang.Object, java.lang.Object, java.lang.Object, java.lang.Object, java.lang.Object, int)'> (0x00000000ce61a7b0) thrown at [./src/hotspot/share/interpreter/linkResolver.cpp, line 773]
Event: 2.298 Thread 0x00007efea001a800 Exception <a 'java/lang/NoSuchMethodError'{0x00000000cea5ef68}: 'int java.lang.invoke.DirectMethodHandle$Holder.invokeSpecialIFC(java.lang.Object, java.lang.Object, java.lang.Object, java.lang.Object)'> (0x00000000cea5ef68) thrown at [./src/hotspot/share/interpreter/linkResolver.cpp, line 773]
Event: 2.341 Thread 0x00007eff1ce82000 Exception <a 'sun/nio/fs/UnixException'{0x00000000ce1a8bb8}> (0x00000000ce1a8bb8) thrown at [./src/hotspot/share/prims/jni.cpp, line 617]
Event: 2.354 Thread 0x00007efe94004800 Exception <a 'java/lang/NoSuchMethodError'{0x00000000ce08fb08}: 'java.lang.Object java.lang.invoke.Invokers$Holder.linkToTargetMethod(java.lang.Object, java.lang.Object, java.lang.Object, java.lang.Object, java.lang.Object, java.lang.Object)'> (0x00000000ce08fb08) thrown at [./src/hotspot/share/interpreter/linkResolver.cpp, line 773]
Event: 2.358 Thread 0x00007efe94004800 Exception <a 'java/lang/NoSuchMethodError'{0x00000000ce0a9988}: 'java.lang.Object java.lang.invoke.Invokers$Holder.linkToTargetMethod(java.lang.Object, java.lang.Object, java.lang.Object, java.lang.Object, java.lang.Object, java.lang.Object, java.lang.Object)'> (0x00000000ce0a9988) thrown at [./src/hotspot/share/interpreter/linkResolver.cpp, line 773]
Event: 2.372 Thread 0x00007efe94004800 Exception <a 'java/lang/NoSuchMethodError'{0x00000000cdf9e0f8}: 'int java.lang.invoke.DirectMethodHandle$Holder.invokeSpecialIFC(java.lang.Object, java.lang.Object, int)'> (0x00000000cdf9e0f8) thrown at [./src/hotspot/share/interpreter/linkResolver.cpp, line 773]

Events (20 events):
Event: 2.397 loading class io/ballerina/toml/internal/parser/tree/STStringLiteralNode done
Event: 2.397 loading class io/ballerina/toml/internal/parser/tree/STLiteralStringLiteralNode
Event: 2.397 loading class io/ballerina/toml/internal/parser/tree/STLiteralStringLiteralNode done
Event: 2.397 loading class io/ballerina/toml/internal/parser/tree/STArrayNode
Event: 2.397 loading class io/ballerina/toml/internal/parser/tree/STArrayNode done
Event: 2.398 loading class io/ballerina/toml/internal/parser/tree/STDocumentNode
Event: 2.398 loading class io/ballerina/toml/internal/parser/tree/STDocumentNode done
Event: 2.398 loading class io/ballerina/projects/internal/bala/CompilerPluginJson
Event: 2.398 loading class io/ballerina/projects/internal/bala/CompilerPluginJson done
Event: 2.398 loading class io/ballerina/toml/syntax/tree/DocumentNode
Event: 2.398 loading class io/ballerina/toml/syntax/tree/DocumentNode done
Event: 2.399 loading class io/ballerina/toml/internal/syntax/SyntaxUtils
Event: 2.399 loading class io/ballerina/toml/internal/syntax/SyntaxUtils done
Event: 2.399 loading class io/ballerina/toml/internal/diagnostics/SyntaxDiagnostic
Event: 2.399 loading class io/ballerina/toml/internal/diagnostics/SyntaxDiagnostic done
Event: 2.400 loading class io/ballerina/toml/semantic/ast/TomlTransformer
Event: 2.400 loading class io/ballerina/toml/semantic/ast/TomlTransformer done
Event: 2.400 loading class io/ballerina/projects/internal/model/PlatformLibrary
Event: 2.400 loading class io/ballerina/projects/internal/model/PlatformLibrary done
Event: 2.400 Executing VM operation: CGC_Operation


Dynamic libraries:
c0000000-d0000000 rw-p 00000000 00:00 0 
d0000000-100000000 ---p 00000000 00:00 0 
100000000-100240000 rw-p 00000000 00:00 0 
100240000-140000000 ---p 00000000 00:00 0 
55aefa800000-55aefa801000 r-xp 00000000 08:02 57045341                   /usr/lib/ballerina/dependencies/jdk-11.0.18+10-jre/bin/java
55aefaa01000-55aefaa02000 r--p 00001000 08:02 57045341                   /usr/lib/ballerina/dependencies/jdk-11.0.18+10-jre/bin/java
55aefaa02000-55aefaa03000 rw-p 00002000 08:02 57045341                   /usr/lib/ballerina/dependencies/jdk-11.0.18+10-jre/bin/java
55aefb955000-55aefb976000 rw-p 00000000 00:00 0                          [heap]
7efe8c000000-7efe8c021000 rw-p 00000000 00:00 0 
7efe8c021000-7efe90000000 ---p 00000000 00:00 0 
7efe94000000-7efe94021000 rw-p 00000000 00:00 0 
7efe94021000-7efe98000000 ---p 00000000 00:00 0 
7efe98000000-7efe98021000 rw-p 00000000 00:00 0 
7efe98021000-7efe9c000000 ---p 00000000 00:00 0 
7efe9c000000-7efe9c021000 rw-p 00000000 00:00 0 
7efe9c021000-7efea0000000 ---p 00000000 00:00 0 
7efea0000000-7efea00f8000 rw-p 00000000 00:00 0 
7efea00f8000-7efea4000000 ---p 00000000 00:00 0 
7efea4000000-7efea4021000 rw-p 00000000 00:00 0 
7efea4021000-7efea8000000 ---p 00000000 00:00 0 
7efea8000000-7efea8021000 rw-p 00000000 00:00 0 
7efea8021000-7efeac000000 ---p 00000000 00:00 0 
7efeac000000-7efeac021000 rw-p 00000000 00:00 0 
7efeac021000-7efeb0000000 ---p 00000000 00:00 0 
7efeb0000000-7efeb0021000 rw-p 00000000 00:00 0 
7efeb0021000-7efeb4000000 ---p 00000000 00:00 0 
7efeb4000000-7efeb4343000 rw-p 00000000 00:00 0 
7efeb4343000-7efeb8000000 ---p 00000000 00:00 0 
7efeb8000000-7efeb8021000 rw-p 00000000 00:00 0 
7efeb8021000-7efebc000000 ---p 00000000 00:00 0 
7efebc000000-7efebc021000 rw-p 00000000 00:00 0 
7efebc021000-7efec0000000 ---p 00000000 00:00 0 
7efec0000000-7efec037d000 rw-p 00000000 00:00 0 
7efec037d000-7efec4000000 ---p 00000000 00:00 0 
7efec4000000-7efec4021000 rw-p 00000000 00:00 0 
7efec4021000-7efec8000000 ---p 00000000 00:00 0 
7efec8000000-7efec8021000 rw-p 00000000 00:00 0 
7efec8021000-7efecc000000 ---p 00000000 00:00 0 
7efecc000000-7efecc6da000 rw-p 00000000 00:00 0 
7efecc6da000-7efed0000000 ---p 00000000 00:00 0 
7efed0000000-7efed04a1000 rw-p 00000000 00:00 0 
7efed04a1000-7efed4000000 ---p 00000000 00:00 0 
7efed4000000-7efed4021000 rw-p 00000000 00:00 0 
7efed4021000-7efed8000000 ---p 00000000 00:00 0 
7efed8000000-7efed8021000 rw-p 00000000 00:00 0 
7efed8021000-7efedc000000 ---p 00000000 00:00 0 
7efedc000000-7efedc021000 rw-p 00000000 00:00 0 
7efedc021000-7efee0000000 ---p 00000000 00:00 0 
7efee0000000-7efee0021000 rw-p 00000000 00:00 0 
7efee0021000-7efee4000000 ---p 00000000 00:00 0 
7efee4000000-7efee4021000 rw-p 00000000 00:00 0 
7efee4021000-7efee8000000 ---p 00000000 00:00 0 
7efee8000000-7efee8021000 rw-p 00000000 00:00 0 
7efee8021000-7efeec000000 ---p 00000000 00:00 0 
7efeec000000-7efeec021000 rw-p 00000000 00:00 0 
7efeec021000-7efef0000000 ---p 00000000 00:00 0 
7efef0000000-7efef0021000 rw-p 00000000 00:00 0 
7efef0021000-7efef4000000 ---p 00000000 00:00 0 
7efef4580000-7efef47f0000 rw-p 00000000 00:00 0 
7efef47f0000-7efef47f1000 ---p 00000000 00:00 0 
7efef47f1000-7efef48f2000 rw-p 00000000 00:00 0 
7efef48f2000-7efef48f3000 ---p 00000000 00:00 0 
7efef48f3000-7efef4af4000 rw-p 00000000 00:00 0 
7efef4af4000-7efef4bf4000 ---p 00000000 00:00 0 
7efef4bf4000-7efef4bf8000 ---p 00000000 00:00 0 
7efef4bf8000-7efef4ef4000 rw-p 00000000 00:00 0 
7efef4ef4000-7efef4ef8000 ---p 00000000 00:00 0 
7efef4ef8000-7efef51b4000 rw-p 00000000 00:00 0 
7efef51b4000-7efef53f4000 rw-p 00000000 00:00 0 
7efef53f4000-7efef53f5000 ---p 00000000 00:00 0 
7efef53f5000-7efef54f6000 rw-p 00000000 00:00 0 
7efef54f6000-7efef54f7000 ---p 00000000 00:00 0 
7efef54f7000-7efef55f8000 rw-p 00000000 00:00 0 
7efef55f8000-7efef55f9000 ---p 00000000 00:00 0 
7efef55f9000-7efef56fa000 rw-p 00000000 00:00 0 
7efef56fa000-7efef56fb000 ---p 00000000 00:00 0 
7efef56fb000-7efef57fc000 rw-p 00000000 00:00 0 
7efef57fc000-7efef57fd000 ---p 00000000 00:00 0 
7efef57fd000-7efef58fe000 rw-p 00000000 00:00 0 
7efef58fe000-7efef58ff000 ---p 00000000 00:00 0 
7efef58ff000-7efef5bc0000 rw-p 00000000 00:00 0 
7efef5bc0000-7efef5e00000 rw-p 00000000 00:00 0 
7efef5e00000-7efef5e15000 r-xp 00000000 08:02 57045601                   /usr/lib/ballerina/dependencies/jdk-11.0.18+10-jre/lib/libnet.so
7efef5e15000-7efef6014000 ---p 00015000 08:02 57045601                   /usr/lib/ballerina/dependencies/jdk-11.0.18+10-jre/lib/libnet.so
7efef6014000-7efef6015000 r--p 00014000 08:02 57045601                   /usr/lib/ballerina/dependencies/jdk-11.0.18+10-jre/lib/libnet.so
7efef6015000-7efef6016000 rw-p 00015000 08:02 57045601                   /usr/lib/ballerina/dependencies/jdk-11.0.18+10-jre/lib/libnet.so
7efef6100000-7efef6104000 ---p 00000000 00:00 0 
7efef6104000-7efef6200000 rw-p 00000000 00:00 0 
7efef6200000-7efef6210000 r-xp 00000000 08:02 57045602                   /usr/lib/ballerina/dependencies/jdk-11.0.18+10-jre/lib/libnio.so
7efef6210000-7efef640f000 ---p 00010000 08:02 57045602                   /usr/lib/ballerina/dependencies/jdk-11.0.18+10-jre/lib/libnio.so
7efef640f000-7efef6410000 r--p 0000f000 08:02 57045602                   /usr/lib/ballerina/dependencies/jdk-11.0.18+10-jre/lib/libnio.so
7efef6410000-7efef6411000 rw-p 00010000 08:02 57045602                   /usr/lib/ballerina/dependencies/jdk-11.0.18+10-jre/lib/libnio.so
7efef64fe000-7efef6502000 ---p 00000000 00:00 0 
7efef6502000-7efef65fe000 rw-p 00000000 00:00 0 
7efef65fe000-7efef6602000 ---p 00000000 00:00 0 
7efef6602000-7efef66fe000 rw-p 00000000 00:00 0 
7efef66fe000-7efef66ff000 ---p 00000000 00:00 0 
7efef66ff000-7efef6800000 rw-p 00000000 00:00 0 
7efef6800000-7efef6804000 ---p 00000000 00:00 0 
7efef6804000-7efef6900000 rw-p 00000000 00:00 0 
7efef6900000-7efef6904000 ---p 00000000 00:00 0 
7efef6904000-7efef6a00000 rw-p 00000000 00:00 0 
7efef6a00000-7efef6a04000 ---p 00000000 00:00 0 
7efef6a04000-7efef6b00000 rw-p 00000000 00:00 0 
7efef6b00000-7efef6b04000 ---p 00000000 00:00 0 
7efef6b04000-7efef6c00000 rw-p 00000000 00:00 0 
7efef6c00000-7efef7173000 r--p 00000000 08:02 55837775                   /usr/lib/locale/locale-archive
7efef71fa000-7efef71fe000 ---p 00000000 00:00 0 
7efef71fe000-7efef72fa000 rw-p 00000000 00:00 0 
7efef72fa000-7efef72fe000 ---p 00000000 00:00 0 
7efef72fe000-7efef73fa000 rw-p 00000000 00:00 0 
7efef73fa000-7efef73fe000 ---p 00000000 00:00 0 
7efef73fe000-7efef74fa000 rw-p 00000000 00:00 0 
7efef74fa000-7efef74fb000 ---p 00000000 00:00 0 
7efef74fb000-7efef7dfc000 rw-p 00000000 00:00 0 
7efef7dfc000-7efef7dfd000 ---p 00000000 00:00 0 
7efef7dfd000-7efef7efe000 rw-p 00000000 00:00 0 
7efef7efe000-7efef7eff000 ---p 00000000 00:00 0 
7efef7eff000-7efef8000000 rw-p 00000000 00:00 0 
7efef8000000-7efef8021000 rw-p 00000000 00:00 0 
7efef8021000-7efefc000000 ---p 00000000 00:00 0 
7efefc000000-7efefe400000 rw-p 00000000 00:00 0 
7efefe400000-7efeff000000 ---p 00000000 00:00 0 
7efeff000000-7efeff400000 rw-p 00000000 00:00 0 
7efeff400000-7eff00000000 ---p 00000000 00:00 0 
7eff00000000-7eff00021000 rw-p 00000000 00:00 0 
7eff00021000-7eff04000000 ---p 00000000 00:00 0 
7eff040eb000-7eff04af5000 rw-p 00000000 00:00 0 
7eff04af5000-7eff04af6000 ---p 00000000 00:00 0 
7eff04af6000-7eff04bf7000 rw-p 00000000 00:00 0 
7eff04bf7000-7eff04bf8000 ---p 00000000 00:00 0 
7eff04bf8000-7eff04d79000 rw-p 00000000 00:00 0 
7eff04d79000-7eff04ef9000 ---p 00000000 00:00 0 
7eff04ef9000-7eff04f79000 rw-p 00000000 00:00 0 
7eff04f79000-7eff050f9000 ---p 00000000 00:00 0 
7eff050f9000-7eff05179000 rw-p 00000000 00:00 0 
7eff05179000-7eff052f9000 ---p 00000000 00:00 0 
7eff052f9000-7eff05a00000 rw-p 00000000 00:00 0 
7eff05a00000-7eff05c70000 rwxp 00000000 00:00 0 
7eff05c70000-7eff05f91000 ---p 00000000 00:00 0 
7eff05f91000-7eff063a1000 rwxp 00000000 00:00 0 
7eff063a1000-7eff0d4c8000 ---p 00000000 00:00 0 
7eff0d4c8000-7eff0d738000 rwxp 00000000 00:00 0 
7eff0d738000-7eff14a00000 ---p 00000000 00:00 0 
7eff14a00000-7eff1bb45000 r--s 00000000 08:02 57045611                   /usr/lib/ballerina/dependencies/jdk-11.0.18+10-jre/lib/modules
7eff1bc00000-7eff1bc07000 r-xp 00000000 08:02 57045610                   /usr/lib/ballerina/dependencies/jdk-11.0.18+10-jre/lib/libzip.so
7eff1bc07000-7eff1be07000 ---p 00007000 08:02 57045610                   /usr/lib/ballerina/dependencies/jdk-11.0.18+10-jre/lib/libzip.so
7eff1be07000-7eff1be08000 r--p 00007000 08:02 57045610                   /usr/lib/ballerina/dependencies/jdk-11.0.18+10-jre/lib/libzip.so
7eff1be08000-7eff1be09000 rw-p 00008000 08:02 57045610                   /usr/lib/ballerina/dependencies/jdk-11.0.18+10-jre/lib/libzip.so
7eff1beff000-7eff1c000000 rw-p 00000000 00:00 0 
7eff1c000000-7eff1ce93000 rw-p 00000000 00:00 0 
7eff1ce93000-7eff20000000 ---p 00000000 00:00 0 
7eff200ff000-7eff20200000 rw-p 00000000 00:00 0 
7eff20200000-7eff2021b000 r-xp 00000000 08:02 57045593                   /usr/lib/ballerina/dependencies/jdk-11.0.18+10-jre/lib/libjimage.so
7eff2021b000-7eff2041a000 ---p 0001b000 08:02 57045593                   /usr/lib/ballerina/dependencies/jdk-11.0.18+10-jre/lib/libjimage.so
7eff2041a000-7eff2041c000 r--p 0001a000 08:02 57045593                   /usr/lib/ballerina/dependencies/jdk-11.0.18+10-jre/lib/libjimage.so
7eff2041c000-7eff2041d000 rw-p 0001c000 08:02 57045593                   /usr/lib/ballerina/dependencies/jdk-11.0.18+10-jre/lib/libjimage.so
7eff204ff000-7eff20600000 rw-p 00000000 00:00 0 
7eff20600000-7eff20628000 r-xp 00000000 08:02 57045589                   /usr/lib/ballerina/dependencies/jdk-11.0.18+10-jre/lib/libjava.so
7eff20628000-7eff20828000 ---p 00028000 08:02 57045589                   /usr/lib/ballerina/dependencies/jdk-11.0.18+10-jre/lib/libjava.so
7eff20828000-7eff20829000 r--p 00028000 08:02 57045589                   /usr/lib/ballerina/dependencies/jdk-11.0.18+10-jre/lib/libjava.so
7eff20829000-7eff2082a000 rw-p 00029000 08:02 57045589                   /usr/lib/ballerina/dependencies/jdk-11.0.18+10-jre/lib/libjava.so
7eff2082a000-7eff2082b000 rw-p 00000000 00:00 0 
7eff2087d000-7eff208fe000 rw-p 00000000 00:00 0 
7eff208fe000-7eff208ff000 ---p 00000000 00:00 0 
7eff208ff000-7eff20a00000 rw-p 00000000 00:00 0 
7eff20a00000-7eff20a0d000 r-xp 00000000 08:02 57045609                   /usr/lib/ballerina/dependencies/jdk-11.0.18+10-jre/lib/libverify.so
7eff20a0d000-7eff20c0c000 ---p 0000d000 08:02 57045609                   /usr/lib/ballerina/dependencies/jdk-11.0.18+10-jre/lib/libverify.so
7eff20c0c000-7eff20c0e000 r--p 0000c000 08:02 57045609                   /usr/lib/ballerina/dependencies/jdk-11.0.18+10-jre/lib/libverify.so
7eff20c0e000-7eff20c0f000 rw-p 0000e000 08:02 57045609                   /usr/lib/ballerina/dependencies/jdk-11.0.18+10-jre/lib/libverify.so
7eff20c2a000-7eff20c2f000 rw-p 00000000 00:00 0 
7eff20c2f000-7eff20d15000 ---p 00000000 00:00 0 
7eff20d15000-7eff20d1e000 rw-p 00000000 00:00 0 
7eff20d1e000-7eff20e00000 ---p 00000000 00:00 0 
7eff20e00000-7eff2207c000 r-xp 00000000 08:02 57045620                   /usr/lib/ballerina/dependencies/jdk-11.0.18+10-jre/lib/server/libjvm.so
7eff2207c000-7eff2227c000 ---p 0127c000 08:02 57045620                   /usr/lib/ballerina/dependencies/jdk-11.0.18+10-jre/lib/server/libjvm.so
7eff2227c000-7eff22341000 r--p 0127c000 08:02 57045620                   /usr/lib/ballerina/dependencies/jdk-11.0.18+10-jre/lib/server/libjvm.so
7eff22341000-7eff2237c000 rw-p 01341000 08:02 57045620                   /usr/lib/ballerina/dependencies/jdk-11.0.18+10-jre/lib/server/libjvm.so
7eff2237c000-7eff223d3000 rw-p 00000000 00:00 0 
7eff22400000-7eff22428000 r--p 00000000 08:02 55838821                   /usr/lib/x86_64-linux-gnu/libc.so.6
7eff22428000-7eff225bd000 r-xp 00028000 08:02 55838821                   /usr/lib/x86_64-linux-gnu/libc.so.6
7eff225bd000-7eff22615000 r--p 001bd000 08:02 55838821                   /usr/lib/x86_64-linux-gnu/libc.so.6
7eff22615000-7eff22619000 r--p 00214000 08:02 55838821                   /usr/lib/x86_64-linux-gnu/libc.so.6
7eff22619000-7eff2261b000 rw-p 00218000 08:02 55838821                   /usr/lib/x86_64-linux-gnu/libc.so.6
7eff2261b000-7eff22628000 rw-p 00000000 00:00 0 
7eff2264c000-7eff22700000 rw-p 00000000 00:00 0 
7eff22700000-7eff22704000 ---p 00000000 00:00 0 
7eff22704000-7eff22800000 rw-p 00000000 00:00 0 
7eff22800000-7eff22810000 r-xp 00000000 08:02 57045573                   /usr/lib/ballerina/dependencies/jdk-11.0.18+10-jre/lib/jli/libjli.so
7eff22810000-7eff22a0f000 ---p 00010000 08:02 57045573                   /usr/lib/ballerina/dependencies/jdk-11.0.18+10-jre/lib/jli/libjli.so
7eff22a0f000-7eff22a10000 r--p 0000f000 08:02 57045573                   /usr/lib/ballerina/dependencies/jdk-11.0.18+10-jre/lib/jli/libjli.so
7eff22a10000-7eff22a11000 rw-p 00010000 08:02 57045573                   /usr/lib/ballerina/dependencies/jdk-11.0.18+10-jre/lib/jli/libjli.so
7eff22a2c000-7eff22a33000 r--s 00000000 08:02 55839198                   /usr/lib/x86_64-linux-gnu/gconv/gconv-modules.cache
7eff22a33000-7eff22ab8000 rw-p 00000000 00:00 0 
7eff22ab8000-7eff22ab9000 r--p 00000000 08:02 55838867                   /usr/lib/x86_64-linux-gnu/librt.so.1
7eff22ab9000-7eff22aba000 r-xp 00001000 08:02 55838867                   /usr/lib/x86_64-linux-gnu/librt.so.1
7eff22aba000-7eff22abb000 r--p 00002000 08:02 55838867                   /usr/lib/x86_64-linux-gnu/librt.so.1
7eff22abb000-7eff22abc000 r--p 00002000 08:02 55838867                   /usr/lib/x86_64-linux-gnu/librt.so.1
7eff22abc000-7eff22abd000 rw-p 00003000 08:02 55838867                   /usr/lib/x86_64-linux-gnu/librt.so.1
7eff22abd000-7eff22acb000 r--p 00000000 08:02 55838826                   /usr/lib/x86_64-linux-gnu/libm.so.6
7eff22acb000-7eff22b47000 r-xp 0000e000 08:02 55838826                   /usr/lib/x86_64-linux-gnu/libm.so.6
7eff22b47000-7eff22ba2000 r--p 0008a000 08:02 55838826                   /usr/lib/x86_64-linux-gnu/libm.so.6
7eff22ba2000-7eff22ba3000 r--p 000e4000 08:02 55838826                   /usr/lib/x86_64-linux-gnu/libm.so.6
7eff22ba3000-7eff22ba4000 rw-p 000e5000 08:02 55838826                   /usr/lib/x86_64-linux-gnu/libm.so.6
7eff22ba4000-7eff22ba8000 rw-p 00000000 00:00 0 
7eff22ba8000-7eff22ba9000 r--p 00000000 08:02 55838824                   /usr/lib/x86_64-linux-gnu/libdl.so.2
7eff22ba9000-7eff22baa000 r-xp 00001000 08:02 55838824                   /usr/lib/x86_64-linux-gnu/libdl.so.2
7eff22baa000-7eff22bab000 r--p 00002000 08:02 55838824                   /usr/lib/x86_64-linux-gnu/libdl.so.2
7eff22bab000-7eff22bac000 r--p 00002000 08:02 55838824                   /usr/lib/x86_64-linux-gnu/libdl.so.2
7eff22bac000-7eff22bad000 rw-p 00003000 08:02 55838824                   /usr/lib/x86_64-linux-gnu/libdl.so.2
7eff22bad000-7eff22bae000 r--p 00000000 08:02 55838860                   /usr/lib/x86_64-linux-gnu/libpthread.so.0
7eff22bae000-7eff22baf000 r-xp 00001000 08:02 55838860                   /usr/lib/x86_64-linux-gnu/libpthread.so.0
7eff22baf000-7eff22bb0000 r--p 00002000 08:02 55838860                   /usr/lib/x86_64-linux-gnu/libpthread.so.0
7eff22bb0000-7eff22bb1000 r--p 00002000 08:02 55838860                   /usr/lib/x86_64-linux-gnu/libpthread.so.0
7eff22bb1000-7eff22bb2000 rw-p 00003000 08:02 55838860                   /usr/lib/x86_64-linux-gnu/libpthread.so.0
7eff22bb2000-7eff22bb4000 r--p 00000000 08:02 55865177                   /usr/lib/x86_64-linux-gnu/libz.so.1.2.11
7eff22bb4000-7eff22bc5000 r-xp 00002000 08:02 55865177                   /usr/lib/x86_64-linux-gnu/libz.so.1.2.11
7eff22bc5000-7eff22bcb000 r--p 00013000 08:02 55865177                   /usr/lib/x86_64-linux-gnu/libz.so.1.2.11
7eff22bcb000-7eff22bcc000 ---p 00019000 08:02 55865177                   /usr/lib/x86_64-linux-gnu/libz.so.1.2.11
7eff22bcc000-7eff22bcd000 r--p 00019000 08:02 55865177                   /usr/lib/x86_64-linux-gnu/libz.so.1.2.11
7eff22bcd000-7eff22bce000 rw-p 0001a000 08:02 55865177                   /usr/lib/x86_64-linux-gnu/libz.so.1.2.11
7eff22bd1000-7eff22bd6000 rw-p 00000000 00:00 0 
7eff22bd6000-7eff22bdd000 ---p 00000000 00:00 0 
7eff22bdd000-7eff22be5000 rw-s 00000000 08:02 58852040                   /tmp/hsperfdata_n3on/126137
7eff22be5000-7eff22be6000 ---p 00000000 00:00 0 
7eff22be6000-7eff22be7000 r--p 00000000 00:00 0 
7eff22be7000-7eff22be9000 rw-p 00000000 00:00 0 
7eff22be9000-7eff22beb000 r--p 00000000 08:02 55838816                   /usr/lib/x86_64-linux-gnu/ld-linux-x86-64.so.2
7eff22beb000-7eff22c15000 r-xp 00002000 08:02 55838816                   /usr/lib/x86_64-linux-gnu/ld-linux-x86-64.so.2
7eff22c15000-7eff22c20000 r--p 0002c000 08:02 55838816                   /usr/lib/x86_64-linux-gnu/ld-linux-x86-64.so.2
7eff22c21000-7eff22c23000 r--p 00037000 08:02 55838816                   /usr/lib/x86_64-linux-gnu/ld-linux-x86-64.so.2
7eff22c23000-7eff22c25000 rw-p 00039000 08:02 55838816                   /usr/lib/x86_64-linux-gnu/ld-linux-x86-64.so.2
7fff1363d000-7fff13662000 rw-p 00000000 00:00 0                          [stack]
7fff1370e000-7fff13712000 r--p 00000000 00:00 0                          [vvar]
7fff13712000-7fff13714000 r-xp 00000000 00:00 0                          [vdso]
ffffffffff600000-ffffffffff601000 --xp 00000000 00:00 0                  [vsyscall]


VM Arguments:
jvm_args: -Xbootclasspath/a: -Xms256m -Xmx1024m -XX:+HeapDumpOnOutOfMemoryError -Dballerina.home=/usr/lib/ballerina/distributions/ballerina-2201.7.2 -Dballerina.version=2201.7.2 -Denable.nonblocking=false -Djava.security.egd=file:/dev/./urandom -Dfile.encoding=UTF8 -Dballerina.target=jvm -Djava.command=/usr/lib/ballerina/bin/../distributions/ballerina-2201.7.2/../../dependencies/jdk-11.0.18+10-jre/bin/java 
java_command: io.ballerina.cli.launcher.Main start-language-server
java_class_path (initial): :/usr/lib/ballerina/distributions/ballerina-2201.7.2/bre/lib/annotations-2201.7.2.jar:/usr/lib/ballerina/distributions/ballerina-2201.7.2/bre/lib/architecture-model-generator-core-1.2.0.jar:/usr/lib/ballerina/distributions/ballerina-2201.7.2/bre/lib/architecture-model-generator-plugin-1.2.0.jar:/usr/lib/ballerina/distributions/ballerina-2201.7.2/bre/lib/array-2201.7.2.jar:/usr/lib/ballerina/distributions/ballerina-2201.7.2/bre/lib/asm-7.2.jar:/usr/lib/ballerina/distributions/ballerina-2201.7.2/bre/lib/asm-analysis-7.1.jar:/usr/lib/ballerina/distributions/ballerina-2201.7.2/bre/lib/asm-commons-7.2.jar:/usr/lib/ballerina/distributions/ballerina-2201.7.2/bre/lib/asm-tree-7.2.jar:/usr/lib/ballerina/distributions/ballerina-2201.7.2/bre/lib/asm-util-7.1.jar:/usr/lib/ballerina/distributions/ballerina-2201.7.2/bre/lib/asyncapi-cli-0.6.0.jar:/usr/lib/ballerina/distributions/ballerina-2201.7.2/bre/lib/atomikos-util-5.0.8.jar:/usr/lib/ballerina/distributions/ballerina-2201.7.2/bre/lib/axiom-api-1.4.0.jar:/usr/lib/ballerina/distributions/ballerina-2201.7.2/bre/lib/axiom-impl-1.4.0.jar:/usr/lib/ballerina/distributions/ballerina-2201.7.2/bre/lib/ballerina-bindgen-2201.7.2.jar:/usr/lib/ballerina/distributions/ballerina-2201.7.2/bre/lib/ballerina-cli-2201.7.2.jar:/usr/lib/ballerina/distributions/ballerina-2201.7.2/bre/lib/ballerina-io-internal-2201.7.2.jar:/usr/lib/ballerina/distributions/ballerina-2201.7.2/bre/lib/ballerina-lang-2201.7.2.jar:/usr/lib/ballerina/distributions/ballerina-2201.7.2/bre/lib/ballerina-linter-2201.7.2.jar:/usr/lib/ballerina/distributions/ballerina-2201.7.2/bre/lib/ballerina-metrics-extension-2201.7.2.jar:/usr/lib/ballerina/distributions/ballerina-2201.7.2/bre/lib/ballerina-parser-2201.7.2.jar:/usr/lib/ballerina/distributions/ballerina-2201.7.2/bre/lib/ballerina-rt-2201.7.2.jar:/usr/lib/ballerina/distributions/ballerina-2201.7.2/bre/lib/ballerina-tools-api-2201.7.2.jar:/usr/lib/ballerina/distributions/ballerina-2201.7.2/bre/lib/
Launcher Type: SUN_STANDARD

[Global flags]
     intx CICompilerCount                          = 4                                         {product} {ergonomic}
     uint ConcGCThreads                            = 3                                         {product} {ergonomic}
     uint G1ConcRefinementThreads                  = 10                                        {product} {ergonomic}
   size_t G1HeapRegionSize                         = 1048576                                   {product} {ergonomic}
    uintx GCDrainStackTargetSize                   = 64                                        {product} {ergonomic}
     bool HeapDumpOnOutOfMemoryError               = true                                   {manageable} {command line}
   size_t InitialHeapSize                          = 268435456                                 {product} {command line}
   size_t MarkStackSize                            = 4194304                                   {product} {ergonomic}
   size_t MaxHeapSize                              = 1073741824                                {product} {command line}
   size_t MaxNewSize                               = 643825664                                 {product} {ergonomic}
   size_t MinHeapDeltaBytes                        = 1048576                                   {product} {ergonomic}
    uintx NonNMethodCodeHeapSize                   = 5836300                                {pd product} {ergonomic}
    uintx NonProfiledCodeHeapSize                  = 122910970                              {pd product} {ergonomic}
    uintx ProfiledCodeHeapSize                     = 122910970                              {pd product} {ergonomic}
    uintx ReservedCodeCacheSize                    = 251658240                              {pd product} {ergonomic}
     bool SegmentedCodeCache                       = true                                      {product} {ergonomic}
     bool UseCompressedClassPointers               = true                                 {lp64_product} {ergonomic}
     bool UseCompressedOops                        = true                                 {lp64_product} {ergonomic}
     bool UseG1GC                                  = true                                      {product} {ergonomic}

Logging:
Log output configuration:
 #0: stdout all=warning uptime,level,tags
 #1: stderr all=off uptime,level,tags

Environment Variables:
PATH=/run/user/1000/fnm_multishells/124722_1695668944821/bin:/home/n3on/.local/share/fnm:/run/user/1000/fnm_multishells/124719_1695668944774/bin:/home/n3on/.local/share/fnm:/home/linuxbrew/.linuxbrew/bin:/home/linuxbrew/.linuxbrew/sbin:/home/n3on/.local/bin:/usr/local/sbin:/usr/local/bin:/usr/sbin:/usr/bin:/sbin:/bin:/usr/games:/usr/local/games:/snap/bin:/snap/bin:/home/n3on/.local/share/JetBrains/Toolbox/scripts
USERNAME=n3on
SHELL=/usr/bin/zsh
DISPLAY=:1
LANG=en_US.UTF-8

Signal Handlers:
SIGSEGV: [libjvm.so+0xf4cde0], sa_mask[0]=11111111011111111101111111111110, sa_flags=SA_RESTART|SA_SIGINFO
SIGBUS: [libjvm.so+0xf4cde0], sa_mask[0]=11111111011111111101111111111110, sa_flags=SA_RESTART|SA_SIGINFO
SIGFPE: [libjvm.so+0xf4cde0], sa_mask[0]=11111111011111111101111111111110, sa_flags=SA_RESTART|SA_SIGINFO
SIGPIPE: [libjvm.so+0xc6e210], sa_mask[0]=11111111011111111101111111111110, sa_flags=SA_RESTART|SA_SIGINFO
SIGXFSZ: [libjvm.so+0xc6e210], sa_mask[0]=11111111011111111101111111111110, sa_flags=SA_RESTART|SA_SIGINFO
SIGILL: [libjvm.so+0xf4cde0], sa_mask[0]=11111111011111111101111111111110, sa_flags=SA_RESTART|SA_SIGINFO
SIGUSR2: [libjvm.so+0xc6e0b0], sa_mask[0]=00000000000000000000000000000000, sa_flags=SA_RESTART|SA_SIGINFO
SIGHUP: [libjvm.so+0xc6e260], sa_mask[0]=11111111011111111101111111111110, sa_flags=SA_RESTART|SA_SIGINFO
SIGINT: [libjvm.so+0xc6e260], sa_mask[0]=11111111011111111101111111111110, sa_flags=SA_RESTART|SA_SIGINFO
SIGTERM: [libjvm.so+0xc6e260], sa_mask[0]=11111111011111111101111111111110, sa_flags=SA_RESTART|SA_SIGINFO
SIGQUIT: [libjvm.so+0xc6e260], sa_mask[0]=11111111011111111101111111111110, sa_flags=SA_RESTART|SA_SIGINFO


---------------  S Y S T E M  ---------------

OS:DISTRIB_ID=Ubuntu
DISTRIB_RELEASE=22.04
DISTRIB_CODENAME=jammy
DISTRIB_DESCRIPTION="Ubuntu 22.04.3 LTS"
uname:Linux 6.2.0-33-generic #33~22.04.1-Ubuntu SMP PREEMPT_DYNAMIC Thu Sep  7 10:33:52 UTC 2 x86_64
OS uptime: 1 days 22:18 hours
libc:glibc 2.35 NPTL 2.35 
rlimit (soft/hard): STACK 8192k/infinity , CORE 0k/infinity , NPROC 127396/127396 , NOFILE 1048576/1048576 , AS infinity/infinity , CPU infinity/infinity , DATA infinity/infinity , FSIZE infinity/infinity , MEMLOCK 4086200k/4086200k
load average:6.01 4.02 2.64

/proc/meminfo:
MemTotal:       32689628 kB
MemFree:         6741192 kB
MemAvailable:   23671664 kB
Buffers:          699252 kB
Cached:         17086004 kB
SwapCached:            0 kB
Active:          4533684 kB
Inactive:       19264592 kB
Active(anon):      66460 kB
Inactive(anon):  6970896 kB
Active(file):    4467224 kB
Inactive(file): 12293696 kB
Unevictable:      824280 kB
Mlocked:             160 kB
SwapTotal:       2097148 kB
SwapFree:        2097148 kB
Zswap:                 0 kB
Zswapped:              0 kB
Dirty:               644 kB
Writeback:             0 kB
AnonPages:       6838184 kB
Mapped:          1314736 kB
Shmem:           1024796 kB
KReclaimable:     637264 kB
Slab:             942468 kB
SReclaimable:     637264 kB
SUnreclaim:       305204 kB
KernelStack:       30160 kB
PageTables:        68852 kB
SecPageTables:         0 kB
NFS_Unstable:          0 kB
Bounce:                0 kB
WritebackTmp:          0 kB
CommitLimit:    18441960 kB
Committed_AS:   19619076 kB
VmallocTotal:   34359738367 kB
VmallocUsed:      136560 kB
VmallocChunk:          0 kB
Percpu:            18752 kB
HardwareCorrupted:     0 kB
AnonHugePages:         0 kB
ShmemHugePages:        0 kB
ShmemPmdMapped:        0 kB
FileHugePages:         0 kB
FilePmdMapped:         0 kB
HugePages_Total:       0
HugePages_Free:        0
HugePages_Rsvd:        0
HugePages_Surp:        0
Hugepagesize:       2048 kB
Hugetlb:               0 kB
DirectMap4k:      830908 kB
DirectMap2M:    19974144 kB
DirectMap1G:    12582912 kB

/sys/kernel/mm/transparent_hugepage/enabled:
always [madvise] never
/sys/kernel/mm/transparent_hugepage/defrag (defrag/compaction efforts parameter):
always defer defer+madvise [madvise] never

Process Memory:
Virtual Size: 4488432K (peak: 4551444K)
Resident Set Size: 137520K (peak: 139180K) (anon: 117160K, file: 20360K, shmem: 0K)
Swapped out: 0K
C-Heap outstanding allocations: 56853K, retained: 5806K
glibc malloc tunables: (default)

/proc/sys/kernel/threads-max (system-wide limit on the number of threads):
254792
/proc/sys/vm/max_map_count (maximum number of memory map areas a process may have):
65530
/proc/sys/kernel/pid_max (system-wide limit on number of process identifiers):
4194304

container (cgroup) information:
container_type: cgroupv2
cpu_cpuset_cpus: not supported
cpu_memory_nodes: not supported
active_processor_count: 12
cpu_quota: not supported
cpu_period: not supported
cpu_shares: not supported
memory_limit_in_bytes: unlimited
memory_and_swap_limit_in_bytes: unlimited
memory_soft_limit_in_bytes: unlimited
memory_usage_in_bytes: 1888848 k
memory_max_usage_in_bytes: not supported
maximum number of tasks: 38218
current number of tasks: 426

Steal ticks since vm start: 0
Steal ticks percentage since vm start:  0.000

CPU:total 12 (initial active 12) (6 cores per cpu, 2 threads per core) family 6 model 158 stepping 10 microcode 0xf4, cmov, cx8, fxsr, mmx, sse, sse2, sse3, ssse3, sse4.1, sse4.2, popcnt, avx, avx2, aes, clmul, erms, 3dnowpref, lzcnt, ht, tsc, tscinvbit, bmi1, bmi2, adx, fma
CPU Model and flags from /proc/cpuinfo:
model name	: Intel(R) Core(TM) i7-9750H CPU @ 2.60GHz
flags		: fpu vme de pse tsc msr pae mce cx8 apic sep mtrr pge mca cmov pat pse36 clflush dts acpi mmx fxsr sse sse2 ss ht tm pbe syscall nx pdpe1gb rdtscp lm constant_tsc art arch_perfmon pebs bts rep_good nopl xtopology nonstop_tsc cpuid aperfmperf pni pclmulqdq dtes64 monitor ds_cpl vmx est tm2 ssse3 sdbg fma cx16 xtpr pdcm pcid sse4_1 sse4_2 x2apic movbe popcnt tsc_deadline_timer aes xsave avx f16c rdrand lahf_lm abm 3dnowprefetch cpuid_fault epb invpcid_single pti ssbd ibrs ibpb stibp tpr_shadow vnmi flexpriority ept vpid ept_ad fsgsbase tsc_adjust bmi1 avx2 smep bmi2 erms invpcid mpx rdseed adx smap clflushopt intel_pt xsaveopt xsavec xgetbv1 xsaves dtherm ida arat pln pts hwp hwp_notify hwp_act_window hwp_epp md_clear flush_l1d arch_capabilities
Online cpus:
0-11
Offline cpus:

BIOS frequency limitation:
<Not Available>
Frequency switch latency (ns):
0
Available cpu frequencies:
<Not Available>
Current governor:
powersave
Core performance/turbo boost:
<Not Available>

Memory: 4k page, physical 32689628k(6740688k free), swap 2097148k(2097148k free)

vm_info: OpenJDK 64-Bit Server VM (11.0.18+10) for linux-amd64 JRE (11.0.18+10), built on Jan 18 2023 10:17:39 by "" with gcc 7.5.0

END.
