#
# A fatal error has been detected by the Java Runtime Environment:
#
#  SIGSEGV (0xb) at pc=0x00007fd977ffa8ec, pid=124073, tid=124096
#
# JRE version: OpenJDK Runtime Environment Temurin-11.0.18+10 (11.0.18+10) (build 11.0.18+10)
# Java VM: OpenJDK 64-Bit Server VM Temurin-11.0.18+10 (11.0.18+10, mixed mode, tiered, compressed oops, g1 gc, linux-amd64)
# Problematic frame:
# V  [libjvm.so+0x7fa8ec]  G1ParScanThreadState::copy_to_survivor_space(InCSetState, oopDesc*, markOopDesc*)+0x19c
#
# Core dump will be written. Default location: Core dumps may be processed with "/usr/share/apport/apport -p%p -s%s -c%c -d%d -P%P -u%u -g%g -- %E" (or dumping to /home/n3on/Documents/DSA_ASSIGNMENT_2023/Question 2 /Question 2/core.124073)
#
# If you would like to submit a bug report, please visit:
#   https://github.com/adoptium/adoptium-support/issues
#

---------------  S U M M A R Y ------------

Command Line: -Xbootclasspath/a: -Xms256m -Xmx1024m -XX:+HeapDumpOnOutOfMemoryError -Dballerina.home=/usr/lib/ballerina/distributions/ballerina-2201.7.2 -Dballerina.version=2201.7.2 -Denable.nonblocking=false -Djava.security.egd=file:/dev/./urandom -Dfile.encoding=UTF8 -Dballerina.target=jvm -Djava.command=/usr/lib/ballerina/bin/../distributions/ballerina-2201.7.2/../../dependencies/jdk-11.0.18+10-jre/bin/java io.ballerina.cli.launcher.Main start-language-server

Host: Intel(R) Core(TM) i7-9750H CPU @ 2.60GHz, 12 cores, 31G, Ubuntu 22.04.3 LTS
Time: Mon Sep 25 21:07:31 2023 CAT elapsed time: 3.654354 seconds (0d 0h 0m 3s)

---------------  T H R E A D  ---------------

Current thread (0x00007fd940001000):  GCTaskThread "GC Thread#1" [stack: 0x00007fd948400000,0x00007fd948500000] [id=124096]

Stack: [0x00007fd948400000,0x00007fd948500000],  sp=0x00007fd9484fe900,  free space=1018k
Native frames: (J=compiled Java code, A=aot compiled Java code, j=interpreted, Vv=VM code, C=native code)
V  [libjvm.so+0x7fa8ec]  G1ParScanThreadState::copy_to_survivor_space(InCSetState, oopDesc*, markOopDesc*)+0x19c
V  [libjvm.so+0x7f7ee8]  G1ParScanThreadState::trim_queue_partially()+0x978
V  [libjvm.so+0x61a4aa]  ClassLoaderData::oops_do(OopClosure*, bool, bool)+0xba
V  [libjvm.so+0x7f7535]  G1CLDScanClosure::do_cld(ClassLoaderData*)+0x35
V  [libjvm.so+0x61d2a9]  ClassLoaderDataGraph::roots_cld_do(CLDClosure*, CLDClosure*)+0x39
V  [libjvm.so+0x815f15]  G1RootProcessor::process_java_roots(G1RootClosures*, G1GCPhaseTimes*, unsigned int)+0x65
V  [libjvm.so+0x816608]  G1RootProcessor::evacuate_roots(G1ParScanThreadState*, unsigned int)+0x68
V  [libjvm.so+0x7c193c]  G1ParTask::work(unsigned int)+0xec
V  [libjvm.so+0xf779fd]  GangWorker::loop()+0x4d
V  [libjvm.so+0xeda37f]  Thread::call_run()+0x14f
V  [libjvm.so+0xc79836]  thread_native_entry(Thread*)+0xe6


siginfo: si_signo: 11 (SIGSEGV), si_code: 1 (SEGV_MAPERR), si_addr: 0x0000000009960110

Register to memory mapping:

RAX=0x0000000009960000 is an unknown value
RBX=0x00000000cc110328 is an oop: 
[error occurred during error reporting (printing register info), id 0xb, SIGSEGV (0xb) at pc=0x00007fd97845c6f6]

Registers:
RAX=0x0000000009960000, RBX=0x00000000cc110328, RCX=0x0000000000000003, RDX=0x00007fd978d62890
RSP=0x00007fd9484fe900, RBP=0x00007fd9484fe980, RSI=0x00000000cc110328, RDI=0x0000000100140728
R8 =0x0000000000000000, R9 =0x0000000000000000, R10=0x0000000000000003, R11=0x0000000000000003
R12=0x00007fd910002b70, R13=0x0000000000000000, R14=0x00007fd910002b70, R15=0x00000000c964b378
RIP=0x00007fd977ffa8ec, EFLAGS=0x0000000000010246, CSGSFS=0x002b000000000033, ERR=0x0000000000000004
  TRAPNO=0x000000000000000e

Top of Stack: (sp=0x00007fd9484fe900)
0x00007fd9484fe900:   0000000000000000 0000000000000001
0x00007fd9484fe910:   00007fd9484fe940 00007fd900000003
0x00007fd9484fe920:   0000000000000082 000000057847052f
0x00007fd9484fe930:   000000000000001d 0000000006605b01 

Instructions: (pc=0x00007fd977ffa8ec)
0x00007fd977ffa7ec:   0a 41 80 ff 02 0f 84 41 05 00 00 41 80 ff 01 45
0x00007fd977ffa7fc:   0f be c7 40 0f 95 c6 49 8b 7e 60 49 63 c0 8b 8f
0x00007fd977ffa80c:   28 01 00 00 48 8b 84 c7 10 01 00 00 85 c9 48 8b
0x00007fd977ffa81c:   50 38 4c 8b 60 30 74 09 40 84 f6 0f 84 63 05 00
0x00007fd977ffa82c:   00 4c 29 e2 48 c1 ea 03 49 39 d2 0f 87 7f 03 00
0x00007fd977ffa83c:   00 4b 8d 14 d4 4d 85 e4 48 89 50 30 0f 84 6a 03
0x00007fd977ffa84c:   00 00 48 8d 05 23 be d4 00 48 8b 00 41 0f 18 0c
0x00007fd977ffa85c:   04 4c 89 e1 48 8b 13 48 83 c9 03 eb 1b 0f 1f 80
0x00007fd977ffa86c:   00 00 00 00 48 89 d0 f0 48 0f b1 0b 48 39 c2 0f
0x00007fd977ffa87c:   84 9f 00 00 00 48 89 c2 48 89 d0 83 e0 03 48 83
0x00007fd977ffa88c:   f8 03 75 e0 48 8d 15 81 c8 d4 00 48 8b 03 80 3a
0x00007fd977ffa89c:   00 74 0c 48 89 c2 83 e2 07 48 83 fa 05 74 75 48
0x00007fd977ffa8ac:   83 e0 fc 74 6f 49 8b 7e 60 4c 89 d1 4c 89 e2 44
0x00007fd977ffa8bc:   89 fe 48 89 45 b8 e8 79 7a fa ff 48 8b 45 b8 48
0x00007fd977ffa8cc:   83 c4 58 5b 41 5c 41 5d 41 5e 41 5f 5d c3 66 0f
0x00007fd977ffa8dc:   1f 44 00 00 0f 85 ea 01 00 00 48 8b 07 48 89 de
0x00007fd977ffa8ec:   ff 90 10 01 00 00 41 89 c5 e9 a7 fe ff ff 66 0f
0x00007fd977ffa8fc:   1f 44 00 00 8b 7a 08 48 8d 15 86 7f d6 00 8b 4a
0x00007fd977ffa90c:   08 48 d3 e7 48 03 3a e9 6d fe ff ff 0f 1f 84 00
0x00007fd977ffa91c:   00 00 00 00 41 83 fd 08 77 13 48 8d 15 6b b9 81
0x00007fd977ffa92c:   00 45 89 ed 4a 63 04 aa 48 01 d0 ff e0 4a 8d 14
0x00007fd977ffa93c:   d5 00 00 00 00 48 89 de 4c 89 e7 44 89 5d 98 4c
0x00007fd977ffa94c:   89 55 a0 e8 7c ac a8 ff 44 8b 5d 98 4c 8b 55 a0
0x00007fd977ffa95c:   41 80 ff 01 0f 84 b2 01 00 00 48 8b 45 b0 49 89
0x00007fd977ffa96c:   04 24 48 8d 05 d3 1a db 00 80 38 00 0f 85 e2 03
0x00007fd977ffa97c:   00 00 8b 45 ac 49 8b 96 c0 01 00 00 83 c0 01 48
0x00007fd977ffa98c:   98 4c 01 14 c2 48 8d 05 34 50 d9 00 0f b6 00 84
0x00007fd977ffa99c:   c0 0f 84 05 03 00 00 48 8d 15 e6 7e d6 00 41 8b
0x00007fd977ffa9ac:   74 24 08 44 8b 42 08 4c 8b 0a 44 89 c1 48 d3 e6
0x00007fd977ffa9bc:   41 81 7c 31 08 00 00 00 c0 0f 8d 0d 04 00 00 be
0x00007fd977ffa9cc:   0c 00 00 00 b9 0c 00 00 00 48 8d 15 24 be d4 00
0x00007fd977ffa9dc:   41 8b 3c 0c 39 3a 0f 8e 46 04 00 00 49 8b 56 08 


Stack slot to memory mapping:
stack at sp + 0 slots: 0x0 is NULL
stack at sp + 1 slots: 0x0000000000000001 is an unknown value
stack at sp + 2 slots: 0x00007fd9484fe940 points into unknown readable memory: 0x00007fd9484fe980 | 80 e9 4f 48 d9 7f 00 00
stack at sp + 3 slots: 0x00007fd900000003 is an unknown value
stack at sp + 4 slots: 0x0000000000000082 is an unknown value
stack at sp + 5 slots: 0x000000057847052f is an unknown value
stack at sp + 6 slots: 0x000000000000001d is an unknown value
stack at sp + 7 slots: 0x0000000006605b01 is an unknown value


---------------  P R O C E S S  ---------------

Threads class SMR info:
_java_thread_list=0x00007fd8f4006010, length=14, elements={
0x00007fd97002b000, 0x00007fd9701c4000, 0x00007fd9701c8000, 0x00007fd9701e3800,
0x00007fd9701e5800, 0x00007fd9701e9800, 0x00007fd9701eb800, 0x00007fd9701ed800,
0x00007fd9702ac000, 0x00007fd92406e000, 0x00007fd9282fa800, 0x00007fd970e69000,
0x00007fd8f0044000, 0x00007fd8f4004800
}

Java Threads: ( => current thread )
  0x00007fd97002b000 JavaThread "main" [_thread_blocked, id=124074, stack(0x00007fd979100000,0x00007fd979200000)]
  0x00007fd9701c4000 JavaThread "Reference Handler" daemon [_thread_blocked, id=124081, stack(0x00007fd949f00000,0x00007fd94a000000)]
  0x00007fd9701c8000 JavaThread "Finalizer" daemon [_thread_blocked, id=124082, stack(0x00007fd949e00000,0x00007fd949f00000)]
  0x00007fd9701e3800 JavaThread "Signal Dispatcher" daemon [_thread_blocked, id=124083, stack(0x00007fd949700000,0x00007fd949800000)]
  0x00007fd9701e5800 JavaThread "Service Thread" daemon [_thread_blocked, id=124084, stack(0x00007fd949600000,0x00007fd949700000)]
  0x00007fd9701e9800 JavaThread "C2 CompilerThread0" daemon [_thread_blocked, id=124085, stack(0x00007fd949500000,0x00007fd949600000)]
  0x00007fd9701eb800 JavaThread "C1 CompilerThread0" daemon [_thread_blocked, id=124086, stack(0x00007fd949400000,0x00007fd949500000)]
  0x00007fd9701ed800 JavaThread "Sweeper thread" daemon [_thread_blocked, id=124087, stack(0x00007fd949300000,0x00007fd949400000)]
  0x00007fd9702ac000 JavaThread "Common-Cleaner" daemon [_thread_blocked, id=124089, stack(0x00007fd9490fe000,0x00007fd9491fe000)]
  0x00007fd92406e000 JavaThread "C2 CompilerThread1" daemon [_thread_blocked, id=124090, stack(0x00007fd948d00000,0x00007fd948e00000)]
  0x00007fd9282fa800 JavaThread "C2 CompilerThread2" daemon [_thread_blocked, id=124093, stack(0x00007fd948700000,0x00007fd948800000)]
  0x00007fd970e69000 JavaThread "pool-1-thread-1" [_thread_blocked, id=124102, stack(0x00007fd9039fe000,0x00007fd903afe000)]
  0x00007fd8f0044000 JavaThread "ForkJoinPool.commonPool-worker-19" daemon [_thread_blocked, id=124105, stack(0x00007fd9036fe000,0x00007fd9037fe000)]
  0x00007fd8f4004800 JavaThread "ForkJoinPool.commonPool-worker-5" daemon [_thread_blocked, id=124106, stack(0x00007fd9035fe000,0x00007fd9036fe000)]

Other Threads:
  0x00007fd9701bc000 VMThread "VM Thread" [stack: 0x00007fd9580fa000,0x00007fd9581fa000] [id=124080]
  0x00007fd97029d000 WatcherThread [stack: 0x00007fd949200000,0x00007fd949300000] [id=124088]
  0x00007fd970044800 GCTaskThread "GC Thread#0" [stack: 0x00007fd977615000,0x00007fd977715000] [id=124075]
=>0x00007fd940001000 GCTaskThread "GC Thread#1" [stack: 0x00007fd948400000,0x00007fd948500000] [id=124096]
  0x00007fd940002800 GCTaskThread "GC Thread#2" [stack: 0x00007fd9482fe000,0x00007fd9483fe000] [id=124097]
  0x00007fd940004000 GCTaskThread "GC Thread#3" [stack: 0x00007fd9481fc000,0x00007fd9482fc000] [id=124098]
  0x00007fd940006000 GCTaskThread "GC Thread#4" [stack: 0x00007fd9480fa000,0x00007fd9481fa000] [id=124099]
  0x00007fd940007800 GCTaskThread "GC Thread#5" [stack: 0x00007fd903f00000,0x00007fd904000000] [id=124100]
  0x00007fd970061000 ConcurrentGCThread "G1 Main Marker" [stack: 0x00007fd9749f9000,0x00007fd974af9000] [id=124076]
  0x00007fd970063000 ConcurrentGCThread "G1 Conc#0" [stack: 0x00007fd9748f7000,0x00007fd9749f7000] [id=124077]
  0x00007fd94c001000 ConcurrentGCThread "G1 Conc#1" [stack: 0x00007fd9032fe000,0x00007fd9033fe000] [id=124107]
  0x00007fd94c002800 ConcurrentGCThread "G1 Conc#2" [stack: 0x00007fd9031fc000,0x00007fd9032fc000] [id=124108]
  0x00007fd970159800 ConcurrentGCThread "G1 Refine#0" [stack: 0x00007fd958afe000,0x00007fd958bfe000] [id=124078]
  0x00007fd97015b000 ConcurrentGCThread "G1 Young RemSet Sampling" [stack: 0x00007fd9589fc000,0x00007fd958afc000] [id=124079]

Threads with active compile tasks:
C2 CompilerThread0     3682 3247       4       org.wso2.ballerinalang.compiler.BIRPackageSymbolEnter$BIRTypeReader::readType (4839 bytes)
C1 CompilerThread0     3682 3676       3       jdk.internal.loader.URLClassPath::findResource (38 bytes)
C2 CompilerThread1     3682 3556       4       io.ballerina.compiler.internal.parser.BallerinaLexer::processSyntaxTrivia (150 bytes)
C2 CompilerThread2     3682 3542       4       io.ballerina.compiler.internal.parser.TokenReader::peek (36 bytes)

VM state:at safepoint (normal execution)

VM Mutex/Monitor currently owned by a thread:  ([mutex/lock_event])
[0x00007fd9700290b0] Threads_lock - owner thread: 0x00007fd9701bc000
[0x00007fd970029890] Heap_lock - owner thread: 0x00007fd8f0044000

Heap address: 0x00000000c0000000, size: 1024 MB, Compressed Oops mode: 32-bit
Narrow klass base: 0x0000000000000000, Narrow klass shift: 3
Compressed class space size: 1073741824 Address: 0x0000000100000000

Heap:
 garbage-first heap   total 262144K, used 112673K [0x00000000c0000000, 0x0000000100000000)
  region size 1024K, 105 young (107520K), 13 survivors (13312K)
 Metaspace       used 32786K, capacity 33494K, committed 33920K, reserved 1079296K
  class space    used 3405K, capacity 3702K, committed 3712K, reserved 1048576K
Heap Regions: E=young(eden), S=young(survivor), O=old, HS=humongous(starts), HC=humongous(continues), CS=collection set, F=free, A=archive, TAMS=top-at-mark-start (previous, next)
|   0|0x00000000c0000000, 0x00000000c0100000, 0x00000000c0100000|100%|HS|  |TAMS 0x00000000c0100000, 0x00000000c0000000| Complete 
|   1|0x00000000c0100000, 0x00000000c0200000, 0x00000000c0200000|100%|HS|  |TAMS 0x00000000c0200000, 0x00000000c0100000| Complete 
|   2|0x00000000c0200000, 0x00000000c0300000, 0x00000000c0300000|100%|HS|  |TAMS 0x00000000c0300000, 0x00000000c0200000| Complete 
|   3|0x00000000c0300000, 0x00000000c0400000, 0x00000000c0400000|100%|HS|  |TAMS 0x00000000c0400000, 0x00000000c0300000| Complete 
|   4|0x00000000c0400000, 0x00000000c0500000, 0x00000000c0500000|100%| O|  |TAMS 0x00000000c0500000, 0x00000000c0400000| Untracked 
|   5|0x00000000c0500000, 0x00000000c0600000, 0x00000000c0600000|100%| O|  |TAMS 0x00000000c0600000, 0x00000000c0500000| Untracked 
|   6|0x00000000c0600000, 0x00000000c0700000, 0x00000000c0700000|100%| O|  |TAMS 0x00000000c0700000, 0x00000000c0600000| Untracked 
|   7|0x00000000c0700000, 0x00000000c0800000, 0x00000000c0800000|100%| O|  |TAMS 0x00000000c0800000, 0x00000000c0700000| Untracked 
|   8|0x00000000c0800000, 0x00000000c0900000, 0x00000000c0900000|100%| O|  |TAMS 0x00000000c0900000, 0x00000000c0800000| Untracked 
|   9|0x00000000c0900000, 0x00000000c0a00000, 0x00000000c0a00000|100%| O|  |TAMS 0x00000000c0a00000, 0x00000000c0900000| Untracked 
|  10|0x00000000c0a00000, 0x00000000c0b00000, 0x00000000c0b00000|100%| O|  |TAMS 0x00000000c0b00000, 0x00000000c0a00000| Untracked 
|  11|0x00000000c0b00000, 0x00000000c0c00000, 0x00000000c0c00000|100%| O|  |TAMS 0x00000000c0bd8000, 0x00000000c0b00000| Untracked 
|  12|0x00000000c0c00000, 0x00000000c0d00000, 0x00000000c0d00000|100%| O|  |TAMS 0x00000000c0c00000, 0x00000000c0c00000| Untracked 
|  13|0x00000000c0d00000, 0x00000000c0e00000, 0x00000000c0e00000|100%| O|  |TAMS 0x00000000c0d00000, 0x00000000c0d00000| Untracked 
|  14|0x00000000c0e00000, 0x00000000c0f00000, 0x00000000c0f00000|100%| O|  |TAMS 0x00000000c0e00000, 0x00000000c0e00000| Untracked 
|  15|0x00000000c0f00000, 0x00000000c1000000, 0x00000000c1000000|100%| O|  |TAMS 0x00000000c0f00000, 0x00000000c0f00000| Untracked 
|  16|0x00000000c1000000, 0x00000000c1100000, 0x00000000c1100000|100%| O|  |TAMS 0x00000000c1000000, 0x00000000c1000000| Untracked 
|  17|0x00000000c1100000, 0x00000000c1200000, 0x00000000c1200000|100%| O|  |TAMS 0x00000000c1100000, 0x00000000c1100000| Untracked 
|  18|0x00000000c1200000, 0x00000000c1300000, 0x00000000c1300000|100%| O|  |TAMS 0x00000000c1200000, 0x00000000c1200000| Untracked 
|  19|0x00000000c1300000, 0x00000000c1400000, 0x00000000c1400000|100%| O|  |TAMS 0x00000000c1300000, 0x00000000c1300000| Untracked 
|  20|0x00000000c1400000, 0x00000000c1500000, 0x00000000c1500000|100%| O|  |TAMS 0x00000000c1400000, 0x00000000c1400000| Untracked 
|  21|0x00000000c1500000, 0x00000000c1600000, 0x00000000c1600000|100%| O|  |TAMS 0x00000000c1500000, 0x00000000c1500000| Untracked 
|  22|0x00000000c1600000, 0x00000000c1700000, 0x00000000c1700000|100%| O|  |TAMS 0x00000000c1600000, 0x00000000c1600000| Untracked 
|  23|0x00000000c1700000, 0x00000000c1800000, 0x00000000c1800000|100%| O|  |TAMS 0x00000000c1700000, 0x00000000c1700000| Untracked 
|  24|0x00000000c1800000, 0x00000000c1900000, 0x00000000c1900000|100%| O|  |TAMS 0x00000000c1800000, 0x00000000c1800000| Untracked 
|  25|0x00000000c1900000, 0x00000000c1a00000, 0x00000000c1a00000|100%| O|  |TAMS 0x00000000c1900000, 0x00000000c1900000| Untracked 
|  26|0x00000000c1a00000, 0x00000000c1b00000, 0x00000000c1b00000|100%| O|  |TAMS 0x00000000c1a00000, 0x00000000c1a00000| Untracked 
|  27|0x00000000c1b00000, 0x00000000c1c00000, 0x00000000c1c00000|100%| O|  |TAMS 0x00000000c1b00000, 0x00000000c1b00000| Untracked 
|  28|0x00000000c1c00000, 0x00000000c1c2c890, 0x00000000c1d00000| 17%| O|  |TAMS 0x00000000c1c00000, 0x00000000c1c00000| Untracked 
|  29|0x00000000c1d00000, 0x00000000c1d00000, 0x00000000c1e00000|  0%| F|  |TAMS 0x00000000c1d00000, 0x00000000c1d00000| Untracked 
|  30|0x00000000c1e00000, 0x00000000c1e00000, 0x00000000c1f00000|  0%| F|  |TAMS 0x00000000c1e00000, 0x00000000c1e00000| Untracked 
|  31|0x00000000c1f00000, 0x00000000c1f00000, 0x00000000c2000000|  0%| F|  |TAMS 0x00000000c1f00000, 0x00000000c1f00000| Untracked 
|  32|0x00000000c2000000, 0x00000000c2000000, 0x00000000c2100000|  0%| F|  |TAMS 0x00000000c2000000, 0x00000000c2000000| Untracked 
|  33|0x00000000c2100000, 0x00000000c2100000, 0x00000000c2200000|  0%| F|  |TAMS 0x00000000c2100000, 0x00000000c2100000| Untracked 
|  34|0x00000000c2200000, 0x00000000c2200000, 0x00000000c2300000|  0%| F|  |TAMS 0x00000000c2200000, 0x00000000c2200000| Untracked 
|  35|0x00000000c2300000, 0x00000000c2300000, 0x00000000c2400000|  0%| F|  |TAMS 0x00000000c2300000, 0x00000000c2300000| Untracked 
|  36|0x00000000c2400000, 0x00000000c2400000, 0x00000000c2500000|  0%| F|  |TAMS 0x00000000c2400000, 0x00000000c2400000| Untracked 
|  37|0x00000000c2500000, 0x00000000c2500000, 0x00000000c2600000|  0%| F|  |TAMS 0x00000000c2500000, 0x00000000c2500000| Untracked 
|  38|0x00000000c2600000, 0x00000000c2600000, 0x00000000c2700000|  0%| F|  |TAMS 0x00000000c2600000, 0x00000000c2600000| Untracked 
|  39|0x00000000c2700000, 0x00000000c2700000, 0x00000000c2800000|  0%| F|  |TAMS 0x00000000c2700000, 0x00000000c2700000| Untracked 
|  40|0x00000000c2800000, 0x00000000c2800000, 0x00000000c2900000|  0%| F|  |TAMS 0x00000000c2800000, 0x00000000c2800000| Untracked 
|  41|0x00000000c2900000, 0x00000000c2900000, 0x00000000c2a00000|  0%| F|  |TAMS 0x00000000c2900000, 0x00000000c2900000| Untracked 
|  42|0x00000000c2a00000, 0x00000000c2a00000, 0x00000000c2b00000|  0%| F|  |TAMS 0x00000000c2a00000, 0x00000000c2a00000| Untracked 
|  43|0x00000000c2b00000, 0x00000000c2b00000, 0x00000000c2c00000|  0%| F|  |TAMS 0x00000000c2b00000, 0x00000000c2b00000| Untracked 
|  44|0x00000000c2c00000, 0x00000000c2c00000, 0x00000000c2d00000|  0%| F|  |TAMS 0x00000000c2c00000, 0x00000000c2c00000| Untracked 
|  45|0x00000000c2d00000, 0x00000000c2d00000, 0x00000000c2e00000|  0%| F|  |TAMS 0x00000000c2d00000, 0x00000000c2d00000| Untracked 
|  46|0x00000000c2e00000, 0x00000000c2e00000, 0x00000000c2f00000|  0%| F|  |TAMS 0x00000000c2e00000, 0x00000000c2e00000| Untracked 
|  47|0x00000000c2f00000, 0x00000000c2f00000, 0x00000000c3000000|  0%| F|  |TAMS 0x00000000c2f00000, 0x00000000c2f00000| Untracked 
|  48|0x00000000c3000000, 0x00000000c3000000, 0x00000000c3100000|  0%| F|  |TAMS 0x00000000c3000000, 0x00000000c3000000| Untracked 
|  49|0x00000000c3100000, 0x00000000c3100000, 0x00000000c3200000|  0%| F|  |TAMS 0x00000000c3100000, 0x00000000c3100000| Untracked 
|  50|0x00000000c3200000, 0x00000000c3200000, 0x00000000c3300000|  0%| F|  |TAMS 0x00000000c3200000, 0x00000000c3200000| Untracked 
|  51|0x00000000c3300000, 0x00000000c3300000, 0x00000000c3400000|  0%| F|  |TAMS 0x00000000c3300000, 0x00000000c3300000| Untracked 
|  52|0x00000000c3400000, 0x00000000c3400000, 0x00000000c3500000|  0%| F|  |TAMS 0x00000000c3400000, 0x00000000c3400000| Untracked 
|  53|0x00000000c3500000, 0x00000000c3500000, 0x00000000c3600000|  0%| F|  |TAMS 0x00000000c3500000, 0x00000000c3500000| Untracked 
|  54|0x00000000c3600000, 0x00000000c3600000, 0x00000000c3700000|  0%| F|  |TAMS 0x00000000c3600000, 0x00000000c3600000| Untracked 
|  55|0x00000000c3700000, 0x00000000c3700000, 0x00000000c3800000|  0%| F|  |TAMS 0x00000000c3700000, 0x00000000c3700000| Untracked 
|  56|0x00000000c3800000, 0x00000000c3800000, 0x00000000c3900000|  0%| F|  |TAMS 0x00000000c3800000, 0x00000000c3800000| Untracked 
|  57|0x00000000c3900000, 0x00000000c3900000, 0x00000000c3a00000|  0%| F|  |TAMS 0x00000000c3900000, 0x00000000c3900000| Untracked 
|  58|0x00000000c3a00000, 0x00000000c3a00000, 0x00000000c3b00000|  0%| F|  |TAMS 0x00000000c3a00000, 0x00000000c3a00000| Untracked 
|  59|0x00000000c3b00000, 0x00000000c3b00000, 0x00000000c3c00000|  0%| F|  |TAMS 0x00000000c3b00000, 0x00000000c3b00000| Untracked 
|  60|0x00000000c3c00000, 0x00000000c3c00000, 0x00000000c3d00000|  0%| F|  |TAMS 0x00000000c3c00000, 0x00000000c3c00000| Untracked 
|  61|0x00000000c3d00000, 0x00000000c3d00000, 0x00000000c3e00000|  0%| F|  |TAMS 0x00000000c3d00000, 0x00000000c3d00000| Untracked 
|  62|0x00000000c3e00000, 0x00000000c3e00000, 0x00000000c3f00000|  0%| F|  |TAMS 0x00000000c3e00000, 0x00000000c3e00000| Untracked 
|  63|0x00000000c3f00000, 0x00000000c3f00000, 0x00000000c4000000|  0%| F|  |TAMS 0x00000000c3f00000, 0x00000000c3f00000| Untracked 
|  64|0x00000000c4000000, 0x00000000c4000000, 0x00000000c4100000|  0%| F|  |TAMS 0x00000000c4000000, 0x00000000c4000000| Untracked 
|  65|0x00000000c4100000, 0x00000000c4100000, 0x00000000c4200000|  0%| F|  |TAMS 0x00000000c4100000, 0x00000000c4100000| Untracked 
|  66|0x00000000c4200000, 0x00000000c4200000, 0x00000000c4300000|  0%| F|  |TAMS 0x00000000c4200000, 0x00000000c4200000| Untracked 
|  67|0x00000000c4300000, 0x00000000c4300000, 0x00000000c4400000|  0%| F|  |TAMS 0x00000000c4300000, 0x00000000c4300000| Untracked 
|  68|0x00000000c4400000, 0x00000000c4400000, 0x00000000c4500000|  0%| F|  |TAMS 0x00000000c4400000, 0x00000000c4400000| Untracked 
|  69|0x00000000c4500000, 0x00000000c4500000, 0x00000000c4600000|  0%| F|  |TAMS 0x00000000c4500000, 0x00000000c4500000| Untracked 
|  70|0x00000000c4600000, 0x00000000c4600000, 0x00000000c4700000|  0%| F|  |TAMS 0x00000000c4600000, 0x00000000c4600000| Untracked 
|  71|0x00000000c4700000, 0x00000000c4700000, 0x00000000c4800000|  0%| F|  |TAMS 0x00000000c4700000, 0x00000000c4700000| Untracked 
|  72|0x00000000c4800000, 0x00000000c4800000, 0x00000000c4900000|  0%| F|  |TAMS 0x00000000c4800000, 0x00000000c4800000| Untracked 
|  73|0x00000000c4900000, 0x00000000c4900000, 0x00000000c4a00000|  0%| F|  |TAMS 0x00000000c4900000, 0x00000000c4900000| Untracked 
|  74|0x00000000c4a00000, 0x00000000c4a00000, 0x00000000c4b00000|  0%| F|  |TAMS 0x00000000c4a00000, 0x00000000c4a00000| Untracked 
|  75|0x00000000c4b00000, 0x00000000c4b00000, 0x00000000c4c00000|  0%| F|  |TAMS 0x00000000c4b00000, 0x00000000c4b00000| Untracked 
|  76|0x00000000c4c00000, 0x00000000c4c00000, 0x00000000c4d00000|  0%| F|  |TAMS 0x00000000c4c00000, 0x00000000c4c00000| Untracked 
|  77|0x00000000c4d00000, 0x00000000c4d00000, 0x00000000c4e00000|  0%| F|  |TAMS 0x00000000c4d00000, 0x00000000c4d00000| Untracked 
|  78|0x00000000c4e00000, 0x00000000c4e00000, 0x00000000c4f00000|  0%| F|  |TAMS 0x00000000c4e00000, 0x00000000c4e00000| Untracked 
|  79|0x00000000c4f00000, 0x00000000c4f00000, 0x00000000c5000000|  0%| F|  |TAMS 0x00000000c4f00000, 0x00000000c4f00000| Untracked 
|  80|0x00000000c5000000, 0x00000000c5000000, 0x00000000c5100000|  0%| F|  |TAMS 0x00000000c5000000, 0x00000000c5000000| Untracked 
|  81|0x00000000c5100000, 0x00000000c5100000, 0x00000000c5200000|  0%| F|  |TAMS 0x00000000c5100000, 0x00000000c5100000| Untracked 
|  82|0x00000000c5200000, 0x00000000c5200000, 0x00000000c5300000|  0%| F|  |TAMS 0x00000000c5200000, 0x00000000c5200000| Untracked 
|  83|0x00000000c5300000, 0x00000000c5300000, 0x00000000c5400000|  0%| F|  |TAMS 0x00000000c5300000, 0x00000000c5300000| Untracked 
|  84|0x00000000c5400000, 0x00000000c5400000, 0x00000000c5500000|  0%| F|  |TAMS 0x00000000c5400000, 0x00000000c5400000| Untracked 
|  85|0x00000000c5500000, 0x00000000c5500000, 0x00000000c5600000|  0%| F|  |TAMS 0x00000000c5500000, 0x00000000c5500000| Untracked 
|  86|0x00000000c5600000, 0x00000000c5600000, 0x00000000c5700000|  0%| F|  |TAMS 0x00000000c5600000, 0x00000000c5600000| Untracked 
|  87|0x00000000c5700000, 0x00000000c5700000, 0x00000000c5800000|  0%| F|  |TAMS 0x00000000c5700000, 0x00000000c5700000| Untracked 
|  88|0x00000000c5800000, 0x00000000c5800000, 0x00000000c5900000|  0%| F|  |TAMS 0x00000000c5800000, 0x00000000c5800000| Untracked 
|  89|0x00000000c5900000, 0x00000000c5900000, 0x00000000c5a00000|  0%| F|  |TAMS 0x00000000c5900000, 0x00000000c5900000| Untracked 
|  90|0x00000000c5a00000, 0x00000000c5a00000, 0x00000000c5b00000|  0%| F|  |TAMS 0x00000000c5a00000, 0x00000000c5a00000| Untracked 
|  91|0x00000000c5b00000, 0x00000000c5b00000, 0x00000000c5c00000|  0%| F|  |TAMS 0x00000000c5b00000, 0x00000000c5b00000| Untracked 
|  92|0x00000000c5c00000, 0x00000000c5c00000, 0x00000000c5d00000|  0%| F|  |TAMS 0x00000000c5c00000, 0x00000000c5c00000| Untracked 
|  93|0x00000000c5d00000, 0x00000000c5d00000, 0x00000000c5e00000|  0%| F|  |TAMS 0x00000000c5d00000, 0x00000000c5d00000| Untracked 
|  94|0x00000000c5e00000, 0x00000000c5e00000, 0x00000000c5f00000|  0%| F|  |TAMS 0x00000000c5e00000, 0x00000000c5e00000| Untracked 
|  95|0x00000000c5f00000, 0x00000000c5f00000, 0x00000000c6000000|  0%| F|  |TAMS 0x00000000c5f00000, 0x00000000c5f00000| Untracked 
|  96|0x00000000c6000000, 0x00000000c6000000, 0x00000000c6100000|  0%| F|  |TAMS 0x00000000c6000000, 0x00000000c6000000| Untracked 
|  97|0x00000000c6100000, 0x00000000c6100000, 0x00000000c6200000|  0%| F|  |TAMS 0x00000000c6100000, 0x00000000c6100000| Untracked 
|  98|0x00000000c6200000, 0x00000000c6200000, 0x00000000c6300000|  0%| F|  |TAMS 0x00000000c6200000, 0x00000000c6200000| Untracked 
|  99|0x00000000c6300000, 0x00000000c6300000, 0x00000000c6400000|  0%| F|  |TAMS 0x00000000c6300000, 0x00000000c6300000| Untracked 
| 100|0x00000000c6400000, 0x00000000c6400000, 0x00000000c6500000|  0%| F|  |TAMS 0x00000000c6400000, 0x00000000c6400000| Untracked 
| 101|0x00000000c6500000, 0x00000000c6500000, 0x00000000c6600000|  0%| F|  |TAMS 0x00000000c6500000, 0x00000000c6500000| Untracked 
| 102|0x00000000c6600000, 0x00000000c6600000, 0x00000000c6700000|  0%| F|  |TAMS 0x00000000c6600000, 0x00000000c6600000| Untracked 
| 103|0x00000000c6700000, 0x00000000c6700000, 0x00000000c6800000|  0%| F|  |TAMS 0x00000000c6700000, 0x00000000c6700000| Untracked 
| 104|0x00000000c6800000, 0x00000000c6800000, 0x00000000c6900000|  0%| F|  |TAMS 0x00000000c6800000, 0x00000000c6800000| Untracked 
| 105|0x00000000c6900000, 0x00000000c6900000, 0x00000000c6a00000|  0%| F|  |TAMS 0x00000000c6900000, 0x00000000c6900000| Untracked 
| 106|0x00000000c6a00000, 0x00000000c6a00000, 0x00000000c6b00000|  0%| F|  |TAMS 0x00000000c6a00000, 0x00000000c6a00000| Untracked 
| 107|0x00000000c6b00000, 0x00000000c6b00000, 0x00000000c6c00000|  0%| F|  |TAMS 0x00000000c6b00000, 0x00000000c6b00000| Untracked 
| 108|0x00000000c6c00000, 0x00000000c6c00000, 0x00000000c6d00000|  0%| F|  |TAMS 0x00000000c6c00000, 0x00000000c6c00000| Untracked 
| 109|0x00000000c6d00000, 0x00000000c6d00000, 0x00000000c6e00000|  0%| F|  |TAMS 0x00000000c6d00000, 0x00000000c6d00000| Untracked 
| 110|0x00000000c6e00000, 0x00000000c6e00000, 0x00000000c6f00000|  0%| F|  |TAMS 0x00000000c6e00000, 0x00000000c6e00000| Untracked 
| 111|0x00000000c6f00000, 0x00000000c6f00000, 0x00000000c7000000|  0%| F|  |TAMS 0x00000000c6f00000, 0x00000000c6f00000| Untracked 
| 112|0x00000000c7000000, 0x00000000c7000000, 0x00000000c7100000|  0%| F|  |TAMS 0x00000000c7000000, 0x00000000c7000000| Untracked 
| 113|0x00000000c7100000, 0x00000000c7100000, 0x00000000c7200000|  0%| F|  |TAMS 0x00000000c7100000, 0x00000000c7100000| Untracked 
| 114|0x00000000c7200000, 0x00000000c7200000, 0x00000000c7300000|  0%| F|  |TAMS 0x00000000c7200000, 0x00000000c7200000| Untracked 
| 115|0x00000000c7300000, 0x00000000c7300000, 0x00000000c7400000|  0%| F|  |TAMS 0x00000000c7300000, 0x00000000c7300000| Untracked 
| 116|0x00000000c7400000, 0x00000000c7400000, 0x00000000c7500000|  0%| F|  |TAMS 0x00000000c7400000, 0x00000000c7400000| Untracked 
| 117|0x00000000c7500000, 0x00000000c7500000, 0x00000000c7600000|  0%| F|  |TAMS 0x00000000c7500000, 0x00000000c7500000| Untracked 
| 118|0x00000000c7600000, 0x00000000c7600000, 0x00000000c7700000|  0%| F|  |TAMS 0x00000000c7600000, 0x00000000c7600000| Untracked 
| 119|0x00000000c7700000, 0x00000000c7700000, 0x00000000c7800000|  0%| F|  |TAMS 0x00000000c7700000, 0x00000000c7700000| Untracked 
| 120|0x00000000c7800000, 0x00000000c7800000, 0x00000000c7900000|  0%| F|  |TAMS 0x00000000c7800000, 0x00000000c7800000| Untracked 
| 121|0x00000000c7900000, 0x00000000c7900000, 0x00000000c7a00000|  0%| F|  |TAMS 0x00000000c7900000, 0x00000000c7900000| Untracked 
| 122|0x00000000c7a00000, 0x00000000c7a00000, 0x00000000c7b00000|  0%| F|  |TAMS 0x00000000c7a00000, 0x00000000c7a00000| Untracked 
| 123|0x00000000c7b00000, 0x00000000c7b00000, 0x00000000c7c00000|  0%| F|  |TAMS 0x00000000c7b00000, 0x00000000c7b00000| Untracked 
| 124|0x00000000c7c00000, 0x00000000c7c00000, 0x00000000c7d00000|  0%| F|  |TAMS 0x00000000c7c00000, 0x00000000c7c00000| Untracked 
| 125|0x00000000c7d00000, 0x00000000c7d00000, 0x00000000c7e00000|  0%| F|  |TAMS 0x00000000c7d00000, 0x00000000c7d00000| Untracked 
| 126|0x00000000c7e00000, 0x00000000c7e00000, 0x00000000c7f00000|  0%| F|  |TAMS 0x00000000c7e00000, 0x00000000c7e00000| Untracked 
| 127|0x00000000c7f00000, 0x00000000c7f00000, 0x00000000c8000000|  0%| F|  |TAMS 0x00000000c7f00000, 0x00000000c7f00000| Untracked 
| 128|0x00000000c8000000, 0x00000000c8000000, 0x00000000c8100000|  0%| F|  |TAMS 0x00000000c8000000, 0x00000000c8000000| Untracked 
| 129|0x00000000c8100000, 0x00000000c8100000, 0x00000000c8200000|  0%| F|  |TAMS 0x00000000c8100000, 0x00000000c8100000| Untracked 
| 130|0x00000000c8200000, 0x00000000c8200000, 0x00000000c8300000|  0%| F|  |TAMS 0x00000000c8200000, 0x00000000c8200000| Untracked 
| 131|0x00000000c8300000, 0x00000000c8300000, 0x00000000c8400000|  0%| F|  |TAMS 0x00000000c8300000, 0x00000000c8300000| Untracked 
| 132|0x00000000c8400000, 0x00000000c8400000, 0x00000000c8500000|  0%| F|  |TAMS 0x00000000c8400000, 0x00000000c8400000| Untracked 
| 133|0x00000000c8500000, 0x00000000c8500000, 0x00000000c8600000|  0%| F|  |TAMS 0x00000000c8500000, 0x00000000c8500000| Untracked 
| 134|0x00000000c8600000, 0x00000000c8600000, 0x00000000c8700000|  0%| F|  |TAMS 0x00000000c8600000, 0x00000000c8600000| Untracked 
| 135|0x00000000c8700000, 0x00000000c8700000, 0x00000000c8800000|  0%| F|  |TAMS 0x00000000c8700000, 0x00000000c8700000| Untracked 
| 136|0x00000000c8800000, 0x00000000c8800000, 0x00000000c8900000|  0%| F|  |TAMS 0x00000000c8800000, 0x00000000c8800000| Untracked 
| 137|0x00000000c8900000, 0x00000000c8900000, 0x00000000c8a00000|  0%| F|  |TAMS 0x00000000c8900000, 0x00000000c8900000| Untracked 
| 138|0x00000000c8a00000, 0x00000000c8a00000, 0x00000000c8b00000|  0%| F|  |TAMS 0x00000000c8a00000, 0x00000000c8a00000| Untracked 
| 139|0x00000000c8b00000, 0x00000000c8b00000, 0x00000000c8c00000|  0%| F|  |TAMS 0x00000000c8b00000, 0x00000000c8b00000| Untracked 
| 140|0x00000000c8c00000, 0x00000000c8c00000, 0x00000000c8d00000|  0%| F|  |TAMS 0x00000000c8c00000, 0x00000000c8c00000| Untracked 
| 141|0x00000000c8d00000, 0x00000000c8d00000, 0x00000000c8e00000|  0%| F|  |TAMS 0x00000000c8d00000, 0x00000000c8d00000| Untracked 
| 142|0x00000000c8e00000, 0x00000000c8e00000, 0x00000000c8f00000|  0%| F|  |TAMS 0x00000000c8e00000, 0x00000000c8e00000| Untracked 
| 143|0x00000000c8f00000, 0x00000000c8f00000, 0x00000000c9000000|  0%| F|  |TAMS 0x00000000c8f00000, 0x00000000c8f00000| Untracked 
| 144|0x00000000c9000000, 0x00000000c9100000, 0x00000000c9100000|100%| S|  |TAMS 0x00000000c9000000, 0x00000000c9000000| Complete 
| 145|0x00000000c9100000, 0x00000000c9200000, 0x00000000c9200000|100%| S|  |TAMS 0x00000000c9100000, 0x00000000c9100000| Complete 
| 146|0x00000000c9200000, 0x00000000c9300000, 0x00000000c9300000|100%| S|  |TAMS 0x00000000c9200000, 0x00000000c9200000| Complete 
| 147|0x00000000c9300000, 0x00000000c9400000, 0x00000000c9400000|100%| S|  |TAMS 0x00000000c9300000, 0x00000000c9300000| Complete 
| 148|0x00000000c9400000, 0x00000000c9500000, 0x00000000c9500000|100%| S|  |TAMS 0x00000000c9400000, 0x00000000c9400000| Complete 
| 149|0x00000000c9500000, 0x00000000c9600000, 0x00000000c9600000|100%| S|  |TAMS 0x00000000c9500000, 0x00000000c9500000| Complete 
| 150|0x00000000c9600000, 0x00000000c9700000, 0x00000000c9700000|100%| S|  |TAMS 0x00000000c9600000, 0x00000000c9600000| Complete 
| 151|0x00000000c9700000, 0x00000000c9800000, 0x00000000c9800000|100%| S|  |TAMS 0x00000000c9700000, 0x00000000c9700000| Complete 
| 152|0x00000000c9800000, 0x00000000c9900000, 0x00000000c9900000|100%| S|  |TAMS 0x00000000c9800000, 0x00000000c9800000| Complete 
| 153|0x00000000c9900000, 0x00000000c9a00000, 0x00000000c9a00000|100%| S|  |TAMS 0x00000000c9900000, 0x00000000c9900000| Complete 
| 154|0x00000000c9a00000, 0x00000000c9b00000, 0x00000000c9b00000|100%| S|  |TAMS 0x00000000c9a00000, 0x00000000c9a00000| Complete 
| 155|0x00000000c9b00000, 0x00000000c9c00000, 0x00000000c9c00000|100%| S|  |TAMS 0x00000000c9b00000, 0x00000000c9b00000| Complete 
| 156|0x00000000c9c00000, 0x00000000c9d00000, 0x00000000c9d00000|100%| S|  |TAMS 0x00000000c9c00000, 0x00000000c9c00000| Complete 
| 157|0x00000000c9d00000, 0x00000000c9e00000, 0x00000000c9e00000|100%| E|CS|TAMS 0x00000000c9d00000, 0x00000000c9d00000| Complete 
| 158|0x00000000c9e00000, 0x00000000c9f00000, 0x00000000c9f00000|100%| E|CS|TAMS 0x00000000c9e00000, 0x00000000c9e00000| Complete 
| 159|0x00000000c9f00000, 0x00000000ca000000, 0x00000000ca000000|100%| E|CS|TAMS 0x00000000c9f00000, 0x00000000c9f00000| Complete 
| 160|0x00000000ca000000, 0x00000000ca100000, 0x00000000ca100000|100%| E|CS|TAMS 0x00000000ca000000, 0x00000000ca000000| Complete 
| 161|0x00000000ca100000, 0x00000000ca200000, 0x00000000ca200000|100%| E|CS|TAMS 0x00000000ca100000, 0x00000000ca100000| Complete 
| 162|0x00000000ca200000, 0x00000000ca300000, 0x00000000ca300000|100%| E|CS|TAMS 0x00000000ca200000, 0x00000000ca200000| Complete 
| 163|0x00000000ca300000, 0x00000000ca400000, 0x00000000ca400000|100%| E|CS|TAMS 0x00000000ca300000, 0x00000000ca300000| Complete 
| 164|0x00000000ca400000, 0x00000000ca500000, 0x00000000ca500000|100%| E|CS|TAMS 0x00000000ca400000, 0x00000000ca400000| Complete 
| 165|0x00000000ca500000, 0x00000000ca600000, 0x00000000ca600000|100%| E|CS|TAMS 0x00000000ca500000, 0x00000000ca500000| Complete 
| 166|0x00000000ca600000, 0x00000000ca700000, 0x00000000ca700000|100%| E|CS|TAMS 0x00000000ca600000, 0x00000000ca600000| Complete 
| 167|0x00000000ca700000, 0x00000000ca800000, 0x00000000ca800000|100%| E|CS|TAMS 0x00000000ca700000, 0x00000000ca700000| Complete 
| 168|0x00000000ca800000, 0x00000000ca900000, 0x00000000ca900000|100%| E|CS|TAMS 0x00000000ca800000, 0x00000000ca800000| Complete 
| 169|0x00000000ca900000, 0x00000000caa00000, 0x00000000caa00000|100%| E|CS|TAMS 0x00000000ca900000, 0x00000000ca900000| Complete 
| 170|0x00000000caa00000, 0x00000000cab00000, 0x00000000cab00000|100%| E|CS|TAMS 0x00000000caa00000, 0x00000000caa00000| Complete 
| 171|0x00000000cab00000, 0x00000000cac00000, 0x00000000cac00000|100%| E|CS|TAMS 0x00000000cab00000, 0x00000000cab00000| Complete 
| 172|0x00000000cac00000, 0x00000000cad00000, 0x00000000cad00000|100%| E|CS|TAMS 0x00000000cac00000, 0x00000000cac00000| Complete 
| 173|0x00000000cad00000, 0x00000000cae00000, 0x00000000cae00000|100%| E|CS|TAMS 0x00000000cad00000, 0x00000000cad00000| Complete 
| 174|0x00000000cae00000, 0x00000000caf00000, 0x00000000caf00000|100%| E|CS|TAMS 0x00000000cae00000, 0x00000000cae00000| Complete 
| 175|0x00000000caf00000, 0x00000000cb000000, 0x00000000cb000000|100%| E|CS|TAMS 0x00000000caf00000, 0x00000000caf00000| Complete 
| 176|0x00000000cb000000, 0x00000000cb100000, 0x00000000cb100000|100%| E|CS|TAMS 0x00000000cb000000, 0x00000000cb000000| Complete 
| 177|0x00000000cb100000, 0x00000000cb200000, 0x00000000cb200000|100%| E|CS|TAMS 0x00000000cb100000, 0x00000000cb100000| Complete 
| 178|0x00000000cb200000, 0x00000000cb300000, 0x00000000cb300000|100%| E|CS|TAMS 0x00000000cb200000, 0x00000000cb200000| Complete 
| 179|0x00000000cb300000, 0x00000000cb400000, 0x00000000cb400000|100%| E|CS|TAMS 0x00000000cb300000, 0x00000000cb300000| Complete 
| 180|0x00000000cb400000, 0x00000000cb500000, 0x00000000cb500000|100%| E|CS|TAMS 0x00000000cb400000, 0x00000000cb400000| Complete 
| 181|0x00000000cb500000, 0x00000000cb600000, 0x00000000cb600000|100%| E|CS|TAMS 0x00000000cb500000, 0x00000000cb500000| Complete 
| 182|0x00000000cb600000, 0x00000000cb700000, 0x00000000cb700000|100%| E|CS|TAMS 0x00000000cb600000, 0x00000000cb600000| Complete 
| 183|0x00000000cb700000, 0x00000000cb800000, 0x00000000cb800000|100%| E|CS|TAMS 0x00000000cb700000, 0x00000000cb700000| Complete 
| 184|0x00000000cb800000, 0x00000000cb900000, 0x00000000cb900000|100%| E|CS|TAMS 0x00000000cb800000, 0x00000000cb800000| Complete 
| 185|0x00000000cb900000, 0x00000000cba00000, 0x00000000cba00000|100%| E|CS|TAMS 0x00000000cb900000, 0x00000000cb900000| Complete 
| 186|0x00000000cba00000, 0x00000000cbb00000, 0x00000000cbb00000|100%| E|CS|TAMS 0x00000000cba00000, 0x00000000cba00000| Complete 
| 187|0x00000000cbb00000, 0x00000000cbc00000, 0x00000000cbc00000|100%| E|CS|TAMS 0x00000000cbb00000, 0x00000000cbb00000| Complete 
| 188|0x00000000cbc00000, 0x00000000cbd00000, 0x00000000cbd00000|100%| E|CS|TAMS 0x00000000cbc00000, 0x00000000cbc00000| Complete 
| 189|0x00000000cbd00000, 0x00000000cbe00000, 0x00000000cbe00000|100%| E|CS|TAMS 0x00000000cbd00000, 0x00000000cbd00000| Complete 
| 190|0x00000000cbe00000, 0x00000000cbf00000, 0x00000000cbf00000|100%| E|CS|TAMS 0x00000000cbe00000, 0x00000000cbe00000| Complete 
| 191|0x00000000cbf00000, 0x00000000cc000000, 0x00000000cc000000|100%| E|CS|TAMS 0x00000000cbf00000, 0x00000000cbf00000| Complete 
| 192|0x00000000cc000000, 0x00000000cc030420, 0x00000000cc100000| 18%| E|CS|TAMS 0x00000000cc000000, 0x00000000cc000000| Complete 
| 193|0x00000000cc100000, 0x00000000cc200000, 0x00000000cc200000|100%| E|CS|TAMS 0x00000000cc100000, 0x00000000cc100000| Complete 
| 194|0x00000000cc200000, 0x00000000cc300000, 0x00000000cc300000|100%| E|CS|TAMS 0x00000000cc200000, 0x00000000cc200000| Complete 
| 195|0x00000000cc300000, 0x00000000cc400000, 0x00000000cc400000|100%| E|CS|TAMS 0x00000000cc300000, 0x00000000cc300000| Complete 
| 196|0x00000000cc400000, 0x00000000cc500000, 0x00000000cc500000|100%| E|CS|TAMS 0x00000000cc400000, 0x00000000cc400000| Complete 
| 197|0x00000000cc500000, 0x00000000cc600000, 0x00000000cc600000|100%| E|CS|TAMS 0x00000000cc500000, 0x00000000cc500000| Complete 
| 198|0x00000000cc600000, 0x00000000cc700000, 0x00000000cc700000|100%| E|CS|TAMS 0x00000000cc600000, 0x00000000cc600000| Complete 
| 199|0x00000000cc700000, 0x00000000cc800000, 0x00000000cc800000|100%| E|CS|TAMS 0x00000000cc700000, 0x00000000cc700000| Complete 
| 200|0x00000000cc800000, 0x00000000cc900000, 0x00000000cc900000|100%| E|CS|TAMS 0x00000000cc800000, 0x00000000cc800000| Complete 
| 201|0x00000000cc900000, 0x00000000cca00000, 0x00000000cca00000|100%| E|CS|TAMS 0x00000000cc900000, 0x00000000cc900000| Complete 
| 202|0x00000000cca00000, 0x00000000ccb00000, 0x00000000ccb00000|100%| E|CS|TAMS 0x00000000cca00000, 0x00000000cca00000| Complete 
| 203|0x00000000ccb00000, 0x00000000ccc00000, 0x00000000ccc00000|100%| E|CS|TAMS 0x00000000ccb00000, 0x00000000ccb00000| Complete 
| 204|0x00000000ccc00000, 0x00000000ccd00000, 0x00000000ccd00000|100%| E|CS|TAMS 0x00000000ccc00000, 0x00000000ccc00000| Complete 
| 205|0x00000000ccd00000, 0x00000000cce00000, 0x00000000cce00000|100%| E|CS|TAMS 0x00000000ccd00000, 0x00000000ccd00000| Complete 
| 206|0x00000000cce00000, 0x00000000ccf00000, 0x00000000ccf00000|100%| E|CS|TAMS 0x00000000cce00000, 0x00000000cce00000| Complete 
| 207|0x00000000ccf00000, 0x00000000cd000000, 0x00000000cd000000|100%| E|CS|TAMS 0x00000000ccf00000, 0x00000000ccf00000| Complete 
| 208|0x00000000cd000000, 0x00000000cd100000, 0x00000000cd100000|100%| E|CS|TAMS 0x00000000cd000000, 0x00000000cd000000| Complete 
| 209|0x00000000cd100000, 0x00000000cd200000, 0x00000000cd200000|100%| E|CS|TAMS 0x00000000cd100000, 0x00000000cd100000| Complete 
| 210|0x00000000cd200000, 0x00000000cd300000, 0x00000000cd300000|100%| E|CS|TAMS 0x00000000cd200000, 0x00000000cd200000| Complete 
| 211|0x00000000cd300000, 0x00000000cd400000, 0x00000000cd400000|100%| E|CS|TAMS 0x00000000cd300000, 0x00000000cd300000| Complete 
| 212|0x00000000cd400000, 0x00000000cd500000, 0x00000000cd500000|100%| E|CS|TAMS 0x00000000cd400000, 0x00000000cd400000| Complete 
| 213|0x00000000cd500000, 0x00000000cd600000, 0x00000000cd600000|100%| E|CS|TAMS 0x00000000cd500000, 0x00000000cd500000| Complete 
| 214|0x00000000cd600000, 0x00000000cd700000, 0x00000000cd700000|100%| E|CS|TAMS 0x00000000cd600000, 0x00000000cd600000| Complete 
| 215|0x00000000cd700000, 0x00000000cd800000, 0x00000000cd800000|100%| E|CS|TAMS 0x00000000cd700000, 0x00000000cd700000| Complete 
| 216|0x00000000cd800000, 0x00000000cd900000, 0x00000000cd900000|100%| E|CS|TAMS 0x00000000cd800000, 0x00000000cd800000| Complete 
| 217|0x00000000cd900000, 0x00000000cda00000, 0x00000000cda00000|100%| E|CS|TAMS 0x00000000cd900000, 0x00000000cd900000| Complete 
| 218|0x00000000cda00000, 0x00000000cdb00000, 0x00000000cdb00000|100%| E|CS|TAMS 0x00000000cda00000, 0x00000000cda00000| Complete 
| 219|0x00000000cdb00000, 0x00000000cdc00000, 0x00000000cdc00000|100%| E|CS|TAMS 0x00000000cdb00000, 0x00000000cdb00000| Complete 
| 220|0x00000000cdc00000, 0x00000000cdd00000, 0x00000000cdd00000|100%| E|CS|TAMS 0x00000000cdc00000, 0x00000000cdc00000| Complete 
| 221|0x00000000cdd00000, 0x00000000cde00000, 0x00000000cde00000|100%| E|CS|TAMS 0x00000000cdd00000, 0x00000000cdd00000| Complete 
| 222|0x00000000cde00000, 0x00000000cdf00000, 0x00000000cdf00000|100%| E|CS|TAMS 0x00000000cde00000, 0x00000000cde00000| Complete 
| 223|0x00000000cdf00000, 0x00000000ce000000, 0x00000000ce000000|100%| E|CS|TAMS 0x00000000cdf00000, 0x00000000cdf00000| Complete 
| 224|0x00000000ce000000, 0x00000000ce100000, 0x00000000ce100000|100%| E|CS|TAMS 0x00000000ce000000, 0x00000000ce000000| Complete 
| 225|0x00000000ce100000, 0x00000000ce200000, 0x00000000ce200000|100%| E|CS|TAMS 0x00000000ce100000, 0x00000000ce100000| Complete 
| 226|0x00000000ce200000, 0x00000000ce300000, 0x00000000ce300000|100%| E|CS|TAMS 0x00000000ce200000, 0x00000000ce200000| Complete 
| 227|0x00000000ce300000, 0x00000000ce400000, 0x00000000ce400000|100%| E|CS|TAMS 0x00000000ce300000, 0x00000000ce300000| Complete 
| 228|0x00000000ce400000, 0x00000000ce500000, 0x00000000ce500000|100%| E|CS|TAMS 0x00000000ce400000, 0x00000000ce400000| Complete 
| 229|0x00000000ce500000, 0x00000000ce600000, 0x00000000ce600000|100%| E|CS|TAMS 0x00000000ce500000, 0x00000000ce500000| Complete 
| 230|0x00000000ce600000, 0x00000000ce700000, 0x00000000ce700000|100%| E|CS|TAMS 0x00000000ce600000, 0x00000000ce600000| Complete 
| 231|0x00000000ce700000, 0x00000000ce800000, 0x00000000ce800000|100%| E|CS|TAMS 0x00000000ce700000, 0x00000000ce700000| Complete 
| 232|0x00000000ce800000, 0x00000000ce900000, 0x00000000ce900000|100%| E|CS|TAMS 0x00000000ce800000, 0x00000000ce800000| Complete 
| 233|0x00000000ce900000, 0x00000000cea00000, 0x00000000cea00000|100%| E|CS|TAMS 0x00000000ce900000, 0x00000000ce900000| Complete 
| 234|0x00000000cea00000, 0x00000000ceb00000, 0x00000000ceb00000|100%| E|CS|TAMS 0x00000000cea00000, 0x00000000cea00000| Complete 
| 235|0x00000000ceb00000, 0x00000000cec00000, 0x00000000cec00000|100%| E|CS|TAMS 0x00000000ceb00000, 0x00000000ceb00000| Complete 
| 236|0x00000000cec00000, 0x00000000ced00000, 0x00000000ced00000|100%| E|CS|TAMS 0x00000000cec00000, 0x00000000cec00000| Complete 
| 237|0x00000000ced00000, 0x00000000cee00000, 0x00000000cee00000|100%| E|CS|TAMS 0x00000000ced00000, 0x00000000ced00000| Complete 
| 238|0x00000000cee00000, 0x00000000cef00000, 0x00000000cef00000|100%| E|CS|TAMS 0x00000000cee00000, 0x00000000cee00000| Complete 
| 239|0x00000000cef00000, 0x00000000cf000000, 0x00000000cf000000|100%| E|CS|TAMS 0x00000000cef00000, 0x00000000cef00000| Complete 
| 240|0x00000000cf000000, 0x00000000cf100000, 0x00000000cf100000|100%| E|CS|TAMS 0x00000000cf000000, 0x00000000cf000000| Complete 
| 241|0x00000000cf100000, 0x00000000cf200000, 0x00000000cf200000|100%| E|CS|TAMS 0x00000000cf100000, 0x00000000cf100000| Complete 
| 242|0x00000000cf200000, 0x00000000cf300000, 0x00000000cf300000|100%| E|CS|TAMS 0x00000000cf200000, 0x00000000cf200000| Complete 
| 243|0x00000000cf300000, 0x00000000cf400000, 0x00000000cf400000|100%| E|CS|TAMS 0x00000000cf300000, 0x00000000cf300000| Complete 
| 244|0x00000000cf400000, 0x00000000cf500000, 0x00000000cf500000|100%| E|CS|TAMS 0x00000000cf400000, 0x00000000cf400000| Complete 
| 245|0x00000000cf500000, 0x00000000cf600000, 0x00000000cf600000|100%| E|CS|TAMS 0x00000000cf500000, 0x00000000cf500000| Complete 
| 246|0x00000000cf600000, 0x00000000cf700000, 0x00000000cf700000|100%| E|CS|TAMS 0x00000000cf600000, 0x00000000cf600000| Complete 
| 247|0x00000000cf700000, 0x00000000cf800000, 0x00000000cf800000|100%| E|CS|TAMS 0x00000000cf700000, 0x00000000cf700000| Complete 
| 248|0x00000000cf800000, 0x00000000cf900000, 0x00000000cf900000|100%| E|CS|TAMS 0x00000000cf800000, 0x00000000cf800000| Complete 
| 249|0x00000000cf900000, 0x00000000cfa00000, 0x00000000cfa00000|100%| E|CS|TAMS 0x00000000cf900000, 0x00000000cf900000| Complete 
| 250|0x00000000cfa00000, 0x00000000cfb00000, 0x00000000cfb00000|100%| E|CS|TAMS 0x00000000cfa00000, 0x00000000cfa00000| Complete 
| 251|0x00000000cfb00000, 0x00000000cfc00000, 0x00000000cfc00000|100%| E|CS|TAMS 0x00000000cfb00000, 0x00000000cfb00000| Complete 
| 252|0x00000000cfc00000, 0x00000000cfd00000, 0x00000000cfd00000|100%| E|CS|TAMS 0x00000000cfc00000, 0x00000000cfc00000| Complete 
| 253|0x00000000cfd00000, 0x00000000cfe00000, 0x00000000cfe00000|100%| E|CS|TAMS 0x00000000cfd00000, 0x00000000cfd00000| Complete 
| 254|0x00000000cfe00000, 0x00000000cff00000, 0x00000000cff00000|100%| E|CS|TAMS 0x00000000cfe00000, 0x00000000cfe00000| Complete 
| 255|0x00000000cff00000, 0x00000000d0000000, 0x00000000d0000000|100%| E|CS|TAMS 0x00000000cff00000, 0x00000000cff00000| Complete 

Card table byte_map: [0x00007fd975cf9000,0x00007fd975ef9000] _byte_map_base: 0x00007fd9756f9000

Marking Bits (Prev, Next): (CMBitMap*) 0x00007fd97005c100, (CMBitMap*) 0x00007fd97005c0c8
 Prev Bits: [0x00007fd958e00000, 0x00007fd959e00000)
 Next Bits: [0x00007fd974af9000, 0x00007fd975af9000)

Polling page: 0x00007fd979630000

Metaspace:

Usage:
  Non-class:     29.09 MB capacity,    28.69 MB ( 99%) used,   330.11 KB (  1%) free+waste,    80.81 KB ( <1%) overhead. 
      Class:      3.62 MB capacity,     3.33 MB ( 92%) used,   260.70 KB (  7%) free+waste,    36.19 KB ( <1%) overhead. 
       Both:     32.71 MB capacity,    32.02 MB ( 98%) used,   590.81 KB (  2%) free+waste,   117.00 KB ( <1%) overhead. 

Virtual space:
  Non-class space:       30.00 MB reserved,      29.50 MB ( 98%) committed 
      Class space:        1.00 GB reserved,       3.62 MB ( <1%) committed 
             Both:        1.03 GB reserved,      33.12 MB (  3%) committed 

Chunk freelists:
   Non-Class:  184.00 KB
       Class:  10.00 KB
        Both:  194.00 KB

MaxMetaspaceSize: unlimited
CompressedClassSpaceSize: 1.00 GB
Initial GC threshold: 20.80 MB
Current GC threshold: 35.00 MB
CDS: off

CodeHeap 'non-profiled nmethods': size=120032Kb used=1544Kb max_used=1544Kb free=118488Kb
 bounds [0x00007fd9618c8000, 0x00007fd961b38000, 0x00007fd968e00000]
CodeHeap 'profiled nmethods': size=120028Kb used=8212Kb max_used=8212Kb free=111815Kb
 bounds [0x00007fd95a391000, 0x00007fd95aba1000, 0x00007fd9618c8000]
CodeHeap 'non-nmethods': size=5700Kb used=1255Kb max_used=1309Kb free=4444Kb
 bounds [0x00007fd959e00000, 0x00007fd95a070000, 0x00007fd95a391000]
 total_blobs=4193 nmethods=3651 adapters=455
 compilation: enabled
              stopped_count=0, restarted_count=0
 full_count=0

Compilation events (20 events):
Event: 3.613 Thread 0x00007fd9701eb800 nmethod 3666 0x00007fd961a48c90 code [0x00007fd961a48e40, 0x00007fd961a48ef0]
Event: 3.615 Thread 0x00007fd9701eb800 3669       3       java.io.FilterInputStream::read (9 bytes)
Event: 3.616 Thread 0x00007fd9701eb800 nmethod 3669 0x00007fd95ab93890 code [0x00007fd95ab93a40, 0x00007fd95ab93c00]
Event: 3.618 Thread 0x00007fd92406e000 nmethod 3629 0x00007fd961a48f90 code [0x00007fd961a49180, 0x00007fd961a49588]
Event: 3.618 Thread 0x00007fd92406e000 3564       4       io.ballerina.compiler.internal.parser.tree.STNode::updateDiagnostics (63 bytes)
Event: 3.618 Thread 0x00007fd9701eb800 3670       3       java.net.URLConnection::setUseCaches (10 bytes)
Event: 3.619 Thread 0x00007fd9701eb800 nmethod 3670 0x00007fd95ab93d10 code [0x00007fd95ab93ee0, 0x00007fd95ab94160]
Event: 3.619 Thread 0x00007fd9701eb800 3671       3       java.net.URLConnection::checkConnected (18 bytes)
Event: 3.619 Thread 0x00007fd9701eb800 nmethod 3671 0x00007fd95ab94290 code [0x00007fd95ab94460, 0x00007fd95ab94660]
Event: 3.619 Thread 0x00007fd9701eb800 3672       1       java.net.JarURLConnection::getEntryName (5 bytes)
Event: 3.619 Thread 0x00007fd9701eb800 nmethod 3672 0x00007fd961a49910 code [0x00007fd961a49ac0, 0x00007fd961a49b70]
Event: 3.620 Thread 0x00007fd9701eb800 3673       3       io.ballerina.projects.internal.PackageDependencyGraphBuilder$Vertex::equals (63 bytes)
Event: 3.621 Thread 0x00007fd9701eb800 nmethod 3673 0x00007fd95ab94790 code [0x00007fd95ab94980, 0x00007fd95ab94dd0]
Event: 3.621 Thread 0x00007fd9701eb800 3674       3       java.nio.charset.CharsetDecoder::<init> (100 bytes)
Event: 3.621 Thread 0x00007fd92406e000 nmethod 3564 0x00007fd961a49c10 code [0x00007fd961a49da0, 0x00007fd961a49e98]
Event: 3.621 Thread 0x00007fd92406e000 3556       4       io.ballerina.compiler.internal.parser.BallerinaLexer::processSyntaxTrivia (150 bytes)
Event: 3.622 Thread 0x00007fd9701eb800 nmethod 3674 0x00007fd95ab94f90 code [0x00007fd95ab951c0, 0x00007fd95ab95870]
Event: 3.623 Thread 0x00007fd9701eb800 3675       3       java.nio.file.Path::of (9 bytes)
Event: 3.624 Thread 0x00007fd9701eb800 nmethod 3675 0x00007fd95ab95a10 code [0x00007fd95ab95c00, 0x00007fd95ab96060]
Event: 3.624 Thread 0x00007fd9701eb800 3676       3       jdk.internal.loader.URLClassPath::findResource (38 bytes)

GC Heap History (9 events):
Event: 1.053 GC heap before
{Heap before GC invocations=0 (full 0):
 garbage-first heap   total 262144K, used 27648K [0x00000000c0000000, 0x0000000100000000)
  region size 1024K, 24 young (24576K), 0 survivors (0K)
 Metaspace       used 11885K, capacity 12072K, committed 12160K, reserved 1060864K
  class space    used 1050K, capacity 1107K, committed 1152K, reserved 1048576K
}
Event: 1.062 GC heap after
{Heap after GC invocations=1 (full 0):
 garbage-first heap   total 262144K, used 12186K [0x00000000c0000000, 0x0000000100000000)
  region size 1024K, 3 young (3072K), 3 survivors (3072K)
 Metaspace       used 11885K, capacity 12072K, committed 12160K, reserved 1060864K
  class space    used 1050K, capacity 1107K, committed 1152K, reserved 1048576K
}
Event: 1.568 GC heap before
{Heap before GC invocations=1 (full 0):
 garbage-first heap   total 262144K, used 33690K [0x00000000c0000000, 0x0000000100000000)
  region size 1024K, 24 young (24576K), 3 survivors (3072K)
 Metaspace       used 16506K, capacity 16742K, committed 17024K, reserved 1064960K
  class space    used 1548K, capacity 1638K, committed 1664K, reserved 1048576K
}
Event: 1.581 GC heap after
{Heap after GC invocations=2 (full 0):
 garbage-first heap   total 262144K, used 13766K [0x00000000c0000000, 0x0000000100000000)
  region size 1024K, 2 young (2048K), 2 survivors (2048K)
 Metaspace       used 16506K, capacity 16742K, committed 17024K, reserved 1064960K
  class space    used 1548K, capacity 1638K, committed 1664K, reserved 1048576K
}
Event: 2.227 GC heap before
{Heap before GC invocations=2 (full 0):
 garbage-first heap   total 262144K, used 43462K [0x00000000c0000000, 0x0000000100000000)
  region size 1024K, 33 young (33792K), 2 survivors (2048K)
 Metaspace       used 20644K, capacity 20989K, committed 21248K, reserved 1069056K
  class space    used 2037K, capacity 2183K, committed 2304K, reserved 1048576K
}
Event: 2.237 GC heap after
{Heap after GC invocations=3 (full 0):
 garbage-first heap   total 262144K, used 15716K [0x00000000c0000000, 0x0000000100000000)
  region size 1024K, 4 young (4096K), 4 survivors (4096K)
 Metaspace       used 20644K, capacity 20989K, committed 21248K, reserved 1069056K
  class space    used 2037K, capacity 2183K, committed 2304K, reserved 1048576K
}
Event: 2.968 GC heap before
{Heap before GC invocations=4 (full 0):
 garbage-first heap   total 262144K, used 68964K [0x00000000c0000000, 0x0000000100000000)
  region size 1024K, 57 young (58368K), 4 survivors (4096K)
 Metaspace       used 26789K, capacity 27317K, committed 27648K, reserved 1073152K
  class space    used 2773K, capacity 2992K, committed 3072K, reserved 1048576K
}
Event: 2.975 GC heap after
{Heap after GC invocations=5 (full 0):
 garbage-first heap   total 262144K, used 18465K [0x00000000c0000000, 0x0000000100000000)
  region size 1024K, 7 young (7168K), 7 survivors (7168K)
 Metaspace       used 26789K, capacity 27317K, committed 27648K, reserved 1073152K
  class space    used 2773K, capacity 2992K, committed 3072K, reserved 1048576K
}
Event: 3.625 GC heap before
{Heap before GC invocations=5 (full 0):
 garbage-first heap   total 262144K, used 112673K [0x00000000c0000000, 0x0000000100000000)
  region size 1024K, 99 young (101376K), 7 survivors (7168K)
 Metaspace       used 32786K, capacity 33494K, committed 33920K, reserved 1079296K
  class space    used 3405K, capacity 3702K, committed 3712K, reserved 1048576K
}

Deoptimization events (20 events):
Event: 3.294 Thread 0x00007fd970e69000 Uncommon trap: trap_request=0xffffffbe fr.pc=0x00007fd961a1e174 relative=0x00000000000002d4
Event: 3.294 Thread 0x00007fd970e69000 Uncommon trap: reason=profile_predicate action=maybe_recompile pc=0x00007fd961a1e174 method=sun.security.provider.HashDrbg.addBytes([BI[[B)V @ 36 c2
Event: 3.294 Thread 0x00007fd970e69000 DEOPT PACKING pc=0x00007fd961a1e174 sp=0x00007fd903afac20
Event: 3.294 Thread 0x00007fd970e69000 DEOPT UNPACKING pc=0x00007fd959e49ea5 sp=0x00007fd903afab90 mode 2
Event: 3.345 Thread 0x00007fd8f0044000 DEOPT PACKING pc=0x00007fd95a85d4ef sp=0x00007fd9037f8a70
Event: 3.345 Thread 0x00007fd8f0044000 DEOPT UNPACKING pc=0x00007fd959e4a64a sp=0x00007fd9037f7f18 mode 0
Event: 3.397 Thread 0x00007fd970e69000 Uncommon trap: trap_request=0xffffffdc fr.pc=0x00007fd961a317f4 relative=0x0000000000000234
Event: 3.397 Thread 0x00007fd8f0044000 Uncommon trap: trap_request=0xffffffdc fr.pc=0x00007fd961a317f4 relative=0x0000000000000234
Event: 3.397 Thread 0x00007fd970e69000 Uncommon trap: reason=class_check action=make_not_entrant pc=0x00007fd961a317f4 method=java.util.ArrayList.toArray([Ljava/lang/Object;)[Ljava/lang/Object; @ 21 c2
Event: 3.397 Thread 0x00007fd8f0044000 Uncommon trap: reason=class_check action=make_not_entrant pc=0x00007fd961a317f4 method=java.util.ArrayList.toArray([Ljava/lang/Object;)[Ljava/lang/Object; @ 21 c2
Event: 3.397 Thread 0x00007fd8f0044000 DEOPT PACKING pc=0x00007fd961a317f4 sp=0x00007fd9037fb420
Event: 3.397 Thread 0x00007fd970e69000 DEOPT PACKING pc=0x00007fd961a317f4 sp=0x00007fd903af9e30
Event: 3.397 Thread 0x00007fd8f0044000 DEOPT UNPACKING pc=0x00007fd959e49ea5 sp=0x00007fd9037fb3d0 mode 2
Event: 3.397 Thread 0x00007fd970e69000 DEOPT UNPACKING pc=0x00007fd959e49ea5 sp=0x00007fd903af9de0 mode 2
Event: 3.436 Thread 0x00007fd970e69000 Uncommon trap: trap_request=0xffffff4d fr.pc=0x00007fd961a32900 relative=0x0000000000000060
Event: 3.436 Thread 0x00007fd970e69000 Uncommon trap: reason=unstable_if action=reinterpret pc=0x00007fd961a32900 method=io.ballerina.compiler.internal.parser.AbstractLexer.isIdentifierFollowingChar(I)Z @ 11 c2
Event: 3.436 Thread 0x00007fd970e69000 DEOPT PACKING pc=0x00007fd961a32900 sp=0x00007fd903afa700
Event: 3.436 Thread 0x00007fd970e69000 DEOPT UNPACKING pc=0x00007fd959e49ea5 sp=0x00007fd903afa6c0 mode 2
Event: 3.569 Thread 0x00007fd8f0044000 DEOPT PACKING pc=0x00007fd95a85d4ef sp=0x00007fd9037fb060
Event: 3.569 Thread 0x00007fd8f0044000 DEOPT UNPACKING pc=0x00007fd959e4a64a sp=0x00007fd9037fa508 mode 0

Classes redefined (0 events):
No events

Internal exceptions (20 events):
Event: 3.193 Thread 0x00007fd8f0044000 Exception <a 'sun/nio/fs/UnixException'{0x00000000cd62c068}> (0x00000000cd62c068) thrown at [./src/hotspot/share/prims/jni.cpp, line 617]
Event: 3.204 Thread 0x00007fd8f0044000 Exception <a 'sun/nio/fs/UnixException'{0x00000000cd52bd60}> (0x00000000cd52bd60) thrown at [./src/hotspot/share/prims/jni.cpp, line 617]
Event: 3.208 Thread 0x00007fd8f0044000 Exception <a 'sun/nio/fs/UnixException'{0x00000000cd5a0df8}> (0x00000000cd5a0df8) thrown at [./src/hotspot/share/prims/jni.cpp, line 617]
Event: 3.209 Thread 0x00007fd8f0044000 Exception <a 'sun/nio/fs/UnixException'{0x00000000cd5b36b0}> (0x00000000cd5b36b0) thrown at [./src/hotspot/share/prims/jni.cpp, line 617]
Event: 3.211 Thread 0x00007fd8f0044000 Exception <a 'sun/nio/fs/UnixException'{0x00000000cd5f0ff0}> (0x00000000cd5f0ff0) thrown at [./src/hotspot/share/prims/jni.cpp, line 617]
Event: 3.213 Thread 0x00007fd8f0044000 Exception <a 'sun/nio/fs/UnixException'{0x00000000cd41a540}> (0x00000000cd41a540) thrown at [./src/hotspot/share/prims/jni.cpp, line 617]
Event: 3.214 Thread 0x00007fd8f0044000 Exception <a 'sun/nio/fs/UnixException'{0x00000000cd42f318}> (0x00000000cd42f318) thrown at [./src/hotspot/share/prims/jni.cpp, line 617]
Event: 3.216 Thread 0x00007fd8f0044000 Exception <a 'sun/nio/fs/UnixException'{0x00000000cd450bd0}> (0x00000000cd450bd0) thrown at [./src/hotspot/share/prims/jni.cpp, line 617]
Event: 3.221 Thread 0x00007fd8f0044000 Exception <a 'sun/nio/fs/UnixException'{0x00000000cd32fc48}> (0x00000000cd32fc48) thrown at [./src/hotspot/share/prims/jni.cpp, line 617]
Event: 3.222 Thread 0x00007fd8f0044000 Exception <a 'sun/nio/fs/UnixException'{0x00000000cd348af0}> (0x00000000cd348af0) thrown at [./src/hotspot/share/prims/jni.cpp, line 617]
Event: 3.222 Thread 0x00007fd8f0044000 Exception <a 'sun/nio/fs/UnixException'{0x00000000cd34e4c0}> (0x00000000cd34e4c0) thrown at [./src/hotspot/share/prims/jni.cpp, line 617]
Event: 3.236 Thread 0x00007fd970e69000 Exception <a 'java/lang/NoSuchMethodError'{0x00000000cd06acf0}: 'java.lang.Object java.lang.invoke.DirectMethodHandle$Holder.invokeSpecial(java.lang.Object, java.lang.Object, int, int, java.lang.Object, java.lang.Object, java.lang.Object)'> (0x00000000cd06acf0) thrown at [./src/hotspot/share/interpreter/linkResolver.cpp, line 773]
Event: 3.236 Thread 0x00007fd970e69000 Exception <a 'java/lang/NoSuchMethodError'{0x00000000cd06e280}: 'java.lang.Object java.lang.invoke.DelegatingMethodHandle$Holder.reinvoke_L(java.lang.Object, int, int, java.lang.Object, java.lang.Object, java.lang.Object)'> (0x00000000cd06e280) thrown at [./src/hotspot/share/interpreter/linkResolver.cpp, line 773]
Event: 3.237 Thread 0x00007fd970e69000 Exception <a 'java/lang/NoSuchMethodError'{0x00000000cd07c298}: 'java.lang.Object java.lang.invoke.DirectMethodHandle$Holder.invokeStatic(java.lang.Object, java.lang.Object, java.lang.Object, java.lang.Object, java.lang.Object, java.lang.Object, int)'> (0x00000000cd07c298) thrown at [./src/hotspot/share/interpreter/linkResolver.cpp, line 773]
Event: 3.239 Thread 0x00007fd970e69000 Exception <a 'java/lang/NoSuchMethodError'{0x00000000ccc93638}: 'java.lang.Object java.lang.invoke.DirectMethodHandle$Holder.invokeStatic(java.lang.Object, java.lang.Object, java.lang.Object, java.lang.Object, java.lang.Object, java.lang.Object, int, int)'> (0x00000000ccc93638) thrown at [./src/hotspot/share/interpreter/linkResolver.cpp, line 773]
Event: 3.240 Thread 0x00007fd970e69000 Exception <a 'java/lang/NoSuchMethodError'{0x00000000cccab230}: 'java.lang.Object java.lang.invoke.DirectMethodHandle$Holder.invokeStatic(java.lang.Object, java.lang.Object, java.lang.Object, java.lang.Object, java.lang.Object, java.lang.Object, int, int, java.lang.Object)'> (0x00000000cccab230) thrown at [./src/hotspot/share/interpreter/linkResolver.cpp, line 773]
Event: 3.241 Thread 0x00007fd970e69000 Exception <a 'java/lang/NoSuchMethodError'{0x00000000cccc4948}: 'java.lang.Object java.lang.invoke.DirectMethodHandle$Holder.invokeStatic(java.lang.Object, java.lang.Object, java.lang.Object, java.lang.Object, java.lang.Object, java.lang.Object, int, int, java.lang.Object, java.lang.Object)'> (0x00000000cccc4948) thrown at [./src/hotspot/share/interpreter/linkResolver.cpp, line 773]
Event: 3.242 Thread 0x00007fd970e69000 Exception <a 'java/lang/NoSuchMethodError'{0x00000000cccdf480}: 'java.lang.Object java.lang.invoke.DirectMethodHandle$Holder.invokeStatic(java.lang.Object, java.lang.Object, java.lang.Object, java.lang.Object, java.lang.Object, java.lang.Object, int, int, java.lang.Object, java.lang.Object, java.lang.Object)'> (0x00000000cccdf480) thrown at [./src/hotspot/share/interpreter/linkResolver.cpp, line 773]
Event: 3.563 Thread 0x00007fd970e69000 Exception <a 'java/lang/NoSuchMethodError'{0x00000000ca4cf540}: 'void java.lang.invoke.DirectMethodHandle$Holder.invokeStatic(java.lang.Object, java.lang.Object, java.lang.Object, java.lang.Object, java.lang.Object, java.lang.Object)'> (0x00000000ca4cf540) thrown at [./src/hotspot/share/interpreter/linkResolver.cpp, line 773]
Event: 3.567 Thread 0x00007fd970e69000 Exception <a 'java/lang/NoSuchMethodError'{0x00000000ca4e22d8}: 'int java.lang.invoke.DirectMethodHandle$Holder.invokeVirtual(java.lang.Object, java.lang.Object)'> (0x00000000ca4e22d8) thrown at [./src/hotspot/share/interpreter/linkResolver.cpp, line 773]

Events (20 events):
Event: 3.619 loading class org/wso2/ballerinalang/compiler/bir/model/BIRNonTerminator$UnaryOP done
Event: 3.619 loading class org/wso2/ballerinalang/compiler/bir/model/BIRNonTerminator$NewXMLProcIns
Event: 3.619 loading class org/wso2/ballerinalang/compiler/bir/model/BIRNonTerminator$NewXMLProcIns done
Event: 3.619 loading class org/wso2/ballerinalang/compiler/bir/model/BIRNonTerminator$NewXMLSequence
Event: 3.619 loading class org/wso2/ballerinalang/compiler/bir/model/BIRNonTerminator$NewXMLSequence done
Event: 3.620 loading class org/wso2/ballerinalang/compiler/bir/model/BIRNonTerminator$NewXMLText
Event: 3.620 loading class org/wso2/ballerinalang/compiler/bir/model/BIRNonTerminator$NewXMLText done
Event: 3.620 loading class org/wso2/ballerinalang/compiler/bir/model/BIRNonTerminator$NewXMLComment
Event: 3.620 loading class org/wso2/ballerinalang/compiler/bir/model/BIRNonTerminator$NewXMLComment done
Event: 3.621 loading class org/wso2/ballerinalang/compiler/bir/model/BIRNonTerminator$NewInstance
Event: 3.621 loading class org/wso2/ballerinalang/compiler/bir/model/BIRNonTerminator$NewInstance done
Event: 3.621 loading class org/wso2/ballerinalang/compiler/bir/model/BIRNonTerminator$IsLike
Event: 3.621 loading class org/wso2/ballerinalang/compiler/bir/model/BIRNonTerminator$IsLike done
Event: 3.623 loading class org/wso2/ballerinalang/compiler/bir/optimizer/BIROptimizer
Event: 3.623 loading class org/wso2/ballerinalang/compiler/bir/optimizer/BIROptimizer done
Event: 3.623 loading class org/wso2/ballerinalang/compiler/bir/model/BIRVisitor
Event: 3.623 loading class org/wso2/ballerinalang/compiler/bir/model/BIRVisitor done
Event: 3.624 loading class org/wso2/ballerinalang/compiler/bir/optimizer/BIROptimizer$RHSTempVarOptimizer
Event: 3.624 loading class org/wso2/ballerinalang/compiler/bir/optimizer/BIROptimizer$RHSTempVarOptimizer done
Event: 3.624 Executing VM operation: G1CollectForAllocation


Dynamic libraries:
c0000000-d0000000 rw-p 00000000 00:00 0 
d0000000-100000000 ---p 00000000 00:00 0 
100000000-1003a0000 rw-p 00000000 00:00 0 
1003a0000-140000000 ---p 00000000 00:00 0 
555808000000-555808001000 r-xp 00000000 08:02 57045341                   /usr/lib/ballerina/dependencies/jdk-11.0.18+10-jre/bin/java
555808201000-555808202000 r--p 00001000 08:02 57045341                   /usr/lib/ballerina/dependencies/jdk-11.0.18+10-jre/bin/java
555808202000-555808203000 rw-p 00002000 08:02 57045341                   /usr/lib/ballerina/dependencies/jdk-11.0.18+10-jre/bin/java
55580881b000-55580883c000 rw-p 00000000 00:00 0                          [heap]
7fd8e0000000-7fd8e0021000 rw-p 00000000 00:00 0 
7fd8e0021000-7fd8e4000000 ---p 00000000 00:00 0 
7fd8e8000000-7fd8e8021000 rw-p 00000000 00:00 0 
7fd8e8021000-7fd8ec000000 ---p 00000000 00:00 0 
7fd8ec000000-7fd8ec021000 rw-p 00000000 00:00 0 
7fd8ec021000-7fd8f0000000 ---p 00000000 00:00 0 
7fd8f0000000-7fd8f0498000 rw-p 00000000 00:00 0 
7fd8f0498000-7fd8f4000000 ---p 00000000 00:00 0 
7fd8f4000000-7fd8f44b6000 rw-p 00000000 00:00 0 
7fd8f44b6000-7fd8f8000000 ---p 00000000 00:00 0 
7fd8f8000000-7fd8f8021000 rw-p 00000000 00:00 0 
7fd8f8021000-7fd8fc000000 ---p 00000000 00:00 0 
7fd8fc000000-7fd8fc021000 rw-p 00000000 00:00 0 
7fd8fc021000-7fd900000000 ---p 00000000 00:00 0 
7fd90245c000-7fd9028cc000 rw-p 00000000 00:00 0 
7fd9029fa000-7fd902b7a000 rw-p 00000000 00:00 0 
7fd902b7a000-7fd902bfa000 ---p 00000000 00:00 0 
7fd902bfa000-7fd902dba000 rw-p 00000000 00:00 0 
7fd902dba000-7fd902fba000 rw-p 00000000 00:00 0 
7fd902fba000-7fd9031fa000 rw-p 00000000 00:00 0 
7fd9031fa000-7fd9031fb000 ---p 00000000 00:00 0 
7fd9031fb000-7fd9032fc000 rw-p 00000000 00:00 0 
7fd9032fc000-7fd9032fd000 ---p 00000000 00:00 0 
7fd9032fd000-7fd9035fe000 rw-p 00000000 00:00 0 
7fd9035fe000-7fd903602000 ---p 00000000 00:00 0 
7fd903602000-7fd9036fe000 rw-p 00000000 00:00 0 
7fd9036fe000-7fd903702000 ---p 00000000 00:00 0 
7fd903702000-7fd9039fe000 rw-p 00000000 00:00 0 
7fd9039fe000-7fd903a02000 ---p 00000000 00:00 0 
7fd903a02000-7fd903cbe000 rw-p 00000000 00:00 0 
7fd903cbe000-7fd903efe000 rw-p 00000000 00:00 0 
7fd903efe000-7fd903eff000 ---p 00000000 00:00 0 
7fd903eff000-7fd904000000 rw-p 00000000 00:00 0 
7fd904000000-7fd904021000 rw-p 00000000 00:00 0 
7fd904021000-7fd908000000 ---p 00000000 00:00 0 
7fd908000000-7fd908021000 rw-p 00000000 00:00 0 
7fd908021000-7fd90c000000 ---p 00000000 00:00 0 
7fd90c000000-7fd90cc26000 rw-p 00000000 00:00 0 
7fd90cc26000-7fd910000000 ---p 00000000 00:00 0 
7fd910000000-7fd91015b000 rw-p 00000000 00:00 0 
7fd91015b000-7fd914000000 ---p 00000000 00:00 0 
7fd914000000-7fd914021000 rw-p 00000000 00:00 0 
7fd914021000-7fd918000000 ---p 00000000 00:00 0 
7fd918000000-7fd918f00000 rw-p 00000000 00:00 0 
7fd918f00000-7fd91c000000 ---p 00000000 00:00 0 
7fd91c000000-7fd91c021000 rw-p 00000000 00:00 0 
7fd91c021000-7fd920000000 ---p 00000000 00:00 0 
7fd920000000-7fd920021000 rw-p 00000000 00:00 0 
7fd920021000-7fd924000000 ---p 00000000 00:00 0 
7fd924000000-7fd925137000 rw-p 00000000 00:00 0 
7fd925137000-7fd928000000 ---p 00000000 00:00 0 
7fd928000000-7fd928dc6000 rw-p 00000000 00:00 0 
7fd928dc6000-7fd92c000000 ---p 00000000 00:00 0 
7fd92c000000-7fd92c021000 rw-p 00000000 00:00 0 
7fd92c021000-7fd930000000 ---p 00000000 00:00 0 
7fd930000000-7fd930021000 rw-p 00000000 00:00 0 
7fd930021000-7fd934000000 ---p 00000000 00:00 0 
7fd934000000-7fd934021000 rw-p 00000000 00:00 0 
7fd934021000-7fd938000000 ---p 00000000 00:00 0 
7fd938000000-7fd938021000 rw-p 00000000 00:00 0 
7fd938021000-7fd93c000000 ---p 00000000 00:00 0 
7fd93c000000-7fd93c021000 rw-p 00000000 00:00 0 
7fd93c021000-7fd940000000 ---p 00000000 00:00 0 
7fd940000000-7fd940052000 rw-p 00000000 00:00 0 
7fd940052000-7fd944000000 ---p 00000000 00:00 0 
7fd944000000-7fd944021000 rw-p 00000000 00:00 0 
7fd944021000-7fd948000000 ---p 00000000 00:00 0 
7fd9480f8000-7fd9480f9000 ---p 00000000 00:00 0 
7fd9480f9000-7fd9481fa000 rw-p 00000000 00:00 0 
7fd9481fa000-7fd9481fb000 ---p 00000000 00:00 0 
7fd9481fb000-7fd9482fc000 rw-p 00000000 00:00 0 
7fd9482fc000-7fd9482fd000 ---p 00000000 00:00 0 
7fd9482fd000-7fd9483fe000 rw-p 00000000 00:00 0 
7fd9483fe000-7fd9483ff000 ---p 00000000 00:00 0 
7fd9483ff000-7fd948700000 rw-p 00000000 00:00 0 
7fd948700000-7fd948704000 ---p 00000000 00:00 0 
7fd948704000-7fd948a00000 rw-p 00000000 00:00 0 
7fd948a00000-7fd948a15000 r-xp 00000000 08:02 57045601                   /usr/lib/ballerina/dependencies/jdk-11.0.18+10-jre/lib/libnet.so
7fd948a15000-7fd948c14000 ---p 00015000 08:02 57045601                   /usr/lib/ballerina/dependencies/jdk-11.0.18+10-jre/lib/libnet.so
7fd948c14000-7fd948c15000 r--p 00014000 08:02 57045601                   /usr/lib/ballerina/dependencies/jdk-11.0.18+10-jre/lib/libnet.so
7fd948c15000-7fd948c16000 rw-p 00015000 08:02 57045601                   /usr/lib/ballerina/dependencies/jdk-11.0.18+10-jre/lib/libnet.so
7fd948d00000-7fd948d04000 ---p 00000000 00:00 0 
7fd948d04000-7fd948e00000 rw-p 00000000 00:00 0 
7fd948e00000-7fd948e10000 r-xp 00000000 08:02 57045602                   /usr/lib/ballerina/dependencies/jdk-11.0.18+10-jre/lib/libnio.so
7fd948e10000-7fd94900f000 ---p 00010000 08:02 57045602                   /usr/lib/ballerina/dependencies/jdk-11.0.18+10-jre/lib/libnio.so
7fd94900f000-7fd949010000 r--p 0000f000 08:02 57045602                   /usr/lib/ballerina/dependencies/jdk-11.0.18+10-jre/lib/libnio.so
7fd949010000-7fd949011000 rw-p 00010000 08:02 57045602                   /usr/lib/ballerina/dependencies/jdk-11.0.18+10-jre/lib/libnio.so
7fd9490fe000-7fd949102000 ---p 00000000 00:00 0 
7fd949102000-7fd9491fe000 rw-p 00000000 00:00 0 
7fd9491fe000-7fd9491ff000 ---p 00000000 00:00 0 
7fd9491ff000-7fd949300000 rw-p 00000000 00:00 0 
7fd949300000-7fd949304000 ---p 00000000 00:00 0 
7fd949304000-7fd949400000 rw-p 00000000 00:00 0 
7fd949400000-7fd949404000 ---p 00000000 00:00 0 
7fd949404000-7fd949500000 rw-p 00000000 00:00 0 
7fd949500000-7fd949504000 ---p 00000000 00:00 0 
7fd949504000-7fd949600000 rw-p 00000000 00:00 0 
7fd949600000-7fd949604000 ---p 00000000 00:00 0 
7fd949604000-7fd949700000 rw-p 00000000 00:00 0 
7fd949700000-7fd949704000 ---p 00000000 00:00 0 
7fd949704000-7fd949800000 rw-p 00000000 00:00 0 
7fd949800000-7fd949d73000 r--p 00000000 08:02 55837775                   /usr/lib/locale/locale-archive
7fd949e00000-7fd949e04000 ---p 00000000 00:00 0 
7fd949e04000-7fd949f00000 rw-p 00000000 00:00 0 
7fd949f00000-7fd949f04000 ---p 00000000 00:00 0 
7fd949f04000-7fd94c000000 rw-p 00000000 00:00 0 
7fd94c000000-7fd94c021000 rw-p 00000000 00:00 0 
7fd94c021000-7fd950000000 ---p 00000000 00:00 0 
7fd950000000-7fd950021000 rw-p 00000000 00:00 0 
7fd950021000-7fd954000000 ---p 00000000 00:00 0 
7fd954000000-7fd954021000 rw-p 00000000 00:00 0 
7fd954021000-7fd958000000 ---p 00000000 00:00 0 
7fd9580f8000-7fd9580f9000 ---p 00000000 00:00 0 
7fd9580f9000-7fd9589fa000 rw-p 00000000 00:00 0 
7fd9589fa000-7fd9589fb000 ---p 00000000 00:00 0 
7fd9589fb000-7fd958afc000 rw-p 00000000 00:00 0 
7fd958afc000-7fd958afd000 ---p 00000000 00:00 0 
7fd958afd000-7fd959200000 rw-p 00000000 00:00 0 
7fd959200000-7fd959e00000 ---p 00000000 00:00 0 
7fd959e00000-7fd95a070000 rwxp 00000000 00:00 0 
7fd95a070000-7fd95a391000 ---p 00000000 00:00 0 
7fd95a391000-7fd95aba1000 rwxp 00000000 00:00 0 
7fd95aba1000-7fd9618c8000 ---p 00000000 00:00 0 
7fd9618c8000-7fd961b38000 rwxp 00000000 00:00 0 
7fd961b38000-7fd968e00000 ---p 00000000 00:00 0 
7fd968e00000-7fd96ff45000 r--s 00000000 08:02 57045611                   /usr/lib/ballerina/dependencies/jdk-11.0.18+10-jre/lib/modules
7fd970000000-7fd970e72000 rw-p 00000000 00:00 0 
7fd970e72000-7fd974000000 ---p 00000000 00:00 0 
7fd9740ed000-7fd9748f5000 rw-p 00000000 00:00 0 
7fd9748f5000-7fd9748f6000 ---p 00000000 00:00 0 
7fd9748f6000-7fd9749f7000 rw-p 00000000 00:00 0 
7fd9749f7000-7fd9749f8000 ---p 00000000 00:00 0 
7fd9749f8000-7fd974ef9000 rw-p 00000000 00:00 0 
7fd974ef9000-7fd975af9000 ---p 00000000 00:00 0 
7fd975af9000-7fd975b79000 rw-p 00000000 00:00 0 
7fd975b79000-7fd975cf9000 ---p 00000000 00:00 0 
7fd975cf9000-7fd975d79000 rw-p 00000000 00:00 0 
7fd975d79000-7fd975ef9000 ---p 00000000 00:00 0 
7fd975ef9000-7fd975f79000 rw-p 00000000 00:00 0 
7fd975f79000-7fd9760f9000 ---p 00000000 00:00 0 
7fd9760f9000-7fd976800000 rw-p 00000000 00:00 0 
7fd976800000-7fd976807000 r-xp 00000000 08:02 57045610                   /usr/lib/ballerina/dependencies/jdk-11.0.18+10-jre/lib/libzip.so
7fd976807000-7fd976a07000 ---p 00007000 08:02 57045610                   /usr/lib/ballerina/dependencies/jdk-11.0.18+10-jre/lib/libzip.so
7fd976a07000-7fd976a08000 r--p 00007000 08:02 57045610                   /usr/lib/ballerina/dependencies/jdk-11.0.18+10-jre/lib/libzip.so
7fd976a08000-7fd976a09000 rw-p 00008000 08:02 57045610                   /usr/lib/ballerina/dependencies/jdk-11.0.18+10-jre/lib/libzip.so
7fd976aff000-7fd976c00000 rw-p 00000000 00:00 0 
7fd976c00000-7fd976c1b000 r-xp 00000000 08:02 57045593                   /usr/lib/ballerina/dependencies/jdk-11.0.18+10-jre/lib/libjimage.so
7fd976c1b000-7fd976e1a000 ---p 0001b000 08:02 57045593                   /usr/lib/ballerina/dependencies/jdk-11.0.18+10-jre/lib/libjimage.so
7fd976e1a000-7fd976e1c000 r--p 0001a000 08:02 57045593                   /usr/lib/ballerina/dependencies/jdk-11.0.18+10-jre/lib/libjimage.so
7fd976e1c000-7fd976e1d000 rw-p 0001c000 08:02 57045593                   /usr/lib/ballerina/dependencies/jdk-11.0.18+10-jre/lib/libjimage.so
7fd976e7e000-7fd977000000 rw-p 00000000 00:00 0 
7fd977000000-7fd977028000 r-xp 00000000 08:02 57045589                   /usr/lib/ballerina/dependencies/jdk-11.0.18+10-jre/lib/libjava.so
7fd977028000-7fd977228000 ---p 00028000 08:02 57045589                   /usr/lib/ballerina/dependencies/jdk-11.0.18+10-jre/lib/libjava.so
7fd977228000-7fd977229000 r--p 00028000 08:02 57045589                   /usr/lib/ballerina/dependencies/jdk-11.0.18+10-jre/lib/libjava.so
7fd977229000-7fd97722a000 rw-p 00029000 08:02 57045589                   /usr/lib/ballerina/dependencies/jdk-11.0.18+10-jre/lib/libjava.so
7fd97722a000-7fd97722b000 rw-p 00000000 00:00 0 
7fd977273000-7fd977400000 rw-p 00000000 00:00 0 
7fd977400000-7fd97740d000 r-xp 00000000 08:02 57045609                   /usr/lib/ballerina/dependencies/jdk-11.0.18+10-jre/lib/libverify.so
7fd97740d000-7fd97760c000 ---p 0000d000 08:02 57045609                   /usr/lib/ballerina/dependencies/jdk-11.0.18+10-jre/lib/libverify.so
7fd97760c000-7fd97760e000 r--p 0000c000 08:02 57045609                   /usr/lib/ballerina/dependencies/jdk-11.0.18+10-jre/lib/libverify.so
7fd97760e000-7fd97760f000 rw-p 0000e000 08:02 57045609                   /usr/lib/ballerina/dependencies/jdk-11.0.18+10-jre/lib/libverify.so
7fd977613000-7fd977614000 ---p 00000000 00:00 0 
7fd977614000-7fd97771a000 rw-p 00000000 00:00 0 
7fd97771a000-7fd977800000 ---p 00000000 00:00 0 
7fd977800000-7fd978a7c000 r-xp 00000000 08:02 57045620                   /usr/lib/ballerina/dependencies/jdk-11.0.18+10-jre/lib/server/libjvm.so
7fd978a7c000-7fd978c7c000 ---p 0127c000 08:02 57045620                   /usr/lib/ballerina/dependencies/jdk-11.0.18+10-jre/lib/server/libjvm.so
7fd978c7c000-7fd978d41000 r--p 0127c000 08:02 57045620                   /usr/lib/ballerina/dependencies/jdk-11.0.18+10-jre/lib/server/libjvm.so
7fd978d41000-7fd978d7c000 rw-p 01341000 08:02 57045620                   /usr/lib/ballerina/dependencies/jdk-11.0.18+10-jre/lib/server/libjvm.so
7fd978d7c000-7fd978dd3000 rw-p 00000000 00:00 0 
7fd978e00000-7fd978e28000 r--p 00000000 08:02 55838821                   /usr/lib/x86_64-linux-gnu/libc.so.6
7fd978e28000-7fd978fbd000 r-xp 00028000 08:02 55838821                   /usr/lib/x86_64-linux-gnu/libc.so.6
7fd978fbd000-7fd979015000 r--p 001bd000 08:02 55838821                   /usr/lib/x86_64-linux-gnu/libc.so.6
7fd979015000-7fd979019000 r--p 00214000 08:02 55838821                   /usr/lib/x86_64-linux-gnu/libc.so.6
7fd979019000-7fd97901b000 rw-p 00218000 08:02 55838821                   /usr/lib/x86_64-linux-gnu/libc.so.6
7fd97901b000-7fd979028000 rw-p 00000000 00:00 0 
7fd979053000-7fd979100000 rw-p 00000000 00:00 0 
7fd979100000-7fd979104000 ---p 00000000 00:00 0 
7fd979104000-7fd979200000 rw-p 00000000 00:00 0 
7fd979200000-7fd979210000 r-xp 00000000 08:02 57045573                   /usr/lib/ballerina/dependencies/jdk-11.0.18+10-jre/lib/jli/libjli.so
7fd979210000-7fd97940f000 ---p 00010000 08:02 57045573                   /usr/lib/ballerina/dependencies/jdk-11.0.18+10-jre/lib/jli/libjli.so
7fd97940f000-7fd979410000 r--p 0000f000 08:02 57045573                   /usr/lib/ballerina/dependencies/jdk-11.0.18+10-jre/lib/jli/libjli.so
7fd979410000-7fd979411000 rw-p 00010000 08:02 57045573                   /usr/lib/ballerina/dependencies/jdk-11.0.18+10-jre/lib/jli/libjli.so
7fd979411000-7fd979418000 r--s 00000000 08:02 55839198                   /usr/lib/x86_64-linux-gnu/gconv/gconv-modules.cache
7fd979418000-7fd979429000 rw-p 00000000 00:00 0 
7fd979429000-7fd979503000 ---p 00000000 00:00 0 
7fd979503000-7fd979504000 r--p 00000000 08:02 55838867                   /usr/lib/x86_64-linux-gnu/librt.so.1
7fd979504000-7fd979505000 r-xp 00001000 08:02 55838867                   /usr/lib/x86_64-linux-gnu/librt.so.1
7fd979505000-7fd979506000 r--p 00002000 08:02 55838867                   /usr/lib/x86_64-linux-gnu/librt.so.1
7fd979506000-7fd979507000 r--p 00002000 08:02 55838867                   /usr/lib/x86_64-linux-gnu/librt.so.1
7fd979507000-7fd979508000 rw-p 00003000 08:02 55838867                   /usr/lib/x86_64-linux-gnu/librt.so.1
7fd979508000-7fd979516000 r--p 00000000 08:02 55838826                   /usr/lib/x86_64-linux-gnu/libm.so.6
7fd979516000-7fd979592000 r-xp 0000e000 08:02 55838826                   /usr/lib/x86_64-linux-gnu/libm.so.6
7fd979592000-7fd9795ed000 r--p 0008a000 08:02 55838826                   /usr/lib/x86_64-linux-gnu/libm.so.6
7fd9795ed000-7fd9795ee000 r--p 000e4000 08:02 55838826                   /usr/lib/x86_64-linux-gnu/libm.so.6
7fd9795ee000-7fd9795ef000 rw-p 000e5000 08:02 55838826                   /usr/lib/x86_64-linux-gnu/libm.so.6
7fd9795ef000-7fd9795f3000 rw-p 00000000 00:00 0 
7fd9795f3000-7fd9795f4000 r--p 00000000 08:02 55838824                   /usr/lib/x86_64-linux-gnu/libdl.so.2
7fd9795f4000-7fd9795f5000 r-xp 00001000 08:02 55838824                   /usr/lib/x86_64-linux-gnu/libdl.so.2
7fd9795f5000-7fd9795f6000 r--p 00002000 08:02 55838824                   /usr/lib/x86_64-linux-gnu/libdl.so.2
7fd9795f6000-7fd9795f7000 r--p 00002000 08:02 55838824                   /usr/lib/x86_64-linux-gnu/libdl.so.2
7fd9795f7000-7fd9795f8000 rw-p 00003000 08:02 55838824                   /usr/lib/x86_64-linux-gnu/libdl.so.2
7fd9795f8000-7fd9795f9000 r--p 00000000 08:02 55838860                   /usr/lib/x86_64-linux-gnu/libpthread.so.0
7fd9795f9000-7fd9795fa000 r-xp 00001000 08:02 55838860                   /usr/lib/x86_64-linux-gnu/libpthread.so.0
7fd9795fa000-7fd9795fb000 r--p 00002000 08:02 55838860                   /usr/lib/x86_64-linux-gnu/libpthread.so.0
7fd9795fb000-7fd9795fc000 r--p 00002000 08:02 55838860                   /usr/lib/x86_64-linux-gnu/libpthread.so.0
7fd9795fc000-7fd9795fd000 rw-p 00003000 08:02 55838860                   /usr/lib/x86_64-linux-gnu/libpthread.so.0
7fd9795fd000-7fd9795ff000 r--p 00000000 08:02 55865177                   /usr/lib/x86_64-linux-gnu/libz.so.1.2.11
7fd9795ff000-7fd979610000 r-xp 00002000 08:02 55865177                   /usr/lib/x86_64-linux-gnu/libz.so.1.2.11
7fd979610000-7fd979616000 r--p 00013000 08:02 55865177                   /usr/lib/x86_64-linux-gnu/libz.so.1.2.11
7fd979616000-7fd979617000 ---p 00019000 08:02 55865177                   /usr/lib/x86_64-linux-gnu/libz.so.1.2.11
7fd979617000-7fd979618000 r--p 00019000 08:02 55865177                   /usr/lib/x86_64-linux-gnu/libz.so.1.2.11
7fd979618000-7fd979619000 rw-p 0001a000 08:02 55865177                   /usr/lib/x86_64-linux-gnu/libz.so.1.2.11
7fd97961c000-7fd979621000 rw-p 00000000 00:00 0 
7fd979621000-7fd979628000 ---p 00000000 00:00 0 
7fd979628000-7fd979630000 rw-s 00000000 08:02 58851942                   /tmp/hsperfdata_n3on/124073
7fd979630000-7fd979631000 ---p 00000000 00:00 0 
7fd979631000-7fd979632000 r--p 00000000 00:00 0 
7fd979632000-7fd979634000 rw-p 00000000 00:00 0 
7fd979634000-7fd979636000 r--p 00000000 08:02 55838816                   /usr/lib/x86_64-linux-gnu/ld-linux-x86-64.so.2
7fd979636000-7fd979660000 r-xp 00002000 08:02 55838816                   /usr/lib/x86_64-linux-gnu/ld-linux-x86-64.so.2
7fd979660000-7fd97966b000 r--p 0002c000 08:02 55838816                   /usr/lib/x86_64-linux-gnu/ld-linux-x86-64.so.2
7fd97966c000-7fd97966e000 r--p 00037000 08:02 55838816                   /usr/lib/x86_64-linux-gnu/ld-linux-x86-64.so.2
7fd97966e000-7fd979670000 rw-p 00039000 08:02 55838816                   /usr/lib/x86_64-linux-gnu/ld-linux-x86-64.so.2
7ffd2024e000-7ffd20273000 rw-p 00000000 00:00 0                          [stack]
7ffd202df000-7ffd202e3000 r--p 00000000 00:00 0                          [vvar]
7ffd202e3000-7ffd202e5000 r-xp 00000000 00:00 0                          [vdso]
ffffffffff600000-ffffffffff601000 --xp 00000000 00:00 0                  [vsyscall]


VM Arguments:
jvm_args: -Xbootclasspath/a: -Xms256m -Xmx1024m -XX:+HeapDumpOnOutOfMemoryError -Dballerina.home=/usr/lib/ballerina/distributions/ballerina-2201.7.2 -Dballerina.version=2201.7.2 -Denable.nonblocking=false -Djava.security.egd=file:/dev/./urandom -Dfile.encoding=UTF8 -Dballerina.target=jvm -Djava.command=/usr/lib/ballerina/bin/../distributions/ballerina-2201.7.2/../../dependencies/jdk-11.0.18+10-jre/bin/java 
java_command: io.ballerina.cli.launcher.Main start-language-server
java_class_path (initial): :/usr/lib/ballerina/distributions/ballerina-2201.7.2/bre/lib/annotations-2201.7.2.jar:/usr/lib/ballerina/distributions/ballerina-2201.7.2/bre/lib/architecture-model-generator-core-1.2.0.jar:/usr/lib/ballerina/distributions/ballerina-2201.7.2/bre/lib/architecture-model-generator-plugin-1.2.0.jar:/usr/lib/ballerina/distributions/ballerina-2201.7.2/bre/lib/array-2201.7.2.jar:/usr/lib/ballerina/distributions/ballerina-2201.7.2/bre/lib/asm-7.2.jar:/usr/lib/ballerina/distributions/ballerina-2201.7.2/bre/lib/asm-analysis-7.1.jar:/usr/lib/ballerina/distributions/ballerina-2201.7.2/bre/lib/asm-commons-7.2.jar:/usr/lib/ballerina/distributions/ballerina-2201.7.2/bre/lib/asm-tree-7.2.jar:/usr/lib/ballerina/distributions/ballerina-2201.7.2/bre/lib/asm-util-7.1.jar:/usr/lib/ballerina/distributions/ballerina-2201.7.2/bre/lib/asyncapi-cli-0.6.0.jar:/usr/lib/ballerina/distributions/ballerina-2201.7.2/bre/lib/atomikos-util-5.0.8.jar:/usr/lib/ballerina/distributions/ballerina-2201.7.2/bre/lib/axiom-api-1.4.0.jar:/usr/lib/ballerina/distributions/ballerina-2201.7.2/bre/lib/axiom-impl-1.4.0.jar:/usr/lib/ballerina/distributions/ballerina-2201.7.2/bre/lib/ballerina-bindgen-2201.7.2.jar:/usr/lib/ballerina/distributions/ballerina-2201.7.2/bre/lib/ballerina-cli-2201.7.2.jar:/usr/lib/ballerina/distributions/ballerina-2201.7.2/bre/lib/ballerina-io-internal-2201.7.2.jar:/usr/lib/ballerina/distributions/ballerina-2201.7.2/bre/lib/ballerina-lang-2201.7.2.jar:/usr/lib/ballerina/distributions/ballerina-2201.7.2/bre/lib/ballerina-linter-2201.7.2.jar:/usr/lib/ballerina/distributions/ballerina-2201.7.2/bre/lib/ballerina-metrics-extension-2201.7.2.jar:/usr/lib/ballerina/distributions/ballerina-2201.7.2/bre/lib/ballerina-parser-2201.7.2.jar:/usr/lib/ballerina/distributions/ballerina-2201.7.2/bre/lib/ballerina-rt-2201.7.2.jar:/usr/lib/ballerina/distributions/ballerina-2201.7.2/bre/lib/ballerina-tools-api-2201.7.2.jar:/usr/lib/ballerina/distributions/ballerina-2201.7.2/bre/lib/
Launcher Type: SUN_STANDARD

[Global flags]
     intx CICompilerCount                          = 4                                         {product} {ergonomic}
     uint ConcGCThreads                            = 3                                         {product} {ergonomic}
     uint G1ConcRefinementThreads                  = 10                                        {product} {ergonomic}
   size_t G1HeapRegionSize                         = 1048576                                   {product} {ergonomic}
    uintx GCDrainStackTargetSize                   = 64                                        {product} {ergonomic}
     bool HeapDumpOnOutOfMemoryError               = true                                   {manageable} {command line}
   size_t InitialHeapSize                          = 268435456                                 {product} {command line}
   size_t MarkStackSize                            = 4194304                                   {product} {ergonomic}
   size_t MaxHeapSize                              = 1073741824                                {product} {command line}
   size_t MaxNewSize                               = 643825664                                 {product} {ergonomic}
   size_t MinHeapDeltaBytes                        = 1048576                                   {product} {ergonomic}
    uintx NonNMethodCodeHeapSize                   = 5836300                                {pd product} {ergonomic}
    uintx NonProfiledCodeHeapSize                  = 122910970                              {pd product} {ergonomic}
    uintx ProfiledCodeHeapSize                     = 122910970                              {pd product} {ergonomic}
    uintx ReservedCodeCacheSize                    = 251658240                              {pd product} {ergonomic}
     bool SegmentedCodeCache                       = true                                      {product} {ergonomic}
     bool UseCompressedClassPointers               = true                                 {lp64_product} {ergonomic}
     bool UseCompressedOops                        = true                                 {lp64_product} {ergonomic}
     bool UseG1GC                                  = true                                      {product} {ergonomic}

Logging:
Log output configuration:
 #0: stdout all=warning uptime,level,tags
 #1: stderr all=off uptime,level,tags

Environment Variables:
PATH=/run/user/1000/fnm_multishells/103386_1695654136790/bin:/home/n3on/.local/share/fnm:/run/user/1000/fnm_multishells/103383_1695654136749/bin:/home/n3on/.local/share/fnm:/home/linuxbrew/.linuxbrew/bin:/home/linuxbrew/.linuxbrew/sbin:/home/n3on/.local/bin:/usr/local/sbin:/usr/local/bin:/usr/sbin:/usr/bin:/sbin:/bin:/usr/games:/usr/local/games:/snap/bin:/snap/bin:/home/n3on/.local/share/JetBrains/Toolbox/scripts
USERNAME=n3on
SHELL=/usr/bin/zsh
DISPLAY=:1
LANG=en_US.UTF-8

Signal Handlers:
SIGSEGV: [libjvm.so+0xf4cde0], sa_mask[0]=11111111011111111101111111111110, sa_flags=SA_RESTART|SA_SIGINFO
SIGBUS: [libjvm.so+0xf4cde0], sa_mask[0]=11111111011111111101111111111110, sa_flags=SA_RESTART|SA_SIGINFO
SIGFPE: [libjvm.so+0xf4cde0], sa_mask[0]=11111111011111111101111111111110, sa_flags=SA_RESTART|SA_SIGINFO
SIGPIPE: [libjvm.so+0xc6e210], sa_mask[0]=11111111011111111101111111111110, sa_flags=SA_RESTART|SA_SIGINFO
SIGXFSZ: [libjvm.so+0xc6e210], sa_mask[0]=11111111011111111101111111111110, sa_flags=SA_RESTART|SA_SIGINFO
SIGILL: [libjvm.so+0xf4cde0], sa_mask[0]=11111111011111111101111111111110, sa_flags=SA_RESTART|SA_SIGINFO
SIGUSR2: [libjvm.so+0xc6e0b0], sa_mask[0]=00000000000000000000000000000000, sa_flags=SA_RESTART|SA_SIGINFO
SIGHUP: [libjvm.so+0xc6e260], sa_mask[0]=11111111011111111101111111111110, sa_flags=SA_RESTART|SA_SIGINFO
SIGINT: [libjvm.so+0xc6e260], sa_mask[0]=11111111011111111101111111111110, sa_flags=SA_RESTART|SA_SIGINFO
SIGTERM: [libjvm.so+0xc6e260], sa_mask[0]=11111111011111111101111111111110, sa_flags=SA_RESTART|SA_SIGINFO
SIGQUIT: [libjvm.so+0xc6e260], sa_mask[0]=11111111011111111101111111111110, sa_flags=SA_RESTART|SA_SIGINFO


---------------  S Y S T E M  ---------------

OS:DISTRIB_ID=Ubuntu
DISTRIB_RELEASE=22.04
DISTRIB_CODENAME=jammy
DISTRIB_DESCRIPTION="Ubuntu 22.04.3 LTS"
uname:Linux 6.2.0-33-generic #33~22.04.1-Ubuntu SMP PREEMPT_DYNAMIC Thu Sep  7 10:33:52 UTC 2 x86_64
OS uptime: 1 days 22:16 hours
libc:glibc 2.35 NPTL 2.35 
rlimit (soft/hard): STACK 8192k/infinity , CORE 0k/infinity , NPROC 127396/127396 , NOFILE 1048576/1048576 , AS infinity/infinity , CPU infinity/infinity , DATA infinity/infinity , FSIZE infinity/infinity , MEMLOCK 4086200k/4086200k
load average:3.27 2.40 1.95

/proc/meminfo:
MemTotal:       32689628 kB
MemFree:         5598380 kB
MemAvailable:   22534680 kB
Buffers:          697520 kB
Cached:         17146816 kB
SwapCached:            0 kB
Active:          4438960 kB
Inactive:       20453964 kB
Active(anon):      67392 kB
Inactive(anon):  8059584 kB
Active(file):    4371568 kB
Inactive(file): 12394380 kB
Unevictable:      873000 kB
Mlocked:             160 kB
SwapTotal:       2097148 kB
SwapFree:        2097148 kB
Zswap:                 0 kB
Zswapped:              0 kB
Dirty:               364 kB
Writeback:             0 kB
AnonPages:       7921600 kB
Mapped:          1323760 kB
Shmem:           1078944 kB
KReclaimable:     638064 kB
Slab:             946828 kB
SReclaimable:     638064 kB
SUnreclaim:       308764 kB
KernelStack:       33888 kB
PageTables:        78936 kB
SecPageTables:         0 kB
NFS_Unstable:          0 kB
Bounce:                0 kB
WritebackTmp:          0 kB
CommitLimit:    18441960 kB
Committed_AS:   21716988 kB
VmallocTotal:   34359738367 kB
VmallocUsed:      140200 kB
VmallocChunk:          0 kB
Percpu:            18752 kB
HardwareCorrupted:     0 kB
AnonHugePages:         0 kB
ShmemHugePages:        0 kB
ShmemPmdMapped:        0 kB
FileHugePages:         0 kB
FilePmdMapped:         0 kB
HugePages_Total:       0
HugePages_Free:        0
HugePages_Rsvd:        0
HugePages_Surp:        0
Hugepagesize:       2048 kB
Hugetlb:               0 kB
DirectMap4k:      826812 kB
DirectMap2M:    19978240 kB
DirectMap1G:    12582912 kB

/sys/kernel/mm/transparent_hugepage/enabled:
always [madvise] never
/sys/kernel/mm/transparent_hugepage/defrag (defrag/compaction efforts parameter):
always defer defer+madvise [madvise] never

Process Memory:
Virtual Size: 4498664K (peak: 4551436K)
Resident Set Size: 294168K (peak: 294168K) (anon: 273936K, file: 20232K, shmem: 0K)
Swapped out: 0K
C-Heap outstanding allocations: 99569K, retained: 9794K
glibc malloc tunables: (default)

/proc/sys/kernel/threads-max (system-wide limit on the number of threads):
254792
/proc/sys/vm/max_map_count (maximum number of memory map areas a process may have):
65530
/proc/sys/kernel/pid_max (system-wide limit on number of process identifiers):
4194304

container (cgroup) information:
container_type: cgroupv2
cpu_cpuset_cpus: not supported
cpu_memory_nodes: not supported
active_processor_count: 12
cpu_quota: not supported
cpu_period: not supported
cpu_shares: not supported
memory_limit_in_bytes: unlimited
memory_and_swap_limit_in_bytes: unlimited
memory_soft_limit_in_bytes: unlimited
memory_usage_in_bytes: 2752492 k
memory_max_usage_in_bytes: not supported
maximum number of tasks: 38218
current number of tasks: 629

Steal ticks since vm start: 0
Steal ticks percentage since vm start:  0.000

CPU:total 12 (initial active 12) (6 cores per cpu, 2 threads per core) family 6 model 158 stepping 10 microcode 0xf4, cmov, cx8, fxsr, mmx, sse, sse2, sse3, ssse3, sse4.1, sse4.2, popcnt, avx, avx2, aes, clmul, erms, 3dnowpref, lzcnt, ht, tsc, tscinvbit, bmi1, bmi2, adx, fma
CPU Model and flags from /proc/cpuinfo:
model name	: Intel(R) Core(TM) i7-9750H CPU @ 2.60GHz
flags		: fpu vme de pse tsc msr pae mce cx8 apic sep mtrr pge mca cmov pat pse36 clflush dts acpi mmx fxsr sse sse2 ss ht tm pbe syscall nx pdpe1gb rdtscp lm constant_tsc art arch_perfmon pebs bts rep_good nopl xtopology nonstop_tsc cpuid aperfmperf pni pclmulqdq dtes64 monitor ds_cpl vmx est tm2 ssse3 sdbg fma cx16 xtpr pdcm pcid sse4_1 sse4_2 x2apic movbe popcnt tsc_deadline_timer aes xsave avx f16c rdrand lahf_lm abm 3dnowprefetch cpuid_fault epb invpcid_single pti ssbd ibrs ibpb stibp tpr_shadow vnmi flexpriority ept vpid ept_ad fsgsbase tsc_adjust bmi1 avx2 smep bmi2 erms invpcid mpx rdseed adx smap clflushopt intel_pt xsaveopt xsavec xgetbv1 xsaves dtherm ida arat pln pts hwp hwp_notify hwp_act_window hwp_epp md_clear flush_l1d arch_capabilities
Online cpus:
0-11
Offline cpus:

BIOS frequency limitation:
<Not Available>
Frequency switch latency (ns):
0
Available cpu frequencies:
<Not Available>
Current governor:
powersave
Core performance/turbo boost:
<Not Available>

Memory: 4k page, physical 32689628k(5596868k free), swap 2097148k(2097148k free)

vm_info: OpenJDK 64-Bit Server VM (11.0.18+10) for linux-amd64 JRE (11.0.18+10), built on Jan 18 2023 10:17:39 by "" with gcc 7.5.0

END.
